Script started on Tue 05 Jul 2016 02:08:21 PM EDT
]0;jessica@mcwiljl-ll1: ~/src/Firmwarejessica@mcwiljl-ll1:~/src/Firmware$ make aerocore_default 
PX4 CONFIG: aerocore_default
[  0%] Built target git_gencpp
[  0%] Built target git_mavlink
[  0%] Built target git_genmsg
[  0%] Built target git_nuttx
[  0%] Built target git_uavcan
[  0%] Built target git_ecl
[  0%] Built target mixer_gen
[  1%] Built target git_matrix
[  1%] Built target nuttx_export_px4io-v2
[  2%] Built target nuttx_export_aerocore
[  3%] Built target xml_gen
[  3%] Built target io_prebuild_targets
[  3%] Built target prebuild_targets
[ 24%] Built target msg_gen
[ 25%] Built target generate_topic_listener
[ 26%] Built target platforms__common
[ 26%] Built target platforms__nuttx
[ 28%] Built target drivers__stm32
[ 28%] Built target drivers__stm32__adc
[ 30%] Built target drivers__device
[ 31%] Built target drivers__stm32__tone_alarm
[ 32%] Built target drivers__led
[ 32%] Built target drivers__px4fmu
[ 32%] Built target drivers__lsm303d
[ 32%] Built target drivers__l3gd20
[ 34%] Built target drivers__boards__aerocore
[ 39%] Built target px4io-v2
[ 40%] Built target drivers__ms5611
[ 41%] Built target modules__sensors
[ 43%] Built target drivers__gps
[ 43%] Built target drivers__pwm_input
[ 43%] Built target systemcmds__mixer
[ 44%] Built target systemcmds__param
[ 44%] Built target systemcmds__perf
[ 45%] Built target systemcmds__pwm
[ 46%] Built target systemcmds__esc_calib
[ 46%] Built target systemcmds__reboot
[ 47%] Built target systemcmds__topic_listener
[ 47%] Built target systemcmds__top
[ 47%] Built target systemcmds__nshterm
[ 48%] Built target systemcmds__config
[ 48%] Built target systemcmds__dumpfile
[ 49%] Built target systemcmds__ver
[ 50%] Built target systemcmds__mtd
[ 50%] Built target systemcmds__sd_bench
[ 50%] Built target modules__load_mon
[ 53%] Built target modules__commander
[ 57%] Built target modules__navigator
[ 59%] Built target modules__land_detector
[ 59%] Built target modules__attitude_estimator_q
[ 62%] Built target modules__mavlink
[ 63%] Built target modules__ekf_att_pos_estimator
[ 64%] Built target modules__position_estimator_inav
[ 70%] Built target lib__external_lgpl
[ 72%] Built target systemcmds__tests
[ 73%] Built target modules__mc_pos_control
[ 73%] Built target modules__mc_att_control
[ 73%] Built target modules__param
[ 78%] Built target lib__ecl
[ 79%] Built target modules__vtol_att_control
[ 80%] Built target modules__systemlib__mixer
[ 80%] Built target modules__dataman
[ 81%] Built target lib__controllib
[ 83%] Built target modules__uORB
[ 84%] Built target lib__mathlib
[ 84%] Built target lib__mathlib__math__filter
[ 84%] Built target lib__geo_lookup
[ 84%] Built target lib__geo
[ 84%] Built target lib__conversion
[ 85%] Built target lib__launchdetection
[ 86%] Built target lib__terrain_estimation
[ 87%] Built target lib__runway_takeoff
[ 87%] Built target lib__tailsitter_recovery
[ 88%] Built target platforms__nuttx__px4_layer
[ 88%] Built target examples__px4_simple_app
[ 90%] Built target examples__rover_steering_control
[ 90%] Built target modules__bottle_drop
[ 90%] Built target fw_io
[ 91%] Built target df_driver_framework
[ 92%] Built target modules__fw_att_control
[ 92%] Built target modules__fw_pos_control_l1
[ 93%] Built target romfs
[ 94%] Built target lib__DriverFramework__framework
[100%] Built target modules__systemlib
[100%] [32m[1mLinking CXX executable firmware_nuttx[0m
CMakeFiles/firmware_nuttx.dir/builtin_commands.c.obj:(.rodata.g_builtins+0x2ac): undefined reference to `serdis_main'
CMakeFiles/firmware_nuttx.dir/builtin_commands.c.obj:(.rodata.g_builtins+0x2bc): undefined reference to `sercon_main'
collect2: error: ld returned 1 exit status
make[3]: *** [src/firmware/nuttx/firmware_nuttx] Error 1
make[2]: *** [src/firmware/nuttx/CMakeFiles/firmware_nuttx.dir/all] Error 2
make[1]: *** [all] Error 2
make: *** [aerocore_default] Error 2
]0;jessica@mcwiljl-ll1: ~/src/Firmwarejessica@mcwiljl-ll1:~/src/Firmware$ make aerocore_default 
PX4 CONFIG: aerocore_default
-- nuttx-aerocore-default
CMake Deprecation Warning at /usr/local/share/cmake-3.6/Modules/CMakeForceCompiler.cmake:79 (message):
  The CMAKE_FORCE_C_COMPILER macro is deprecated.  Instead just set
  CMAKE_C_COMPILER and allow CMake to identify the compiler.
Call Stack (most recent call first):
  cmake/toolchains/Toolchain-arm-none-eabi.cmake:31 (cmake_force_c_compiler)
  build_aerocore_default/CMakeFiles/3.6.0-rc3/CMakeSystem.cmake:6 (include)
  CMakeLists.txt:194 (project)


CMake Deprecation Warning at /usr/local/share/cmake-3.6/Modules/CMakeForceCompiler.cmake:93 (message):
  The CMAKE_FORCE_CXX_COMPILER macro is deprecated.  Instead just set
  CMAKE_CXX_COMPILER and allow CMake to identify the compiler.
Call Stack (most recent call first):
  cmake/toolchains/Toolchain-arm-none-eabi.cmake:37 (cmake_force_cxx_compiler)
  build_aerocore_default/CMakeFiles/3.6.0-rc3/CMakeSystem.cmake:6 (include)
  CMakeLists.txt:194 (project)


-- GIT_TAG = v1.4.0rc2-64-g059e91e
-- Configuring done
-- Generating done
-- Build files have been written to: /home/jessica/src/Firmware/build_aerocore_default
[  0%] Built target git_genmsg
[  0%] Built target git_nuttx
[  0%] Built target git_gencpp
[  0%] Built target git_mavlink
[  0%] Built target git_uavcan
[  1%] Built target git_matrix
[  1%] Built target nuttx_export_px4io-v2
[  1%] Built target mixer_gen
[  1%] Built target git_ecl
[  1%] Built target io_prebuild_targets
[  3%] Built target xml_gen
[  3%] Built target nuttx_export_aerocore
[  3%] Built target prebuild_targets
[  4%] [34m[1mGenerating uORB topic sources[0m
[35m[1mScanning dependencies of target msg_gen[0m
[  4%] [32mBuilding CXX object CMakeFiles/msg_gen.dir/topics_sources/uORBTopics.cpp.obj[0m
[  5%] [32mBuilding CXX object CMakeFiles/msg_gen.dir/topics_sources/actuator_controls.cpp.obj[0m
[  5%] [32mBuilding CXX object CMakeFiles/msg_gen.dir/topics_sources/actuator_armed.cpp.obj[0m
[  5%] [32mBuilding CXX object CMakeFiles/msg_gen.dir/topics_sources/actuator_direct.cpp.obj[0m
[  5%] [32mBuilding CXX object CMakeFiles/msg_gen.dir/topics_sources/actuator_outputs.cpp.obj[0m
[  6%] [32mBuilding CXX object CMakeFiles/msg_gen.dir/topics_sources/att_pos_mocap.cpp.obj[0m
[  6%] [32mBuilding CXX object CMakeFiles/msg_gen.dir/topics_sources/adc_report.cpp.obj[0m
[  6%] [32mBuilding CXX object CMakeFiles/msg_gen.dir/topics_sources/airspeed.cpp.obj[0m
[  6%] [32mBuilding CXX object CMakeFiles/msg_gen.dir/topics_sources/battery_status.cpp.obj[0m
[  6%] [32mBuilding CXX object CMakeFiles/msg_gen.dir/topics_sources/camera_trigger.cpp.obj[0m
[  7%] [32mBuilding CXX object CMakeFiles/msg_gen.dir/topics_sources/commander_state.cpp.obj[0m
[  7%] [32mBuilding CXX object CMakeFiles/msg_gen.dir/topics_sources/control_state.cpp.obj[0m
[  7%] [32mBuilding CXX object CMakeFiles/msg_gen.dir/topics_sources/cpuload.cpp.obj[0m
[  7%] [32mBuilding CXX object CMakeFiles/msg_gen.dir/topics_sources/debug_key_value.cpp.obj[0m
[  8%] [32mBuilding CXX object CMakeFiles/msg_gen.dir/topics_sources/differential_pressure.cpp.obj[0m
[  8%] [32mBuilding CXX object CMakeFiles/msg_gen.dir/topics_sources/distance_sensor.cpp.obj[0m
[  8%] [32mBuilding CXX object CMakeFiles/msg_gen.dir/topics_sources/ekf2_innovations.cpp.obj[0m
[  8%] [32mBuilding CXX object CMakeFiles/msg_gen.dir/topics_sources/ekf2_replay.cpp.obj[0m
[  8%] [32mBuilding CXX object CMakeFiles/msg_gen.dir/topics_sources/encoders.cpp.obj[0m
[  9%] [32mBuilding CXX object CMakeFiles/msg_gen.dir/topics_sources/esc_report.cpp.obj[0m
[  9%] [32mBuilding CXX object CMakeFiles/msg_gen.dir/topics_sources/esc_status.cpp.obj[0m
[  9%] [32mBuilding CXX object CMakeFiles/msg_gen.dir/topics_sources/estimator_status.cpp.obj[0m
[  9%] [32mBuilding CXX object CMakeFiles/msg_gen.dir/topics_sources/fence.cpp.obj[0m
[ 10%] [32mBuilding CXX object CMakeFiles/msg_gen.dir/topics_sources/fence_vertex.cpp.obj[0m
[ 10%] [32mBuilding CXX object CMakeFiles/msg_gen.dir/topics_sources/filtered_bottom_flow.cpp.obj[0m
[ 10%] [32mBuilding CXX object CMakeFiles/msg_gen.dir/topics_sources/follow_target.cpp.obj[0m
[ 10%] [32mBuilding CXX object CMakeFiles/msg_gen.dir/topics_sources/fw_pos_ctrl_status.cpp.obj[0m
[ 11%] [32mBuilding CXX object CMakeFiles/msg_gen.dir/topics_sources/fw_virtual_attitude_setpoint.cpp.obj[0m
[ 11%] [32mBuilding CXX object CMakeFiles/msg_gen.dir/topics_sources/fw_virtual_rates_setpoint.cpp.obj[0m
[ 11%] [32mBuilding CXX object CMakeFiles/msg_gen.dir/topics_sources/geofence_result.cpp.obj[0m
[ 11%] [32mBuilding CXX object CMakeFiles/msg_gen.dir/topics_sources/gps_inject_data.cpp.obj[0m
[ 11%] [32mBuilding CXX object CMakeFiles/msg_gen.dir/topics_sources/hil_sensor.cpp.obj[0m
[ 12%] [32mBuilding CXX object CMakeFiles/msg_gen.dir/topics_sources/home_position.cpp.obj[0m
[ 12%] [32mBuilding CXX object CMakeFiles/msg_gen.dir/topics_sources/input_rc.cpp.obj[0m
[ 12%] [32mBuilding CXX object CMakeFiles/msg_gen.dir/topics_sources/manual_control_setpoint.cpp.obj[0m
[ 12%] [32mBuilding CXX object CMakeFiles/msg_gen.dir/topics_sources/mavlink_log.cpp.obj[0m
[ 13%] [32mBuilding CXX object CMakeFiles/msg_gen.dir/topics_sources/mc_att_ctrl_status.cpp.obj[0m
[ 13%] [32mBuilding CXX object CMakeFiles/msg_gen.dir/topics_sources/mc_virtual_attitude_setpoint.cpp.obj[0m
[ 13%] [32mBuilding CXX object CMakeFiles/msg_gen.dir/topics_sources/mc_virtual_rates_setpoint.cpp.obj[0m
[ 13%] [32mBuilding CXX object CMakeFiles/msg_gen.dir/topics_sources/mission.cpp.obj[0m
[ 14%] [32mBuilding CXX object CMakeFiles/msg_gen.dir/topics_sources/mission_result.cpp.obj[0m
[ 14%] [32mBuilding CXX object CMakeFiles/msg_gen.dir/topics_sources/multirotor_motor_limits.cpp.obj[0m
[ 14%] [32mBuilding CXX object CMakeFiles/msg_gen.dir/topics_sources/offboard_control_mode.cpp.obj[0m
[ 14%] [32mBuilding CXX object CMakeFiles/msg_gen.dir/topics_sources/optical_flow.cpp.obj[0m
[ 14%] [32mBuilding CXX object CMakeFiles/msg_gen.dir/topics_sources/output_pwm.cpp.obj[0m
[ 15%] [32mBuilding CXX object CMakeFiles/msg_gen.dir/topics_sources/parameter_update.cpp.obj[0m
[ 15%] [32mBuilding CXX object CMakeFiles/msg_gen.dir/topics_sources/position_setpoint.cpp.obj[0m
[ 15%] [32mBuilding CXX object CMakeFiles/msg_gen.dir/topics_sources/position_setpoint_triplet.cpp.obj[0m
[ 15%] [32mBuilding CXX object CMakeFiles/msg_gen.dir/topics_sources/pwm_input.cpp.obj[0m
[ 16%] [32mBuilding CXX object CMakeFiles/msg_gen.dir/topics_sources/qshell_req.cpp.obj[0m
[ 16%] [32mBuilding CXX object CMakeFiles/msg_gen.dir/topics_sources/rc_channels.cpp.obj[0m
[ 16%] [32mBuilding CXX object CMakeFiles/msg_gen.dir/topics_sources/rc_parameter_map.cpp.obj[0m
[ 16%] [32mBuilding CXX object CMakeFiles/msg_gen.dir/topics_sources/safety.cpp.obj[0m
[ 17%] [32mBuilding CXX object CMakeFiles/msg_gen.dir/topics_sources/satellite_info.cpp.obj[0m
[ 17%] [32mBuilding CXX object CMakeFiles/msg_gen.dir/topics_sources/sensor_accel.cpp.obj[0m
[ 17%] [32mBuilding CXX object CMakeFiles/msg_gen.dir/topics_sources/sensor_baro.cpp.obj[0m
[ 17%] [32mBuilding CXX object CMakeFiles/msg_gen.dir/topics_sources/sensor_combined.cpp.obj[0m
[ 17%] [32mBuilding CXX object CMakeFiles/msg_gen.dir/topics_sources/sensor_gyro.cpp.obj[0m
[ 18%] [32mBuilding CXX object CMakeFiles/msg_gen.dir/topics_sources/sensor_mag.cpp.obj[0m
[ 18%] [32mBuilding CXX object CMakeFiles/msg_gen.dir/topics_sources/servorail_status.cpp.obj[0m
[ 18%] [32mBuilding CXX object CMakeFiles/msg_gen.dir/topics_sources/subsystem_info.cpp.obj[0m
[ 18%] [32mBuilding CXX object CMakeFiles/msg_gen.dir/topics_sources/system_power.cpp.obj[0m
[ 19%] [32mBuilding CXX object CMakeFiles/msg_gen.dir/topics_sources/tecs_status.cpp.obj[0m
[ 19%] [32mBuilding CXX object CMakeFiles/msg_gen.dir/topics_sources/telemetry_status.cpp.obj[0m
[ 19%] [32mBuilding CXX object CMakeFiles/msg_gen.dir/topics_sources/test_motor.cpp.obj[0m
[ 19%] [32mBuilding CXX object CMakeFiles/msg_gen.dir/topics_sources/time_offset.cpp.obj[0m
[ 20%] [32mBuilding CXX object CMakeFiles/msg_gen.dir/topics_sources/transponder_report.cpp.obj[0m
[ 20%] [32mBuilding CXX object CMakeFiles/msg_gen.dir/topics_sources/uavcan_parameter_request.cpp.obj[0m
[ 20%] [32mBuilding CXX object CMakeFiles/msg_gen.dir/topics_sources/uavcan_parameter_value.cpp.obj[0m
[ 20%] [32mBuilding CXX object CMakeFiles/msg_gen.dir/topics_sources/vehicle_attitude.cpp.obj[0m
[ 20%] [32mBuilding CXX object CMakeFiles/msg_gen.dir/topics_sources/vehicle_attitude_setpoint.cpp.obj[0m
[ 21%] [32mBuilding CXX object CMakeFiles/msg_gen.dir/topics_sources/vehicle_command_ack.cpp.obj[0m
[ 21%] [32mBuilding CXX object CMakeFiles/msg_gen.dir/topics_sources/vehicle_command.cpp.obj[0m
[ 21%] [32mBuilding CXX object CMakeFiles/msg_gen.dir/topics_sources/vehicle_control_mode.cpp.obj[0m
[ 22%] [32mBuilding CXX object CMakeFiles/msg_gen.dir/topics_sources/vehicle_force_setpoint.cpp.obj[0m
[ 22%] [32mBuilding CXX object CMakeFiles/msg_gen.dir/topics_sources/vehicle_global_position.cpp.obj[0m
[ 22%] [32mBuilding CXX object CMakeFiles/msg_gen.dir/topics_sources/vehicle_global_velocity_setpoint.cpp.obj[0m
[ 22%] [32mBuilding CXX object CMakeFiles/msg_gen.dir/topics_sources/vehicle_gps_position.cpp.obj[0m
[ 22%] [32mBuilding CXX object CMakeFiles/msg_gen.dir/topics_sources/vehicle_land_detected.cpp.obj[0m
[ 23%] [32mBuilding CXX object CMakeFiles/msg_gen.dir/topics_sources/vehicle_local_position.cpp.obj[0m
[ 23%] [32mBuilding CXX object CMakeFiles/msg_gen.dir/topics_sources/vehicle_local_position_setpoint.cpp.obj[0m
[ 23%] [32mBuilding CXX object CMakeFiles/msg_gen.dir/topics_sources/vehicle_rates_setpoint.cpp.obj[0m
[ 23%] [32mBuilding CXX object CMakeFiles/msg_gen.dir/topics_sources/vehicle_status.cpp.obj[0m
[ 23%] [32mBuilding CXX object CMakeFiles/msg_gen.dir/topics_sources/vision_position_estimate.cpp.obj[0m
[ 24%] [32mBuilding CXX object CMakeFiles/msg_gen.dir/topics_sources/vtol_vehicle_status.cpp.obj[0m
[ 24%] [32mBuilding CXX object CMakeFiles/msg_gen.dir/topics_sources/wind_estimate.cpp.obj[0m
[ 24%] [32m[1mLinking CXX static library libmsg_gen.a[0m
[ 24%] Built target msg_gen
[ 26%] Built target platforms__common
[ 26%] [34m[1mGenerating topic_listener.cpp[0m
[ 26%] Built target platforms__nuttx
[ 26%] Built target generate_topic_listener
[ 28%] Built target drivers__stm32
[ 30%] Built target drivers__device
[ 30%] Built target drivers__stm32__adc
[ 31%] Built target drivers__stm32__tone_alarm
[ 32%] Built target drivers__led
[ 32%] Built target drivers__px4fmu
[ 32%] Built target drivers__lsm303d
[ 37%] Built target px4io-v2
[ 37%] Built target drivers__l3gd20
[ 39%] Built target drivers__boards__aerocore
[ 40%] Built target modules__sensors
[ 41%] Built target drivers__gps
[ 42%] Built target drivers__ms5611
[ 43%] Built target drivers__pwm_input
[ 43%] Built target systemcmds__mixer
[ 43%] Built target systemcmds__perf
[ 44%] Built target systemcmds__pwm
[ 45%] Built target systemcmds__param
[ 46%] Built target systemcmds__esc_calib
[35m[1mScanning dependencies of target systemcmds__topic_listener[0m
[ 46%] Built target systemcmds__top
[ 47%] Built target systemcmds__config
[ 47%] Built target systemcmds__reboot
[ 47%] Built target systemcmds__nshterm
[ 47%] [32mBuilding CXX object src/systemcmds/topic_listener/CMakeFiles/systemcmds__topic_listener.dir/topic_listener.cpp.obj[0m
[ 47%] Built target systemcmds__dumpfile
[ 48%] Built target systemcmds__mtd
[ 49%] Built target systemcmds__ver
[ 49%] Built target systemcmds__sd_bench
[ 49%] Built target modules__load_mon
[ 52%] Built target modules__commander
[ 56%] Built target modules__navigator
[ 63%] Built target systemcmds__tests
[ 63%] Built target modules__attitude_estimator_q
[ 65%] Built target modules__land_detector
[ 68%] Built target modules__mavlink
[ 69%] Built target modules__ekf_att_pos_estimator
[ 70%] Built target modules__position_estimator_inav
[ 71%] Built target lib__external_lgpl
[ 71%] Built target modules__mc_att_control
[ 72%] Built target modules__mc_pos_control
[ 72%] [34m[1mGenerating px4_parameters.h, px4_parameters.c[0m
[ 77%] Built target lib__ecl
[ 78%] Built target modules__vtol_att_control
[ 79%] Built target modules__systemlib__mixer
[ 81%] Built target modules__uORB
[ 81%] Built target modules__dataman
[ 82%] Built target lib__mathlib
[ 83%] Built target lib__controllib
[ 83%] Built target lib__geo
[ 83%] Built target lib__mathlib__math__filter
[ 83%] Built target lib__conversion
[ 83%] Built target lib__geo_lookup
[ 84%] Built target lib__terrain_estimation
[ 85%] Built target lib__launchdetection
[ 86%] Built target lib__runway_takeoff
[ 86%] Built target lib__tailsitter_recovery
[35m[1mScanning dependencies of target modules__param[0m
[ 87%] Built target platforms__nuttx__px4_layer
[ 88%] Built target modules__bottle_drop
[ 88%] [32mBuilding C object src/modules/param/CMakeFiles/modules__param.dir/px4_parameters.c.obj[0m
[ 89%] Built target examples__rover_steering_control
[ 89%] Built target examples__px4_simple_app
[ 90%] Built target df_driver_framework
[ 90%] Built target fw_io
[ 91%] [32m[1mLinking C static library libmodules__param.a[0m
[ 91%] Built target modules__fw_att_control
[ 91%] Built target modules__fw_pos_control_l1
[ 92%] Built target lib__DriverFramework__framework
[ 92%] Built target modules__param
[ 93%] Built target romfs
[35m[1mScanning dependencies of target modules__systemlib[0m
[ 93%] [32mBuilding C object src/modules/systemlib/CMakeFiles/modules__systemlib.dir/param/param.c.obj[0m
[ 94%] [32m[1mLinking CXX static library libmodules__systemlib.a[0m
[ 98%] Built target modules__systemlib
[ 98%] [32m[1mLinking CXX static library libsystemcmds__topic_listener.a[0m
[100%] Built target systemcmds__topic_listener
[35m[1mScanning dependencies of target firmware_nuttx[0m
[100%] [32mBuilding C object src/firmware/nuttx/CMakeFiles/firmware_nuttx.dir/builtin_commands.c.obj[0m
[100%] [32m[1mLinking CXX executable firmware_nuttx[0m
[100%] Built target firmware_nuttx
[35m[1mScanning dependencies of target build_firmware_aerocore[0m
[100%] [34m[1mGenerating nuttx-aerocore-default.px4[0m
[100%] Built target build_firmware_aerocore
]0;jessica@mcwiljl-ll1: ~/src/Firmwarejessica@mcwiljl-ll1:~/src/Firmware$ exit
exit

Script done on Tue 05 Jul 2016 02:10:48 PM EDT
