Script started on Tue 28 Jun 2016 01:47:35 PM EDT
]0;jessica@mcwiljl-ll1: ~/src/Firmwarejessica@mcwiljl-ll1:~/src/Firmware$ make aerocore_default 
PX4 CONFIG: aerocore_default
-- nuttx-aerocore-default
CMake Deprecation Warning at /usr/local/share/cmake-3.6/Modules/CMakeForceCompiler.cmake:79 (message):
  The CMAKE_FORCE_C_COMPILER macro is deprecated.  Instead just set
  CMAKE_C_COMPILER and allow CMake to identify the compiler.
Call Stack (most recent call first):
  cmake/toolchains/Toolchain-arm-none-eabi.cmake:31 (cmake_force_c_compiler)
  build_aerocore_default/CMakeFiles/3.6.0-rc3/CMakeSystem.cmake:6 (include)
  CMakeLists.txt:194 (project)


CMake Deprecation Warning at /usr/local/share/cmake-3.6/Modules/CMakeForceCompiler.cmake:93 (message):
  The CMAKE_FORCE_CXX_COMPILER macro is deprecated.  Instead just set
  CMAKE_CXX_COMPILER and allow CMake to identify the compiler.
Call Stack (most recent call first):
  cmake/toolchains/Toolchain-arm-none-eabi.cmake:37 (cmake_force_cxx_compiler)
  build_aerocore_default/CMakeFiles/3.6.0-rc3/CMakeSystem.cmake:6 (include)
  CMakeLists.txt:194 (project)


-- GIT_TAG = v1.4.0rc2-59-g69f0935
-- Configuring done
CMake Warning (dev) at cmake/common/px4_base.cmake:316 (add_dependencies):
  Policy CMP0046 is not set: Error on non-existent dependency in
  add_dependencies.  Run "cmake --help-policy CMP0046" for policy details.
  Use the cmake_policy command to set the policy and suppress this warning.

  The dependency target "modules__param" of target "modules__systemlib" does
  not exist.
Call Stack (most recent call first):
  src/modules/systemlib/CMakeLists.txt:79 (px4_add_module)
This warning is for project developers.  Use -Wno-dev to suppress it.

-- Generating done
-- Build files have been written to: /home/jessica/src/Firmware/build_aerocore_default
[  0%] [34m[1mGenerating git_init_NuttX.stamp[0m
[  0%] [34m[1mGenerating git_init_mavlink_include_mavlink_v1.0.stamp[0m
[  0%] [34m[1mGenerating git_init_Tools_genmsg.stamp[0m
[  1%] Built target git_nuttx
[  1%] [34m[1mGenerating git_init_Tools_gencpp.stamp[0m
[  1%] Built target git_mavlink
[  1%] Built target git_genmsg
[  1%] Built target git_gencpp
[  2%] [34m[1mGenerating git_init_src_modules_uavcan_libuavcan.stamp[0m
[  3%] [34m[1mGenerating git_init_src_lib_matrix.stamp[0m
[  3%] [34m[1mGenerating romfs.o[0m
[  3%] [34m[1mGenerating git_init_src_lib_ecl.stamp[0m
[  3%] Built target git_uavcan
[  3%] Built target git_matrix
[  3%] Built target git_ecl
[  3%] Built target mixer_gen
[  4%] Built target nuttx_export_aerocore
[  4%] Built target prebuild_targets
[  4%] [34m[1mGenerating uORB topic sources[0m
[  4%] [34m[1mGenerating uORB topic multi headers for nuttx[0m
[  5%] [34m[1mGenerating uORB topic headers[0m
[  6%] [32m[1mLinking C static library libromfs.a[0m
[  6%] Built target romfs
[35m[1mScanning dependencies of target msg_gen[0m
[  6%] [34m[1mGenerating uORB topic headers[0m
[  6%] [34m[1mGenerating uORB topic multi headers for nuttx[0m
[  6%] [32mBuilding CXX object CMakeFiles/msg_gen.dir/topics_sources/actuator_controls.cpp.obj[0m
[  6%] [32mBuilding CXX object CMakeFiles/msg_gen.dir/topics_sources/actuator_armed.cpp.obj[0m
[  6%] [32mBuilding CXX object CMakeFiles/msg_gen.dir/topics_sources/uORBTopics.cpp.obj[0m
[  7%] [32mBuilding CXX object CMakeFiles/msg_gen.dir/topics_sources/actuator_direct.cpp.obj[0m
[  7%] [32mBuilding CXX object CMakeFiles/msg_gen.dir/topics_sources/actuator_outputs.cpp.obj[0m
[  7%] [32mBuilding CXX object CMakeFiles/msg_gen.dir/topics_sources/adc_report.cpp.obj[0m
[  7%] [32mBuilding CXX object CMakeFiles/msg_gen.dir/topics_sources/airspeed.cpp.obj[0m
[  8%] [32mBuilding CXX object CMakeFiles/msg_gen.dir/topics_sources/att_pos_mocap.cpp.obj[0m
[  8%] [32mBuilding CXX object CMakeFiles/msg_gen.dir/topics_sources/battery_status.cpp.obj[0m
[  8%] [32mBuilding CXX object CMakeFiles/msg_gen.dir/topics_sources/camera_trigger.cpp.obj[0m
[  9%] [32mBuilding CXX object CMakeFiles/msg_gen.dir/topics_sources/commander_state.cpp.obj[0m
[  9%] [32mBuilding CXX object CMakeFiles/msg_gen.dir/topics_sources/control_state.cpp.obj[0m
[  9%] [32mBuilding CXX object CMakeFiles/msg_gen.dir/topics_sources/cpuload.cpp.obj[0m
[ 10%] [32mBuilding CXX object CMakeFiles/msg_gen.dir/topics_sources/debug_key_value.cpp.obj[0m
[ 10%] [32mBuilding CXX object CMakeFiles/msg_gen.dir/topics_sources/differential_pressure.cpp.obj[0m
[ 10%] [32mBuilding CXX object CMakeFiles/msg_gen.dir/topics_sources/distance_sensor.cpp.obj[0m
[ 10%] [32mBuilding CXX object CMakeFiles/msg_gen.dir/topics_sources/ekf2_innovations.cpp.obj[0m
[ 10%] [32mBuilding CXX object CMakeFiles/msg_gen.dir/topics_sources/ekf2_replay.cpp.obj[0m
[ 11%] [32mBuilding CXX object CMakeFiles/msg_gen.dir/topics_sources/encoders.cpp.obj[0m
[ 11%] [32mBuilding CXX object CMakeFiles/msg_gen.dir/topics_sources/esc_report.cpp.obj[0m
[ 11%] [32mBuilding CXX object CMakeFiles/msg_gen.dir/topics_sources/esc_status.cpp.obj[0m
[ 12%] [32mBuilding CXX object CMakeFiles/msg_gen.dir/topics_sources/estimator_status.cpp.obj[0m
[ 12%] [32mBuilding CXX object CMakeFiles/msg_gen.dir/topics_sources/fence.cpp.obj[0m
[ 12%] [32mBuilding CXX object CMakeFiles/msg_gen.dir/topics_sources/fence_vertex.cpp.obj[0m
[ 12%] [32mBuilding CXX object CMakeFiles/msg_gen.dir/topics_sources/filtered_bottom_flow.cpp.obj[0m
[ 13%] [32mBuilding CXX object CMakeFiles/msg_gen.dir/topics_sources/follow_target.cpp.obj[0m
[ 13%] [32mBuilding CXX object CMakeFiles/msg_gen.dir/topics_sources/fw_pos_ctrl_status.cpp.obj[0m
[ 13%] [32mBuilding CXX object CMakeFiles/msg_gen.dir/topics_sources/fw_virtual_attitude_setpoint.cpp.obj[0m
[ 14%] [32mBuilding CXX object CMakeFiles/msg_gen.dir/topics_sources/fw_virtual_rates_setpoint.cpp.obj[0m
[ 14%] [32mBuilding CXX object CMakeFiles/msg_gen.dir/topics_sources/geofence_result.cpp.obj[0m
[ 14%] [32mBuilding CXX object CMakeFiles/msg_gen.dir/topics_sources/gps_inject_data.cpp.obj[0m
[ 14%] [32mBuilding CXX object CMakeFiles/msg_gen.dir/topics_sources/hil_sensor.cpp.obj[0m
[ 15%] [32mBuilding CXX object CMakeFiles/msg_gen.dir/topics_sources/home_position.cpp.obj[0m
[ 15%] [32mBuilding CXX object CMakeFiles/msg_gen.dir/topics_sources/input_rc.cpp.obj[0m
[ 15%] [32mBuilding CXX object CMakeFiles/msg_gen.dir/topics_sources/manual_control_setpoint.cpp.obj[0m
[ 15%] [32mBuilding CXX object CMakeFiles/msg_gen.dir/topics_sources/mavlink_log.cpp.obj[0m
[ 16%] [32mBuilding CXX object CMakeFiles/msg_gen.dir/topics_sources/mc_att_ctrl_status.cpp.obj[0m
[ 16%] [32mBuilding CXX object CMakeFiles/msg_gen.dir/topics_sources/mc_virtual_attitude_setpoint.cpp.obj[0m
[ 16%] [32mBuilding CXX object CMakeFiles/msg_gen.dir/topics_sources/mc_virtual_rates_setpoint.cpp.obj[0m
[ 17%] [32mBuilding CXX object CMakeFiles/msg_gen.dir/topics_sources/mission.cpp.obj[0m
[ 17%] [32mBuilding CXX object CMakeFiles/msg_gen.dir/topics_sources/mission_result.cpp.obj[0m
[ 17%] [32mBuilding CXX object CMakeFiles/msg_gen.dir/topics_sources/multirotor_motor_limits.cpp.obj[0m
[ 17%] [32mBuilding CXX object CMakeFiles/msg_gen.dir/topics_sources/offboard_control_mode.cpp.obj[0m
[ 18%] [32mBuilding CXX object CMakeFiles/msg_gen.dir/topics_sources/optical_flow.cpp.obj[0m
[ 18%] [32mBuilding CXX object CMakeFiles/msg_gen.dir/topics_sources/output_pwm.cpp.obj[0m
[ 18%] [32mBuilding CXX object CMakeFiles/msg_gen.dir/topics_sources/parameter_update.cpp.obj[0m
[ 18%] [32mBuilding CXX object CMakeFiles/msg_gen.dir/topics_sources/position_setpoint.cpp.obj[0m
[ 19%] [32mBuilding CXX object CMakeFiles/msg_gen.dir/topics_sources/position_setpoint_triplet.cpp.obj[0m
[ 19%] [32mBuilding CXX object CMakeFiles/msg_gen.dir/topics_sources/pwm_input.cpp.obj[0m
[ 19%] [32mBuilding CXX object CMakeFiles/msg_gen.dir/topics_sources/qshell_req.cpp.obj[0m
[ 20%] [32mBuilding CXX object CMakeFiles/msg_gen.dir/topics_sources/rc_channels.cpp.obj[0m
[ 20%] [32mBuilding CXX object CMakeFiles/msg_gen.dir/topics_sources/rc_parameter_map.cpp.obj[0m
[ 20%] [32mBuilding CXX object CMakeFiles/msg_gen.dir/topics_sources/safety.cpp.obj[0m
[ 20%] [32mBuilding CXX object CMakeFiles/msg_gen.dir/topics_sources/satellite_info.cpp.obj[0m
[ 21%] [32mBuilding CXX object CMakeFiles/msg_gen.dir/topics_sources/sensor_accel.cpp.obj[0m
[ 21%] [32mBuilding CXX object CMakeFiles/msg_gen.dir/topics_sources/sensor_baro.cpp.obj[0m
[ 21%] [32mBuilding CXX object CMakeFiles/msg_gen.dir/topics_sources/sensor_combined.cpp.obj[0m
[ 21%] [32mBuilding CXX object CMakeFiles/msg_gen.dir/topics_sources/sensor_gyro.cpp.obj[0m
[ 22%] [32mBuilding CXX object CMakeFiles/msg_gen.dir/topics_sources/sensor_mag.cpp.obj[0m
[ 22%] [32mBuilding CXX object CMakeFiles/msg_gen.dir/topics_sources/servorail_status.cpp.obj[0m
[ 22%] [32mBuilding CXX object CMakeFiles/msg_gen.dir/topics_sources/subsystem_info.cpp.obj[0m
[ 23%] [32mBuilding CXX object CMakeFiles/msg_gen.dir/topics_sources/system_power.cpp.obj[0m
[ 23%] [32mBuilding CXX object CMakeFiles/msg_gen.dir/topics_sources/tecs_status.cpp.obj[0m
[ 23%] [32mBuilding CXX object CMakeFiles/msg_gen.dir/topics_sources/telemetry_status.cpp.obj[0m
[ 23%] [32mBuilding CXX object CMakeFiles/msg_gen.dir/topics_sources/test_motor.cpp.obj[0m
[ 24%] [32mBuilding CXX object CMakeFiles/msg_gen.dir/topics_sources/time_offset.cpp.obj[0m
[ 24%] [32mBuilding CXX object CMakeFiles/msg_gen.dir/topics_sources/transponder_report.cpp.obj[0m
[ 24%] [32mBuilding CXX object CMakeFiles/msg_gen.dir/topics_sources/uavcan_parameter_request.cpp.obj[0m
[ 25%] [32mBuilding CXX object CMakeFiles/msg_gen.dir/topics_sources/uavcan_parameter_value.cpp.obj[0m
[ 25%] [32mBuilding CXX object CMakeFiles/msg_gen.dir/topics_sources/vehicle_attitude.cpp.obj[0m
[ 25%] [32mBuilding CXX object CMakeFiles/msg_gen.dir/topics_sources/vehicle_attitude_setpoint.cpp.obj[0m
[ 25%] [32mBuilding CXX object CMakeFiles/msg_gen.dir/topics_sources/vehicle_command_ack.cpp.obj[0m
[ 26%] [32mBuilding CXX object CMakeFiles/msg_gen.dir/topics_sources/vehicle_command.cpp.obj[0m
[ 26%] [32mBuilding CXX object CMakeFiles/msg_gen.dir/topics_sources/vehicle_control_mode.cpp.obj[0m
[ 26%] [32mBuilding CXX object CMakeFiles/msg_gen.dir/topics_sources/vehicle_force_setpoint.cpp.obj[0m
[ 26%] [32mBuilding CXX object CMakeFiles/msg_gen.dir/topics_sources/vehicle_global_position.cpp.obj[0m
[ 27%] [32mBuilding CXX object CMakeFiles/msg_gen.dir/topics_sources/vehicle_global_velocity_setpoint.cpp.obj[0m
[ 28%] [32mBuilding CXX object CMakeFiles/msg_gen.dir/topics_sources/vehicle_land_detected.cpp.obj[0m
[ 28%] [32mBuilding CXX object CMakeFiles/msg_gen.dir/topics_sources/vehicle_local_position.cpp.obj[0m
[ 28%] [32mBuilding CXX object CMakeFiles/msg_gen.dir/topics_sources/vehicle_gps_position.cpp.obj[0m
[ 28%] [32mBuilding CXX object CMakeFiles/msg_gen.dir/topics_sources/vehicle_local_position_setpoint.cpp.obj[0m
[ 28%] [32mBuilding CXX object CMakeFiles/msg_gen.dir/topics_sources/vehicle_status.cpp.obj[0m
[ 28%] [32mBuilding CXX object CMakeFiles/msg_gen.dir/topics_sources/vehicle_rates_setpoint.cpp.obj[0m
[ 29%] [32mBuilding CXX object CMakeFiles/msg_gen.dir/topics_sources/vision_position_estimate.cpp.obj[0m
[ 29%] [32mBuilding CXX object CMakeFiles/msg_gen.dir/topics_sources/vtol_vehicle_status.cpp.obj[0m
[ 29%] [32mBuilding CXX object CMakeFiles/msg_gen.dir/topics_sources/wind_estimate.cpp.obj[0m
[ 29%] [32m[1mLinking CXX static library libmsg_gen.a[0m
[ 29%] Built target msg_gen
[35m[1mScanning dependencies of target platforms__common[0m
[ 29%] [32mBuilding C object src/platforms/common/CMakeFiles/platforms__common.dir/px4_getopt.c.obj[0m
[ 30%] [32m[1mLinking C static library libplatforms__common.a[0m
[ 30%] Built target platforms__common
[35m[1mScanning dependencies of target platforms__nuttx[0m
[35m[1mScanning dependencies of target drivers__stm32__adc[0m
[35m[1mScanning dependencies of target drivers__stm32[0m
[35m[1mScanning dependencies of target drivers__device[0m
[ 30%] [32mBuilding CXX object src/platforms/nuttx/CMakeFiles/platforms__nuttx.dir/px4_nuttx_impl.cpp.obj[0m
[ 30%] [32mBuilding CXX object src/drivers/stm32/adc/CMakeFiles/drivers__stm32__adc.dir/adc.cpp.obj[0m
[ 30%] [32mBuilding C object src/drivers/stm32/CMakeFiles/drivers__stm32.dir/drv_hrt.c.obj[0m
[ 30%] [32mBuilding CXX object src/drivers/device/CMakeFiles/drivers__device.dir/integrator.cpp.obj[0m
[ 30%] [32mBuilding C object src/drivers/stm32/CMakeFiles/drivers__stm32.dir/drv_io_timer.c.obj[0m
[ 31%] [32m[1mLinking CXX static library libdrivers__stm32__adc.a[0m
[ 31%] Built target drivers__stm32__adc
[35m[1mScanning dependencies of target drivers__stm32__tone_alarm[0m
[ 31%] [32mBuilding CXX object src/drivers/stm32/tone_alarm/CMakeFiles/drivers__stm32__tone_alarm.dir/tone_alarm.cpp.obj[0m
[ 31%] [32m[1mLinking CXX static library libplatforms__nuttx.a[0m
[ 31%] Built target platforms__nuttx
[35m[1mScanning dependencies of target drivers__led[0m
[ 31%] [32mBuilding CXX object src/drivers/led/CMakeFiles/drivers__led.dir/led.cpp.obj[0m
[ 32%] [32mBuilding CXX object src/drivers/device/CMakeFiles/drivers__device.dir/device_nuttx.cpp.obj[0m
[ 34%] [32mBuilding C object src/drivers/stm32/CMakeFiles/drivers__stm32.dir/drv_pwm_servo.c.obj[0m
[ 35%] [32m[1mLinking CXX static library libdrivers__led.a[0m
[ 35%] Built target drivers__led
[35m[1mScanning dependencies of target drivers__px4fmu[0m
[ 35%] [32mBuilding CXX object src/drivers/device/CMakeFiles/drivers__device.dir/cdev.cpp.obj[0m
[ 35%] [32mBuilding C object src/drivers/stm32/CMakeFiles/drivers__stm32.dir/drv_input_capture.c.obj[0m
[ 35%] [32mBuilding CXX object src/drivers/px4fmu/CMakeFiles/drivers__px4fmu.dir/fmu.cpp.obj[0m
[ 35%] [32m[1mLinking CXX static library libdrivers__stm32__tone_alarm.a[0m
[ 35%] Built target drivers__stm32__tone_alarm
[35m[1mScanning dependencies of target drivers__boards__aerocore[0m
[ 36%] [32mBuilding C object src/drivers/boards/aerocore/CMakeFiles/drivers__boards__aerocore.dir/__/common/board_name.c.obj[0m
[ 36%] [32m[1mLinking C static library libdrivers__stm32.a[0m
[ 36%] [32mBuilding CXX object src/drivers/device/CMakeFiles/drivers__device.dir/i2c_nuttx.cpp.obj[0m
[ 36%] Built target drivers__stm32
[35m[1mScanning dependencies of target drivers__lsm303d[0m
[ 36%] [32mBuilding C object src/drivers/boards/aerocore/CMakeFiles/drivers__boards__aerocore.dir/aerocore_init.c.obj[0m
[ 36%] [32mBuilding CXX object src/drivers/lsm303d/CMakeFiles/drivers__lsm303d.dir/lsm303d.cpp.obj[0m
[ 36%] [32mBuilding C object src/drivers/boards/aerocore/CMakeFiles/drivers__boards__aerocore.dir/aerocore_spi.c.obj[0m
[ 36%] [32mBuilding CXX object src/drivers/device/CMakeFiles/drivers__device.dir/pio.cpp.obj[0m
[ 37%] [32mBuilding C object src/drivers/boards/aerocore/CMakeFiles/drivers__boards__aerocore.dir/aerocore_led.c.obj[0m
[ 38%] [32mBuilding CXX object src/drivers/device/CMakeFiles/drivers__device.dir/spi.cpp.obj[0m
[ 38%] [32m[1mLinking C static library libdrivers__boards__aerocore.a[0m
[ 38%] Built target drivers__boards__aerocore
[35m[1mScanning dependencies of target drivers__l3gd20[0m
[ 38%] [32mBuilding CXX object src/drivers/l3gd20/CMakeFiles/drivers__l3gd20.dir/l3gd20.cpp.obj[0m
[ 38%] [32m[1mLinking CXX static library libdrivers__device.a[0m
[ 38%] Built target drivers__device
[35m[1mScanning dependencies of target drivers__ms5611[0m
[ 39%] [32mBuilding CXX object src/drivers/ms5611/CMakeFiles/drivers__ms5611.dir/ms5611_spi.cpp.obj[0m
[ 39%] [32m[1mLinking CXX static library libdrivers__px4fmu.a[0m
[ 40%] Built target drivers__px4fmu
[35m[1mScanning dependencies of target drivers__gps[0m
[ 40%] [32mBuilding CXX object src/drivers/gps/CMakeFiles/drivers__gps.dir/gps.cpp.obj[0m
[ 40%] [32mBuilding CXX object src/drivers/ms5611/CMakeFiles/drivers__ms5611.dir/ms5611_i2c.cpp.obj[0m
[ 40%] [32m[1mLinking CXX static library libdrivers__lsm303d.a[0m
[ 40%] Built target drivers__lsm303d
[35m[1mScanning dependencies of target modules__sensors[0m
[ 40%] [32mBuilding CXX object src/modules/sensors/CMakeFiles/modules__sensors.dir/sensors.cpp.obj[0m
[ 40%] [32m[1mLinking CXX static library libdrivers__l3gd20.a[0m
[ 40%] [32mBuilding CXX object src/drivers/ms5611/CMakeFiles/drivers__ms5611.dir/ms5611.cpp.obj[0m
[ 40%] Built target drivers__l3gd20
[35m[1mScanning dependencies of target drivers__pwm_input[0m
[ 41%] [32mBuilding CXX object src/drivers/pwm_input/CMakeFiles/drivers__pwm_input.dir/pwm_input.cpp.obj[0m
[ 42%] [32mBuilding CXX object src/drivers/gps/CMakeFiles/drivers__gps.dir/devices/src/gps_helper.cpp.obj[0m
[ 42%] [32m[1mLinking CXX static library libdrivers__pwm_input.a[0m
[ 42%] [32m[1mLinking CXX static library libdrivers__ms5611.a[0m
[ 42%] [32mBuilding CXX object src/drivers/gps/CMakeFiles/drivers__gps.dir/devices/src/mtk.cpp.obj[0m
[ 42%] Built target drivers__pwm_input
[ 42%] [32mBuilding CXX object src/modules/sensors/CMakeFiles/modules__sensors.dir/sensors_init.cpp.obj[0m
[ 42%] Built target drivers__ms5611
[35m[1mScanning dependencies of target systemcmds__mixer[0m
[ 42%] [32mBuilding CXX object src/systemcmds/mixer/CMakeFiles/systemcmds__mixer.dir/mixer.cpp.obj[0m
[35m[1mScanning dependencies of target systemcmds__param[0m
[ 42%] [32mBuilding CXX object src/drivers/gps/CMakeFiles/drivers__gps.dir/devices/src/ashtech.cpp.obj[0m
[ 42%] [32mBuilding C object src/systemcmds/param/CMakeFiles/systemcmds__param.dir/param.c.obj[0m
[ 43%] [32m[1mLinking CXX static library libsystemcmds__mixer.a[0m
[ 43%] Built target systemcmds__mixer
[35m[1mScanning dependencies of target systemcmds__perf[0m
[ 43%] [32mBuilding C object src/systemcmds/perf/CMakeFiles/systemcmds__perf.dir/perf.c.obj[0m
[ 43%] [32m[1mLinking C static library libsystemcmds__perf.a[0m
[ 43%] Built target systemcmds__perf
[35m[1mScanning dependencies of target systemcmds__pwm[0m
[ 44%] [32m[1mLinking C static library libsystemcmds__param.a[0m
[ 44%] Built target systemcmds__param
[ 44%] [32mBuilding C object src/systemcmds/pwm/CMakeFiles/systemcmds__pwm.dir/pwm.c.obj[0m
[35m[1mScanning dependencies of target systemcmds__esc_calib[0m
[ 44%] [32mBuilding C object src/systemcmds/esc_calib/CMakeFiles/systemcmds__esc_calib.dir/esc_calib.c.obj[0m
[ 44%] [32mBuilding CXX object src/drivers/gps/CMakeFiles/drivers__gps.dir/devices/src/ubx.cpp.obj[0m
[ 44%] [32m[1mLinking CXX static library libmodules__sensors.a[0m
[ 44%] Built target modules__sensors
[35m[1mScanning dependencies of target systemcmds__reboot[0m
[ 44%] [32mBuilding C object src/systemcmds/reboot/CMakeFiles/systemcmds__reboot.dir/reboot.c.obj[0m
[ 44%] [32m[1mLinking C static library libsystemcmds__esc_calib.a[0m
[ 44%] Built target systemcmds__esc_calib
[35m[1mScanning dependencies of target systemcmds__top[0m
[ 45%] [32mBuilding C object src/systemcmds/top/CMakeFiles/systemcmds__top.dir/top.c.obj[0m
[ 45%] [32m[1mLinking C static library libsystemcmds__reboot.a[0m
[ 45%] Built target systemcmds__reboot
[35m[1mScanning dependencies of target systemcmds__config[0m
[ 46%] [32m[1mLinking C static library libsystemcmds__pwm.a[0m
[ 46%] [32m[1mLinking C static library libsystemcmds__top.a[0m
[ 46%] Built target systemcmds__pwm
[35m[1mScanning dependencies of target systemcmds__nshterm[0m
[ 46%] Built target systemcmds__top
[ 46%] [32mBuilding C object src/systemcmds/config/CMakeFiles/systemcmds__config.dir/config.c.obj[0m
[35m[1mScanning dependencies of target systemcmds__mtd[0m
[ 46%] [32mBuilding C object src/systemcmds/nshterm/CMakeFiles/systemcmds__nshterm.dir/nshterm.c.obj[0m
[ 46%] [32mBuilding C object src/systemcmds/mtd/CMakeFiles/systemcmds__mtd.dir/mtd.c.obj[0m
[ 46%] [32m[1mLinking C static library libsystemcmds__nshterm.a[0m
[ 46%] Built target systemcmds__nshterm
[35m[1mScanning dependencies of target systemcmds__dumpfile[0m
[ 46%] [32m[1mLinking C static library libsystemcmds__config.a[0m
[ 46%] [32mBuilding C object src/systemcmds/dumpfile/CMakeFiles/systemcmds__dumpfile.dir/dumpfile.c.obj[0m
[ 46%] Built target systemcmds__config
[35m[1mScanning dependencies of target systemcmds__ver[0m
[ 46%] [32mBuilding C object src/systemcmds/ver/CMakeFiles/systemcmds__ver.dir/ver.c.obj[0m
[ 47%] [32m[1mLinking CXX static library libdrivers__gps.a[0m
[ 47%] Built target drivers__gps
[ 47%] [32mBuilding C object src/systemcmds/mtd/CMakeFiles/systemcmds__mtd.dir/24xxxx_mtd.c.obj[0m
/home/jessica/src/Firmware/src/systemcmds/ver/ver.c:67:45: error: 'CONFIG_CDCACM_PRODUCTID' undeclared here (not in a function)
 __EXPORT const uint32_t px4_board_version = CONFIG_CDCACM_PRODUCTID;
                                             ^
compilation terminated due to -Wfatal-errors.
make[3]: *** [src/systemcmds/ver/CMakeFiles/systemcmds__ver.dir/ver.c.obj] Error 1
make[2]: *** [src/systemcmds/ver/CMakeFiles/systemcmds__ver.dir/all] Error 2
make[2]: *** Waiting for unfinished jobs....
[35m[1mScanning dependencies of target modules__commander[0m
[ 48%] [32m[1mLinking C static library libsystemcmds__dumpfile.a[0m
[ 48%] Built target systemcmds__dumpfile
[ 49%] [32m[1mLinking C static library libsystemcmds__mtd.a[0m
[ 49%] Built target systemcmds__mtd
[ 50%] [32mBuilding CXX object src/modules/commander/CMakeFiles/modules__commander.dir/state_machine_helper.cpp.obj[0m
[ 50%] [32mBuilding CXX object src/modules/commander/CMakeFiles/modules__commander.dir/commander.cpp.obj[0m
[ 50%] [32mBuilding CXX object src/modules/commander/CMakeFiles/modules__commander.dir/commander_helper.cpp.obj[0m
[ 50%] [32mBuilding CXX object src/modules/commander/CMakeFiles/modules__commander.dir/calibration_routines.cpp.obj[0m
[ 51%] [32mBuilding CXX object src/modules/commander/CMakeFiles/modules__commander.dir/accelerometer_calibration.cpp.obj[0m
[ 51%] [32mBuilding CXX object src/modules/commander/CMakeFiles/modules__commander.dir/gyro_calibration.cpp.obj[0m
[ 51%] [32mBuilding CXX object src/modules/commander/CMakeFiles/modules__commander.dir/mag_calibration.cpp.obj[0m
[ 52%] [32mBuilding CXX object src/modules/commander/CMakeFiles/modules__commander.dir/baro_calibration.cpp.obj[0m
[ 52%] [32mBuilding CXX object src/modules/commander/CMakeFiles/modules__commander.dir/rc_calibration.cpp.obj[0m
[ 52%] [32mBuilding CXX object src/modules/commander/CMakeFiles/modules__commander.dir/airspeed_calibration.cpp.obj[0m
[ 52%] [32mBuilding CXX object src/modules/commander/CMakeFiles/modules__commander.dir/esc_calibration.cpp.obj[0m
[ 53%] [32mBuilding CXX object src/modules/commander/CMakeFiles/modules__commander.dir/PreflightCheck.cpp.obj[0m
[ 53%] [32m[1mLinking CXX static library libmodules__commander.a[0m
[ 53%] Built target modules__commander
make[1]: *** [all] Error 2
make: *** [aerocore_default] Error 2
]0;jessica@mcwiljl-ll1: ~/src/Firmwarejessica@mcwiljl-ll1:~/src/Firmware$ exit
exit

Script done on Tue 28 Jun 2016 01:57:13 PM EDT
