Script started on Tue 28 Jun 2016 03:26:15 PM EDT
]0;jessica@mcwiljl-ll1: ~/src/Firmwarejessica@mcwiljl-ll1:~/src/Firmware$ make aerocore_default 
PX4 CONFIG: aerocore_default
[  0%] Built target git_genmsg
[  0%] Built target git_nuttx
[  1%] Built target git_gencpp
[  1%] Built target git_mavlink
[  2%] Built target git_matrix
[  3%] Built target git_uavcan
[  4%] Built target romfs
[  4%] Built target git_ecl
[  4%] Built target mixer_gen
[  4%] [34m[1mBuilding NuttX for aerocore[0m
make[4]: warning: jobserver unavailable: using -j1.  Add `+' to parent make rule.
make[4]: warning: -jN forced in submake: disabling jobserver mode.
[  5%] [34m[1mGenerating nuttx_export_aerocore.stamp[0m
[  5%] Built target nuttx_export_aerocore
[  5%] Built target prebuild_targets
[  6%] [34m[1mGenerating uORB topic multi headers for nuttx[0m
[  6%] [34m[1mGenerating uORB topic headers[0m
[35m[1mScanning dependencies of target msg_gen[0m
[  6%] [34m[1mGenerating uORB topic headers[0m
[  6%] [34m[1mGenerating uORB topic multi headers for nuttx[0m
[  6%] [32mBuilding CXX object CMakeFiles/msg_gen.dir/topics_sources/actuator_controls.cpp.obj[0m
[  6%] [32mBuilding CXX object CMakeFiles/msg_gen.dir/topics_sources/uORBTopics.cpp.obj[0m
[  6%] [32mBuilding CXX object CMakeFiles/msg_gen.dir/topics_sources/actuator_armed.cpp.obj[0m
[  7%] [32mBuilding CXX object CMakeFiles/msg_gen.dir/topics_sources/actuator_direct.cpp.obj[0m
[  7%] [32mBuilding CXX object CMakeFiles/msg_gen.dir/topics_sources/actuator_outputs.cpp.obj[0m
[  7%] [32mBuilding CXX object CMakeFiles/msg_gen.dir/topics_sources/adc_report.cpp.obj[0m
[  7%] [32mBuilding CXX object CMakeFiles/msg_gen.dir/topics_sources/airspeed.cpp.obj[0m
[  8%] [32mBuilding CXX object CMakeFiles/msg_gen.dir/topics_sources/att_pos_mocap.cpp.obj[0m
[  8%] [32mBuilding CXX object CMakeFiles/msg_gen.dir/topics_sources/battery_status.cpp.obj[0m
[  8%] [32mBuilding CXX object CMakeFiles/msg_gen.dir/topics_sources/camera_trigger.cpp.obj[0m
[  9%] [32mBuilding CXX object CMakeFiles/msg_gen.dir/topics_sources/commander_state.cpp.obj[0m
[  9%] [32mBuilding CXX object CMakeFiles/msg_gen.dir/topics_sources/control_state.cpp.obj[0m
[  9%] [32mBuilding CXX object CMakeFiles/msg_gen.dir/topics_sources/cpuload.cpp.obj[0m
[  9%] [32mBuilding CXX object CMakeFiles/msg_gen.dir/topics_sources/debug_key_value.cpp.obj[0m
[ 10%] [32mBuilding CXX object CMakeFiles/msg_gen.dir/topics_sources/differential_pressure.cpp.obj[0m
[ 10%] [32mBuilding CXX object CMakeFiles/msg_gen.dir/topics_sources/distance_sensor.cpp.obj[0m
[ 10%] [32mBuilding CXX object CMakeFiles/msg_gen.dir/topics_sources/ekf2_innovations.cpp.obj[0m
[ 10%] [32mBuilding CXX object CMakeFiles/msg_gen.dir/topics_sources/ekf2_replay.cpp.obj[0m
[ 11%] [32mBuilding CXX object CMakeFiles/msg_gen.dir/topics_sources/encoders.cpp.obj[0m
[ 11%] [32mBuilding CXX object CMakeFiles/msg_gen.dir/topics_sources/esc_report.cpp.obj[0m
[ 11%] [32mBuilding CXX object CMakeFiles/msg_gen.dir/topics_sources/esc_status.cpp.obj[0m
[ 12%] [32mBuilding CXX object CMakeFiles/msg_gen.dir/topics_sources/estimator_status.cpp.obj[0m
[ 12%] [32mBuilding CXX object CMakeFiles/msg_gen.dir/topics_sources/fence.cpp.obj[0m
[ 12%] [32mBuilding CXX object CMakeFiles/msg_gen.dir/topics_sources/filtered_bottom_flow.cpp.obj[0m
[ 12%] [32mBuilding CXX object CMakeFiles/msg_gen.dir/topics_sources/fence_vertex.cpp.obj[0m
[ 13%] [32mBuilding CXX object CMakeFiles/msg_gen.dir/topics_sources/follow_target.cpp.obj[0m
[ 13%] [32mBuilding CXX object CMakeFiles/msg_gen.dir/topics_sources/fw_pos_ctrl_status.cpp.obj[0m
[ 13%] [32mBuilding CXX object CMakeFiles/msg_gen.dir/topics_sources/fw_virtual_attitude_setpoint.cpp.obj[0m
[ 14%] [32mBuilding CXX object CMakeFiles/msg_gen.dir/topics_sources/fw_virtual_rates_setpoint.cpp.obj[0m
[ 14%] [32mBuilding CXX object CMakeFiles/msg_gen.dir/topics_sources/geofence_result.cpp.obj[0m
[ 14%] [32mBuilding CXX object CMakeFiles/msg_gen.dir/topics_sources/gps_inject_data.cpp.obj[0m
[ 14%] [32mBuilding CXX object CMakeFiles/msg_gen.dir/topics_sources/hil_sensor.cpp.obj[0m
[ 15%] [32mBuilding CXX object CMakeFiles/msg_gen.dir/topics_sources/home_position.cpp.obj[0m
[ 15%] [32mBuilding CXX object CMakeFiles/msg_gen.dir/topics_sources/input_rc.cpp.obj[0m
[ 15%] [32mBuilding CXX object CMakeFiles/msg_gen.dir/topics_sources/manual_control_setpoint.cpp.obj[0m
[ 15%] [32mBuilding CXX object CMakeFiles/msg_gen.dir/topics_sources/mavlink_log.cpp.obj[0m
[ 16%] [32mBuilding CXX object CMakeFiles/msg_gen.dir/topics_sources/mc_att_ctrl_status.cpp.obj[0m
[ 16%] [32mBuilding CXX object CMakeFiles/msg_gen.dir/topics_sources/mc_virtual_attitude_setpoint.cpp.obj[0m
[ 16%] [32mBuilding CXX object CMakeFiles/msg_gen.dir/topics_sources/mc_virtual_rates_setpoint.cpp.obj[0m
[ 17%] [32mBuilding CXX object CMakeFiles/msg_gen.dir/topics_sources/mission.cpp.obj[0m
[ 17%] [32mBuilding CXX object CMakeFiles/msg_gen.dir/topics_sources/mission_result.cpp.obj[0m
[ 17%] [32mBuilding CXX object CMakeFiles/msg_gen.dir/topics_sources/multirotor_motor_limits.cpp.obj[0m
[ 17%] [32mBuilding CXX object CMakeFiles/msg_gen.dir/topics_sources/offboard_control_mode.cpp.obj[0m
[ 18%] [32mBuilding CXX object CMakeFiles/msg_gen.dir/topics_sources/optical_flow.cpp.obj[0m
[ 18%] [32mBuilding CXX object CMakeFiles/msg_gen.dir/topics_sources/output_pwm.cpp.obj[0m
[ 18%] [32mBuilding CXX object CMakeFiles/msg_gen.dir/topics_sources/parameter_update.cpp.obj[0m
[ 18%] [32mBuilding CXX object CMakeFiles/msg_gen.dir/topics_sources/position_setpoint.cpp.obj[0m
[ 19%] [32mBuilding CXX object CMakeFiles/msg_gen.dir/topics_sources/position_setpoint_triplet.cpp.obj[0m
[ 19%] [32mBuilding CXX object CMakeFiles/msg_gen.dir/topics_sources/pwm_input.cpp.obj[0m
[ 19%] [32mBuilding CXX object CMakeFiles/msg_gen.dir/topics_sources/qshell_req.cpp.obj[0m
[ 20%] [32mBuilding CXX object CMakeFiles/msg_gen.dir/topics_sources/rc_channels.cpp.obj[0m
[ 20%] [32mBuilding CXX object CMakeFiles/msg_gen.dir/topics_sources/rc_parameter_map.cpp.obj[0m
[ 20%] [32mBuilding CXX object CMakeFiles/msg_gen.dir/topics_sources/safety.cpp.obj[0m
[ 20%] [32mBuilding CXX object CMakeFiles/msg_gen.dir/topics_sources/satellite_info.cpp.obj[0m
[ 21%] [32mBuilding CXX object CMakeFiles/msg_gen.dir/topics_sources/sensor_accel.cpp.obj[0m
[ 21%] [32mBuilding CXX object CMakeFiles/msg_gen.dir/topics_sources/sensor_baro.cpp.obj[0m
[ 21%] [32mBuilding CXX object CMakeFiles/msg_gen.dir/topics_sources/sensor_combined.cpp.obj[0m
[ 21%] [32mBuilding CXX object CMakeFiles/msg_gen.dir/topics_sources/sensor_gyro.cpp.obj[0m
[ 22%] [32mBuilding CXX object CMakeFiles/msg_gen.dir/topics_sources/sensor_mag.cpp.obj[0m
[ 22%] [32mBuilding CXX object CMakeFiles/msg_gen.dir/topics_sources/servorail_status.cpp.obj[0m
[ 22%] [32mBuilding CXX object CMakeFiles/msg_gen.dir/topics_sources/subsystem_info.cpp.obj[0m
[ 23%] [32mBuilding CXX object CMakeFiles/msg_gen.dir/topics_sources/system_power.cpp.obj[0m
[ 23%] [32mBuilding CXX object CMakeFiles/msg_gen.dir/topics_sources/tecs_status.cpp.obj[0m
[ 23%] [32mBuilding CXX object CMakeFiles/msg_gen.dir/topics_sources/telemetry_status.cpp.obj[0m
[ 23%] [32mBuilding CXX object CMakeFiles/msg_gen.dir/topics_sources/test_motor.cpp.obj[0m
[ 24%] [32mBuilding CXX object CMakeFiles/msg_gen.dir/topics_sources/time_offset.cpp.obj[0m
[ 24%] [32mBuilding CXX object CMakeFiles/msg_gen.dir/topics_sources/transponder_report.cpp.obj[0m
[ 24%] [32mBuilding CXX object CMakeFiles/msg_gen.dir/topics_sources/uavcan_parameter_request.cpp.obj[0m
[ 25%] [32mBuilding CXX object CMakeFiles/msg_gen.dir/topics_sources/uavcan_parameter_value.cpp.obj[0m
[ 25%] [32mBuilding CXX object CMakeFiles/msg_gen.dir/topics_sources/vehicle_attitude.cpp.obj[0m
[ 25%] [32mBuilding CXX object CMakeFiles/msg_gen.dir/topics_sources/vehicle_attitude_setpoint.cpp.obj[0m
[ 25%] [32mBuilding CXX object CMakeFiles/msg_gen.dir/topics_sources/vehicle_command_ack.cpp.obj[0m
[ 26%] [32mBuilding CXX object CMakeFiles/msg_gen.dir/topics_sources/vehicle_command.cpp.obj[0m
[ 26%] [32mBuilding CXX object CMakeFiles/msg_gen.dir/topics_sources/vehicle_control_mode.cpp.obj[0m
[ 26%] [32mBuilding CXX object CMakeFiles/msg_gen.dir/topics_sources/vehicle_force_setpoint.cpp.obj[0m
[ 26%] [32mBuilding CXX object CMakeFiles/msg_gen.dir/topics_sources/vehicle_global_position.cpp.obj[0m
[ 27%] [32mBuilding CXX object CMakeFiles/msg_gen.dir/topics_sources/vehicle_global_velocity_setpoint.cpp.obj[0m
[ 27%] [32mBuilding CXX object CMakeFiles/msg_gen.dir/topics_sources/vehicle_gps_position.cpp.obj[0m
[ 27%] [32mBuilding CXX object CMakeFiles/msg_gen.dir/topics_sources/vehicle_land_detected.cpp.obj[0m
[ 28%] [32mBuilding CXX object CMakeFiles/msg_gen.dir/topics_sources/vehicle_local_position.cpp.obj[0m
[ 28%] [32mBuilding CXX object CMakeFiles/msg_gen.dir/topics_sources/vehicle_local_position_setpoint.cpp.obj[0m
[ 28%] [32mBuilding CXX object CMakeFiles/msg_gen.dir/topics_sources/vehicle_rates_setpoint.cpp.obj[0m
[ 28%] [32mBuilding CXX object CMakeFiles/msg_gen.dir/topics_sources/vehicle_status.cpp.obj[0m
[ 29%] [32mBuilding CXX object CMakeFiles/msg_gen.dir/topics_sources/vision_position_estimate.cpp.obj[0m
[ 29%] [32mBuilding CXX object CMakeFiles/msg_gen.dir/topics_sources/vtol_vehicle_status.cpp.obj[0m
[ 29%] [32mBuilding CXX object CMakeFiles/msg_gen.dir/topics_sources/wind_estimate.cpp.obj[0m
[ 29%] [32m[1mLinking CXX static library libmsg_gen.a[0m
[ 29%] Built target msg_gen
[35m[1mScanning dependencies of target platforms__common[0m
[ 29%] [32mBuilding C object src/platforms/common/CMakeFiles/platforms__common.dir/px4_getopt.c.obj[0m
[ 30%] [32m[1mLinking C static library libplatforms__common.a[0m
[ 30%] Built target platforms__common
[35m[1mScanning dependencies of target platforms__nuttx[0m
[35m[1mScanning dependencies of target drivers__stm32__adc[0m
[35m[1mScanning dependencies of target drivers__stm32[0m
[35m[1mScanning dependencies of target drivers__device[0m
[ 30%] [32mBuilding CXX object src/platforms/nuttx/CMakeFiles/platforms__nuttx.dir/px4_nuttx_impl.cpp.obj[0m
[ 30%] [32mBuilding CXX object src/drivers/stm32/adc/CMakeFiles/drivers__stm32__adc.dir/adc.cpp.obj[0m
[ 30%] [32mBuilding C object src/drivers/stm32/CMakeFiles/drivers__stm32.dir/drv_hrt.c.obj[0m
[ 30%] [32mBuilding CXX object src/drivers/device/CMakeFiles/drivers__device.dir/ringbuffer.cpp.obj[0m
[ 30%] [32mBuilding C object src/drivers/stm32/CMakeFiles/drivers__stm32.dir/drv_io_timer.c.obj[0m
[ 31%] [32m[1mLinking CXX static library libdrivers__stm32__adc.a[0m
[ 31%] Built target drivers__stm32__adc
[ 31%] [32m[1mLinking CXX static library libplatforms__nuttx.a[0m
[35m[1mScanning dependencies of target drivers__stm32__tone_alarm[0m
[ 31%] [32mBuilding CXX object src/drivers/stm32/tone_alarm/CMakeFiles/drivers__stm32__tone_alarm.dir/tone_alarm.cpp.obj[0m
[ 31%] [32mBuilding CXX object src/drivers/device/CMakeFiles/drivers__device.dir/integrator.cpp.obj[0m
[ 31%] [32m[1mLinking CXX static library libdrivers__stm32__tone_alarm.a[0m
[ 32%] [32mBuilding C object src/drivers/stm32/CMakeFiles/drivers__stm32.dir/drv_pwm_servo.c.obj[0m
[ 32%] Built target platforms__nuttx
[ 32%] Built target drivers__stm32__tone_alarm
[35m[1mScanning dependencies of target drivers__led[0m
[35m[1mScanning dependencies of target drivers__px4fmu[0m
[ 32%] [32mBuilding CXX object src/drivers/led/CMakeFiles/drivers__led.dir/led.cpp.obj[0m
[ 32%] [32mBuilding CXX object src/drivers/px4fmu/CMakeFiles/drivers__px4fmu.dir/fmu.cpp.obj[0m
[ 32%] [32mBuilding C object src/drivers/stm32/CMakeFiles/drivers__stm32.dir/drv_input_capture.c.obj[0m
[ 34%] [32m[1mLinking CXX static library libdrivers__led.a[0m
[ 34%] Built target drivers__led
[ 35%] [32mBuilding CXX object src/drivers/device/CMakeFiles/drivers__device.dir/device_nuttx.cpp.obj[0m
[ 35%] [32m[1mLinking C static library libdrivers__stm32.a[0m
[ 36%] [32mBuilding C object src/drivers/px4fmu/CMakeFiles/drivers__px4fmu.dir/px4fmu_params.c.obj[0m
[ 36%] [32mBuilding CXX object src/drivers/device/CMakeFiles/drivers__device.dir/cdev.cpp.obj[0m
[ 36%] [32m[1mLinking CXX static library libdrivers__px4fmu.a[0m
[ 36%] Built target drivers__stm32
[ 36%] [32mBuilding CXX object src/drivers/device/CMakeFiles/drivers__device.dir/i2c_nuttx.cpp.obj[0m
[ 36%] Built target drivers__px4fmu
[35m[1mScanning dependencies of target drivers__boards__aerocore[0m
[ 36%] [32mBuilding CXX object src/drivers/device/CMakeFiles/drivers__device.dir/pio.cpp.obj[0m
[ 37%] [32mBuilding C object src/drivers/boards/aerocore/CMakeFiles/drivers__boards__aerocore.dir/__/common/board_name.c.obj[0m
[ 38%] [32mBuilding CXX object src/drivers/device/CMakeFiles/drivers__device.dir/spi.cpp.obj[0m
[ 38%] [32mBuilding C object src/drivers/boards/aerocore/CMakeFiles/drivers__boards__aerocore.dir/aerocore_init.c.obj[0m
[ 38%] [32mBuilding C object src/drivers/boards/aerocore/CMakeFiles/drivers__boards__aerocore.dir/aerocore_spi.c.obj[0m
[ 39%] [32mBuilding C object src/drivers/boards/aerocore/CMakeFiles/drivers__boards__aerocore.dir/aerocore_led.c.obj[0m
[35m[1mScanning dependencies of target drivers__lsm303d[0m
[35m[1mScanning dependencies of target drivers__l3gd20[0m
[ 39%] [32m[1mLinking CXX static library libdrivers__device.a[0m
[ 39%] [32m[1mLinking C static library libdrivers__boards__aerocore.a[0m
[ 39%] Built target drivers__device
[ 39%] [32mBuilding CXX object src/drivers/lsm303d/CMakeFiles/drivers__lsm303d.dir/lsm303d.cpp.obj[0m
[ 39%] Built target drivers__boards__aerocore
[35m[1mScanning dependencies of target drivers__ms5611[0m
[ 39%] [32mBuilding CXX object src/drivers/l3gd20/CMakeFiles/drivers__l3gd20.dir/l3gd20.cpp.obj[0m
[35m[1mScanning dependencies of target drivers__gps[0m
[ 40%] [32mBuilding CXX object src/drivers/ms5611/CMakeFiles/drivers__ms5611.dir/ms5611_spi.cpp.obj[0m
[ 40%] [32mBuilding CXX object src/drivers/gps/CMakeFiles/drivers__gps.dir/gps.cpp.obj[0m
[ 40%] [32mBuilding CXX object src/drivers/ms5611/CMakeFiles/drivers__ms5611.dir/ms5611_i2c.cpp.obj[0m
[ 40%] [32mBuilding CXX object src/drivers/ms5611/CMakeFiles/drivers__ms5611.dir/ms5611.cpp.obj[0m
[ 40%] [32m[1mLinking CXX static library libdrivers__l3gd20.a[0m
[ 40%] Built target drivers__l3gd20
[35m[1mScanning dependencies of target modules__sensors[0m
[ 41%] [32mBuilding CXX object src/drivers/gps/CMakeFiles/drivers__gps.dir/devices/src/gps_helper.cpp.obj[0m
[ 41%] [32mBuilding CXX object src/modules/sensors/CMakeFiles/modules__sensors.dir/sensors.cpp.obj[0m
[ 41%] [32m[1mLinking CXX static library libdrivers__lsm303d.a[0m
[ 41%] [32mBuilding CXX object src/drivers/gps/CMakeFiles/drivers__gps.dir/devices/src/mtk.cpp.obj[0m
[ 41%] Built target drivers__lsm303d
[35m[1mScanning dependencies of target drivers__pwm_input[0m
[ 42%] [32mBuilding CXX object src/drivers/pwm_input/CMakeFiles/drivers__pwm_input.dir/pwm_input.cpp.obj[0m
[ 42%] [32m[1mLinking CXX static library libdrivers__ms5611.a[0m
[ 42%] Built target drivers__ms5611
[35m[1mScanning dependencies of target systemcmds__mixer[0m
[ 42%] [32mBuilding CXX object src/drivers/gps/CMakeFiles/drivers__gps.dir/devices/src/ashtech.cpp.obj[0m
[ 42%] [32mBuilding CXX object src/systemcmds/mixer/CMakeFiles/systemcmds__mixer.dir/mixer.cpp.obj[0m
[ 42%] [32m[1mLinking CXX static library libdrivers__pwm_input.a[0m
[ 42%] Built target drivers__pwm_input
[ 42%] [32mBuilding CXX object src/drivers/gps/CMakeFiles/drivers__gps.dir/devices/src/ubx.cpp.obj[0m
[ 43%] [32m[1mLinking CXX static library libsystemcmds__mixer.a[0m
[ 43%] Built target systemcmds__mixer
[35m[1mScanning dependencies of target systemcmds__param[0m
[ 43%] [32mBuilding C object src/systemcmds/param/CMakeFiles/systemcmds__param.dir/param.c.obj[0m
[35m[1mScanning dependencies of target systemcmds__perf[0m
[ 43%] [32mBuilding C object src/systemcmds/perf/CMakeFiles/systemcmds__perf.dir/perf.c.obj[0m
[ 44%] [32m[1mLinking C static library libsystemcmds__param.a[0m
[ 44%] Built target systemcmds__param
[35m[1mScanning dependencies of target systemcmds__pwm[0m
[ 44%] [32m[1mLinking C static library libsystemcmds__perf.a[0m
[ 44%] Built target systemcmds__perf
[ 44%] [32mBuilding CXX object src/modules/sensors/CMakeFiles/modules__sensors.dir/sensors_init.cpp.obj[0m
[ 45%] [32m[1mLinking CXX static library libdrivers__gps.a[0m
[ 45%] Built target drivers__gps
[ 45%] [32mBuilding C object src/systemcmds/pwm/CMakeFiles/systemcmds__pwm.dir/pwm.c.obj[0m
[35m[1mScanning dependencies of target systemcmds__esc_calib[0m
[ 45%] [32mBuilding C object src/systemcmds/esc_calib/CMakeFiles/systemcmds__esc_calib.dir/esc_calib.c.obj[0m
[35m[1mScanning dependencies of target systemcmds__reboot[0m
[ 45%] [32m[1mLinking CXX static library libmodules__sensors.a[0m
[ 45%] [32mBuilding C object src/systemcmds/reboot/CMakeFiles/systemcmds__reboot.dir/reboot.c.obj[0m
[ 45%] [32m[1mLinking C static library libsystemcmds__esc_calib.a[0m
[ 45%] Built target modules__sensors
[35m[1mScanning dependencies of target systemcmds__top[0m
[ 45%] Built target systemcmds__esc_calib
[35m[1mScanning dependencies of target systemcmds__config[0m
[ 46%] [32mBuilding C object src/systemcmds/top/CMakeFiles/systemcmds__top.dir/top.c.obj[0m
[ 47%] [32m[1mLinking C static library libsystemcmds__pwm.a[0m
[ 47%] [32m[1mLinking C static library libsystemcmds__reboot.a[0m
[ 47%] Built target systemcmds__pwm
[ 47%] [32mBuilding C object src/systemcmds/config/CMakeFiles/systemcmds__config.dir/config.c.obj[0m
[ 47%] Built target systemcmds__reboot
[35m[1mScanning dependencies of target systemcmds__nshterm[0m
[35m[1mScanning dependencies of target systemcmds__mtd[0m
[ 47%] [32m[1mLinking C static library libsystemcmds__top.a[0m
[ 47%] Built target systemcmds__top
[ 47%] [32mBuilding C object src/systemcmds/nshterm/CMakeFiles/systemcmds__nshterm.dir/nshterm.c.obj[0m
[35m[1mScanning dependencies of target systemcmds__dumpfile[0m
[ 47%] [32mBuilding C object src/systemcmds/mtd/CMakeFiles/systemcmds__mtd.dir/mtd.c.obj[0m
[ 47%] [32mBuilding C object src/systemcmds/dumpfile/CMakeFiles/systemcmds__dumpfile.dir/dumpfile.c.obj[0m
[ 47%] [32m[1mLinking C static library libsystemcmds__nshterm.a[0m
[ 47%] Built target systemcmds__nshterm
[35m[1mScanning dependencies of target systemcmds__ver[0m
[ 47%] [32m[1mLinking C static library libsystemcmds__config.a[0m
[ 47%] [32mBuilding C object src/systemcmds/ver/CMakeFiles/systemcmds__ver.dir/ver.c.obj[0m
[ 48%] Built target systemcmds__config
[ 48%] [32m[1mLinking C static library libsystemcmds__dumpfile.a[0m
[ 48%] [32mBuilding C object src/systemcmds/mtd/CMakeFiles/systemcmds__mtd.dir/24xxxx_mtd.c.obj[0m
[ 48%] Built target systemcmds__dumpfile
[35m[1mScanning dependencies of target modules__commander[0m
[ 48%] [32m[1mLinking C static library libsystemcmds__ver.a[0m
[ 48%] Built target systemcmds__ver
[35m[1mScanning dependencies of target modules__navigator[0m
[ 49%] [32m[1mLinking C static library libsystemcmds__mtd.a[0m
[35m[1mScanning dependencies of target modules__mavlink[0m
[ 49%] Built target systemcmds__mtd
[35m[1mScanning dependencies of target modules__land_detector[0m
[ 50%] [32mBuilding CXX object src/modules/commander/CMakeFiles/modules__commander.dir/commander.cpp.obj[0m
[ 50%] [32mBuilding CXX object src/modules/land_detector/CMakeFiles/modules__land_detector.dir/land_detector_main.cpp.obj[0m
[ 50%] [32mBuilding CXX object src/modules/navigator/CMakeFiles/modules__navigator.dir/navigator_main.cpp.obj[0m
[ 50%] [32mBuilding C object src/modules/mavlink/CMakeFiles/modules__mavlink.dir/mavlink.c.obj[0m
[ 51%] [32mBuilding CXX object src/modules/land_detector/CMakeFiles/modules__land_detector.dir/LandDetector.cpp.obj[0m
[ 51%] [32mBuilding CXX object src/modules/mavlink/CMakeFiles/modules__mavlink.dir/mavlink_main.cpp.obj[0m
[ 51%] [32mBuilding CXX object src/modules/land_detector/CMakeFiles/modules__land_detector.dir/MulticopterLandDetector.cpp.obj[0m
[ 51%] [32mBuilding CXX object src/modules/land_detector/CMakeFiles/modules__land_detector.dir/FixedwingLandDetector.cpp.obj[0m
[ 52%] [32mBuilding CXX object src/modules/navigator/CMakeFiles/modules__navigator.dir/navigator_mode.cpp.obj[0m
[ 52%] [32mBuilding CXX object src/modules/land_detector/CMakeFiles/modules__land_detector.dir/VtolLandDetector.cpp.obj[0m
[ 52%] [32mBuilding CXX object src/modules/navigator/CMakeFiles/modules__navigator.dir/mission_block.cpp.obj[0m
[ 53%] [32m[1mLinking CXX static library libmodules__land_detector.a[0m
[ 53%] Built target modules__land_detector
[35m[1mScanning dependencies of target modules__attitude_estimator_q[0m
[ 54%] [32mBuilding CXX object src/modules/attitude_estimator_q/CMakeFiles/modules__attitude_estimator_q.dir/attitude_estimator_q_main.cpp.obj[0m
[ 54%] [32mBuilding CXX object src/modules/navigator/CMakeFiles/modules__navigator.dir/mission.cpp.obj[0m
[ 54%] [32mBuilding CXX object src/modules/mavlink/CMakeFiles/modules__mavlink.dir/mavlink_mission.cpp.obj[0m
[ 54%] [32mBuilding CXX object src/modules/commander/CMakeFiles/modules__commander.dir/state_machine_helper.cpp.obj[0m
[ 54%] [32m[1mLinking CXX static library libmodules__attitude_estimator_q.a[0m
[ 54%] [32mBuilding CXX object src/modules/navigator/CMakeFiles/modules__navigator.dir/loiter.cpp.obj[0m
[ 54%] Built target modules__attitude_estimator_q
[35m[1mScanning dependencies of target modules__ekf_att_pos_estimator[0m
[ 54%] [32mBuilding CXX object src/modules/commander/CMakeFiles/modules__commander.dir/commander_helper.cpp.obj[0m
[ 54%] [32mBuilding CXX object src/modules/ekf_att_pos_estimator/CMakeFiles/modules__ekf_att_pos_estimator.dir/ekf_att_pos_estimator_main.cpp.obj[0m
[ 55%] [32mBuilding CXX object src/modules/navigator/CMakeFiles/modules__navigator.dir/rtl.cpp.obj[0m
[ 55%] [32mBuilding CXX object src/modules/navigator/CMakeFiles/modules__navigator.dir/takeoff.cpp.obj[0m
[ 55%] [32mBuilding CXX object src/modules/commander/CMakeFiles/modules__commander.dir/calibration_routines.cpp.obj[0m
[ 56%] [32mBuilding CXX object src/modules/mavlink/CMakeFiles/modules__mavlink.dir/mavlink_parameters.cpp.obj[0m
[ 56%] [32mBuilding CXX object src/modules/navigator/CMakeFiles/modules__navigator.dir/land.cpp.obj[0m
[ 57%] [32mBuilding CXX object src/modules/commander/CMakeFiles/modules__commander.dir/accelerometer_calibration.cpp.obj[0m
[ 58%] [32mBuilding CXX object src/modules/navigator/CMakeFiles/modules__navigator.dir/mission_feasibility_checker.cpp.obj[0m
[ 58%] [32mBuilding CXX object src/modules/ekf_att_pos_estimator/CMakeFiles/modules__ekf_att_pos_estimator.dir/estimator_22states.cpp.obj[0m
[ 58%] [32mBuilding CXX object src/modules/navigator/CMakeFiles/modules__navigator.dir/geofence.cpp.obj[0m
[ 58%] [32mBuilding CXX object src/modules/commander/CMakeFiles/modules__commander.dir/gyro_calibration.cpp.obj[0m
[ 58%] [32mBuilding CXX object src/modules/mavlink/CMakeFiles/modules__mavlink.dir/mavlink_orb_subscription.cpp.obj[0m
[ 58%] [32mBuilding CXX object src/modules/mavlink/CMakeFiles/modules__mavlink.dir/mavlink_messages.cpp.obj[0m
[ 58%] [32mBuilding CXX object src/modules/commander/CMakeFiles/modules__commander.dir/mag_calibration.cpp.obj[0m
[ 58%] [32mBuilding CXX object src/modules/navigator/CMakeFiles/modules__navigator.dir/datalinkloss.cpp.obj[0m
[ 59%] [32mBuilding CXX object src/modules/commander/CMakeFiles/modules__commander.dir/baro_calibration.cpp.obj[0m
[ 59%] [32mBuilding CXX object src/modules/navigator/CMakeFiles/modules__navigator.dir/rcloss.cpp.obj[0m
[ 59%] [32mBuilding CXX object src/modules/commander/CMakeFiles/modules__commander.dir/rc_calibration.cpp.obj[0m
[ 59%] [32mBuilding CXX object src/modules/commander/CMakeFiles/modules__commander.dir/airspeed_calibration.cpp.obj[0m
[ 60%] [32mBuilding CXX object src/modules/navigator/CMakeFiles/modules__navigator.dir/enginefailure.cpp.obj[0m
[ 60%] [32mBuilding CXX object src/modules/commander/CMakeFiles/modules__commander.dir/esc_calibration.cpp.obj[0m
[ 60%] [32mBuilding CXX object src/modules/navigator/CMakeFiles/modules__navigator.dir/gpsfailure.cpp.obj[0m
[ 61%] [32mBuilding CXX object src/modules/commander/CMakeFiles/modules__commander.dir/PreflightCheck.cpp.obj[0m
[ 61%] [32mBuilding CXX object src/modules/navigator/CMakeFiles/modules__navigator.dir/follow_target.cpp.obj[0m
[ 61%] [32m[1mLinking CXX static library libmodules__commander.a[0m
[ 61%] Built target modules__commander
[35m[1mScanning dependencies of target modules__position_estimator_inav[0m
[ 62%] [32mBuilding CXX object src/modules/position_estimator_inav/CMakeFiles/modules__position_estimator_inav.dir/position_estimator_inav_main.cpp.obj[0m
[ 62%] [32m[1mLinking CXX static library libmodules__navigator.a[0m
[ 62%] Built target modules__navigator
[35m[1mScanning dependencies of target lib__ecl[0m
[ 62%] [32mBuilding CXX object src/lib/ecl/CMakeFiles/lib__ecl.dir/attitude_fw/ecl_controller.cpp.obj[0m
[ 63%] [32mBuilding CXX object src/lib/ecl/CMakeFiles/lib__ecl.dir/attitude_fw/ecl_pitch_controller.cpp.obj[0m
[ 64%] [32mBuilding CXX object src/modules/mavlink/CMakeFiles/modules__mavlink.dir/mavlink_stream.cpp.obj[0m
[ 64%] [32mBuilding CXX object src/modules/position_estimator_inav/CMakeFiles/modules__position_estimator_inav.dir/position_estimator_inav_params.cpp.obj[0m
[ 64%] [32mBuilding CXX object src/lib/ecl/CMakeFiles/lib__ecl.dir/attitude_fw/ecl_roll_controller.cpp.obj[0m
[ 64%] [32mBuilding CXX object src/modules/position_estimator_inav/CMakeFiles/modules__position_estimator_inav.dir/inertial_filter.cpp.obj[0m
[ 65%] [32m[1mLinking CXX static library libmodules__position_estimator_inav.a[0m
[ 65%] Built target modules__position_estimator_inav
[35m[1mScanning dependencies of target lib__external_lgpl[0m
[ 67%] [32mBuilding CXX object src/lib/external_lgpl/CMakeFiles/lib__external_lgpl.dir/tecs/tecs.cpp.obj[0m
[ 67%] [32mBuilding CXX object src/lib/ecl/CMakeFiles/lib__ecl.dir/attitude_fw/ecl_yaw_controller.cpp.obj[0m
[ 67%] [32mBuilding CXX object src/modules/mavlink/CMakeFiles/modules__mavlink.dir/mavlink_rate_limiter.cpp.obj[0m
[ 67%] [32mBuilding CXX object src/modules/mavlink/CMakeFiles/modules__mavlink.dir/mavlink_receiver.cpp.obj[0m
[ 67%] [32mBuilding CXX object src/lib/ecl/CMakeFiles/lib__ecl.dir/attitude_fw/ecl_wheel_controller.cpp.obj[0m
[ 67%] [32m[1mLinking CXX static library liblib__external_lgpl.a[0m
[ 67%] Built target lib__external_lgpl
[ 67%] [32mBuilding CXX object src/modules/ekf_att_pos_estimator/CMakeFiles/modules__ekf_att_pos_estimator.dir/estimator_utilities.cpp.obj[0m
[ 68%] [32mBuilding CXX object src/lib/ecl/CMakeFiles/lib__ecl.dir/l1/ecl_l1_pos_controller.cpp.obj[0m
[ 68%] [32mBuilding CXX object src/lib/ecl/CMakeFiles/lib__ecl.dir/validation/data_validator.cpp.obj[0m
[ 68%] [32mBuilding CXX object src/lib/ecl/CMakeFiles/lib__ecl.dir/validation/data_validator_group.cpp.obj[0m
[ 68%] [32mBuilding CXX object src/lib/ecl/CMakeFiles/lib__ecl.dir/EKF/estimator_interface.cpp.obj[0m
[ 69%] [32mBuilding CXX object src/lib/ecl/CMakeFiles/lib__ecl.dir/EKF/ekf.cpp.obj[0m
[ 69%] [32mBuilding CXX object src/lib/ecl/CMakeFiles/lib__ecl.dir/EKF/ekf_helper.cpp.obj[0m
[ 69%] [32mBuilding CXX object src/modules/mavlink/CMakeFiles/modules__mavlink.dir/mavlink_ftp.cpp.obj[0m
[ 69%] [32mBuilding CXX object src/lib/ecl/CMakeFiles/lib__ecl.dir/EKF/covariance.cpp.obj[0m
[ 70%] [32mBuilding CXX object src/modules/mavlink/CMakeFiles/modules__mavlink.dir/mavlink_log_handler.cpp.obj[0m
[ 71%] [32mBuilding CXX object src/lib/ecl/CMakeFiles/lib__ecl.dir/EKF/vel_pos_fusion.cpp.obj[0m
[ 71%] [32m[1mLinking CXX static library libmodules__mavlink.a[0m
[ 71%] Built target modules__mavlink
[35m[1mScanning dependencies of target modules__mc_att_control[0m
[ 71%] [32mBuilding CXX object src/lib/ecl/CMakeFiles/lib__ecl.dir/EKF/mag_fusion.cpp.obj[0m
[ 71%] [32mBuilding CXX object src/modules/mc_att_control/CMakeFiles/modules__mc_att_control.dir/mc_att_control_main.cpp.obj[0m
[ 72%] [32m[1mLinking CXX static library libmodules__mc_att_control.a[0m
[ 72%] Built target modules__mc_att_control
[ 73%] [32m[1mLinking CXX static library libmodules__ekf_att_pos_estimator.a[0m
[ 73%] [32mBuilding CXX object src/lib/ecl/CMakeFiles/lib__ecl.dir/EKF/gps_checks.cpp.obj[0m
[ 73%] Built target modules__ekf_att_pos_estimator
[ 73%] [32mBuilding CXX object src/lib/ecl/CMakeFiles/lib__ecl.dir/EKF/airspeed_fusion.cpp.obj[0m
[ 74%] [32mBuilding CXX object src/lib/ecl/CMakeFiles/lib__ecl.dir/EKF/optflow_fusion.cpp.obj[0m
[ 74%] [32mBuilding CXX object src/lib/ecl/CMakeFiles/lib__ecl.dir/EKF/control.cpp.obj[0m
[ 74%] [32mBuilding CXX object src/lib/ecl/CMakeFiles/lib__ecl.dir/EKF/terrain_estimator.cpp.obj[0m
[35m[1mScanning dependencies of target modules__mc_pos_control[0m
[35m[1mScanning dependencies of target modules__vtol_att_control[0m
[ 74%] [32mBuilding CXX object src/modules/mc_pos_control/CMakeFiles/modules__mc_pos_control.dir/mc_pos_control_main.cpp.obj[0m
[ 74%] [32mBuilding CXX object src/modules/vtol_att_control/CMakeFiles/modules__vtol_att_control.dir/vtol_att_control_main.cpp.obj[0m
[ 75%] [32mBuilding CXX object src/modules/vtol_att_control/CMakeFiles/modules__vtol_att_control.dir/tiltrotor.cpp.obj[0m
[ 75%] [32mBuilding CXX object src/modules/vtol_att_control/CMakeFiles/modules__vtol_att_control.dir/vtol_type.cpp.obj[0m
[ 75%] [32m[1mLinking CXX static library liblib__ecl.a[0m
[ 75%] Built target lib__ecl
[ 75%] [32mBuilding CXX object src/modules/vtol_att_control/CMakeFiles/modules__vtol_att_control.dir/tailsitter.cpp.obj[0m
[35m[1mScanning dependencies of target modules__systemlib[0m
[ 75%] [32mBuilding CXX object src/modules/vtol_att_control/CMakeFiles/modules__vtol_att_control.dir/standard.cpp.obj[0m
[ 76%] [32mBuilding C object src/modules/systemlib/CMakeFiles/modules__systemlib.dir/perf_counter.c.obj[0m
[ 76%] [32mBuilding C object src/modules/systemlib/CMakeFiles/modules__systemlib.dir/conversions.c.obj[0m
[ 76%] [32mBuilding C object src/modules/systemlib/CMakeFiles/modules__systemlib.dir/cpuload.c.obj[0m
[ 76%] [32mBuilding C object src/modules/systemlib/CMakeFiles/modules__systemlib.dir/pid/pid.c.obj[0m
[ 77%] [32mBuilding C object src/modules/systemlib/CMakeFiles/modules__systemlib.dir/airspeed.c.obj[0m
[ 77%] [32mBuilding C object src/modules/systemlib/CMakeFiles/modules__systemlib.dir/mavlink_log.c.obj[0m
[ 78%] [32m[1mLinking CXX static library libmodules__vtol_att_control.a[0m
[ 78%] Built target modules__vtol_att_control
[35m[1mScanning dependencies of target modules__systemlib__mixer[0m
[ 78%] [32mBuilding C object src/modules/systemlib/CMakeFiles/modules__systemlib.dir/rc_check.c.obj[0m
[ 79%] [32mBuilding C object src/modules/systemlib/CMakeFiles/modules__systemlib.dir/otp.c.obj[0m
[ 79%] [32mBuilding C object src/modules/systemlib/CMakeFiles/modules__systemlib.dir/board_serial.c.obj[0m
[35m[1mScanning dependencies of target modules__uORB[0m
[ 79%] [32mBuilding CXX object src/modules/systemlib/mixer/CMakeFiles/modules__systemlib__mixer.dir/mixer.cpp.obj[0m
[ 79%] [32mBuilding C object src/modules/systemlib/CMakeFiles/modules__systemlib.dir/pwm_limit/pwm_limit.c.obj[0m
[ 79%] [32m[1mLinking CXX static library libmodules__mc_pos_control.a[0m
[ 79%] Built target modules__mc_pos_control
[ 79%] [32mBuilding CXX object src/modules/uORB/CMakeFiles/modules__uORB.dir/uORBUtils.cpp.obj[0m
[ 79%] [32mBuilding C object src/modules/systemlib/CMakeFiles/modules__systemlib.dir/mcu_version.c.obj[0m
[ 80%] [32mBuilding CXX object src/modules/systemlib/mixer/CMakeFiles/modules__systemlib__mixer.dir/mixer_group.cpp.obj[0m
[35m[1mScanning dependencies of target modules__dataman[0m
[ 80%] [32mBuilding C object src/modules/dataman/CMakeFiles/modules__dataman.dir/dataman.c.obj[0m
[ 81%] [32mBuilding C object src/modules/systemlib/CMakeFiles/modules__systemlib.dir/bson/tinybson.c.obj[0m
[ 81%] [32mBuilding CXX object src/modules/uORB/CMakeFiles/modules__uORB.dir/uORB.cpp.obj[0m
[ 81%] [32mBuilding CXX object src/modules/systemlib/mixer/CMakeFiles/modules__systemlib__mixer.dir/mixer_multirotor.cpp.obj[0m
[ 81%] [32mBuilding CXX object src/modules/systemlib/CMakeFiles/modules__systemlib.dir/circuit_breaker.cpp.obj[0m
[ 82%] [32mBuilding CXX object src/modules/uORB/CMakeFiles/modules__uORB.dir/uORBMain.cpp.obj[0m
[ 82%] [32mBuilding CXX object src/modules/systemlib/CMakeFiles/modules__systemlib.dir/battery.cpp.obj[0m
[ 83%] [32m[1mLinking C static library libmodules__dataman.a[0m
[ 83%] Built target modules__dataman
[ 83%] [32mBuilding CXX object src/modules/systemlib/mixer/CMakeFiles/modules__systemlib__mixer.dir/mixer_simple.cpp.obj[0m
[ 84%] [32mBuilding C object src/modules/systemlib/mixer/CMakeFiles/modules__systemlib__mixer.dir/mixer_load.c.obj[0m
[ 84%] [32mBuilding CXX object src/modules/uORB/CMakeFiles/modules__uORB.dir/Publication.cpp.obj[0m
[ 84%] [32mBuilding CXX object src/modules/uORB/CMakeFiles/modules__uORB.dir/Subscription.cpp.obj[0m
[ 85%] [32mBuilding C object src/modules/systemlib/CMakeFiles/modules__systemlib.dir/err.c.obj[0m
[ 85%] [32m[1mLinking CXX static library libmodules__systemlib__mixer.a[0m
[ 85%] Built target modules__systemlib__mixer
[35m[1mScanning dependencies of target lib__controllib[0m
[ 85%] [32mBuilding C object src/modules/systemlib/CMakeFiles/modules__systemlib.dir/printload.c.obj[0m
[ 85%] [32mBuilding CXX object src/lib/controllib/CMakeFiles/lib__controllib.dir/blocks.cpp.obj[0m
[ 85%] [32mBuilding C object src/modules/systemlib/CMakeFiles/modules__systemlib.dir/param/param.c.obj[0m
[ 85%] [32mBuilding CXX object src/modules/uORB/CMakeFiles/modules__uORB.dir/uORBManager.cpp.obj[0m
/home/jessica/src/Firmware/src/modules/systemlib/param/param.c:68:28: fatal error: px4_parameters.h: No such file or directory
 #include "px4_parameters.h"
                            ^
compilation terminated.
make[3]: *** [src/modules/systemlib/CMakeFiles/modules__systemlib.dir/param/param.c.obj] Error 1
make[2]: *** [src/modules/systemlib/CMakeFiles/modules__systemlib.dir/all] Error 2
make[2]: *** Waiting for unfinished jobs....
[ 86%] [32mBuilding CXX object src/modules/uORB/CMakeFiles/modules__uORB.dir/uORBDevices_nuttx.cpp.obj[0m
[ 87%] [32mBuilding CXX object src/lib/controllib/CMakeFiles/lib__controllib.dir/block/Block.cpp.obj[0m
[ 87%] [32mBuilding CXX object src/lib/controllib/CMakeFiles/lib__controllib.dir/block/BlockParam.cpp.obj[0m
[ 87%] [32mBuilding CXX object src/lib/controllib/CMakeFiles/lib__controllib.dir/uorb/blocks.cpp.obj[0m
[ 87%] [32m[1mLinking CXX static library liblib__controllib.a[0m
[ 87%] [32m[1mLinking CXX static library libmodules__uORB.a[0m
[ 87%] Built target lib__controllib
[ 87%] Built target modules__uORB
make[1]: *** [all] Error 2
make: *** [aerocore_default] Error 2
]0;jessica@mcwiljl-ll1: ~/src/Firmwarejessica@mcwiljl-ll1:~/src/Firmware$ exit
exit

Script done on Tue 28 Jun 2016 03:27:50 PM EDT
