Script started on Wed 06 Jul 2016 09:47:31 AM EDT
]0;jessica@mcwiljl-ll1: ~/src/Firmwarejessica@mcwiljl-ll1:~/src/Firmware$ make aerocore_default uploas[Kd
PX4 CONFIG: aerocore_default
[  0%] Built target git_gencpp
[  0%] Built target git_nuttx
[  0%] Built target git_genmsg
[  0%] Built target mixer_gen
[  1%] Built target git_matrix
[  1%] Built target git_mavlink
[  1%] Built target git_uavcan
[  1%] Built target git_ecl
[  1%] Built target nuttx_export_px4io-v2
[  2%] Built target xml_gen
[  3%] Built target nuttx_export_aerocore
[  3%] Built target io_prebuild_targets
[  3%] Built target prebuild_targets
[ 24%] Built target msg_gen
[ 25%] Built target generate_topic_listener
[ 26%] Built target platforms__common
[ 26%] Built target drivers__stm32__adc
[ 28%] Built target drivers__stm32
[ 30%] Built target drivers__device
[ 31%] Built target drivers__led
[ 32%] Built target drivers__stm32__tone_alarm
[ 32%] Built target drivers__px4fmu
[ 32%] Built target drivers__lsm303d
[ 34%] Built target drivers__boards__aerocore
[ 34%] Built target drivers__l3gd20
[ 39%] Built target px4io-v2
[ 40%] Built target drivers__ms5611
[ 42%] Built target modules__sensors
[ 42%] Built target drivers__pwm_input
[ 43%] Built target drivers__gps
[ 43%] Built target systemcmds__mixer
[ 43%] Built target systemcmds__perf
[ 44%] Built target systemcmds__param
[ 45%] Built target systemcmds__pwm
[ 46%] Built target systemcmds__reboot
[ 46%] Built target systemcmds__topic_listener
[ 47%] Built target systemcmds__esc_calib
[ 47%] Built target systemcmds__top
[ 48%] Built target systemcmds__config
[ 48%] Built target systemcmds__nshterm
[ 49%] Built target systemcmds__mtd
[ 49%] Built target systemcmds__dumpfile
[ 50%] Built target systemcmds__ver
[ 50%] Built target systemcmds__sd_bench
[ 50%] Built target modules__load_mon
[ 53%] Built target modules__commander
[ 57%] Built target modules__navigator
[ 59%] Built target modules__land_detector
[ 59%] Built target modules__attitude_estimator_q
[ 61%] Built target modules__position_estimator_inav
[ 61%] Built target modules__ekf_att_pos_estimator
[ 64%] Built target modules__mavlink
[ 71%] Built target systemcmds__tests
[ 72%] Built target lib__external_lgpl
[ 72%] Built target modules__mc_att_control
[ 73%] Built target modules__mc_pos_control
[ 73%] Built target modules__param
[ 74%] Built target modules__vtol_att_control
[ 75%] Built target modules__systemlib__mixer
[ 80%] Built target lib__ecl
[ 82%] Built target modules__uORB
[ 82%] Built target modules__dataman
[ 83%] Built target lib__controllib
[ 84%] Built target lib__mathlib
[ 84%] Built target lib__mathlib__math__filter
[ 84%] Built target lib__geo
[ 84%] Built target lib__geo_lookup
[ 84%] Built target lib__conversion
[ 85%] Built target lib__launchdetection
[ 86%] Built target lib__runway_takeoff
[ 87%] Built target lib__terrain_estimation
[ 87%] Built target lib__tailsitter_recovery
[ 87%] Built target platforms__nuttx
[ 88%] Built target platforms__nuttx__px4_layer
[ 89%] Built target examples__rover_steering_control
[ 90%] Built target modules__bottle_drop
[ 90%] Built target fw_io
[ 90%] Built target examples__px4_simple_app
[ 91%] Built target modules__fw_att_control
[ 92%] Built target df_driver_framework
[ 92%] Built target modules__fw_pos_control_l1
[ 93%] Built target lib__DriverFramework__framework
[ 94%] Built target romfs
[100%] Built target modules__systemlib
[100%] Built target firmware_nuttx
[100%] [34m[1muploading /home/jessica/src/Firmware/build_aerocore_default/src/firmware/nuttx/nuttx-aerocore-default.px4[0m
Loaded firmware for 62,0, size: 796480 bytes, waiting for the bootloader...
If the board does not respond within 1-2 seconds, unplug and re-plug the USB connector.
^X^C
 Upload aborted by user.
make[4]: *** [src/firmware/nuttx/CMakeFiles/upload] Interrupt
make[3]: *** [src/firmware/nuttx/CMakeFiles/upload.dir/all] Interrupt
make[2]: *** [src/firmware/nuttx/CMakeFiles/upload.dir/rule] Interrupt
make[1]: *** [uplo