Script started on Mon 27 Jun 2016 11:32:27 AM EDT
]0;jessica@mcwiljl-ll1: ~/src/Firmwarejessica@mcwiljl-ll1:~/src/Firmware$ make aerocore_default 
PX4 CONFIG: aerocore_default
-- nuttx-aerocore-default
CMake Deprecation Warning at /usr/local/share/cmake-3.6/Modules/CMakeForceCompiler.cmake:79 (message):
  The CMAKE_FORCE_C_COMPILER macro is deprecated.  Instead just set
  CMAKE_C_COMPILER and allow CMake to identify the compiler.
Call Stack (most recent call first):
  cmake/toolchains/Toolchain-arm-none-eabi.cmake:31 (cmake_force_c_compiler)
  build_aerocore_default/CMakeFiles/3.6.0-rc3/CMakeSystem.cmake:6 (include)
  CMakeLists.txt:194 (project)


CMake Deprecation Warning at /usr/local/share/cmake-3.6/Modules/CMakeForceCompiler.cmake:93 (message):
  The CMAKE_FORCE_CXX_COMPILER macro is deprecated.  Instead just set
  CMAKE_CXX_COMPILER and allow CMake to identify the compiler.
Call Stack (most recent call first):
  cmake/toolchains/Toolchain-arm-none-eabi.cmake:37 (cmake_force_cxx_compiler)
  build_aerocore_default/CMakeFiles/3.6.0-rc3/CMakeSystem.cmake:6 (include)
  CMakeLists.txt:194 (project)


CMake Error at CMakeLists.txt:344 (add_subdirectory):
  add_subdirectory given source "src/drivers/aercore_rc" which is not an
  existing directory.


CMake Warning (dev) at cmake/nuttx/px4_impl_nuttx.cmake:141 (get_target_property):
  Policy CMP0045 is not set: Error on non-existent target in
  get_target_property.  Run "cmake --help-policy CMP0045" for policy details.
  Use the cmake_policy command to set the policy and suppress this warning.

  get_target_property() called with non-existent target
  "drivers__aercore_rc".
Call Stack (most recent call first):
  src/firmware/nuttx/CMakeLists.txt:1 (px4_nuttx_generate_builtin_commands)
This warning is for project developers.  Use -Wno-dev to suppress it.

CMake Warning (dev) at cmake/nuttx/px4_impl_nuttx.cmake:141 (get_target_property):
  Policy CMP0045 is not set: Error on non-existent target in
  get_target_property.  Run "cmake --help-policy CMP0045" for policy details.
  Use the cmake_policy command to set the policy and suppress this warning.

  get_target_property() called with non-existent target
  "drivers__aercore_rc".
Call Stack (most recent call first):
  src/firmware/nuttx/CMakeLists.txt:1 (px4_nuttx_generate_builtin_commands)
This warning is for project developers.  Use -Wno-dev to suppress it.

CMake Warning (dev) at cmake/nuttx/px4_impl_nuttx.cmake:141 (get_target_property):
  Policy CMP0045 is not set: Error on non-existent target in
  get_target_property.  Run "cmake --help-policy CMP0045" for policy details.
  Use the cmake_policy command to set the policy and suppress this warning.

  get_target_property() called with non-existent target
  "drivers__aercore_rc".
Call Stack (most recent call first):
  src/firmware/nuttx/CMakeLists.txt:1 (px4_nuttx_generate_builtin_commands)
This warning is for project developers.  Use -Wno-dev to suppress it.

-- GIT_TAG = v1.3.0rc3-639-g847cf68
-- Configuring incomplete, errors occurred!
See also "/home/jessica/src/Firmware/build_aerocore_default/CMakeFiles/CMakeOutput.log".
make[1]: *** [cmake_check_build_system] Error 1
make: *** [aerocore_default] Error 2
]0;jessica@mcwiljl-ll1: ~/src/Firmwarejessica@mcwiljl-ll1:~/src/Firmware$ exit
exit


#####SPELLED AEROCORE WRONG IN FILE 
Script done on Mon 27 Jun 2016 11:32:38 AM EDT
