Script started on Wed 06 Jul 2016 07:33:06 AM EDT
]0;jessica@mcwiljl-ll1: ~/src/Firmwarejessica@mcwiljl-ll1:~/src/Firmware$ make clae[K[Kean
make[1]: Entering directory `/home/jessica/src/Firmware/NuttX/nuttx'
make[2]: Entering directory `/home/jessica/src/Firmware/NuttX/nuttx/sched'
make[2]: Nothing to be done for `clean'.
make[2]: Leaving directory `/home/jessica/src/Firmware/NuttX/nuttx/sched'
make[2]: Entering directory `/home/jessica/src/Firmware/NuttX/apps'
make[3]: Entering directory `/home/jessica/src/Firmware/NuttX/apps/examples'
make[4]: Entering directory `/home/jessica/src/Firmware/NuttX/apps/examples/adc'
make[4]: Nothing to be done for `clean'.
make[4]: Leaving directory `/home/jessica/src/Firmware/NuttX/apps/examples/adc'
make[4]: Entering directory `/home/jessica/src/Firmware/NuttX/apps/examples/buttons'
make[4]: Nothing to be done for `clean'.
make[4]: Leaving directory `/home/jessica/src/Firmware/NuttX/apps/examples/buttons'
make[4]: Entering directory `/home/jessica/src/Firmware/NuttX/apps/examples/can'
make[4]: Nothing to be done for `clean'.
make[4]: Leaving directory `/home/jessica/src/Firmware/NuttX/apps/examples/can'
make[4]: Entering directory `/home/jessica/src/Firmware/NuttX/apps/examples/cdcacm'
make[4]: Nothing to be done for `clean'.
make[4]: Leaving directory `/home/jessica/src/Firmware/NuttX/apps/examples/cdcacm'
make[4]: Entering directory `/home/jessica/src/Firmware/NuttX/apps/examples/composite'
make[4]: Nothing to be done for `clean'.
make[4]: Leaving directory `/home/jessica/src/Firmware/NuttX/apps/examples/composite'
make[4]: Entering directory `/home/jessica/src/Firmware/NuttX/apps/examples/cxxtest'
make[4]: Nothing to be done for `clean'.
make[4]: Leaving directory `/home/jessica/src/Firmware/NuttX/apps/examples/cxxtest'
make[4]: Entering directory `/home/jessica/src/Firmware/NuttX/apps/examples/dhcpd'
make[4]: Nothing to be done for `clean'.
make[4]: Leaving directory `/home/jessica/src/Firmware/NuttX/apps/examples/dhcpd'
make[4]: Entering directory `/home/jessica/src/Firmware/NuttX/apps/examples/discover'
make[4]: Nothing to be done for `clean'.
make[4]: Leaving directory `/home/jessica/src/Firmware/NuttX/apps/examples/discover'
make[4]: Entering directory `/home/jessica/src/Firmware/NuttX/apps/examples/elf'
make[5]: Entering directory `/home/jessica/src/Firmware/NuttX/apps/examples/elf/tests'
make[6]: Entering directory `/home/jessica/src/Firmware/NuttX/apps/examples/elf/tests/errno'
make[6]: `clean' is up to date.
make[6]: Leaving directory `/home/jessica/src/Firmware/NuttX/apps/examples/elf/tests/errno'
make[6]: Entering directory `/home/jessica/src/Firmware/NuttX/apps/examples/elf/tests/hello'
make[6]: `clean' is up to date.
make[6]: Leaving directory `/home/jessica/src/Firmware/NuttX/apps/examples/elf/tests/hello'
make[6]: Entering directory `/home/jessica/src/Firmware/NuttX/apps/examples/elf/tests/helloxx'
make[6]: `clean' is up to date.
make[6]: Leaving directory `/home/jessica/src/Firmware/NuttX/apps/examples/elf/tests/helloxx'
make[6]: Entering directory `/home/jessica/src/Firmware/NuttX/apps/examples/elf/tests/longjmp'
make[6]: `clean' is up to date.
make[6]: Leaving directory `/home/jessica/src/Firmware/NuttX/apps/examples/elf/tests/longjmp'
make[6]: Entering directory `/home/jessica/src/Firmware/NuttX/apps/examples/elf/tests/mutex'
make[6]: `clean' is up to date.
make[6]: Leaving directory `/home/jessica/src/Firmware/NuttX/apps/examples/elf/tests/mutex'
make[6]: Entering directory `/home/jessica/src/Firmware/NuttX/apps/examples/elf/tests/pthread'
make[6]: `clean' is up to date.
make[6]: Leaving directory `/home/jessica/src/Firmware/NuttX/apps/examples/elf/tests/pthread'
make[6]: Entering directory `/home/jessica/src/Firmware/NuttX/apps/examples/elf/tests/signal'
make[6]: `clean' is up to date.
make[6]: Leaving directory `/home/jessica/src/Firmware/NuttX/apps/examples/elf/tests/signal'
make[6]: Entering directory `/home/jessica/src/Firmware/NuttX/apps/examples/elf/tests/task'
make[6]: `clean' is up to date.
make[6]: Leaving directory `/home/jessica/src/Firmware/NuttX/apps/examples/elf/tests/task'
make[6]: Entering directory `/home/jessica/src/Firmware/NuttX/apps/examples/elf/tests/struct'
make[6]: `clean' is up to date.
make[6]: Leaving directory `/home/jessica/src/Firmware/NuttX/apps/examples/elf/tests/struct'
make[5]: Leaving directory `/home/jessica/src/Firmware/NuttX/apps/examples/elf/tests'
make[4]: Leaving directory `/home/jessica/src/Firmware/NuttX/apps/examples/elf'
make[4]: Entering directory `/home/jessica/src/Firmware/NuttX/apps/examples/flash_test'
make[4]: Nothing to be done for `clean'.
make[4]: Leaving directory `/home/jessica/src/Firmware/NuttX/apps/examples/flash_test'
make[4]: Entering directory `/home/jessica/src/Firmware/NuttX/apps/examples/ftpc'
make[4]: Nothing to be done for `clean'.
make[4]: Leaving directory `/home/jessica/src/Firmware/NuttX/apps/examples/ftpc'
make[4]: Entering directory `/home/jessica/src/Firmware/NuttX/apps/examples/ftpd'
make[4]: Nothing to be done for `clean'.
make[4]: Leaving directory `/home/jessica/src/Firmware/NuttX/apps/examples/ftpd'
make[4]: Entering directory `/home/jessica/src/Firmware/NuttX/apps/examples/hello'
make[4]: Nothing to be done for `clean'.
make[4]: Leaving directory `/home/jessica/src/Firmware/NuttX/apps/examples/hello'
make[4]: Entering directory `/home/jessica/src/Firmware/NuttX/apps/examples/helloxx'
make[4]: Nothing to be done for `clean'.
make[4]: Leaving directory `/home/jessica/src/Firmware/NuttX/apps/examples/helloxx'
make[4]: Entering directory `/home/jessica/src/Firmware/NuttX/apps/examples/hidkbd'
make[4]: Nothing to be done for `clean'.
make[4]: Leaving directory `/home/jessica/src/Firmware/NuttX/apps/examples/hidkbd'
make[4]: Entering directory `/home/jessica/src/Firmware/NuttX/apps/examples/igmp'
make[4]: Nothing to be done for `clean'.
make[4]: Leaving directory `/home/jessica/src/Firmware/NuttX/apps/examples/igmp'
make[4]: Entering directory `/home/jessica/src/Firmware/NuttX/apps/examples/json'
make[4]: Nothing to be done for `clean'.
make[4]: Leaving directory `/home/jessica/src/Firmware/NuttX/apps/examples/json'
make[4]: Entering directory `/home/jessica/src/Firmware/NuttX/apps/examples/keypadtest'
make[4]: Nothing to be done for `clean'.
make[4]: Leaving directory `/home/jessica/src/Firmware/NuttX/apps/examples/keypadtest'
make[4]: Entering directory `/home/jessica/src/Firmware/NuttX/apps/examples/lcdrw'
make[4]: Nothing to be done for `clean'.
make[4]: Leaving directory `/home/jessica/src/Firmware/NuttX/apps/examples/lcdrw'
make[4]: Entering directory `/home/jessica/src/Firmware/NuttX/apps/examples/mm'
make[4]: Nothing to be done for `clean'.
make[4]: Leaving directory `/home/jessica/src/Firmware/NuttX/apps/examples/mm'
make[4]: Entering directory `/home/jessica/src/Firmware/NuttX/apps/examples/modbus'
make[4]: Nothing to be done for `clean'.
make[4]: Leaving directory `/home/jessica/src/Firmware/NuttX/apps/examples/modbus'
make[4]: Entering directory `/home/jessica/src/Firmware/NuttX/apps/examples/mount'
make[4]: Nothing to be done for `clean'.
make[4]: Leaving directory `/home/jessica/src/Firmware/NuttX/apps/examples/mount'
make[4]: Entering directory `/home/jessica/src/Firmware/NuttX/apps/examples/mtdpart'
make[4]: Nothing to be done for `clean'.
make[4]: Leaving directory `/home/jessica/src/Firmware/NuttX/apps/examples/mtdpart'
make[4]: Entering directory `/home/jessica/src/Firmware/NuttX/apps/examples/nettest'
make[4]: Nothing to be done for `clean'.
make[4]: Leaving directory `/home/jessica/src/Firmware/NuttX/apps/examples/nettest'
make[4]: Entering directory `/home/jessica/src/Firmware/NuttX/apps/examples/nrf24l01_term'
make[4]: Nothing to be done for `clean'.
make[4]: Leaving directory `/home/jessica/src/Firmware/NuttX/apps/examples/nrf24l01_term'
make[4]: Entering directory `/home/jessica/src/Firmware/NuttX/apps/examples/nsh'
make[4]: Nothing to be done for `clean'.
make[4]: Leaving directory `/home/jessica/src/Firmware/NuttX/apps/examples/nsh'
make[4]: Entering directory `/home/jessica/src/Firmware/NuttX/apps/examples/null'
make[4]: Nothing to be done for `clean'.
make[4]: Leaving directory `/home/jessica/src/Firmware/NuttX/apps/examples/null'
make[4]: Entering directory `/home/jessica/src/Firmware/NuttX/apps/examples/nx'
make[4]: Nothing to be done for `clean'.
make[4]: Leaving directory `/home/jessica/src/Firmware/NuttX/apps/examples/nx'
make[4]: Entering directory `/home/jessica/src/Firmware/NuttX/apps/examples/nxconsole'
make[4]: Nothing to be done for `clean'.
make[4]: Leaving directory `/home/jessica/src/Firmware/NuttX/apps/examples/nxconsole'
make[4]: Entering directory `/home/jessica/src/Firmware/NuttX/apps/examples/nxffs'
make[4]: Nothing to be done for `clean'.
make[4]: Leaving directory `/home/jessica/src/Firmware/NuttX/apps/examples/nxffs'
make[4]: Entering directory `/home/jessica/src/Firmware/NuttX/apps/examples/nxflat'
make[4]: Nothing to be done for `clean'.
make[4]: Leaving directory `/home/jessica/src/Firmware/NuttX/apps/examples/nxflat'
make[4]: Entering directory `/home/jessica/src/Firmware/NuttX/apps/examples/nxhello'
make[4]: Nothing to be done for `clean'.
make[4]: Leaving directory `/home/jessica/src/Firmware/NuttX/apps/examples/nxhello'
make[4]: Entering directory `/home/jessica/src/Firmware/NuttX/apps/examples/nximage'
make[4]: Nothing to be done for `clean'.
make[4]: Leaving directory `/home/jessica/src/Firmware/NuttX/apps/examples/nximage'
make[4]: Entering directory `/home/jessica/src/Firmware/NuttX/apps/examples/nxlines'
make[4]: Nothing to be done for `clean'.
make[4]: Leaving directory `/home/jessica/src/Firmware/NuttX/apps/examples/nxlines'
make[4]: Entering directory `/home/jessica/src/Firmware/NuttX/apps/examples/nxtext'
make[4]: Nothing to be done for `clean'.
make[4]: Leaving directory `/home/jessica/src/Firmware/NuttX/apps/examples/nxtext'
make[4]: Entering directory `/home/jessica/src/Firmware/NuttX/apps/examples/ostest'
make[4]: Nothing to be done for `clean'.
make[4]: Leaving directory `/home/jessica/src/Firmware/NuttX/apps/examples/ostest'
make[4]: Entering directory `/home/jessica/src/Firmware/NuttX/apps/examples/pashello'
make[4]: Nothing to be done for `clean'.
make[4]: Leaving directory `/home/jessica/src/Firmware/NuttX/apps/examples/pashello'
make[4]: Entering directory `/home/jessica/src/Firmware/NuttX/apps/examples/pipe'
make[4]: Nothing to be done for `clean'.
make[4]: Leaving directory `/home/jessica/src/Firmware/NuttX/apps/examples/pipe'
make[4]: Entering directory `/home/jessica/src/Firmware/NuttX/apps/examples/poll'
make[4]: Nothing to be done for `clean'.
make[4]: Leaving directory `/home/jessica/src/Firmware/NuttX/apps/examples/poll'
make[4]: Entering directory `/home/jessica/src/Firmware/NuttX/apps/examples/posix_spawn'
make[5]: Entering directory `/home/jessica/src/Firmware/NuttX/apps/examples/posix_spawn/filesystem'
make[6]: Entering directory `/home/jessica/src/Firmware/NuttX/apps/examples/posix_spawn/filesystem/hello'
make[6]: `clean' is up to date.
make[6]: Leaving directory `/home/jessica/src/Firmware/NuttX/apps/examples/posix_spawn/filesystem/hello'
make[6]: Entering directory `/home/jessica/src/Firmware/NuttX/apps/examples/posix_spawn/filesystem/redirect'
make[6]: `clean' is up to date.
make[6]: Leaving directory `/home/jessica/src/Firmware/NuttX/apps/examples/posix_spawn/filesystem/redirect'
make[5]: Leaving directory `/home/jessica/src/Firmware/NuttX/apps/examples/posix_spawn/filesystem'
make[4]: Leaving directory `/home/jessica/src/Firmware/NuttX/apps/examples/posix_spawn'
make[4]: Entering directory `/home/jessica/src/Firmware/NuttX/apps/examples/pwm'
make[4]: Nothing to be done for `clean'.
make[4]: Leaving directory `/home/jessica/src/Firmware/NuttX/apps/examples/pwm'
make[4]: Entering directory `/home/jessica/src/Firmware/NuttX/apps/examples/qencoder'
make[4]: Nothing to be done for `clean'.
make[4]: Leaving directory `/home/jessica/src/Firmware/NuttX/apps/examples/qencoder'
make[4]: Entering directory `/home/jessica/src/Firmware/NuttX/apps/examples/relays'
make[4]: Nothing to be done for `clean'.
make[4]: Leaving directory `/home/jessica/src/Firmware/NuttX/apps/examples/relays'
make[4]: Entering directory `/home/jessica/src/Firmware/NuttX/apps/examples/rgmp'
make[4]: Nothing to be done for `clean'.
make[4]: Leaving directory `/home/jessica/src/Firmware/NuttX/apps/examples/rgmp'
make[4]: Entering directory `/home/jessica/src/Firmware/NuttX/apps/examples/romfs'
make[4]: Nothing to be done for `clean'.
make[4]: Leaving directory `/home/jessica/src/Firmware/NuttX/apps/examples/romfs'
make[4]: Entering directory `/home/jessica/src/Firmware/NuttX/apps/examples/sendmail'
make[5]: Entering directory `/home/jessica/src/Firmware/NuttX/apps/examples/sendmail'
make[5]: Leaving directory `/home/jessica/src/Firmware/NuttX/apps/examples/sendmail'
make[4]: Leaving directory `/home/jessica/src/Firmware/NuttX/apps/examples/sendmail'
make[4]: Entering directory `/home/jessica/src/Firmware/NuttX/apps/examples/serloop'
make[4]: Nothing to be done for `clean'.
make[4]: Leaving directory `/home/jessica/src/Firmware/NuttX/apps/examples/serloop'
make[4]: Entering directory `/home/jessica/src/Firmware/NuttX/apps/examples/slcd'
make[4]: Nothing to be done for `clean'.
make[4]: Leaving directory `/home/jessica/src/Firmware/NuttX/apps/examples/slcd'
make[4]: Entering directory `/home/jessica/src/Firmware/NuttX/apps/examples/smart'
make[4]: Nothing to be done for `clean'.
make[4]: Leaving directory `/home/jessica/src/Firmware/NuttX/apps/examples/smart'
make[4]: Entering directory `/home/jessica/src/Firmware/NuttX/apps/examples/smart_test'
make[4]: Nothing to be done for `clean'.
make[4]: Leaving directory `/home/jessica/src/Firmware/NuttX/apps/examples/smart_test'
make[4]: Entering directory `/home/jessica/src/Firmware/NuttX/apps/examples/tcpecho'
make[4]: Nothing to be done for `clean'.
make[4]: Leaving directory `/home/jessica/src/Firmware/NuttX/apps/examples/tcpecho'
make[4]: Entering directory `/home/jessica/src/Firmware/NuttX/apps/examples/telnetd'
make[4]: Nothing to be done for `clean'.
make[4]: Leaving directory `/home/jessica/src/Firmware/NuttX/apps/examples/telnetd'
make[4]: Entering directory `/home/jessica/src/Firmware/NuttX/apps/examples/thttpd'
make[5]: Entering directory `/home/jessica/src/Firmware/NuttX/apps/examples/thttpd/content'
make[6]: Entering directory `/home/jessica/src/Firmware/NuttX/apps/examples/thttpd/content/hello'
make[6]: `clean' is up to date.
make[6]: Leaving directory `/home/jessica/src/Firmware/NuttX/apps/examples/thttpd/content/hello'
make[6]: Entering directory `/home/jessica/src/Firmware/NuttX/apps/examples/thttpd/content/tasks'
make[6]: `clean' is up to date.
make[6]: Leaving directory `/home/jessica/src/Firmware/NuttX/apps/examples/thttpd/content/tasks'
make[6]: Entering directory `/home/jessica/src/Firmware/NuttX/apps/examples/thttpd/content/netstat'
make[6]: `clean' is up to date.
make[6]: Leaving directory `/home/jessica/src/Firmware/NuttX/apps/examples/thttpd/content/netstat'
make[5]: Leaving directory `/home/jessica/src/Firmware/NuttX/apps/examples/thttpd/content'
make[4]: Leaving directory `/home/jessica/src/Firmware/NuttX/apps/examples/thttpd'
make[4]: Entering directory `/home/jessica/src/Firmware/NuttX/apps/examples/tiff'
make[4]: Nothing to be done for `clean'.
make[4]: Leaving directory `/home/jessica/src/Firmware/NuttX/apps/examples/tiff'
make[4]: Entering directory `/home/jessica/src/Firmware/NuttX/apps/examples/touchscreen'
make[4]: Nothing to be done for `clean'.
make[4]: Leaving directory `/home/jessica/src/Firmware/NuttX/apps/examples/touchscreen'
make[4]: Entering directory `/home/jessica/src/Firmware/NuttX/apps/examples/udp'
make[4]: Nothing to be done for `clean'.
make[4]: Leaving directory `/home/jessica/src/Firmware/NuttX/apps/examples/udp'
make[4]: Entering directory `/home/jessica/src/Firmware/NuttX/apps/examples/uip'
make[4]: Nothing to be done for `clean'.
make[4]: Leaving directory `/home/jessica/src/Firmware/NuttX/apps/examples/uip'
make[4]: Entering directory `/home/jessica/src/Firmware/NuttX/apps/examples/usbserial'
make[5]: Entering directory `/home/jessica/src/Firmware/NuttX/apps/examples/usbserial'
make[5]: `clean' is up to date.
make[5]: Leaving directory `/home/jessica/src/Firmware/NuttX/apps/examples/usbserial'
make[4]: Leaving directory `/home/jessica/src/Firmware/NuttX/apps/examples/usbserial'
make[4]: Entering directory `/home/jessica/src/Firmware/NuttX/apps/examples/usbstorage'
make[4]: Nothing to be done for `clean'.
make[4]: Leaving directory `/home/jessica/src/Firmware/NuttX/apps/examples/usbstorage'
make[4]: Entering directory `/home/jessica/src/Firmware/NuttX/apps/examples/usbterm'
make[4]: Nothing to be done for `clean'.
make[4]: Leaving directory `/home/jessica/src/Firmware/NuttX/apps/examples/usbterm'
make[4]: Entering directory `/home/jessica/src/Firmware/NuttX/apps/examples/watchdog'
make[4]: Nothing to be done for `clean'.
make[4]: Leaving directory `/home/jessica/src/Firmware/NuttX/apps/examples/watchdog'
make[4]: Entering directory `/home/jessica/src/Firmware/NuttX/apps/examples/wget'
make[5]: Entering directory `/home/jessica/src/Firmware/NuttX/apps/examples/wget'
make[5]: Leaving directory `/home/jessica/src/Firmware/NuttX/apps/examples/wget'
make[4]: Leaving directory `/home/jessica/src/Firmware/NuttX/apps/examples/wget'
make[4]: Entering directory `/home/jessica/src/Firmware/NuttX/apps/examples/wgetjson'
make[4]: Nothing to be done for `clean'.
make[4]: Leaving directory `/home/jessica/src/Firmware/NuttX/apps/examples/wgetjson'
make[4]: Entering directory `/home/jessica/src/Firmware/NuttX/apps/examples/xmlrpc'
make[4]: Nothing to be done for `clean'.
make[4]: Leaving directory `/home/jessica/src/Firmware/NuttX/apps/examples/xmlrpc'
make[3]: Leaving directory `/home/jessica/src/Firmware/NuttX/apps/examples'
make[3]: Entering directory `/home/jessica/src/Firmware/NuttX/apps/graphics'
make[4]: Entering directory `/home/jessica/src/Firmware/NuttX/apps/graphics/tiff'
make[4]: Nothing to be done for `clean'.
make[4]: Leaving directory `/home/jessica/src/Firmware/NuttX/apps/graphics/tiff'
make[4]: Entering directory `/home/jessica/src/Firmware/NuttX/apps/graphics/screenshot'
make[4]: Nothing to be done for `clean'.
make[4]: Leaving directory `/home/jessica/src/Firmware/NuttX/apps/graphics/screenshot'
make[3]: Leaving directory `/home/jessica/src/Firmware/NuttX/apps/graphics'
make[3]: Entering directory `/home/jessica/src/Firmware/NuttX/apps/interpreters'
make[4]: Entering directory `/home/jessica/src/Firmware/NuttX/apps/interpreters/ficl'
make[4]: Nothing to be done for `clean'.
make[4]: Leaving directory `/home/jessica/src/Firmware/NuttX/apps/interpreters/ficl'
make[3]: Leaving directory `/home/jessica/src/Firmware/NuttX/apps/interpreters'
make[3]: Entering directory `/home/jessica/src/Firmware/NuttX/apps/modbus'
make[3]: Nothing to be done for `clean'.
make[3]: Leaving directory `/home/jessica/src/Firmware/NuttX/apps/modbus'
make[3]: Entering directory `/home/jessica/src/Firmware/NuttX/apps/builtin'
make[4]: Entering directory `/home/jessica/src/Firmware/NuttX/apps/builtin/registry'
make[4]: Nothing to be done for `clean'.
make[4]: Leaving directory `/home/jessica/src/Firmware/NuttX/apps/builtin/registry'
make[3]: Leaving directory `/home/jessica/src/Firmware/NuttX/apps/builtin'
make[3]: Entering directory `/home/jessica/src/Firmware/NuttX/apps/nshlib'
make[3]: Nothing to be done for `clean'.
make[3]: Leaving directory `/home/jessica/src/Firmware/NuttX/apps/nshlib'
make[3]: Entering directory `/home/jessica/src/Firmware/NuttX/apps/netutils'
make[4]: Entering directory `/home/jessica/src/Firmware/NuttX/apps/netutils/json'
make[4]: Nothing to be done for `clean'.
make[4]: Leaving directory `/home/jessica/src/Firmware/NuttX/apps/netutils/json'
make[4]: Entering directory `/home/jessica/src/Firmware/NuttX/apps/netutils/codecs'
make[4]: Nothing to be done for `clean'.
make[4]: Leaving directory `/home/jessica/src/Firmware/NuttX/apps/netutils/codecs'
make[3]: Leaving directory `/home/jessica/src/Firmware/NuttX/apps/netutils'
make[3]: Entering directory `/home/jessica/src/Firmware/NuttX/apps/system'
make[4]: Entering directory `/home/jessica/src/Firmware/NuttX/apps/system/flash_eraseall'
make[4]: Nothing to be done for `clean'.
make[4]: Leaving directory `/home/jessica/src/Firmware/NuttX/apps/system/flash_eraseall'
make[4]: Entering directory `/home/jessica/src/Firmware/NuttX/apps/system/free'
make[4]: Nothing to be done for `clean'.
make[4]: Leaving directory `/home/jessica/src/Firmware/NuttX/apps/system/free'
make[4]: Entering directory `/home/jessica/src/Firmware/NuttX/apps/system/i2c'
make[4]: Nothing to be done for `clean'.
make[4]: Leaving directory `/home/jessica/src/Firmware/NuttX/apps/system/i2c'
make[4]: Entering directory `/home/jessica/src/Firmware/NuttX/apps/system/install'
make[4]: Nothing to be done for `clean'.
make[4]: Leaving directory `/home/jessica/src/Firmware/NuttX/apps/system/install'
make[4]: Entering directory `/home/jessica/src/Firmware/NuttX/apps/system/poweroff'
make[4]: Nothing to be done for `clean'.
make[4]: Leaving directory `/home/jessica/src/Firmware/NuttX/apps/system/poweroff'
make[4]: Entering directory `/home/jessica/src/Firmware/NuttX/apps/system/ramtest'
make[4]: Nothing to be done for `clean'.
make[4]: Leaving directory `/home/jessica/src/Firmware/NuttX/apps/system/ramtest'
make[4]: Entering directory `/home/jessica/src/Firmware/NuttX/apps/system/ramtron'
make[4]: Nothing to be done for `clean'.
make[4]: Leaving directory `/home/jessica/src/Firmware/NuttX/apps/system/ramtron'
make[4]: Entering directory `/home/jessica/src/Firmware/NuttX/apps/system/readline'
make[4]: Nothing to be done for `clean'.
make[4]: Leaving directory `/home/jessica/src/Firmware/NuttX/apps/system/readline'
make[4]: Entering directory `/home/jessica/src/Firmware/NuttX/apps/system/sdcard'
make[4]: Nothing to be done for `clean'.
make[4]: Leaving directory `/home/jessica/src/Firmware/NuttX/apps/system/sdcard'
make[4]: Entering directory `/home/jessica/src/Firmware/NuttX/apps/system/sysinfo'
make[4]: Nothing to be done for `clean'.
make[4]: Leaving directory `/home/jessica/src/Firmware/NuttX/apps/system/sysinfo'
make[4]: Entering directory `/home/jessica/src/Firmware/NuttX/apps/system/usbmonitor'
make[4]: Nothing to be done for `clean'.
make[4]: Leaving directory `/home/jessica/src/Firmware/NuttX/apps/system/usbmonitor'
make[3]: Leaving directory `/home/jessica/src/Firmware/NuttX/apps/system'
make[2]: Leaving directory `/home/jessica/src/Firmware/NuttX/apps'
make[2]: Entering directory `/home/jessica/src/Firmware/NuttX/nuttx/libc'
make[3]: Entering directory `/home/jessica/src/Firmware/NuttX/nuttx/libc/bin'
make[3]: Nothing to be done for `clean'.
make[3]: Leaving directory `/home/jessica/src/Firmware/NuttX/nuttx/libc/bin'
make[3]: Entering directory `/home/jessica/src/Firmware/NuttX/nuttx/libc/ubin'
make[3]: Nothing to be done for `clean'.
make[3]: Leaving directory `/home/jessica/src/Firmware/NuttX/nuttx/libc/ubin'
make[3]: Entering directory `/home/jessica/src/Firmware/NuttX/nuttx/libc/kbin'
make[3]: Nothing to be done for `clean'.
make[3]: Leaving directory `/home/jessica/src/Firmware/NuttX/nuttx/libc/kbin'
make[2]: Leaving directory `/home/jessica/src/Firmware/NuttX/nuttx/libc'
make[2]: Entering directory `/home/jessica/src/Firmware/NuttX/nuttx/mm'
make[3]: Entering directory `/home/jessica/src/Firmware/NuttX/nuttx/mm/bin'
make[3]: Nothing to be done for `clean'.
make[3]: Leaving directory `/home/jessica/src/Firmware/NuttX/nuttx/mm/bin'
make[3]: Entering directory `/home/jessica/src/Firmware/NuttX/nuttx/mm/ubin'
make[3]: Nothing to be done for `clean'.
make[3]: Leaving directory `/home/jessica/src/Firmware/NuttX/nuttx/mm/ubin'
make[3]: Entering directory `/home/jessica/src/Firmware/NuttX/nuttx/mm/kbin'
make[3]: Nothing to be done for `clean'.
make[3]: Leaving directory `/home/jessica/src/Firmware/NuttX/nuttx/mm/kbin'
make[2]: Leaving directory `/home/jessica/src/Firmware/NuttX/nuttx/mm'
make[2]: Entering directory `/home/jessica/src/Firmware/NuttX/nuttx/fs'
make[2]: `clean' is up to date.
make[2]: Leaving directory `/home/jessica/src/Firmware/NuttX/nuttx/fs'
make[2]: Entering directory `/home/jessica/src/Firmware/NuttX/nuttx/drivers'
make[2]: `clean' is up to date.
make[2]: Leaving directory `/home/jessica/src/Firmware/NuttX/nuttx/drivers'
make[2]: Entering directory `/home/jessica/src/Firmware/NuttX/nuttx/binfmt'
make[2]: `clean' is up to date.
make[2]: Leaving directory `/home/jessica/src/Firmware/NuttX/nuttx/binfmt'
make[2]: Entering directory `/home/jessica/src/Firmware/NuttX/nuttx/lib'
make[2]: `clean' is up to date.
make[2]: Leaving directory `/home/jessica/src/Firmware/NuttX/nuttx/lib'
make[2]: Entering directory `/home/jessica/src/Firmware/NuttX/nuttx/syscall'
make[2]: Nothing to be done for `clean'.
make[2]: Leaving directory `/home/jessica/src/Firmware/NuttX/nuttx/syscall'
make[2]: Entering directory `/home/jessica/src/Firmware/NuttX/nuttx/libxx'
make[2]: `clean' is up to date.
make[2]: Leaving directory `/home/jessica/src/Firmware/NuttX/nuttx/libxx'
make[2]: Entering directory `/home/jessica/src/Firmware/NuttX/nuttx/graphics'
make[3]: Entering directory `/home/jessica/src/Firmware/NuttX/nuttx/graphics/nxglib'
make[3]: Nothing to be done for `clean'.
make[3]: Leaving directory `/home/jessica/src/Firmware/NuttX/nuttx/graphics/nxglib'
make[3]: Entering directory `/home/jessica/src/Firmware/NuttX/nuttx/graphics/nxfonts'
make[3]: Nothing to be done for `clean'.
make[3]: Leaving directory `/home/jessica/src/Firmware/NuttX/nuttx/graphics/nxfonts'
make[2]: Leaving directory `/home/jessica/src/Firmware/NuttX/nuttx/graphics'
make[2]: Entering directory `/home/jessica/src/Firmware/NuttX/nuttx/audio'
make[2]: `clean' is up to date.
make[2]: Leaving directory `/home/jessica/src/Firmware/NuttX/nuttx/audio'
make[2]: Entering directory `/home/jessica/src/Firmware/NuttX/nuttx/net'
make[2]: `clean' is up to date.
make[2]: Leaving directory `/home/jessica/src/Firmware/NuttX/nuttx/net'
make[2]: Entering directory `/home/jessica/src/Firmware/NuttX/nuttx/tools'
make[2]: Leaving directory `/home/jessica/src/Firmware/NuttX/nuttx/tools'
make[1]: Leaving directory `/home/jessica/src/Firmware/NuttX/nuttx'
]0;jessica@mcwiljl-ll1: ~/src/Firmwarejessica@mcwiljl-ll1:~/src/Firmware$ make aerocore_default [K
-- nuttx-aerocore-default
CMake Deprecation Warning at /usr/local/share/cmake-3.6/Modules/CMakeForceCompiler.cmake:79 (message):
  The CMAKE_FORCE_C_COMPILER macro is deprecated.  Instead just set
  CMAKE_C_COMPILER and allow CMake to identify the compiler.
Call Stack (most recent call first):
  cmake/toolchains/Toolchain-arm-none-eabi.cmake:31 (cmake_force_c_compiler)
  /usr/local/share/cmake-3.6/Modules/CMakeDetermineSystem.cmake:98 (include)
  CMakeLists.txt:194 (project)


CMake Deprecation Warning at /usr/local/share/cmake-3.6/Modules/CMakeForceCompiler.cmake:93 (message):
  The CMAKE_FORCE_CXX_COMPILER macro is deprecated.  Instead just set
  CMAKE_CXX_COMPILER and allow CMake to identify the compiler.
Call Stack (most recent call first):
  cmake/toolchains/Toolchain-arm-none-eabi.cmake:37 (cmake_force_cxx_compiler)
  /usr/local/share/cmake-3.6/Modules/CMakeDetermineSystem.cmake:98 (include)
  CMakeLists.txt:194 (project)


CMake Deprecation Warning at /usr/local/share/cmake-3.6/Modules/CMakeForceCompiler.cmake:79 (message):
  The CMAKE_FORCE_C_COMPILER macro is deprecated.  Instead just set
  CMAKE_C_COMPILER and allow CMake to identify the compiler.
Call Stack (most recent call first):
  cmake/toolchains/Toolchain-arm-none-eabi.cmake:31 (cmake_force_c_compiler)
  build_aerocore_default/CMakeFiles/3.6.0-rc3/CMakeSystem.cmake:6 (include)
  CMakeLists.txt:194 (project)


CMake Deprecation Warning at /usr/local/share/cmake-3.6/Modules/CMakeForceCompiler.cmake:93 (message):
  The CMAKE_FORCE_CXX_COMPILER macro is deprecated.  Instead just set
  CMAKE_CXX_COMPILER and allow CMake to identify the compiler.
Call Stack (most recent call first):
  cmake/toolchains/Toolchain-arm-none-eabi.cmake:37 (cmake_force_cxx_compiler)
  build_aerocore_default/CMakeFiles/3.6.0-rc3/CMakeSystem.cmake:6 (include)
  CMakeLists.txt:194 (project)


-- The ASM compiler identification is GNU
-- Found assembler: /home/jessica/gcc-arm-none-eabi-4_9-2014q4/bin/arm-none-eabi-gcc
-- Found PythonInterp: /usr/bin/python (found version "2.7.6") 
-- GIT_TAG = v1.4.0rc2-65-gb39841c
-- Configuring done
-- Generating done
-- Build files have been written to: /home/jessica/src/Firmware/build_aerocore_default
PX4 CONFIG: aerocore_default
[35m[1mScanning dependencies of target git_gencpp[0m
[35m[1mScanning dependencies of target git_genmsg[0m
[35m[1mScanning dependencies of target git_nuttx[0m
[35m[1mScanning dependencies of target git_mavlink[0m
[  0%] [34m[1mGenerating git_init_Tools_gencpp.stamp[0m
[  0%] [34m[1mGenerating git_init_NuttX.stamp[0m
[  0%] [34m[1mGenerating git_init_Tools_genmsg.stamp[0m
[  0%] [34m[1mGenerating git_init_mavlink_include_mavlink_v1.0.stamp[0m
[  0%] Built target git_gencpp
[  0%] Built target git_nuttx
[  0%] Built target git_mavlink
[  0%] Built target git_genmsg
[35m[1mScanning dependencies of target git_uavcan[0m
[35m[1mScanning dependencies of target git_matrix[0m
[35m[1mScanning dependencies of target mixer_gen[0m
[35m[1mScanning dependencies of target nuttx_export_px4io-v2[0m
[  0%] [34m[1mGenerating git_init_src_modules_uavcan_libuavcan.stamp[0m
[  1%] [34m[1mGenerating git_init_src_lib_matrix.stamp[0m
[  1%] [34m[1mGenerating mixer_multirotor.generated.h[0m
[  1%] [34m[1mBuilding NuttX for px4io-v2[0m
[  1%] Built target git_uavcan
[  1%] Built target git_matrix
[35m[1mScanning dependencies of target git_ecl[0m
[35m[1mScanning dependencies of target xml_gen[0m
[  1%] [34m[1mGenerating git_init_src_lib_ecl.stamp[0m
[  1%] Built target git_ecl
[  1%] [34m[1mGenerating parameters.xml[0m
[35m[1mScanning dependencies of target nuttx_export_aerocore[0m
[  2%] [34m[1mBuilding NuttX for aerocore[0m
[  2%] Built target mixer_gen
[  3%] [34m[1mGenerating airframes.xml[0m
make[4]: make[4]: warning: jobserver unavailable: using -j1.  Add `+' to parent make rule.
warning: jobserver unavailable: using -j1.  Add `+' to parent make rule.
make[4]: warning: -jN forced in submake: disabling jobserver mode.
make[4]: warning: -jN forced in submake: disabling jobserver mode.
[  3%] Built target xml_gen
[  3%] [34m[1mGenerating nuttx_export_px4io-v2.stamp[0m
[  3%] Built target nuttx_export_px4io-v2
[35m[1mScanning dependencies of target io_prebuild_targets[0m
[  3%] Built target io_prebuild_targets
[  3%] [34m[1mGenerating nuttx_export_aerocore.stamp[0m
[  3%] Built target nuttx_export_aerocore
[35m[1mScanning dependencies of target prebuild_targets[0m
[  3%] Built target prebuild_targets
[  3%] [34m[1mGenerating uORB topic multi headers for nuttx[0m
[  3%] [34m[1mGenerating uORB topic headers[0m
[  4%] [34m[1mGenerating uORB topic sources[0m
[35m[1mScanning dependencies of target msg_gen[0m
[  4%] [32mBuilding CXX object CMakeFiles/msg_gen.dir/topics_sources/uORBTopics.cpp.obj[0m
[  5%] [32mBuilding CXX object CMakeFiles/msg_gen.dir/topics_sources/actuator_armed.cpp.obj[0m
[  5%] [32mBuilding CXX object CMakeFiles/msg_gen.dir/topics_sources/actuator_controls.cpp.obj[0m
[  5%] [32mBuilding CXX object CMakeFiles/msg_gen.dir/topics_sources/actuator_direct.cpp.obj[0m
[  5%] [32mBuilding CXX object CMakeFiles/msg_gen.dir/topics_sources/actuator_outputs.cpp.obj[0m
[  6%] [32mBuilding CXX object CMakeFiles/msg_gen.dir/topics_sources/airspeed.cpp.obj[0m
[  6%] [32mBuilding CXX object CMakeFiles/msg_gen.dir/topics_sources/adc_report.cpp.obj[0m
[  6%] [32mBuilding CXX object CMakeFiles/msg_gen.dir/topics_sources/att_pos_mocap.cpp.obj[0m
[  6%] [32mBuilding CXX object CMakeFiles/msg_gen.dir/topics_sources/battery_status.cpp.obj[0m
[  6%] [32mBuilding CXX object CMakeFiles/msg_gen.dir/topics_sources/camera_trigger.cpp.obj[0m
[  7%] [32mBuilding CXX object CMakeFiles/msg_gen.dir/topics_sources/commander_state.cpp.obj[0m
[  7%] [32mBuilding CXX object CMakeFiles/msg_gen.dir/topics_sources/control_state.cpp.obj[0m
[  7%] [32mBuilding CXX object CMakeFiles/msg_gen.dir/topics_sources/cpuload.cpp.obj[0m
[  7%] [32mBuilding CXX object CMakeFiles/msg_gen.dir/topics_sources/debug_key_value.cpp.obj[0m
[  8%] [32mBuilding CXX object CMakeFiles/msg_gen.dir/topics_sources/differential_pressure.cpp.obj[0m
[  8%] [32mBuilding CXX object CMakeFiles/msg_gen.dir/topics_sources/distance_sensor.cpp.obj[0m
[  8%] [32mBuilding CXX object CMakeFiles/msg_gen.dir/topics_sources/ekf2_innovations.cpp.obj[0m
[  8%] [32mBuilding CXX object CMakeFiles/msg_gen.dir/topics_sources/ekf2_replay.cpp.obj[0m
[  8%] [32mBuilding CXX object CMakeFiles/msg_gen.dir/topics_sources/encoders.cpp.obj[0m
[  9%] [32mBuilding CXX object CMakeFiles/msg_gen.dir/topics_sources/esc_report.cpp.obj[0m
[  9%] [32mBuilding CXX object CMakeFiles/msg_gen.dir/topics_sources/esc_status.cpp.obj[0m
[  9%] [32mBuilding CXX object CMakeFiles/msg_gen.dir/topics_sources/estimator_status.cpp.obj[0m
[  9%] [32mBuilding CXX object CMakeFiles/msg_gen.dir/topics_sources/fence.cpp.obj[0m
[ 10%] [32mBuilding CXX object CMakeFiles/msg_gen.dir/topics_sources/fence_vertex.cpp.obj[0m
[ 10%] [32mBuilding CXX object CMakeFiles/msg_gen.dir/topics_sources/filtered_bottom_flow.cpp.obj[0m
[ 10%] [32mBuilding CXX object CMakeFiles/msg_gen.dir/topics_sources/follow_target.cpp.obj[0m
[ 10%] [32mBuilding CXX object CMakeFiles/msg_gen.dir/topics_sources/fw_pos_ctrl_status.cpp.obj[0m
[ 11%] [32mBuilding CXX object CMakeFiles/msg_gen.dir/topics_sources/fw_virtual_attitude_setpoint.cpp.obj[0m
[ 11%] [32mBuilding CXX object CMakeFiles/msg_gen.dir/topics_sources/fw_virtual_rates_setpoint.cpp.obj[0m
[ 11%] [32mBuilding CXX object CMakeFiles/msg_gen.dir/topics_sources/geofence_result.cpp.obj[0m
[ 11%] [32mBuilding CXX object CMakeFiles/msg_gen.dir/topics_sources/gps_inject_data.cpp.obj[0m
[ 11%] [32mBuilding CXX object CMakeFiles/msg_gen.dir/topics_sources/hil_sensor.cpp.obj[0m
[ 12%] [32mBuilding CXX object CMakeFiles/msg_gen.dir/topics_sources/home_position.cpp.obj[0m
[ 12%] [32mBuilding CXX object CMakeFiles/msg_gen.dir/topics_sources/input_rc.cpp.obj[0m
[ 12%] [32mBuilding CXX object CMakeFiles/msg_gen.dir/topics_sources/manual_control_setpoint.cpp.obj[0m
[ 12%] [32mBuilding CXX object CMakeFiles/msg_gen.dir/topics_sources/mavlink_log.cpp.obj[0m
[ 13%] [32mBuilding CXX object CMakeFiles/msg_gen.dir/topics_sources/mc_att_ctrl_status.cpp.obj[0m
[ 13%] [32mBuilding CXX object CMakeFiles/msg_gen.dir/topics_sources/mc_virtual_attitude_setpoint.cpp.obj[0m
[ 13%] [32mBuilding CXX object CMakeFiles/msg_gen.dir/topics_sources/mc_virtual_rates_setpoint.cpp.obj[0m
[ 13%] [32mBuilding CXX object CMakeFiles/msg_gen.dir/topics_sources/mission.cpp.obj[0m
[ 14%] [32mBuilding CXX object CMakeFiles/msg_gen.dir/topics_sources/mission_result.cpp.obj[0m
[ 14%] [32mBuilding CXX object CMakeFiles/msg_gen.dir/topics_sources/multirotor_motor_limits.cpp.obj[0m
[ 14%] [32mBuilding CXX object CMakeFiles/msg_gen.dir/topics_sources/offboard_control_mode.cpp.obj[0m
[ 14%] [32mBuilding CXX object CMakeFiles/msg_gen.dir/topics_sources/optical_flow.cpp.obj[0m
[ 14%] [32mBuilding CXX object CMakeFiles/msg_gen.dir/topics_sources/output_pwm.cpp.obj[0m
[ 15%] [32mBuilding CXX object CMakeFiles/msg_gen.dir/topics_sources/parameter_update.cpp.obj[0m
[ 15%] [32mBuilding CXX object CMakeFiles/msg_gen.dir/topics_sources/position_setpoint.cpp.obj[0m
[ 15%] [32mBuilding CXX object CMakeFiles/msg_gen.dir/topics_sources/position_setpoint_triplet.cpp.obj[0m
[ 15%] [32mBuilding CXX object CMakeFiles/msg_gen.dir/topics_sources/pwm_input.cpp.obj[0m
[ 16%] [32mBuilding CXX object CMakeFiles/msg_gen.dir/topics_sources/qshell_req.cpp.obj[0m
[ 16%] [32mBuilding CXX object CMakeFiles/msg_gen.dir/topics_sources/rc_channels.cpp.obj[0m
[ 16%] [32mBuilding CXX object CMakeFiles/msg_gen.dir/topics_sources/rc_parameter_map.cpp.obj[0m
[ 16%] [32mBuilding CXX object CMakeFiles/msg_gen.dir/topics_sources/safety.cpp.obj[0m
[ 17%] [32mBuilding CXX object CMakeFiles/msg_gen.dir/topics_sources/satellite_info.cpp.obj[0m
[ 17%] [32mBuilding CXX object CMakeFiles/msg_gen.dir/topics_sources/sensor_accel.cpp.obj[0m
[ 17%] [32mBuilding CXX object CMakeFiles/msg_gen.dir/topics_sources/sensor_baro.cpp.obj[0m
[ 17%] [32mBuilding CXX object CMakeFiles/msg_gen.dir/topics_sources/sensor_combined.cpp.obj[0m
[ 17%] [32mBuilding CXX object CMakeFiles/msg_gen.dir/topics_sources/sensor_gyro.cpp.obj[0m
[ 18%] [32mBuilding CXX object CMakeFiles/msg_gen.dir/topics_sources/sensor_mag.cpp.obj[0m
[ 18%] [32mBuilding CXX object CMakeFiles/msg_gen.dir/topics_sources/servorail_status.cpp.obj[0m
[ 18%] [32mBuilding CXX object CMakeFiles/msg_gen.dir/topics_sources/subsystem_info.cpp.obj[0m
[ 18%] [32mBuilding CXX object CMakeFiles/msg_gen.dir/topics_sources/system_power.cpp.obj[0m
[ 19%] [32mBuilding CXX object CMakeFiles/msg_gen.dir/topics_sources/tecs_status.cpp.obj[0m
[ 19%] [32mBuilding CXX object CMakeFiles/msg_gen.dir/topics_sources/telemetry_status.cpp.obj[0m
[ 19%] [32mBuilding CXX object CMakeFiles/msg_gen.dir/topics_sources/test_motor.cpp.obj[0m
[ 19%] [32mBuilding CXX object CMakeFiles/msg_gen.dir/topics_sources/time_offset.cpp.obj[0m
[ 20%] [32mBuilding CXX object CMakeFiles/msg_gen.dir/topics_sources/transponder_report.cpp.obj[0m
[ 20%] [32mBuilding CXX object CMakeFiles/msg_gen.dir/topics_sources/uavcan_parameter_request.cpp.obj[0m
[ 20%] [32mBuilding CXX object CMakeFiles/msg_gen.dir/topics_sources/uavcan_parameter_value.cpp.obj[0m
[ 20%] [32mBuilding CXX object CMakeFiles/msg_gen.dir/topics_sources/vehicle_attitude.cpp.obj[0m
[ 20%] [32mBuilding CXX object CMakeFiles/msg_gen.dir/topics_sources/vehicle_attitude_setpoint.cpp.obj[0m
[ 21%] [32mBuilding CXX object CMakeFiles/msg_gen.dir/topics_sources/vehicle_command_ack.cpp.obj[0m
[ 21%] [32mBuilding CXX object CMakeFiles/msg_gen.dir/topics_sources/vehicle_command.cpp.obj[0m
[ 21%] [32mBuilding CXX object CMakeFiles/msg_gen.dir/topics_sources/vehicle_control_mode.cpp.obj[0m
[ 21%] [32mBuilding CXX object CMakeFiles/msg_gen.dir/topics_sources/vehicle_force_setpoint.cpp.obj[0m
[ 22%] [32mBuilding CXX object CMakeFiles/msg_gen.dir/topics_sources/vehicle_global_position.cpp.obj[0m
[ 22%] [32mBuilding CXX object CMakeFiles/msg_gen.dir/topics_sources/vehicle_global_velocity_setpoint.cpp.obj[0m
[ 22%] [32mBuilding CXX object CMakeFiles/msg_gen.dir/topics_sources/vehicle_gps_position.cpp.obj[0m
[ 22%] [32mBuilding CXX object CMakeFiles/msg_gen.dir/topics_sources/vehicle_land_detected.cpp.obj[0m
[ 23%] [32mBuilding CXX object CMakeFiles/msg_gen.dir/topics_sources/vehicle_local_position.cpp.obj[0m
[ 23%] [32mBuilding CXX object CMakeFiles/msg_gen.dir/topics_sources/vehicle_local_position_setpoint.cpp.obj[0m
[ 23%] [32mBuilding CXX object CMakeFiles/msg_gen.dir/topics_sources/vehicle_rates_setpoint.cpp.obj[0m
[ 23%] [32mBuilding CXX object CMakeFiles/msg_gen.dir/topics_sources/vehicle_status.cpp.obj[0m
[ 23%] [32mBuilding CXX object CMakeFiles/msg_gen.dir/topics_sources/vision_position_estimate.cpp.obj[0m
[ 24%] [32mBuilding CXX object CMakeFiles/msg_gen.dir/topics_sources/vtol_vehicle_status.cpp.obj[0m
[ 24%] [32mBuilding CXX object CMakeFiles/msg_gen.dir/topics_sources/wind_estimate.cpp.obj[0m
[ 24%] [32m[1mLinking CXX static library libmsg_gen.a[0m
[ 24%] Built target msg_gen
[35m[1mScanning dependencies of target platforms__common[0m
[35m[1mScanning dependencies of target generate_topic_listener[0m
[35m[1mScanning dependencies of target px4io-v2[0m
[ 25%] [34m[1mGenerating topic_listener.cpp[0m
[ 25%] [32mBuilding C object src/platforms/common/CMakeFiles/platforms__common.dir/px4_getopt.c.obj[0m
[ 26%] [32m[1mLinking C static library libplatforms__common.a[0m
[ 26%] Built target generate_topic_listener
[ 26%] Built target platforms__common
[35m[1mScanning dependencies of target drivers__stm32[0m
[35m[1mScanning dependencies of target platforms__nuttx[0m
[35m[1mScanning dependencies of target drivers__device[0m
[ 26%] [32mBuilding CXX object src/platforms/nuttx/CMakeFiles/platforms__nuttx.dir/px4_nuttx_impl.cpp.obj[0m
[ 27%] [32mBuilding C object src/drivers/stm32/CMakeFiles/drivers__stm32.dir/drv_hrt.c.obj[0m
[ 27%] [32mBuilding C object src/modules/px4iofirmware/CMakeFiles/px4io-v2.dir/adc.c.obj[0m
[ 27%] [32mBuilding C object src/modules/px4iofirmware/CMakeFiles/px4io-v2.dir/controls.c.obj[0m
[ 27%] [32mBuilding C object src/drivers/stm32/CMakeFiles/drivers__stm32.dir/drv_io_timer.c.obj[0m
[ 27%] [32mBuilding CXX object src/drivers/device/CMakeFiles/drivers__device.dir/ringbuffer.cpp.obj[0m
[ 27%] [32mBuilding C object src/modules/px4iofirmware/CMakeFiles/px4io-v2.dir/px4io.c.obj[0m
[ 27%] [32mBuilding C object src/drivers/stm32/CMakeFiles/drivers__stm32.dir/drv_pwm_servo.c.obj[0m
[ 28%] [32mBuilding C object src/modules/px4iofirmware/CMakeFiles/px4io-v2.dir/registers.c.obj[0m
[ 28%] [32mBuilding CXX object src/drivers/device/CMakeFiles/drivers__device.dir/integrator.cpp.obj[0m
[ 28%] [32mBuilding C object src/drivers/stm32/CMakeFiles/drivers__stm32.dir/drv_input_capture.c.obj[0m
[ 28%] [32m[1mLinking CXX static library libplatforms__nuttx.a[0m
[ 28%] Built target platforms__nuttx
[ 28%] [32mBuilding C object src/modules/px4iofirmware/CMakeFiles/px4io-v2.dir/safety.c.obj[0m
[ 29%] [32m[1mLinking C static library libdrivers__stm32.a[0m
[ 29%] [32mBuilding CXX object src/drivers/device/CMakeFiles/drivers__device.dir/device_nuttx.cpp.obj[0m
[ 29%] Built target drivers__stm32
[35m[1mScanning dependencies of target drivers__stm32__adc[0m
[ 29%] [32mBuilding C object src/modules/px4iofirmware/CMakeFiles/px4io-v2.dir/__/systemlib/up_cxxinitialize.c.obj[0m
[ 29%] [32mBuilding CXX object src/drivers/stm32/adc/CMakeFiles/drivers__stm32__adc.dir/adc.cpp.obj[0m
[ 30%] [32mBuilding C object src/modules/px4iofirmware/CMakeFiles/px4io-v2.dir/__/systemlib/perf_counter.c.obj[0m
[ 30%] [32mBuilding CXX object src/drivers/device/CMakeFiles/drivers__device.dir/cdev.cpp.obj[0m
[ 30%] [32mBuilding CXX object src/drivers/device/CMakeFiles/drivers__device.dir/i2c_nuttx.cpp.obj[0m
[ 30%] [32m[1mLinking CXX static library libdrivers__stm32__adc.a[0m
[ 31%] [32mBuilding CXX object src/modules/px4iofirmware/CMakeFiles/px4io-v2.dir/mixer.cpp.obj[0m
[ 31%] Built target drivers__stm32__adc
[ 31%] [32mBuilding CXX object src/modules/px4iofirmware/CMakeFiles/px4io-v2.dir/__/systemlib/mixer/mixer.cpp.obj[0m
[ 31%] [32mBuilding CXX object src/drivers/device/CMakeFiles/drivers__device.dir/pio.cpp.obj[0m
[ 31%] [32mBuilding CXX object src/drivers/device/CMakeFiles/drivers__device.dir/spi.cpp.obj[0m
[ 31%] [32mBuilding CXX object src/modules/px4iofirmware/CMakeFiles/px4io-v2.dir/__/systemlib/mixer/mixer_group.cpp.obj[0m
[ 31%] [32mBuilding CXX object src/modules/px4iofirmware/CMakeFiles/px4io-v2.dir/__/systemlib/mixer/mixer_multirotor.cpp.obj[0m
[ 32%] [32m[1mLinking CXX static library libdrivers__device.a[0m
[ 32%] Built target drivers__device
[ 32%] [32mBuilding CXX object src/modules/px4iofirmware/CMakeFiles/px4io-v2.dir/__/systemlib/mixer/mixer_simple.cpp.obj[0m
[35m[1mScanning dependencies of target drivers__stm32__tone_alarm[0m
[ 33%] [32mBuilding C object src/modules/px4iofirmware/CMakeFiles/px4io-v2.dir/__/systemlib/pwm_limit/pwm_limit.c.obj[0m
[ 33%] [32mBuilding CXX object src/drivers/stm32/tone_alarm/CMakeFiles/drivers__stm32__tone_alarm.dir/tone_alarm.cpp.obj[0m
[ 33%] [32mBuilding C object src/modules/px4iofirmware/CMakeFiles/px4io-v2.dir/__/__/lib/rc/st24.c.obj[0m
[ 33%] [32mBuilding C object src/modules/px4iofirmware/CMakeFiles/px4io-v2.dir/__/__/lib/rc/sumd.c.obj[0m
[ 33%] [32mBuilding C object src/modules/px4iofirmware/CMakeFiles/px4io-v2.dir/__/__/lib/rc/sbus.c.obj[0m
[ 34%] [32mBuilding C object src/modules/px4iofirmware/CMakeFiles/px4io-v2.dir/__/__/lib/rc/dsm.c.obj[0m
[ 34%] [32mBuilding C object src/modules/px4iofirmware/CMakeFiles/px4io-v2.dir/__/__/drivers/stm32/drv_hrt.c.obj[0m
[ 34%] [32mBuilding C object src/modules/px4iofirmware/CMakeFiles/px4io-v2.dir/__/__/drivers/stm32/drv_io_timer.c.obj[0m
[ 34%] [32mBuilding C object src/modules/px4iofirmware/CMakeFiles/px4io-v2.dir/__/__/drivers/stm32/drv_pwm_servo.c.obj[0m
[ 35%] [32m[1mLinking CXX static library libdrivers__stm32__tone_alarm.a[0m
[ 35%] Built target drivers__stm32__tone_alarm
[35m[1mScanning dependencies of target drivers__led[0m
[ 36%] [32mBuilding C object src/modules/px4iofirmware/CMakeFiles/px4io-v2.dir/__/__/drivers/boards/px4io-v2/px4io_init.c.obj[0m
[ 36%] [32mBuilding C object src/modules/px4iofirmware/CMakeFiles/px4io-v2.dir/__/__/drivers/boards/px4io-v2/px4io_timer_config.c.obj[0m
[ 37%] [32mBuilding CXX object src/drivers/led/CMakeFiles/drivers__led.dir/led.cpp.obj[0m
[ 37%] [32mBuilding C object src/modules/px4iofirmware/CMakeFiles/px4io-v2.dir/serial.c.obj[0m
[ 37%] [32mBuilding C object src/modules/px4iofirmware/CMakeFiles/px4io-v2.dir/__/systemlib/hx_stream.c.obj[0m
[35m[1mScanning dependencies of target drivers__px4fmu[0m
[ 37%] [32m[1mLinking CXX executable px4io-v2[0m
[35m[1mScanning dependencies of target drivers__boards__aerocore[0m
[ 37%] [32m[1mLinking CXX static library libdrivers__led.a[0m
[ 37%] Built target drivers__led
[ 37%] [32mBuilding CXX object src/drivers/px4fmu/CMakeFiles/drivers__px4fmu.dir/fmu.cpp.obj[0m
[35m[1mScanning dependencies of target drivers__lsm303d[0m
[ 38%] [32mBuilding C object src/drivers/boards/aerocore/CMakeFiles/drivers__boards__aerocore.dir/__/common/board_name.c.obj[0m
[ 38%] [32mBuilding CXX object src/drivers/lsm303d/CMakeFiles/drivers__lsm303d.dir/lsm303d.cpp.obj[0m
[ 38%] [32mBuilding C object src/drivers/boards/aerocore/CMakeFiles/drivers__boards__aerocore.dir/aerocore_init.c.obj[0m
[ 38%] Built target px4io-v2
[35m[1mScanning dependencies of target drivers__l3gd20[0m
[ 38%] [32mBuilding C object src/drivers/boards/aerocore/CMakeFiles/drivers__boards__aerocore.dir/aerocore_timer_config.c.obj[0m
[ 38%] [32mBuilding CXX object src/drivers/l3gd20/CMakeFiles/drivers__l3gd20.dir/l3gd20.cpp.obj[0m
[ 38%] [32mBuilding C object src/drivers/boards/aerocore/CMakeFiles/drivers__boards__aerocore.dir/aerocore_spi.c.obj[0m
[ 39%] [32mBuilding C object src/drivers/boards/aerocore/CMakeFiles/drivers__boards__aerocore.dir/aerocore_led.c.obj[0m
[ 39%] [32m[1mLinking C static library libdrivers__boards__aerocore.a[0m
[ 39%] Built target drivers__boards__aerocore
[35m[1mScanning dependencies of target drivers__ms5611[0m
[ 40%] [32mBuilding CXX object src/drivers/ms5611/CMakeFiles/drivers__ms5611.dir/ms5611_spi.cpp.obj[0m
[ 40%] [32mBuilding CXX object src/drivers/ms5611/CMakeFiles/drivers__ms5611.dir/ms5611_i2c.cpp.obj[0m
[ 40%] [32m[1mLinking CXX static library libdrivers__l3gd20.a[0m
[ 40%] [32mBuilding C object src/drivers/px4fmu/CMakeFiles/drivers__px4fmu.dir/px4fmu_params.c.obj[0m
[ 40%] Built target drivers__l3gd20
[ 40%] [32mBuilding CXX object src/drivers/ms5611/CMakeFiles/drivers__ms5611.dir/ms5611.cpp.obj[0m
[ 40%] [32m[1mLinking CXX static library libdrivers__lsm303d.a[0m
[ 40%] [32m[1mLinking CXX static library libdrivers__px4fmu.a[0m
[ 40%] Built target drivers__px4fmu
[ 40%] Built target drivers__lsm303d
[35m[1mScanning dependencies of target drivers__gps[0m
[35m[1mScanning dependencies of target modules__sensors[0m
[35m[1mScanning dependencies of target drivers__pwm_input[0m
[ 40%] [32mBuilding CXX object src/drivers/gps/CMakeFiles/drivers__gps.dir/gps.cpp.obj[0m
[ 41%] [32mBuilding CXX object src/drivers/pwm_input/CMakeFiles/drivers__pwm_input.dir/pwm_input.cpp.obj[0m
[ 41%] [32mBuilding CXX object src/modules/sensors/CMakeFiles/modules__sensors.dir/sensors.cpp.obj[0m
[ 41%] [32m[1mLinking CXX static library libdrivers__ms5611.a[0m
[ 41%] Built target drivers__ms5611
[ 41%] [32m[1mLinking CXX static library libdrivers__pwm_input.a[0m
[35m[1mScanning dependencies of target systemcmds__mixer[0m
[ 41%] Built target drivers__pwm_input
[35m[1mScanning dependencies of target systemcmds__param[0m
[ 41%] [32mBuilding CXX object src/systemcmds/mixer/CMakeFiles/systemcmds__mixer.dir/mixer.cpp.obj[0m
[ 41%] [32mBuilding C object src/systemcmds/param/CMakeFiles/systemcmds__param.dir/param.c.obj[0m
[ 41%] [32mBuilding CXX object src/drivers/gps/CMakeFiles/drivers__gps.dir/devices/src/gps_helper.cpp.obj[0m
[ 41%] [32m[1mLinking CXX static library libsystemcmds__mixer.a[0m
[ 41%] Built target systemcmds__mixer
[ 42%] [32mBuilding CXX object src/modules/sensors/CMakeFiles/modules__sensors.dir/sensors_init.cpp.obj[0m
[ 42%] [32mBuilding CXX object src/drivers/gps/CMakeFiles/drivers__gps.dir/devices/src/mtk.cpp.obj[0m
[ 43%] [32m[1mLinking C static library libsystemcmds__param.a[0m
[ 43%] Built target systemcmds__param
[35m[1mScanning dependencies of target systemcmds__perf[0m
[35m[1mScanning dependencies of target systemcmds__pwm[0m
[ 43%] [32mBuilding C object src/systemcmds/perf/CMakeFiles/systemcmds__perf.dir/perf.c.obj[0m
[ 43%] [32mBuilding C object src/systemcmds/pwm/CMakeFiles/systemcmds__pwm.dir/pwm.c.obj[0m
[ 44%] [32mBuilding CXX object src/drivers/gps/CMakeFiles/drivers__gps.dir/devices/src/ashtech.cpp.obj[0m
[ 44%] [32m[1mLinking C static library libsystemcmds__perf.a[0m
[ 44%] Built target systemcmds__perf
[35m[1mScanning dependencies of target systemcmds__esc_calib[0m
[ 44%] [32mBuilding C object src/systemcmds/esc_calib/CMakeFiles/systemcmds__esc_calib.dir/esc_calib.c.obj[0m
[ 45%] [32m[1mLinking C static library libsystemcmds__esc_calib.a[0m
[ 45%] Built target systemcmds__esc_calib
[35m[1mScanning dependencies of target systemcmds__reboot[0m
[ 45%] [32m[1mLinking CXX static library libmodules__sensors.a[0m
[ 46%] [32m[1mLinking C static library libsystemcmds__pwm.a[0m
[ 46%] [32mBuilding C object src/systemcmds/reboot/CMakeFiles/systemcmds__reboot.dir/reboot.c.obj[0m
[ 46%] Built target modules__sensors
[ 46%] Built target systemcmds__pwm
[ 46%] [32mBuilding CXX object src/drivers/gps/CMakeFiles/drivers__gps.dir/devices/src/ubx.cpp.obj[0m
[35m[1mScanning dependencies of target systemcmds__topic_listener[0m
[35m[1mScanning dependencies of target systemcmds__top[0m
[ 46%] [32m[1mLinking C static library libsystemcmds__reboot.a[0m
[ 46%] [32mBuilding CXX object src/systemcmds/topic_listener/CMakeFiles/systemcmds__topic_listener.dir/topic_listener.cpp.obj[0m
[ 46%] Built target systemcmds__reboot
[35m[1mScanning dependencies of target systemcmds__config[0m
[ 46%] [32mBuilding C object src/systemcmds/top/CMakeFiles/systemcmds__top.dir/top.c.obj[0m
[ 46%] [32mBuilding C object src/systemcmds/config/CMakeFiles/systemcmds__config.dir/config.c.obj[0m
[ 46%] [32m[1mLinking C static library libsystemcmds__top.a[0m
[ 46%] Built target systemcmds__top
[35m[1mScanning dependencies of target systemcmds__nshterm[0m
[ 46%] [32mBuilding C object src/systemcmds/nshterm/CMakeFiles/systemcmds__nshterm.dir/nshterm.c.obj[0m
[ 47%] [32m[1mLinking C static library libsystemcmds__config.a[0m
[ 47%] Built target systemcmds__config
[35m[1mScanning dependencies of target systemcmds__mtd[0m
[ 47%] [32m[1mLinking C static library libsystemcmds__nshterm.a[0m
[ 47%] Built target systemcmds__nshterm
[35m[1mScanning dependencies of target systemcmds__dumpfile[0m
[ 47%] [32mBuilding C object src/systemcmds/mtd/CMakeFiles/systemcmds__mtd.dir/mtd.c.obj[0m
[ 47%] [32m[1mLinking CXX static library libdrivers__gps.a[0m
[ 47%] [32mBuilding C object src/systemcmds/dumpfile/CMakeFiles/systemcmds__dumpfile.dir/dumpfile.c.obj[0m
[ 47%] Built target drivers__gps
[35m[1mScanning dependencies of target systemcmds__ver[0m
[ 47%] [32mBuilding C object src/systemcmds/ver/CMakeFiles/systemcmds__ver.dir/ver.c.obj[0m
[ 47%] [32m[1mLinking C static library libsystemcmds__dumpfile.a[0m
[ 47%] Built target systemcmds__dumpfile
[35m[1mScanning dependencies of target systemcmds__sd_bench[0m
[ 47%] [32mBuilding C object src/systemcmds/mtd/CMakeFiles/systemcmds__mtd.dir/24xxxx_mtd.c.obj[0m
[ 48%] [32m[1mLinking C static library libsystemcmds__ver.a[0m
[ 48%] Built target systemcmds__ver
[35m[1mScanning dependencies of target systemcmds__tests[0m
[ 48%] [32mBuilding C object src/systemcmds/sd_bench/CMakeFiles/systemcmds__sd_bench.dir/sd_bench.c.obj[0m
[ 49%] [32m[1mLinking C static library libsystemcmds__mtd.a[0m
[ 49%] Built target systemcmds__mtd
[35m[1mScanning dependencies of target modules__commander[0m
[ 49%] [32m[1mLinking C static library libsystemcmds__sd_bench.a[0m
[ 49%] Built target systemcmds__sd_bench
[35m[1mScanning dependencies of target modules__load_mon[0m
[ 49%] [32mBuilding CXX object src/modules/load_mon/CMakeFiles/modules__load_mon.dir/load_mon.cpp.obj[0m
[ 50%] [32mBuilding C object src/systemcmds/tests/CMakeFiles/systemcmds__tests.dir/test_adc.c.obj[0m
[ 50%] [32m[1mLinking CXX static library libmodules__load_mon.a[0m
[ 50%] Built target modules__load_mon
[35m[1mScanning dependencies of target modules__navigator[0m
[ 50%] [32mBuilding C object src/systemcmds/tests/CMakeFiles/systemcmds__tests.dir/test_bson.c.obj[0m
[ 50%] [32mBuilding CXX object src/modules/commander/CMakeFiles/modules__commander.dir/commander.cpp.obj[0m
[ 50%] [32mBuilding C object src/systemcmds/tests/CMakeFiles/systemcmds__tests.dir/test_float.c.obj[0m
[ 50%] [32mBuilding CXX object src/modules/navigator/CMakeFiles/modules__navigator.dir/navigator_main.cpp.obj[0m
[ 50%] [32mBuilding C object src/systemcmds/tests/CMakeFiles/systemcmds__tests.dir/test_gpio.c.obj[0m
[ 51%] [32mBuilding C object src/systemcmds/tests/CMakeFiles/systemcmds__tests.dir/test_hott_telemetry.c.obj[0m
[ 51%] [32mBuilding C object src/systemcmds/tests/CMakeFiles/systemcmds__tests.dir/test_hrt.c.obj[0m
[ 51%] [32mBuilding C object src/systemcmds/tests/CMakeFiles/systemcmds__tests.dir/test_int.c.obj[0m
[ 51%] [32mBuilding C object src/systemcmds/tests/CMakeFiles/systemcmds__tests.dir/test_jig_voltages.c.obj[0m
[ 52%] [32mBuilding C object src/systemcmds/tests/CMakeFiles/systemcmds__tests.dir/test_led.c.obj[0m
[ 52%] [32mBuilding C object src/systemcmds/tests/CMakeFiles/systemcmds__tests.dir/test_sensors.c.obj[0m
[ 52%] [32mBuilding CXX object src/modules/navigator/CMakeFiles/modules__navigator.dir/navigator_mode.cpp.obj[0m
[ 52%] [32mBuilding C object src/systemcmds/tests/CMakeFiles/systemcmds__tests.dir/test_servo.c.obj[0m
[ 52%] [32mBuilding C object src/systemcmds/tests/CMakeFiles/systemcmds__tests.dir/test_sleep.c.obj[0m
[ 53%] [32mBuilding CXX object src/modules/navigator/CMakeFiles/modules__navigator.dir/mission_block.cpp.obj[0m
[ 53%] [32mBuilding C object src/systemcmds/tests/CMakeFiles/systemcmds__tests.dir/test_uart_baudchange.c.obj[0m
[ 54%] [32mBuilding C object src/systemcmds/tests/CMakeFiles/systemcmds__tests.dir/test_uart_console.c.obj[0m
[ 54%] [32m[1mLinking CXX static library libsystemcmds__topic_listener.a[0m
[ 55%] Built target systemcmds__topic_listener
[35m[1mScanning dependencies of target modules__mavlink[0m
[ 55%] [32mBuilding C object src/systemcmds/tests/CMakeFiles/systemcmds__tests.dir/test_uart_loopback.c.obj[0m
[ 55%] [32mBuilding C object src/systemcmds/tests/CMakeFiles/systemcmds__tests.dir/test_uart_send.c.obj[0m
[ 55%] [32mBuilding CXX object src/systemcmds/tests/CMakeFiles/systemcmds__tests.dir/test_mixer.cpp.obj[0m
[ 55%] [32mBuilding CXX object src/modules/navigator/CMakeFiles/modules__navigator.dir/mission.cpp.obj[0m
[ 55%] [32mBuilding C object src/modules/mavlink/CMakeFiles/modules__mavlink.dir/mavlink.c.obj[0m
[ 56%] [32mBuilding CXX object src/systemcmds/tests/CMakeFiles/systemcmds__tests.dir/test_mathlib.cpp.obj[0m
[ 56%] [32mBuilding CXX object src/modules/commander/CMakeFiles/modules__commander.dir/state_machine_helper.cpp.obj[0m
[ 57%] [32mBuilding CXX object src/modules/mavlink/CMakeFiles/modules__mavlink.dir/mavlink_main.cpp.obj[0m
[ 58%] [32mBuilding CXX object src/modules/commander/CMakeFiles/modules__commander.dir/commander_helper.cpp.obj[0m
[ 58%] [32mBuilding CXX object src/modules/navigator/CMakeFiles/modules__navigator.dir/loiter.cpp.obj[0m
[ 58%] [32mBuilding CXX object src/modules/navigator/CMakeFiles/modules__navigator.dir/rtl.cpp.obj[0m
[ 58%] [32mBuilding CXX object src/modules/commander/CMakeFiles/modules__commander.dir/calibration_routines.cpp.obj[0m
[ 59%] [32mBuilding CXX object src/modules/navigator/CMakeFiles/modules__navigator.dir/takeoff.cpp.obj[0m
[ 59%] [32mBuilding CXX object src/modules/commander/CMakeFiles/modules__commander.dir/accelerometer_calibration.cpp.obj[0m
[ 59%] [32mBuilding CXX object src/modules/navigator/CMakeFiles/modules__navigator.dir/land.cpp.obj[0m
[ 59%] [32mBuilding CXX object src/modules/navigator/CMakeFiles/modules__navigator.dir/mission_feasibility_checker.cpp.obj[0m
[ 59%] [32mBuilding CXX object src/modules/mavlink/CMakeFiles/modules__mavlink.dir/mavlink_mission.cpp.obj[0m
[ 59%] [32mBuilding C object src/systemcmds/tests/CMakeFiles/systemcmds__tests.dir/test_file.c.obj[0m
[ 59%] [32mBuilding CXX object src/modules/commander/CMakeFiles/modules__commander.dir/gyro_calibration.cpp.obj[0m
[ 59%] [32mBuilding C object src/systemcmds/tests/CMakeFiles/systemcmds__tests.dir/test_file2.c.obj[0m
[ 59%] [32mBuilding CXX object src/modules/navigator/CMakeFiles/modules__navigator.dir/geofence.cpp.obj[0m
[ 59%] [32mBuilding C object src/systemcmds/tests/CMakeFiles/systemcmds__tests.dir/tests_main.c.obj[0m
[ 59%] [32mBuilding CXX object src/modules/commander/CMakeFiles/modules__commander.dir/mag_calibration.cpp.obj[0m
[ 60%] [32mBuilding C object src/systemcmds/tests/CMakeFiles/systemcmds__tests.dir/test_params.c.obj[0m
[ 60%] [32mBuilding C object src/systemcmds/tests/CMakeFiles/systemcmds__tests.dir/test_ppm_loopback.c.obj[0m
[ 60%] [32mBuilding CXX object src/modules/navigator/CMakeFiles/modules__navigator.dir/datalinkloss.cpp.obj[0m
[ 60%] [32mBuilding C object src/systemcmds/tests/CMakeFiles/systemcmds__tests.dir/test_rc.c.obj[0m
[ 61%] [32mBuilding CXX object src/modules/commander/CMakeFiles/modules__commander.dir/baro_calibration.cpp.obj[0m
[ 61%] [32mBuilding CXX object src/systemcmds/tests/CMakeFiles/systemcmds__tests.dir/test_conv.cpp.obj[0m
[ 61%] [32mBuilding CXX object src/modules/mavlink/CMakeFiles/modules__mavlink.dir/mavlink_parameters.cpp.obj[0m
[ 61%] [32mBuilding CXX object src/modules/commander/CMakeFiles/modules__commander.dir/rc_calibration.cpp.obj[0m
[ 62%] [32mBuilding CXX object src/modules/navigator/CMakeFiles/modules__navigator.dir/rcloss.cpp.obj[0m
[ 62%] [32mBuilding C object src/systemcmds/tests/CMakeFiles/systemcmds__tests.dir/test_mount.c.obj[0m
[ 62%] [32mBuilding CXX object src/modules/commander/CMakeFiles/modules__commander.dir/airspeed_calibration.cpp.obj[0m
[ 63%] [32mBuilding C object src/systemcmds/tests/CMakeFiles/systemcmds__tests.dir/test_time.c.obj[0m
[ 63%] [32mBuilding CXX object src/modules/commander/CMakeFiles/modules__commander.dir/esc_calibration.cpp.obj[0m
[ 63%] [32mBuilding CXX object src/modules/navigator/CMakeFiles/modules__navigator.dir/enginefailure.cpp.obj[0m
[ 63%] [32m[1mLinking CXX static library libsystemcmds__tests.a[0m
[ 63%] Built target systemcmds__tests
[ 64%] [32mBuilding CXX object src/modules/commander/CMakeFiles/modules__commander.dir/PreflightCheck.cpp.obj[0m
[ 64%] [32mBuilding CXX object src/modules/mavlink/CMakeFiles/modules__mavlink.dir/mavlink_orb_subscription.cpp.obj[0m
[ 65%] [32mBuilding CXX object src/modules/mavlink/CMakeFiles/modules__mavlink.dir/mavlink_messages.cpp.obj[0m
[ 65%] [32mBuilding CXX object src/modules/navigator/CMakeFiles/modules__navigator.dir/gpsfailure.cpp.obj[0m
[ 65%] [32mBuilding CXX object src/modules/mavlink/CMakeFiles/modules__mavlink.dir/mavlink_stream.cpp.obj[0m
[ 65%] [32m[1mLinking CXX static library libmodules__commander.a[0m
[ 65%] Built target modules__commander
[35m[1mScanning dependencies of target modules__land_detector[0m
[ 66%] [32mBuilding CXX object src/modules/land_detector/CMakeFiles/modules__land_detector.dir/land_detector_main.cpp.obj[0m
[ 66%] [32mBuilding CXX object src/modules/navigator/CMakeFiles/modules__navigator.dir/follow_target.cpp.obj[0m
[ 66%] [32mBuilding CXX object src/modules/land_detector/CMakeFiles/modules__land_detector.dir/LandDetector.cpp.obj[0m
[ 66%] [32mBuilding CXX object src/modules/land_detector/CMakeFiles/modules__land_detector.dir/MulticopterLandDetector.cpp.obj[0m
[ 66%] [32mBuilding CXX object src/modules/mavlink/CMakeFiles/modules__mavlink.dir/mavlink_rate_limiter.cpp.obj[0m
[ 66%] [32mBuilding CXX object src/modules/mavlink/CMakeFiles/modules__mavlink.dir/mavlink_receiver.cpp.obj[0m
[ 67%] [32m[1mLinking CXX static library libmodules__navigator.a[0m
[ 67%] Built target modules__navigator
[35m[1mScanning dependencies of target modules__attitude_estimator_q[0m
[ 67%] [32mBuilding CXX object src/modules/land_detector/CMakeFiles/modules__land_detector.dir/FixedwingLandDetector.cpp.obj[0m
[ 67%] [32mBuilding CXX object src/modules/attitude_estimator_q/CMakeFiles/modules__attitude_estimator_q.dir/attitude_estimator_q_main.cpp.obj[0m
[ 68%] [32mBuilding CXX object src/modules/land_detector/CMakeFiles/modules__land_detector.dir/VtolLandDetector.cpp.obj[0m
[ 68%] [32m[1mLinking CXX static library libmodules__land_detector.a[0m
[ 68%] Built target modules__land_detector
[35m[1mScanning dependencies of target modules__ekf_att_pos_estimator[0m
[ 69%] [32mBuilding CXX object src/modules/ekf_att_pos_estimator/CMakeFiles/modules__ekf_att_pos_estimator.dir/ekf_att_pos_estimator_main.cpp.obj[0m
[ 69%] [32m[1mLinking CXX static library libmodules__attitude_estimator_q.a[0m
[ 69%] Built target modules__attitude_estimator_q
[35m[1mScanning dependencies of target modules__position_estimator_inav[0m
[ 70%] [32mBuilding CXX object src/modules/position_estimator_inav/CMakeFiles/modules__position_estimator_inav.dir/position_estimator_inav_main.cpp.obj[0m
[ 71%] [32mBuilding CXX object src/modules/mavlink/CMakeFiles/modules__mavlink.dir/mavlink_ftp.cpp.obj[0m
[ 71%] [32mBuilding CXX object src/modules/ekf_att_pos_estimator/CMakeFiles/modules__ekf_att_pos_estimator.dir/estimator_22states.cpp.obj[0m
[ 71%] [32mBuilding CXX object src/modules/mavlink/CMakeFiles/modules__mavlink.dir/mavlink_log_handler.cpp.obj[0m
[ 71%] [32mBuilding CXX object src/modules/position_estimator_inav/CMakeFiles/modules__position_estimator_inav.dir/position_estimator_inav_params.cpp.obj[0m
[ 71%] [32mBuilding CXX object src/modules/position_estimator_inav/CMakeFiles/modules__position_estimator_inav.dir/inertial_filter.cpp.obj[0m
[ 71%] [32m[1mLinking CXX static library libmodules__position_estimator_inav.a[0m
[ 71%] Built target modules__position_estimator_inav
[35m[1mScanning dependencies of target lib__ecl[0m
[35m[1mScanning dependencies of target lib__external_lgpl[0m
[ 71%] [32mBuilding CXX object src/lib/external_lgpl/CMakeFiles/lib__external_lgpl.dir/tecs/tecs.cpp.obj[0m
[ 71%] [32m[1mLinking CXX static library libmodules__mavlink.a[0m
[ 71%] Built target modules__mavlink
[35m[1mScanning dependencies of target modules__mc_att_control[0m
[ 72%] [32mBuilding CXX object src/lib/ecl/CMakeFiles/lib__ecl.dir/attitude_fw/ecl_controller.cpp.obj[0m
[ 72%] [32mBuilding CXX object src/modules/mc_att_control/CMakeFiles/modules__mc_att_control.dir/mc_att_control_main.cpp.obj[0m
[ 72%] [32mBuilding CXX object src/lib/ecl/CMakeFiles/lib__ecl.dir/attitude_fw/ecl_pitch_controller.cpp.obj[0m
[ 73%] [32m[1mLinking CXX static library liblib__external_lgpl.a[0m
[ 73%] Built target lib__external_lgpl
[35m[1mScanning dependencies of target modules__mc_pos_control[0m
[ 74%] [32mBuilding CXX object src/modules/mc_pos_control/CMakeFiles/modules__mc_pos_control.dir/mc_pos_control_main.cpp.obj[0m
[ 74%] [32mBuilding CXX object src/lib/ecl/CMakeFiles/lib__ecl.dir/attitude_fw/ecl_roll_controller.cpp.obj[0m
[ 74%] [32mBuilding CXX object src/lib/ecl/CMakeFiles/lib__ecl.dir/attitude_fw/ecl_yaw_controller.cpp.obj[0m
[ 74%] [32m[1mLinking CXX static library libmodules__mc_att_control.a[0m
[ 74%] Built target modules__mc_att_control
[35m[1mScanning dependencies of target modules__vtol_att_control[0m
[ 75%] [32mBuilding CXX object src/lib/ecl/CMakeFiles/lib__ecl.dir/attitude_fw/ecl_wheel_controller.cpp.obj[0m
[ 75%] [32mBuilding CXX object src/modules/vtol_att_control/CMakeFiles/modules__vtol_att_control.dir/vtol_att_control_main.cpp.obj[0m
[ 75%] [32mBuilding CXX object src/lib/ecl/CMakeFiles/lib__ecl.dir/l1/ecl_l1_pos_controller.cpp.obj[0m
[ 75%] [32mBuilding CXX object src/lib/ecl/CMakeFiles/lib__ecl.dir/validation/data_validator.cpp.obj[0m
[ 75%] [32mBuilding CXX object src/modules/vtol_att_control/CMakeFiles/modules__vtol_att_control.dir/tiltrotor.cpp.obj[0m
[ 75%] [32mBuilding CXX object src/lib/ecl/CMakeFiles/lib__ecl.dir/validation/data_validator_group.cpp.obj[0m
[ 76%] [32mBuilding CXX object src/lib/ecl/CMakeFiles/lib__ecl.dir/EKF/estimator_interface.cpp.obj[0m
[ 77%] [32mBuilding CXX object src/modules/vtol_att_control/CMakeFiles/modules__vtol_att_control.dir/vtol_type.cpp.obj[0m
[ 77%] [32m[1mLinking CXX static library libmodules__mc_pos_control.a[0m
[ 77%] Built target modules__mc_pos_control
[ 77%] [34m[1mGenerating px4_parameters.h, px4_parameters.c[0m
[ 77%] [32mBuilding CXX object src/modules/vtol_att_control/CMakeFiles/modules__vtol_att_control.dir/tailsitter.cpp.obj[0m
[35m[1mScanning dependencies of target modules__param[0m
[ 77%] [32mBuilding C object src/modules/param/CMakeFiles/modules__param.dir/px4_parameters.c.obj[0m
[ 77%] [32m[1mLinking C static library libmodules__param.a[0m
[ 77%] Built target modules__param
[35m[1mScanning dependencies of target modules__systemlib__mixer[0m
[ 77%] [32mBuilding CXX object src/modules/vtol_att_control/CMakeFiles/modules__vtol_att_control.dir/standard.cpp.obj[0m
[ 77%] [32mBuilding CXX object src/modules/systemlib/mixer/CMakeFiles/modules__systemlib__mixer.dir/mixer.cpp.obj[0m
[ 77%] [32mBuilding CXX object src/lib/ecl/CMakeFiles/lib__ecl.dir/EKF/ekf.cpp.obj[0m
[ 77%] [32mBuilding CXX object src/modules/systemlib/mixer/CMakeFiles/modules__systemlib__mixer.dir/mixer_group.cpp.obj[0m
[ 77%] [32mBuilding CXX object src/modules/systemlib/mixer/CMakeFiles/modules__systemlib__mixer.dir/mixer_multirotor.cpp.obj[0m
[ 77%] [32m[1mLinking CXX static library libmodules__vtol_att_control.a[0m
[ 78%] [32mBuilding CXX object src/modules/systemlib/mixer/CMakeFiles/modules__systemlib__mixer.dir/mixer_simple.cpp.obj[0m
[ 78%] Built target modules__vtol_att_control
[35m[1mScanning dependencies of target modules__uORB[0m
[ 78%] [32mBuilding CXX object src/modules/uORB/CMakeFiles/modules__uORB.dir/uORBUtils.cpp.obj[0m
[ 78%] [32mBuilding C object src/modules/systemlib/mixer/CMakeFiles/modules__systemlib__mixer.dir/mixer_load.c.obj[0m
[ 78%] [32m[1mLinking CXX static library libmodules__systemlib__mixer.a[0m
[ 78%] Built target modules__systemlib__mixer
[35m[1mScanning dependencies of target modules__dataman[0m
[ 78%] [32mBuilding C object src/modules/dataman/CMakeFiles/modules__dataman.dir/dataman.c.obj[0m
[ 79%] [32mBuilding CXX object src/modules/uORB/CMakeFiles/modules__uORB.dir/uORB.cpp.obj[0m
[ 79%] [32mBuilding CXX object src/lib/ecl/CMakeFiles/lib__ecl.dir/EKF/ekf_helper.cpp.obj[0m
[ 79%] [32mBuilding CXX object src/modules/uORB/CMakeFiles/modules__uORB.dir/uORBMain.cpp.obj[0m
[ 79%] [32m[1mLinking C static library libmodules__dataman.a[0m
[ 79%] Built target modules__dataman
[ 79%] [32mBuilding CXX object src/modules/uORB/CMakeFiles/modules__uORB.dir/Publication.cpp.obj[0m
[ 79%] [32mBuilding CXX object src/modules/uORB/CMakeFiles/modules__uORB.dir/Subscription.cpp.obj[0m
[ 80%] [32mBuilding CXX object src/modules/uORB/CMakeFiles/modules__uORB.dir/uORBManager.cpp.obj[0m
[ 80%] [32mBuilding CXX object src/modules/uORB/CMakeFiles/modules__uORB.dir/uORBDevices_nuttx.cpp.obj[0m
[35m[1mScanning dependencies of target lib__controllib[0m
[ 80%] [32mBuilding CXX object src/lib/controllib/CMakeFiles/lib__controllib.dir/blocks.cpp.obj[0m
[ 80%] [32mBuilding CXX object src/lib/controllib/CMakeFiles/lib__controllib.dir/block/Block.cpp.obj[0m
[ 80%] [32m[1mLinking CXX static library libmodules__uORB.a[0m
[ 80%] Built target modules__uORB
[35m[1mScanning dependencies of target lib__mathlib[0m
[ 80%] [32mBuilding CXX object src/lib/mathlib/CMakeFiles/lib__mathlib.dir/math/test/test.cpp.obj[0m
[ 81%] [32mBuilding CXX object src/lib/controllib/CMakeFiles/lib__controllib.dir/block/BlockParam.cpp.obj[0m
[ 81%] [32mBuilding CXX object src/lib/ecl/CMakeFiles/lib__ecl.dir/EKF/covariance.cpp.obj[0m
[ 82%] [32mBuilding CXX object src/lib/mathlib/CMakeFiles/lib__mathlib.dir/math/Limits.cpp.obj[0m
[ 82%] [32mBuilding CXX object src/lib/controllib/CMakeFiles/lib__controllib.dir/uorb/blocks.cpp.obj[0m
[ 82%] [32m[1mLinking CXX static library liblib__mathlib.a[0m
[ 82%] Built target lib__mathlib
[35m[1mScanning dependencies of target lib__mathlib__math__filter[0m
[ 82%] [32mBuilding CXX object src/lib/mathlib/math/filter/CMakeFiles/lib__mathlib__math__filter.dir/LowPassFilter2p.cpp.obj[0m
[ 82%] [32m[1mLinking CXX static library liblib__mathlib__math__filter.a[0m
[ 82%] Built target lib__mathlib__math__filter
[35m[1mScanning dependencies of target lib__geo[0m
[ 82%] [32m[1mLinking CXX static library liblib__controllib.a[0m
[ 82%] Built target lib__controllib
[35m[1mScanning dependencies of target lib__geo_lookup[0m
[ 82%] [32mBuilding C object src/lib/geo/CMakeFiles/lib__geo.dir/geo.c.obj[0m
[ 82%] [32mBuilding C object src/lib/geo_lookup/CMakeFiles/lib__geo_lookup.dir/geo_mag_declination.c.obj[0m
[ 82%] [32m[1mLinking C static library liblib__geo_lookup.a[0m
[ 82%] Built target lib__geo_lookup
[35m[1mScanning dependencies of target lib__conversion[0m
[ 82%] [32mBuilding CXX object src/lib/conversion/CMakeFiles/lib__conversion.dir/rotation.cpp.obj[0m
[ 82%] [32m[1mLinking C static library liblib__geo.a[0m
[ 82%] [32m[1mLinking CXX static library liblib__conversion.a[0m
[ 82%] Built target lib__geo
[ 82%] Built target lib__conversion
[ 82%] [32mBuilding CXX object src/modules/ekf_att_pos_estimator/CMakeFiles/modules__ekf_att_pos_estimator.dir/estimator_utilities.cpp.obj[0m
[35m[1mScanning dependencies of target lib__launchdetection[0m
[ 83%] [32mBuilding CXX object src/lib/launchdetection/CMakeFiles/lib__launchdetection.dir/LaunchDetector.cpp.obj[0m
[ 83%] [32mBuilding CXX object src/lib/ecl/CMakeFiles/lib__ecl.dir/EKF/vel_pos_fusion.cpp.obj[0m
[ 83%] [32mBuilding CXX object src/lib/launchdetection/CMakeFiles/lib__launchdetection.dir/CatapultLaunchMethod.cpp.obj[0m
[ 83%] [32m[1mLinking CXX static library libmodules__ekf_att_pos_estimator.a[0m
[ 83%] Built target modules__ekf_att_pos_estimator
[35m[1mScanning dependencies of target lib__terrain_estimation[0m
[ 83%] [32mBuilding CXX object src/lib/terrain_estimation/CMakeFiles/lib__terrain_estimation.dir/terrain_estimator.cpp.obj[0m
[ 84%] [32mBuilding CXX object src/lib/ecl/CMakeFiles/lib__ecl.dir/EKF/mag_fusion.cpp.obj[0m
[ 84%] [32m[1mLinking CXX static library liblib__launchdetection.a[0m
[ 84%] Built target lib__launchdetection
[35m[1mScanning dependencies of target lib__runway_takeoff[0m
[ 85%] [32mBuilding CXX object src/lib/runway_takeoff/CMakeFiles/lib__runway_takeoff.dir/RunwayTakeoff.cpp.obj[0m
[ 85%] [32m[1mLinking CXX static library liblib__runway_takeoff.a[0m
[ 85%] Built target lib__runway_takeoff
[35m[1mScanning dependencies of target lib__tailsitter_recovery[0m
[ 85%] [32mBuilding CXX object src/lib/tailsitter_recovery/CMakeFiles/lib__tailsitter_recovery.dir/tailsitter_recovery.cpp.obj[0m
[ 86%] [32m[1mLinking CXX static library liblib__terrain_estimation.a[0m
[ 86%] Built target lib__terrain_estimation
[35m[1mScanning dependencies of target platforms__nuttx__px4_layer[0m
[ 86%] [32mBuilding C object src/platforms/nuttx/px4_layer/CMakeFiles/platforms__nuttx__px4_layer.dir/px4_nuttx_tasks.c.obj[0m
[ 86%] [32mBuilding C object src/platforms/nuttx/px4_layer/CMakeFiles/platforms__nuttx__px4_layer.dir/__/__/posix/px4_layer/px4_log.c.obj[0m
[ 86%] [32m[1mLinking CXX static library liblib__tailsitter_recovery.a[0m
[ 86%] Built target lib__tailsitter_recovery
[ 87%] [32m[1mLinking C static library libplatforms__nuttx__px4_layer.a[0m
[35m[1mScanning dependencies of target modules__bottle_drop[0m
[ 87%] Built target platforms__nuttx__px4_layer
[35m[1mScanning dependencies of target examples__rover_steering_control[0m
[ 88%] [32mBuilding CXX object src/modules/bottle_drop/CMakeFiles/modules__bottle_drop.dir/bottle_drop.cpp.obj[0m
[ 88%] [32mBuilding CXX object src/examples/rover_steering_control/CMakeFiles/examples__rover_steering_control.dir/main.cpp.obj[0m
[ 88%] [32mBuilding C object src/examples/rover_steering_control/CMakeFiles/examples__rover_steering_control.dir/params.c.obj[0m
[ 89%] [32m[1mLinking CXX static library libexamples__rover_steering_control.a[0m
[ 89%] Built target examples__rover_steering_control
[35m[1mScanning dependencies of target examples__px4_simple_app[0m
[ 89%] [32mBuilding C object src/examples/px4_simple_app/CMakeFiles/examples__px4_simple_app.dir/px4_simple_app.c.obj[0m
[ 89%] [32m[1mLinking CXX static library libmodules__bottle_drop.a[0m
[ 89%] [32m[1mLinking C static library libexamples__px4_simple_app.a[0m
[ 89%] Built target modules__bottle_drop
[35m[1mScanning dependencies of target df_driver_framework[0m
[ 89%] Built target examples__px4_simple_app
[35m[1mScanning dependencies of target fw_io[0m
[ 89%] [34m[1mGenerating px4io-v2.bin[0m
[ 89%] [32mBuilding CXX object src/lib/DriverFramework/framework/src/CMakeFiles/df_driver_framework.dir/DriverFramework_NuttX.cpp.obj[0m
[ 89%] Built target fw_io
[ 89%] [32mBuilding CXX object src/lib/DriverFramework/framework/src/CMakeFiles/df_driver_framework.dir/DevMgr_Nuttx.cpp.obj[0m
[ 89%] [32mBuilding CXX object src/lib/ecl/CMakeFiles/lib__ecl.dir/EKF/gps_checks.cpp.obj[0m
[ 90%] [32mBuilding CXX object src/lib/DriverFramework/framework/src/CMakeFiles/df_driver_framework.dir/DFList.cpp.obj[0m
[ 90%] [32mBuilding CXX object src/lib/ecl/CMakeFiles/lib__ecl.dir/EKF/airspeed_fusion.cpp.obj[0m
[ 90%] [32mBuilding CXX object src/lib/DriverFramework/framework/src/CMakeFiles/df_driver_framework.dir/SyncObj.cpp.obj[0m
[ 90%] [32mBuilding CXX object src/lib/DriverFramework/framework/src/CMakeFiles/df_driver_framework.dir/Time.cpp.obj[0m
[ 90%] [32mBuilding CXX object src/lib/ecl/CMakeFiles/lib__ecl.dir/EKF/optflow_fusion.cpp.obj[0m
[ 90%] [32m[1mLinking CXX static library libdf_driver_framework.a[0m
[ 90%] Built target df_driver_framework
[35m[1mScanning dependencies of target modules__systemlib[0m
[ 91%] [32mBuilding CXX object src/lib/ecl/CMakeFiles/lib__ecl.dir/EKF/control.cpp.obj[0m
[ 91%] [32mBuilding CXX object src/lib/ecl/CMakeFiles/lib__ecl.dir/EKF/terrain_estimator.cpp.obj[0m
[ 91%] [32mBuilding C object src/modules/systemlib/CMakeFiles/modules__systemlib.dir/perf_counter.c.obj[0m
[ 91%] [32mBuilding C object src/modules/systemlib/CMakeFiles/modules__systemlib.dir/conversions.c.obj[0m
[ 92%] [32mBuilding C object src/modules/systemlib/CMakeFiles/modules__systemlib.dir/cpuload.c.obj[0m
[ 92%] [32mBuilding C object src/modules/systemlib/CMakeFiles/modules__systemlib.dir/pid/pid.c.obj[0m
[ 92%] [32mBuilding C object src/modules/systemlib/CMakeFiles/modules__systemlib.dir/airspeed.c.obj[0m
[ 92%] [32mBuilding C object src/modules/systemlib/CMakeFiles/modules__systemlib.dir/mavlink_log.c.obj[0m
[ 93%] [32mBuilding C object src/modules/systemlib/CMakeFiles/modules__systemlib.dir/rc_check.c.obj[0m
[ 93%] [32mBuilding C object src/modules/systemlib/CMakeFiles/modules__systemlib.dir/otp.c.obj[0m
[ 93%] [32mBuilding C object src/modules/systemlib/CMakeFiles/modules__systemlib.dir/board_serial.c.obj[0m
[35m[1mScanning dependencies of target lib__DriverFramework__framework[0m
[ 94%] [32mBuilding CXX object src/lib/DriverFramework/framework/CMakeFiles/lib__DriverFramework__framework.dir/px4/df_dummy.cpp.obj[0m
[ 94%] [32mBuilding C object src/modules/systemlib/CMakeFiles/modules__systemlib.dir/pwm_limit/pwm_limit.c.obj[0m
[ 94%] [32m[1mLinking CXX static library liblib__DriverFramework__framework.a[0m
[ 94%] Built target lib__DriverFramework__framework
[ 94%] [34m[1mGenerating extras/px4io-v2.bin[0m
[ 95%] [34m[1mGenerating romfs.o[0m
[ 95%] [32mBuilding C object src/modules/systemlib/CMakeFiles/modules__systemlib.dir/mcu_version.c.obj[0m
[ 96%] [32mBuilding C object src/modules/systemlib/CMakeFiles/modules__systemlib.dir/bson/tinybson.c.obj[0m
[ 96%] [32mBuilding CXX object src/modules/systemlib/CMakeFiles/modules__systemlib.dir/circuit_breaker.cpp.obj[0m
[ 96%] [32mBuilding CXX object src/modules/systemlib/CMakeFiles/modules__systemlib.dir/battery.cpp.obj[0m
[ 96%] [32m[1mLinking CXX static library liblib__ecl.a[0m
[ 96%] [32mBuilding C object src/modules/systemlib/CMakeFiles/modules__systemlib.dir/err.c.obj[0m
[ 96%] Built target lib__ecl
[35m[1mScanning dependencies of target modules__fw_pos_control_l1[0m
[ 97%] [32mBuilding C object src/modules/systemlib/CMakeFiles/modules__systemlib.dir/printload.c.obj[0m
[ 97%] [32mBuilding CXX object src/modules/fw_pos_control_l1/CMakeFiles/modules__fw_pos_control_l1.dir/fw_pos_control_l1_main.cpp.obj[0m
[ 97%] [32mBuilding C object src/modules/systemlib/CMakeFiles/modules__systemlib.dir/param/param.c.obj[0m
[35m[1mScanning dependencies of target romfs[0m
[ 97%] [32m[1mLinking C static library libromfs.a[0m
[ 97%] [32mBuilding C object src/modules/systemlib/CMakeFiles/modules__systemlib.dir/up_cxxinitialize.c.obj[0m
[ 97%] Built target romfs
[ 97%] [32mBuilding C object src/modules/systemlib/CMakeFiles/modules__systemlib.dir/hx_stream.c.obj[0m
[ 97%] [32mBuilding CXX object src/modules/fw_pos_control_l1/CMakeFiles/modules__fw_pos_control_l1.dir/landingslope.cpp.obj[0m
[35m[1mScanning dependencies of target modules__fw_att_control[0m
[ 97%] [32mBuilding CXX object src/modules/fw_att_control/CMakeFiles/modules__fw_att_control.dir/fw_att_control_main.cpp.obj[0m
[ 98%] [32m[1mLinking CXX static library libmodules__systemlib.a[0m
[ 98%] Built target modules__systemlib
[100%] [32m[1mLinking CXX static library libmodules__fw_att_control.a[0m
[100%] Built target modules__fw_att_control
[100%] [32m[1mLinking CXX static library libmodules__fw_pos_control_l1.a[0m
[100%] Built target modules__fw_pos_control_l1
[35m[1mScanning dependencies of target firmware_nuttx[0m
[100%] [32mBuilding C object src/firmware/nuttx/CMakeFiles/firmware_nuttx.dir/builtin_commands.c.obj[0m
[100%] [32m[1mLinking CXX executable firmware_nuttx[0m
[100%] Built target firmware_nuttx
[35m[1mScanning dependencies of target build_firmware_aerocore[0m
[100%] [34m[1mGenerating nuttx-aerocore-default.px4[0m
[100%] Built target build_firmware_aerocore
]0;jessica@mcwiljl-ll1: ~/src/Firmwarejessica@mcwiljl-ll1:~/src/Firmware$ make aerocore_default upload
PX4 CONFIG: aerocore_default
[  0%] Built target git_nuttx
[  0%] Built target git_genmsg
[  0%] Built target mixer_gen
[  0%] Built target git_gencpp
[  0%] Built target git_mavlink
[  1%] Built target git_matrix
[  1%] Built target git_uavcan
[  1%] Built target git_ecl
[  2%] Built target nuttx_export_px4io-v2
[  2%] Built target nuttx_export_aerocore
[  3%] Built target xml_gen
[  3%] Built target io_prebuild_targets
[  3%] Built target prebuild_targets
[ 24%] Built target msg_gen
[ 25%] Built target generate_topic_listener
[ 26%] Built target platforms__common
[ 26%] Built target drivers__stm32__adc
[ 28%] Built target drivers__stm32
[ 30%] Built target drivers__device
[ 31%] Built target drivers__stm32__tone_alarm
[ 31%] Built target drivers__px4fmu
[ 32%] Built target drivers__led
[ 34%] Built target drivers__boards__aerocore
[ 34%] Built target drive