Script started on Wed 29 Jun 2016 08:36:04 AM EDT
]0;jessica@mcwiljl-ll1: ~/src/Firmwarejessica@mcwiljl-ll1:~/src/Firmware$ make aerocore_default 
PX4 CONFIG: aerocore_default
-- nuttx-aerocore-default
CMake Deprecation Warning at /usr/local/share/cmake-3.6/Modules/CMakeForceCompiler.cmake:79 (message):
  The CMAKE_FORCE_C_COMPILER macro is deprecated.  Instead just set
  CMAKE_C_COMPILER and allow CMake to identify the compiler.
Call Stack (most recent call first):
  cmake/toolchains/Toolchain-arm-none-eabi.cmake:31 (cmake_force_c_compiler)
  build_aerocore_default/CMakeFiles/3.6.0-rc3/CMakeSystem.cmake:6 (include)
  CMakeLists.txt:194 (project)


CMake Deprecation Warning at /usr/local/share/cmake-3.6/Modules/CMakeForceCompiler.cmake:93 (message):
  The CMAKE_FORCE_CXX_COMPILER macro is deprecated.  Instead just set
  CMAKE_CXX_COMPILER and allow CMake to identify the compiler.
Call Stack (most recent call first):
  cmake/toolchains/Toolchain-arm-none-eabi.cmake:37 (cmake_force_cxx_compiler)
  build_aerocore_default/CMakeFiles/3.6.0-rc3/CMakeSystem.cmake:6 (include)
  CMakeLists.txt:194 (project)


-- GIT_TAG = v1.4.0rc2-60-g19d49fd
-- Configuring done
CMake Warning (dev) at cmake/common/px4_base.cmake:316 (add_dependencies):
  Policy CMP0046 is not set: Error on non-existent dependency in
  add_dependencies.  Run "cmake --help-policy CMP0046" for policy details.
  Use the cmake_policy command to set the policy and suppress this warning.

  The dependency target "modules__param" of target "modules__systemlib" does
  not exist.
Call Stack (most recent call first):
  src/modules/systemlib/CMakeLists.txt:79 (px4_add_module)
This warning is for project developers.  Use -Wno-dev to suppress it.

-- Generating done
-- Build files have been written to: /home/jessica/src/Firmware/build_aerocore_default
[  0%] Built target git_gencpp
[  1%] Built target git_nuttx
[  1%] Built target git_mavlink
[  1%] Built target git_genmsg
[  1%] Built target git_uavcan
[  1%] Built target git_matrix
[  2%] Built target romfs
[  2%] Built target git_ecl
[  2%] Built target nuttx_export_aerocore
[  2%] Built target mixer_gen
[  2%] Built target prebuild_targets
[  2%] [34m[1mGenerating uORB topic multi headers for nuttx[0m
[  2%] [34m[1mGenerating uORB topic headers[0m
[  3%] [34m[1mGenerating uORB topic sources[0m
[35m[1mScanning dependencies of target msg_gen[0m
[  3%] [34m[1mGenerating uORB topic headers[0m
[  3%] [34m[1mGenerating uORB topic multi headers for nuttx[0m
[  3%] [32mBuilding CXX object CMakeFiles/msg_gen.dir/topics_sources/uORBTopics.cpp.obj[0m
[  4%] [32mBuilding CXX object CMakeFiles/msg_gen.dir/topics_sources/actuator_armed.cpp.obj[0m
[  4%] [32mBuilding CXX object CMakeFiles/msg_gen.dir/topics_sources/actuator_direct.cpp.obj[0m
[  4%] [32mBuilding CXX object CMakeFiles/msg_gen.dir/topics_sources/actuator_controls.cpp.obj[0m
[  4%] [32mBuilding CXX object CMakeFiles/msg_gen.dir/topics_sources/actuator_outputs.cpp.obj[0m
[  5%] [32mBuilding CXX object CMakeFiles/msg_gen.dir/topics_sources/adc_report.cpp.obj[0m
[  5%] [32mBuilding CXX object CMakeFiles/msg_gen.dir/topics_sources/airspeed.cpp.obj[0m
[  5%] [32mBuilding CXX object CMakeFiles/msg_gen.dir/topics_sources/att_pos_mocap.cpp.obj[0m
[  6%] [32mBuilding CXX object CMakeFiles/msg_gen.dir/topics_sources/battery_status.cpp.obj[0m
[  6%] [32mBuilding CXX object CMakeFiles/msg_gen.dir/topics_sources/camera_trigger.cpp.obj[0m
[  6%] [32mBuilding CXX object CMakeFiles/msg_gen.dir/topics_sources/control_state.cpp.obj[0m
[  6%] [32mBuilding CXX object CMakeFiles/msg_gen.dir/topics_sources/commander_state.cpp.obj[0m
[  7%] [32mBuilding CXX object CMakeFiles/msg_gen.dir/topics_sources/cpuload.cpp.obj[0m
[  7%] [32mBuilding CXX object CMakeFiles/msg_gen.dir/topics_sources/debug_key_value.cpp.obj[0m
[  7%] [32mBuilding CXX object CMakeFiles/msg_gen.dir/topics_sources/differential_pressure.cpp.obj[0m
[  7%] [32mBuilding CXX object CMakeFiles/msg_gen.dir/topics_sources/distance_sensor.cpp.obj[0m
[  8%] [32mBuilding CXX object CMakeFiles/msg_gen.dir/topics_sources/ekf2_innovations.cpp.obj[0m
[  8%] [32mBuilding CXX object CMakeFiles/msg_gen.dir/topics_sources/ekf2_replay.cpp.obj[0m
[  8%] [32mBuilding CXX object CMakeFiles/msg_gen.dir/topics_sources/encoders.cpp.obj[0m
[  9%] [32mBuilding CXX object CMakeFiles/msg_gen.dir/topics_sources/esc_report.cpp.obj[0m
[  9%] [32mBuilding CXX object CMakeFiles/msg_gen.dir/topics_sources/esc_status.cpp.obj[0m
[  9%] [32mBuilding CXX object CMakeFiles/msg_gen.dir/topics_sources/estimator_status.cpp.obj[0m
[  9%] [32mBuilding CXX object CMakeFiles/msg_gen.dir/topics_sources/fence.cpp.obj[0m
[ 10%] [32mBuilding CXX object CMakeFiles/msg_gen.dir/topics_sources/fence_vertex.cpp.obj[0m
[ 10%] [32mBuilding CXX object CMakeFiles/msg_gen.dir/topics_sources/filtered_bottom_flow.cpp.obj[0m
[ 10%] [32mBuilding CXX object CMakeFiles/msg_gen.dir/topics_sources/follow_target.cpp.obj[0m
[ 10%] [32mBuilding CXX object CMakeFiles/msg_gen.dir/topics_sources/fw_pos_ctrl_status.cpp.obj[0m
[ 11%] [32mBuilding CXX object CMakeFiles/msg_gen.dir/topics_sources/fw_virtual_attitude_setpoint.cpp.obj[0m
[ 11%] [32mBuilding CXX object CMakeFiles/msg_gen.dir/topics_sources/fw_virtual_rates_setpoint.cpp.obj[0m
[ 11%] [32mBuilding CXX object CMakeFiles/msg_gen.dir/topics_sources/geofence_result.cpp.obj[0m
[ 11%] [32mBuilding CXX object CMakeFiles/msg_gen.dir/topics_sources/gps_inject_data.cpp.obj[0m
[ 12%] [32mBuilding CXX object CMakeFiles/msg_gen.dir/topics_sources/hil_sensor.cpp.obj[0m
[ 12%] [32mBuilding CXX object CMakeFiles/msg_gen.dir/topics_sources/home_position.cpp.obj[0m
[ 12%] [32mBuilding CXX object CMakeFiles/msg_gen.dir/topics_sources/input_rc.cpp.obj[0m
[ 13%] [32mBuilding CXX object CMakeFiles/msg_gen.dir/topics_sources/manual_control_setpoint.cpp.obj[0m
[ 13%] [32mBuilding CXX object CMakeFiles/msg_gen.dir/topics_sources/mavlink_log.cpp.obj[0m
[ 13%] [32mBuilding CXX object CMakeFiles/msg_gen.dir/topics_sources/mc_att_ctrl_status.cpp.obj[0m
[ 13%] [32mBuilding CXX object CMakeFiles/msg_gen.dir/topics_sources/mc_virtual_attitude_setpoint.cpp.obj[0m
[ 14%] [32mBuilding CXX object CMakeFiles/msg_gen.dir/topics_sources/mc_virtual_rates_setpoint.cpp.obj[0m
[ 14%] [32mBuilding CXX object CMakeFiles/msg_gen.dir/topics_sources/mission.cpp.obj[0m
[ 14%] [32mBuilding CXX object CMakeFiles/msg_gen.dir/topics_sources/mission_result.cpp.obj[0m
[ 15%] [32mBuilding CXX object CMakeFiles/msg_gen.dir/topics_sources/offboard_control_mode.cpp.obj[0m
[ 15%] [32mBuilding CXX object CMakeFiles/msg_gen.dir/topics_sources/multirotor_motor_limits.cpp.obj[0m
[ 15%] [32mBuilding CXX object CMakeFiles/msg_gen.dir/topics_sources/optical_flow.cpp.obj[0m
[ 15%] [32mBuilding CXX object CMakeFiles/msg_gen.dir/topics_sources/output_pwm.cpp.obj[0m
[ 16%] [32mBuilding CXX object CMakeFiles/msg_gen.dir/topics_sources/parameter_update.cpp.obj[0m
[ 16%] [32mBuilding CXX object CMakeFiles/msg_gen.dir/topics_sources/position_setpoint.cpp.obj[0m
[ 16%] [32mBuilding CXX object CMakeFiles/msg_gen.dir/topics_sources/position_setpoint_triplet.cpp.obj[0m
[ 16%] [32mBuilding CXX object CMakeFiles/msg_gen.dir/topics_sources/pwm_input.cpp.obj[0m
[ 17%] [32mBuilding CXX object CMakeFiles/msg_gen.dir/topics_sources/qshell_req.cpp.obj[0m
[ 17%] [32mBuilding CXX object CMakeFiles/msg_gen.dir/topics_sources/rc_channels.cpp.obj[0m
[ 17%] [32mBuilding CXX object CMakeFiles/msg_gen.dir/topics_sources/rc_parameter_map.cpp.obj[0m
[ 17%] [32mBuilding CXX object CMakeFiles/msg_gen.dir/topics_sources/safety.cpp.obj[0m
[ 18%] [32mBuilding CXX object CMakeFiles/msg_gen.dir/topics_sources/satellite_info.cpp.obj[0m
[ 18%] [32mBuilding CXX object CMakeFiles/msg_gen.dir/topics_sources/sensor_accel.cpp.obj[0m
[ 18%] [32mBuilding CXX object CMakeFiles/msg_gen.dir/topics_sources/sensor_baro.cpp.obj[0m
[ 19%] [32mBuilding CXX object CMakeFiles/msg_gen.dir/topics_sources/sensor_combined.cpp.obj[0m
[ 19%] [32mBuilding CXX object CMakeFiles/msg_gen.dir/topics_sources/sensor_gyro.cpp.obj[0m
[ 19%] [32mBuilding CXX object CMakeFiles/msg_gen.dir/topics_sources/sensor_mag.cpp.obj[0m
[ 19%] [32mBuilding CXX object CMakeFiles/msg_gen.dir/topics_sources/servorail_status.cpp.obj[0m
[ 20%] [32mBuilding CXX object CMakeFiles/msg_gen.dir/topics_sources/subsystem_info.cpp.obj[0m
[ 20%] [32mBuilding CXX object CMakeFiles/msg_gen.dir/topics_sources/system_power.cpp.obj[0m
[ 20%] [32mBuilding CXX object CMakeFiles/msg_gen.dir/topics_sources/tecs_status.cpp.obj[0m
[ 20%] [32mBuilding CXX object CMakeFiles/msg_gen.dir/topics_sources/telemetry_status.cpp.obj[0m
[ 21%] [32mBuilding CXX object CMakeFiles/msg_gen.dir/topics_sources/test_motor.cpp.obj[0m
[ 21%] [32mBuilding CXX object CMakeFiles/msg_gen.dir/topics_sources/time_offset.cpp.obj[0m
[ 21%] [32mBuilding CXX object CMakeFiles/msg_gen.dir/topics_sources/transponder_report.cpp.obj[0m
[ 22%] [32mBuilding CXX object CMakeFiles/msg_gen.dir/topics_sources/uavcan_parameter_request.cpp.obj[0m
[ 22%] [32mBuilding CXX object CMakeFiles/msg_gen.dir/topics_sources/uavcan_parameter_value.cpp.obj[0m
[ 22%] [32mBuilding CXX object CMakeFiles/msg_gen.dir/topics_sources/vehicle_attitude.cpp.obj[0m
[ 22%] [32mBuilding CXX object CMakeFiles/msg_gen.dir/topics_sources/vehicle_attitude_setpoint.cpp.obj[0m
[ 23%] [32mBuilding CXX object CMakeFiles/msg_gen.dir/topics_sources/vehicle_command_ack.cpp.obj[0m
[ 23%] [32mBuilding CXX object CMakeFiles/msg_gen.dir/topics_sources/vehicle_command.cpp.obj[0m
[ 23%] [32mBuilding CXX object CMakeFiles/msg_gen.dir/topics_sources/vehicle_control_mode.cpp.obj[0m
[ 23%] [32mBuilding CXX object CMakeFiles/msg_gen.dir/topics_sources/vehicle_force_setpoint.cpp.obj[0m
[ 25%] [32mBuilding CXX object CMakeFiles/msg_gen.dir/topics_sources/vehicle_global_position.cpp.obj[0m
[ 25%] [32mBuilding CXX object CMakeFiles/msg_gen.dir/topics_sources/vehicle_global_velocity_setpoint.cpp.obj[0m
[ 25%] [32mBuilding CXX object CMakeFiles/msg_gen.dir/topics_sources/vehicle_gps_position.cpp.obj[0m
[ 25%] [32mBuilding CXX object CMakeFiles/msg_gen.dir/topics_sources/vehicle_land_detected.cpp.obj[0m
[ 26%] [32mBuilding CXX object CMakeFiles/msg_gen.dir/topics_sources/vehicle_local_position.cpp.obj[0m
[ 26%] [32mBuilding CXX object CMakeFiles/msg_gen.dir/topics_sources/vehicle_local_position_setpoint.cpp.obj[0m
[ 26%] [32mBuilding CXX object CMakeFiles/msg_gen.dir/topics_sources/vehicle_rates_setpoint.cpp.obj[0m
[ 27%] [32mBuilding CXX object CMakeFiles/msg_gen.dir/topics_sources/vehicle_status.cpp.obj[0m
[ 27%] [32mBuilding CXX object CMakeFiles/msg_gen.dir/topics_sources/vision_position_estimate.cpp.obj[0m
[ 27%] [32mBuilding CXX object CMakeFiles/msg_gen.dir/topics_sources/vtol_vehicle_status.cpp.obj[0m
[ 27%] [32mBuilding CXX object CMakeFiles/msg_gen.dir/topics_sources/wind_estimate.cpp.obj[0m
[ 28%] [32m[1mLinking CXX static library libmsg_gen.a[0m
[ 28%] Built target msg_gen
[ 29%] Built target platforms__common
[ 29%] Built target platforms__nuttx
[ 29%] Built target drivers__stm32__adc
[ 34%] Built target drivers__stm32
[ 34%] Built target drivers__device
[ 35%] Built target drivers__stm32__tone_alarm
[ 35%] Built target drivers__led
[ 36%] Built target drivers__px4fmu
[ 37%] Built target drivers__lsm303d
[ 38%] Built target drivers__l3gd20
[ 39%] Built target drivers__boards__aerocore
[ 40%] Built target drivers__ms5611
[ 41%] Built target modules__sensors
[ 42%] Built target drivers__gps
[ 42%] Built target drivers__pwm_input
[ 43%] Built target systemcmds__param
[35m[1mScanning dependencies of target drivers__aerocore_rc[0m
[ 44%] Built target systemcmds__mixer
[ 44%] Built target systemcmds__perf
[ 45%] Built target systemcmds__reboot
[ 45%] Built target systemcmds__pwm
[ 45%] Built target systemcmds__esc_calib
[ 46%] Built target systemcmds__top
[ 46%] Built target systemcmds__config
[ 46%] Built target systemcmds__nshterm
[35m[1mScanning dependencies of target systemcmds__ver[0m
[ 47%] Built target systemcmds__dumpfile
[ 48%] Built target systemcmds__mtd
[ 48%] [32mBuilding C object src/systemcmds/ver/CMakeFiles/systemcmds__ver.dir/ver.c.obj[0m
[ 53%] Built target modules__commander
[ 57%] Built target modules__navigator
[ 58%] [32mBuilding CXX object src/drivers/aerocore_rc/CMakeFiles/drivers__aerocore_rc.dir/aerocore_rc.cpp.obj[0m
[ 60%] Built target modules__land_detector
[ 61%] Built target modules__attitude_estimator_q
[ 61%] [32mBuilding C object src/drivers/aerocore_rc/CMakeFiles/drivers__aerocore_rc.dir/registers.c.obj[0m
[35m[1mScanning dependencies of target modules__mavlink[0m
[ 61%] [32m[1mLinking C static library libsystemcmds__ver.a[0m
[ 61%] Built target systemcmds__ver
[ 61%] [32mBuilding C object src/drivers/aerocore_rc/CMakeFiles/drivers__aerocore_rc.dir/controls.c.obj[0m
[ 61%] [32mBuilding C object src/drivers/aerocore_rc/CMakeFiles/drivers__aerocore_rc.dir/dsm.c.obj[0m
In file included from /home/jessica/src/Firmware/src/drivers/aerocore_rc/dsm.c:51:0:
/home/jessica/src/Firmware/src/drivers/aerocore_rc/dsm.c: In function 'dsm_init':
/home/jessica/src/Firmware/src/drivers/aerocore_rc/aerocore_rc.h:139:45: error: 'GPIO_SPEKTRUM_PWR_EN' undeclared (first use in this function)
 # define POWER_SPEKTRUM(_s) stm32_gpiowrite(GPIO_SPEKTRUM_PWR_EN, (_s))
                                             ^
/home/jessica/src/Firmware/src/drivers/aerocore_rc/dsm.c:207:2: note: in expansion of macro 'POWER_SPEKTRUM'
  POWER_SPEKTRUM(true);
  ^
compilation terminated due to -Wfatal-errors.
make[3]: *** [src/drivers/aerocore_rc/CMakeFiles/drivers__aerocore_rc.dir/dsm.c.obj] Error 1
make[3]: *** Waiting for unfinished jobs....
[ 62%] Built target modules__position_estimator_inav
[ 63%] Built target modules__ekf_att_pos_estimator
[ 63%] Built target lib__external_lgpl
[ 63%] Built target modules__mc_att_control
[ 69%] Built target lib__ecl
[ 70%] Built target modules__mc_pos_control
/home/jessica/src/Firmware/src/drivers/aerocore_rc/aerocore_rc.cpp: In member function 'virtual int AeroCoreIO::init()':
/home/jessica/src/Firmware/src/drivers/aerocore_rc/aerocore_rc.cpp:239:27: error: 'debug' was not declared in this scope
   debug("CDev init failed");
                           ^
compilation terminated due to -Wfatal-errors.
make[3]: *** [src/drivers/aerocore_rc/CMakeFiles/drivers__aerocore_rc.dir/aerocore_rc.cpp.obj] Error 1
make[2]: *** [src/drivers/aerocore_rc/CMakeFiles/drivers__aerocore_rc.dir/all] Error 2
make[2]: *** Waiting for unfinished jobs....
[ 71%] Built target modules__vtol_att_control
[35m[1mScanning dependencies of target modules__systemlib[0m
[ 71%] [32mBuilding CXX object src/modules/mavlink/CMakeFiles/modules__mavlink.dir/mavlink_main.cpp.obj[0m
[ 72%] [32mBuilding C object src/modules/systemlib/CMakeFiles/modules__systemlib.dir/param/param.c.obj[0m
[ 72%] [32mBuilding C object src/modules/systemlib/CMakeFiles/modules__systemlib.dir/up_cxxinitialize.c.obj[0m
[ 72%] [32mBuilding C object src/modules/systemlib/CMakeFiles/modules__systemlib.dir/hx_stream.c.obj[0m
/home/jessica/src/Firmware/src/modules/systemlib/param/param.c:69:28: fatal error: px4_parameters.h: No such file or directory
 #include "px4_parameters.h"
                            ^
compilation terminated.
make[3]: *** [src/modules/systemlib/CMakeFiles/modules__systemlib.dir/param/param.c.obj] Error 1
make[3]: *** Waiting for unfinished jobs....
make[2]: *** [src/modules/systemlib/CMakeFiles/modules__systemlib.dir/all] Error 2
[ 72%] [32m[1mLinking CXX static library libmodules__mavlink.a[0m
[ 76%] Built target modules__mavlink
make[1]: *** [all] Error 2
make: *** [aerocore_default] Error 2
]0;jessica@mcwiljl-ll1: ~/src/Firmwarejessica@mcwiljl-ll1:~/src/Firmware$ [K]0;jessica@mcwiljl-ll1: ~/src/Firmwarejessica@mcwiljl-ll1:~/src/Firmware$ make aerocore_default 
PX4 CONFIG: aerocore_default
-- nuttx-aerocore-default
CMake Deprecation Warning at /usr/local/share/cmake-3.6/Modules/CMakeForceCompiler.cmake:79 (message):
  The CMAKE_FORCE_C_COMPILER macro is deprecated.  Instead just set
  CMAKE_C_COMPILER and allow CMake to identify the compiler.
Call Stack (most recent call first):
  cmake/toolchains/Toolchain-arm-none-eabi.cmake:31 (cmake_force_c_compiler)
  build_aerocore_default/CMakeFiles/3.6.0-rc3/CMakeSystem.cmake:6 (include)
  CMakeLists.txt:194 (project)


CMake Deprecation Warning at /usr/local/share/cmake-3.6/Modules/CMakeForceCompiler.cmake:93 (message):
  The CMAKE_FORCE_CXX_COMPILER macro is deprecated.  Instead just set
  CMAKE_CXX_COMPILER and allow CMake to identify the compiler.
Call Stack (most recent call first):
  cmake/toolchains/Toolchain-arm-none-eabi.cmake:37 (cmake_force_cxx_compiler)
  build_aerocore_default/CMakeFiles/3.6.0-rc3/CMakeSystem.cmake:6 (include)
  CMakeLists.txt:194 (project)


-- GIT_TAG = v1.4.0rc2-60-g19d49fd
-- Configuring done
-- Generating done
-- Build files have been written to: /home/jessica/src/Firmware/build_aerocore_default
[  0%] Built target git_gencpp
[  0%] Built target git_mavlink
[  0%] Built target git_nuttx
[  1%] Built target git_genmsg
[  1%] Built target git_uavcan
[  2%] Built target git_matrix
[  2%] Built target git_ecl
[35m[1mScanning dependencies of target xml_gen[0m
[  3%] Built target romfs
[  3%] [34m[1mGenerating parameters.xml[0m
[  4%] Built target mixer_gen
[  4%] [34m[1mGenerating airframes.xml[0m
[  4%] Built target nuttx_export_aerocore
[  4%] Built target prebuild_targets
[  4%] [34m[1mGenerating uORB topic sources[0m
[  4%] [34m[1mGenerating uORB topic headers[0m
[  5%] [34m[1mGenerating uORB topic multi headers for nuttx[0m
[35m[1mScanning dependencies of target msg_gen[0m
[  5%] [34m[1mGenerating uORB topic headers[0m
[  5%] [34m[1mGenerating uORB topic multi headers for nuttx[0m
[  5%] [32mBuilding CXX object CMakeFiles/msg_gen.dir/topics_sources/uORBTopics.cpp.obj[0m
[  5%] [32mBuilding CXX object CMakeFiles/msg_gen.dir/topics_sources/actuator_armed.cpp.obj[0m
[  6%] [32mBuilding CXX object CMakeFiles/msg_gen.dir/topics_sources/actuator_controls.cpp.obj[0m
[  6%] [32mBuilding CXX object CMakeFiles/msg_gen.dir/topics_sources/actuator_direct.cpp.obj[0m
[  6%] [32mBuilding CXX object CMakeFiles/msg_gen.dir/topics_sources/actuator_outputs.cpp.obj[0m
[  6%] [32mBuilding CXX object CMakeFiles/msg_gen.dir/topics_sources/adc_report.cpp.obj[0m
[  7%] [32mBuilding CXX object CMakeFiles/msg_gen.dir/topics_sources/airspeed.cpp.obj[0m
[  7%] [32mBuilding CXX object CMakeFiles/msg_gen.dir/topics_sources/att_pos_mocap.cpp.obj[0m
[  7%] [32mBuilding CXX object CMakeFiles/msg_gen.dir/topics_sources/battery_status.cpp.obj[0m
[  8%] [32mBuilding CXX object CMakeFiles/msg_gen.dir/topics_sources/camera_trigger.cpp.obj[0m
[  8%] [32mBuilding CXX object CMakeFiles/msg_gen.dir/topics_sources/commander_state.cpp.obj[0m
[  8%] [32mBuilding CXX object CMakeFiles/msg_gen.dir/topics_sources/control_state.cpp.obj[0m
[  8%] [32mBuilding CXX object CMakeFiles/msg_gen.dir/topics_sources/cpuload.cpp.obj[0m
[  9%] [32mBuilding CXX object CMakeFiles/msg_gen.dir/topics_sources/debug_key_value.cpp.obj[0m
[  9%] [32mBuilding CXX object CMakeFiles/msg_gen.dir/topics_sources/differential_pressure.cpp.obj[0m
[  9%] [32mBuilding CXX object CMakeFiles/msg_gen.dir/topics_sources/distance_sensor.cpp.obj[0m
[  9%] [32mBuilding CXX object CMakeFiles/msg_gen.dir/topics_sources/ekf2_innovations.cpp.obj[0m
[ 10%] [32mBuilding CXX object CMakeFiles/msg_gen.dir/topics_sources/ekf2_replay.cpp.obj[0m
[ 10%] [32mBuilding CXX object CMakeFiles/msg_gen.dir/topics_sources/encoders.cpp.obj[0m
[ 10%] [32mBuilding CXX object CMakeFiles/msg_gen.dir/topics_sources/esc_report.cpp.obj[0m
[ 11%] [32mBuilding CXX object CMakeFiles/msg_gen.dir/topics_sources/esc_status.cpp.obj[0m
[ 11%] [32mBuilding CXX object CMakeFiles/msg_gen.dir/topics_sources/estimator_status.cpp.obj[0m
[ 11%] [32mBuilding CXX object CMakeFiles/msg_gen.dir/topics_sources/fence.cpp.obj[0m
[ 12%] [32mBuilding CXX object CMakeFiles/msg_gen.dir/topics_sources/fence_vertex.cpp.obj[0m
[ 12%] [32mBuilding CXX object CMakeFiles/msg_gen.dir/topics_sources/filtered_bottom_flow.cpp.obj[0m
[ 12%] [32mBuilding CXX object CMakeFiles/msg_gen.dir/topics_sources/follow_target.cpp.obj[0m
[ 12%] [32mBuilding CXX object CMakeFiles/msg_gen.dir/topics_sources/fw_pos_ctrl_status.cpp.obj[0m
[ 12%] [32mBuilding CXX object CMakeFiles/msg_gen.dir/topics_sources/fw_virtual_attitude_setpoint.cpp.obj[0m
[ 13%] [32mBuilding CXX object CMakeFiles/msg_gen.dir/topics_sources/fw_virtual_rates_setpoint.cpp.obj[0m
[ 13%] [32mBuilding CXX object CMakeFiles/msg_gen.dir/topics_sources/geofence_result.cpp.obj[0m
[ 13%] [32mBuilding CXX object CMakeFiles/msg_gen.dir/topics_sources/gps_inject_data.cpp.obj[0m
[ 14%] [32mBuilding CXX object CMakeFiles/msg_gen.dir/topics_sources/hil_sensor.cpp.obj[0m
[ 14%] [32mBuilding CXX object CMakeFiles/msg_gen.dir/topics_sources/home_position.cpp.obj[0m
[ 14%] [32mBuilding CXX object CMakeFiles/msg_gen.dir/topics_sources/input_rc.cpp.obj[0m
[ 14%] [32mBuilding CXX object CMakeFiles/msg_gen.dir/topics_sources/manual_control_setpoint.cpp.obj[0m
[ 15%] [32mBuilding CXX object CMakeFiles/msg_gen.dir/topics_sources/mavlink_log.cpp.obj[0m
[ 15%] [32mBuilding CXX object CMakeFiles/msg_gen.dir/topics_sources/mc_att_ctrl_status.cpp.obj[0m
[ 15%] [32mBuilding CXX object CMakeFiles/msg_gen.dir/topics_sources/mc_virtual_attitude_setpoint.cpp.obj[0m
[ 15%] [32mBuilding CXX object CMakeFiles/msg_gen.dir/topics_sources/mc_virtual_rates_setpoint.cpp.obj[0m
[ 16%] [32mBuilding CXX object CMakeFiles/msg_gen.dir/topics_sources/mission.cpp.obj[0m
[ 16%] [32mBuilding CXX object CMakeFiles/msg_gen.dir/topics_sources/mission_result.cpp.obj[0m
[ 16%] [32mBuilding CXX object CMakeFiles/msg_gen.dir/topics_sources/multirotor_motor_limits.cpp.obj[0m
[ 17%] [32mBuilding CXX object CMakeFiles/msg_gen.dir/topics_sources/offboard_control_mode.cpp.obj[0m
[ 17%] [32mBuilding CXX object CMakeFiles/msg_gen.dir/topics_sources/optical_flow.cpp.obj[0m
[ 17%] [32mBuilding CXX object CMakeFiles/msg_gen.dir/topics_sources/output_pwm.cpp.obj[0m
[ 17%] [32mBuilding CXX object CMakeFiles/msg_gen.dir/topics_sources/parameter_update.cpp.obj[0m
[ 18%] [32mBuilding CXX object CMakeFiles/msg_gen.dir/topics_sources/position_setpoint.cpp.obj[0m
[ 18%] [32mBuilding CXX object CMakeFiles/msg_gen.dir/topics_sources/pwm_input.cpp.obj[0m
[ 18%] [32mBuilding CXX object CMakeFiles/msg_gen.dir/topics_sources/position_setpoint_triplet.cpp.obj[0m
[ 18%] [32mBuilding CXX object CMakeFiles/msg_gen.dir/topics_sources/qshell_req.cpp.obj[0m
[ 19%] [32mBuilding CXX object CMakeFiles/msg_gen.dir/topics_sources/rc_channels.cpp.obj[0m
[ 19%] [32mBuilding CXX object CMakeFiles/msg_gen.dir/topics_sources/rc_parameter_map.cpp.obj[0m
[ 19%] [32mBuilding CXX object CMakeFiles/msg_gen.dir/topics_sources/safety.cpp.obj[0m
[ 20%] [32mBuilding CXX object CMakeFiles/msg_gen.dir/topics_sources/satellite_info.cpp.obj[0m
[ 20%] [32mBuilding CXX object CMakeFiles/msg_gen.dir/topics_sources/sensor_accel.cpp.obj[0m
[ 20%] [32mBuilding CXX object CMakeFiles/msg_gen.dir/topics_sources/sensor_baro.cpp.obj[0m
[ 20%] [32mBuilding CXX object CMakeFiles/msg_gen.dir/topics_sources/sensor_combined.cpp.obj[0m
[ 21%] [32mBuilding CXX object CMakeFiles/msg_gen.dir/topics_sources/sensor_gyro.cpp.obj[0m
[ 21%] [32mBuilding CXX object CMakeFiles/msg_gen.dir/topics_sources/sensor_mag.cpp.obj[0m
[ 21%] [32mBuilding CXX object CMakeFiles/msg_gen.dir/topics_sources/servorail_status.cpp.obj[0m
[ 21%] [32mBuilding CXX object CMakeFiles/msg_gen.dir/topics_sources/subsystem_info.cpp.obj[0m
[ 22%] [32mBuilding CXX object CMakeFiles/msg_gen.dir/topics_sources/system_power.cpp.obj[0m
[ 22%] [32mBuilding CXX object CMakeFiles/msg_gen.dir/topics_sources/tecs_status.cpp.obj[0m
[ 22%] [32mBuilding CXX object CMakeFiles/msg_gen.dir/topics_sources/telemetry_status.cpp.obj[0m
[ 23%] [32mBuilding CXX object CMakeFiles/msg_gen.dir/topics_sources/test_motor.cpp.obj[0m
[ 23%] [32mBuilding CXX object CMakeFiles/msg_gen.dir/topics_sources/time_offset.cpp.obj[0m
[ 23%] [32mBuilding CXX object CMakeFiles/msg_gen.dir/topics_sources/transponder_report.cpp.obj[0m
[ 23%] [32mBuilding CXX object CMakeFiles/msg_gen.dir/topics_sources/uavcan_parameter_request.cpp.obj[0m
[ 24%] [32mBuilding CXX object CMakeFiles/msg_gen.dir/topics_sources/uavcan_parameter_value.cpp.obj[0m
[ 24%] [32mBuilding CXX object CMakeFiles/msg_gen.dir/topics_sources/vehicle_attitude.cpp.obj[0m
[ 24%] [32mBuilding CXX object CMakeFiles/msg_gen.dir/topics_sources/vehicle_attitude_setpoint.cpp.obj[0m
[ 24%] [32mBuilding CXX object CMakeFiles/msg_gen.dir/topics_sources/vehicle_command_ack.cpp.obj[0m
[ 25%] [32mBuilding CXX object CMakeFiles/msg_gen.dir/topics_sources/vehicle_command.cpp.obj[0m
[ 25%] [32mBuilding CXX object CMakeFiles/msg_gen.dir/topics_sources/vehicle_control_mode.cpp.obj[0m
[ 25%] [32mBuilding CXX object CMakeFiles/msg_gen.dir/topics_sources/vehicle_force_setpoint.cpp.obj[0m
[ 26%] [32mBuilding CXX object CMakeFiles/msg_gen.dir/topics_sources/vehicle_global_position.cpp.obj[0m
[ 26%] [32mBuilding CXX object CMakeFiles/msg_gen.dir/topics_sources/vehicle_global_velocity_setpoint.cpp.obj[0m
[ 26%] [32mBuilding CXX object CMakeFiles/msg_gen.dir/topics_sources/vehicle_gps_position.cpp.obj[0m
[ 26%] [32mBuilding CXX object CMakeFiles/msg_gen.dir/topics_sources/vehicle_land_detected.cpp.obj[0m
[ 27%] [32mBuilding CXX object CMakeFiles/msg_gen.dir/topics_sources/vehicle_local_position.cpp.obj[0m
[ 27%] [32mBuilding CXX object CMakeFiles/msg_gen.dir/topics_sources/vehicle_local_position_setpoint.cpp.obj[0m
[ 27%] [32mBuilding CXX object CMakeFiles/msg_gen.dir/topics_sources/vehicle_rates_setpoint.cpp.obj[0m
[ 27%] [32mBuilding CXX object CMakeFiles/msg_gen.dir/topics_sources/vehicle_status.cpp.obj[0m
[ 28%] [32mBuilding CXX object CMakeFiles/msg_gen.dir/topics_sources/vision_position_estimate.cpp.obj[0m
[ 28%] [32mBuilding CXX object CMakeFiles/msg_gen.dir/topics_sources/vtol_vehicle_status.cpp.obj[0m
[ 28%] [32mBuilding CXX object CMakeFiles/msg_gen.dir/topics_sources/wind_estimate.cpp.obj[0m
[ 29%] [32m[1mLinking CXX static library libmsg_gen.a[0m
[ 29%] Built target msg_gen
[ 30%] Built target platforms__common
[ 30%] Built target platforms__nuttx
[ 31%] Built target drivers__stm32
[ 32%] Built target drivers__stm32__adc
[ 34%] Built target drivers__device
[ 34%] Built target drivers__stm32__tone_alarm
[ 35%] Built target drivers__led
[ 36%] Built target drivers__px4fmu
[ 36%] Built target drivers__lsm303d
[ 38%] Built target drivers__boards__aerocore
[ 38%] Built target drivers__l3gd20
[ 39%] Built target drivers__ms5611
[ 40%] Built target modules__sensors
[ 42%] Built target drivers__gps
[ 43%] Built target drivers__pwm_input
[ 44%] Built target systemcmds__mixer
[ 45%] Built target systemcmds__param
[ 45%] Built target systemcmds__perf
[ 46%] Built target systemcmds__pwm
[ 46%] Built target systemcmds__esc_calib
[ 47%] Built target systemcmds__top
[ 47%] Built target systemcmds__reboot
[ 47%] Built target systemcmds__config
[ 47%] Built target systemcmds__nshterm
[ 48%] Built target systemcmds__mtd
[ 50%] Built target systemcmds__dumpfile
[ 50%] Built target systemcmds__ver
[ 54%] Built target modules__commander
[ 58%] Built target modules__navigator
[ 59%] Built target modules__land_detector
[ 60%] Built target modules__attitude_estimator_q
[ 61%] Built target modules__ekf_att_pos_estimator
[ 62%] Built target modules__position_estimator_inav
[ 66%] Built target modules__mavlink
[ 67%] Built target lib__external_lgpl
[ 67%] Built target modules__mc_att_control
[ 68%] Built target modules__mc_pos_control
[ 73%] Built target lib__ecl
[ 75%] Built target modules__vtol_att_control
[ 77%] Built target modules__systemlib__mixer
[ 77%] Built target modules__dataman
[ 78%] Built target lib__controllib
[ 79%] Built target lib__mathlib
[ 80%] Built target lib__mathlib__math__filter
[ 81%] Built target modules__uORB
[ 81%] Built target lib__geo
[35m[1mScanning dependencies of target lib__geo_lookup[0m
[35m[1mScanning dependencies of target lib__launchdetection[0m
[35m[1mScanning dependencies of target lib__conversion[0m
[ 82%] [32mBuilding C object src/lib/geo_lookup/CMakeFiles/lib__geo_lookup.dir/geo_mag_declination.c.obj[0m
[ 82%] [32m[1mLinking C static library liblib__geo_lookup.a[0m
[ 82%] Built target lib__geo_lookup
[35m[1mScanning dependencies of target lib__terrain_estimation[0m
[ 83%] [32mBuilding CXX object src/lib/conversion/CMakeFiles/lib__conversion.dir/rotation.cpp.obj[0m
[ 83%] [32mBuilding CXX object src/lib/terrain_estimation/CMakeFiles/lib__terrain_estimation.dir/terrain_estimator.cpp.obj[0m
[ 83%] [32mBuilding CXX object src/lib/launchdetection/CMakeFiles/lib__launchdetection.dir/LaunchDetector.cpp.obj[0m
[ 83%] [32m[1mLinking CXX static library liblib__conversion.a[0m
[ 83%] Built target lib__conversion
[ 83%] [32mBuilding CXX object src/lib/launchdetection/CMakeFiles/lib__launchdetection.dir/CatapultLaunchMethod.cpp.obj[0m
[35m[1mScanning dependencies of target lib__runway_takeoff[0m
[ 83%] [32mBuilding CXX object src/lib/runway_takeoff/CMakeFiles/lib__runway_takeoff.dir/RunwayTakeoff.cpp.obj[0m
[ 84%] [32m[1mLinking CXX static library liblib__terrain_estimation.a[0m
[ 84%] Built target lib__terrain_estimation
[ 85%] [32m[1mLinking CXX static library liblib__launchdetection.a[0m
[ 85%] Built target lib__launchdetection
[35m[1mScanning dependencies of target lib__tailsitter_recovery[0m
[35m[1mScanning dependencies of target platforms__nuttx__px4_layer[0m
[ 85%] [32mBuilding CXX object src/lib/tailsitter_recovery/CMakeFiles/lib__tailsitter_recovery.dir/tailsitter_recovery.cpp.obj[0m
[ 86%] [32m[1mLinking CXX static library liblib__runway_takeoff.a[0m
[ 86%] [32mBuilding C object src/platforms/nuttx/px4_layer/CMakeFiles/platforms__nuttx__px4_layer.dir/px4_nuttx_tasks.c.obj[0m
[ 86%] Built target lib__runway_takeoff
[35m[1mScanning dependencies of target modules__bottle_drop[0m
[ 87%] [32mBuilding C object src/platforms/nuttx/px4_layer/CMakeFiles/platforms__nuttx__px4_layer.dir/__/__/posix/px4_layer/px4_log.c.obj[0m
[ 87%] [32m[1mLinking C static library libplatforms__nuttx__px4_layer.a[0m
[ 87%] [32mBuilding CXX object src/modules/bottle_drop/CMakeFiles/modules__bottle_drop.dir/bottle_drop.cpp.obj[0m
[ 87%] Built target platforms__nuttx__px4_layer
[35m[1mScanning dependencies of target examples__rover_steering_control[0m
[ 87%] [32mBuilding CXX object src/examples/rover_steering_control/CMakeFiles/examples__rover_steering_control.dir/main.cpp.obj[0m
[ 87%] [32m[1mLinking CXX static library liblib__tailsitter_recovery.a[0m
[ 87%] Built target lib__tailsitter_recovery
[35m[1mScanning dependencies of target examples__px4_simple_app[0m
[ 87%] [32mBuilding C object src/examples/px4_simple_app/CMakeFiles/examples__px4_simple_app.dir/px4_simple_app.c.obj[0m
[ 88%] [32m[1mLinking C static library libexamples__px4_simple_app.a[0m
[ 88%] Built target examples__px4_simple_app
[ 88%] [32mBuilding C object src/examples/rover_steering_control/CMakeFiles/examples__rover_steering_control.dir/params.c.obj[0m
[ 89%] [32m[1mLinking CXX static library libexamples__rover_steering_control.a[0m
[35m[1mScanning dependencies of target df_driver_framework[0m
[ 89%] Built target examples__rover_steering_control
[35m[1mScanning dependencies of target modules__fw_pos_control_l1[0m
[ 89%] [32m[1mLinking CXX static library libmodules__bottle_drop.a[0m
[ 89%] Built target modules__bottle_drop
[ 89%] [32mBuilding CXX object src/lib/DriverFramework/framework/src/CMakeFiles/df_driver_framework.dir/DriverFramework_NuttX.cpp.obj[0m
[35m[1mScanning dependencies of target modules__fw_att_control[0m
[ 89%] [32mBuilding CXX object src/modules/fw_pos_control_l1/CMakeFiles/modules__fw_pos_control_l1.dir/fw_pos_control_l1_main.cpp.obj[0m
[ 89%] [32mBuilding CXX object src/lib/DriverFramework/framework/src/CMakeFiles/df_driver_framework.dir/DevMgr_Nuttx.cpp.obj[0m
[ 90%] [32mBuilding CXX object src/modules/fw_att_control/CMakeFiles/modules__fw_att_control.dir/fw_att_control_main.cpp.obj[0m
[ 91%] [32mBuilding CXX object src/lib/DriverFramework/framework/src/CMakeFiles/df_driver_framework.dir/DFList.cpp.obj[0m
[ 91%] [32mBuilding CXX object src/lib/DriverFramework/framework/src/CMakeFiles/df_driver_framework.dir/SyncObj.cpp.obj[0m
[ 91%] [32mBuilding CXX object src/lib/DriverFramework/framework/src/CMakeFiles/df_driver_framework.dir/Time.cpp.obj[0m
[ 91%] [32m[1mLinking CXX static library libdf_driver_framework.a[0m
[ 91%] Built target df_driver_framework
[35m[1mScanning dependencies of target lib__DriverFramework__framework[0m
[ 92%] [32mBuilding CXX object src/lib/DriverFramework/framework/CMakeFiles/lib__DriverFramework__framework.dir/px4/df_dummy.cpp.obj[0m
[ 92%] [32m[1mLinking CXX static library liblib__DriverFramework__framework.a[0m
[ 92%] Built target lib__DriverFramework__framework
[ 92%] [32mBuilding CXX object src/modules/fw_pos_control_l1/CMakeFiles/modules__fw_pos_control_l1.dir/landingslope.cpp.obj[0m
[ 92%] [32m[1mLinking CXX static library libmodules__fw_att_control.a[0m
[ 92%] Built target modules__fw_att_control
[ 93%] [32m[1mLinking CXX static library libmodules__fw_pos_control_l1.a[0m
[ 93%] Built target modules__fw_pos_control_l1
[ 93%] Built target xml_gen
[ 93%] [34m[1mGenerating px4_parameters.h, px4_parameters.c[0m
[35m[1mScanning dependencies of target modules__param[0m
[ 94%] [32mBuilding C object src/modules/param/CMakeFiles/modules__param.dir/px4_parameters.c.obj[0m
[ 94%] [32m[1mLinking C static library libmodules__param.a[0m
[ 94%] Built target modules__param
[ 94%] [32mBuilding C object src/modules/systemlib/CMakeFiles/modules__systemlib.dir/param/param.c.obj[0m
[ 94%] [32m[1mLinking CXX static library libmodules__systemlib.a[0m
[100%] Built target modules__systemlib
[35m[1mScanning dependencies of target firmware_nuttx[0m
[100%] [32mBuilding C object src/firmware/nuttx/CMakeFiles/firmware_nuttx.dir/builtin_commands.c.obj[0m
[100%] [32m[1mLinking CXX executable firmware_nuttx[0m
/home/jessica/gcc-arm-none-eabi-4_9-2014q4/bin/../lib/gcc/arm-none-eabi/4.9.3/../../../../arm-none-eabi/bin/ld: cannot find -luavcan
/home/jessica/gcc-arm-none-eabi-4_9-2014q4/bin/../lib/gcc/arm-none-eabi/4.9.3/../../../../arm-none-eabi/bin/ld: cannot find -luavcan_stm32_driver
collect2: error: ld returned 1 exit status
make[3]: *** [src/firmware/nuttx/firmware_nuttx] Error 1
make[2]: *** [src/firmware/nuttx/CMakeFiles/firmware_nuttx.dir/all] Error 2
make[1]: *** [all] Error 2
make: *** [aerocore_default] Error 2
]0;jessica@mcwiljl-ll1: ~/src/Firmwarejessica@mcwiljl-ll1:~/src/Firmware$ make px4fmu-v2_default 
PX4 CONFIG: px4fmu-v2_default
[  0%] [  0%] [  0%] Built target git_mavlink
Built target git_gencpp
Built target git_genmsg
[  0%] Built target git_nuttx
[  1%] [  1%] Built target git_uavcan
Built target git_matrix
[  2%] [  2%] Built target mixer_gen
Built target libuavcan_dsdlc
[  3%] Built target git_ecl
[  4%] [  4%] [  5%] Built target nuttx_export_px4io-v2
Built target nuttx_export_px4fmu-v2
Built target xml_gen
[  5%] [  5%] Built target prebuild_targets
Built target io_prebuild_targets
[  6%] [  6%] [34m[1mGenerating uORB topic headers
[34m[1mGenerating uORB topic multi headers for nuttx
[0m[0m[  6%] [  6%] [34m[1mGenerating uORB topic headers
[0m[34m[1mGenerating uORB topic multi headers for nuttx
[0m[ 26%] Built target msg_gen
[ 26%] Built target platforms__common
[ 26%] Built target drivers__stm32__adc
[ 26%] Built target platforms__nuttx
[ 27%] Built target drivers__stm32
[ 27%] Built target drivers__stm32__tone_alarm
[ 27%] Built target drivers__led
[ 29%] Built target drivers__device
[ 35%] Built target px4io-v2
[ 35%] Built target drivers__px4fmu
[ 35%] [ 37%] Built target drivers__px4io
Built target drivers__rgbled
[ 37%] Built target drivers__l3gd20
[ 38%] Built target drivers__mpu6000
[ 39%] [ 40%] Built target drivers__boards__px4fmu-v2
Built target drivers__mpu9250
[ 40%] Built target drivers__lsm303d
[ 41%] Built target drivers__hmc5883
[ 41%] Built target drivers__sf0x
[ 41%] Built target drivers__ms5611
[ 41%] Built target drivers__srf02
[ 42%] Built target drivers__pwm_out_sim
[ 42%] [ 43%] Built target drivers__trone
Built target drivers__ll40ls
[ 44%] Built target drivers__gps
[ 44%] Built target drivers__airspeed
[ 45%] Built target drivers__blinkm
[ 45%] Built target drivers__ets_airspeed
[ 45%] Built target drivers__meas_airspeed
[ 45%] [ 45%] Built target drivers__frsky_telemetry
Built target drivers__px4flow
[ 45%] Built target modules__sensors
[ 46%] Built target drivers__gimbal
[ 46%] Built target drivers__pwm_input
[ 47%] Built target drivers__bst
[ 48%] Built target drivers__snapdragon_rc_pwm
[ 49%] Built target drivers__camera_trigger
[ 49%] [ 50%] Built target systemcmds__bl_update
Built target drivers__lis3mdl
[ 50%] Built target systemcmds__param
[ 50%] Built target systemcmds__mixer
[ 51%] [ 51%] Built target systemcmds__esc_calib
Built target systemcmds__perf
[ 51%] Built target systemcmds__pwm
[ 51%] Built target systemcmds__config
[ 51%] [ 51%] Built target systemcmds__reboot
Built target systemcmds__top
[ 51%] Built target systemcmds__nshterm
[ 52%] [ 53%] Built target systemcmds__mtd
Built target systemcmds__ver
[ 54%] Built target systemcmds__dumpfile
[ 54%] Built target systemcmds__motor_ramp
[ 55%] Built target modules__load_mon
[ 58%] Built target modules__commander
[ 61%] Built target modules__navigator
[ 67%] Built target uavcan
[ 67%] Built target modules__attitude_estimator_q
[ 68%] [ 70%] Built target modules__land_detector
Built target modules__mavlink
[ 72%] [ 72%] Built target modules__ekf_att_pos_estimator
Built target modules__position_estimator_inav
[ 72%] Built target lib__external_lgpl
[ 74%] Built target modules__local_position_estimator
[ 75%] Built target modules__mc_att_control
[ 80%] Built target lib__ecl
[ 80%] Built target modules__mc_pos_control
[ 80%] Built target modules__sdlog2
[ 81%] Built target modules__param
[ 82%] Built target modules__vtol_att_control
[ 83%] Built target lib__controllib
[ 84%] Built target modules__systemlib__mixer
[ 84%] [ 84%] Built target lib__mathlib
Built target modules__dataman
[ 86%] Built target modules__uORB
[ 86%] Built target lib__mathlib__math__filter
[ 86%] Built target lib__geo_lookup
[ 86%] [ 86%] Built target lib__geo
Built target lib__conversion
[ 87%] Built target lib__launchdetection
[ 87%] Built target lib__terrain_estimation
[ 88%] Built target lib__runway_takeoff
[ 88%] Built target lib__tailsitter_recovery
[ 88%] [ 89%] [ 90%] Built target fw_io
Built target platforms__nuttx__px4_layer
Built target df_driver_framework
[ 90%] Built target modules__fw_att_control
[ 90%] Built target modules__fw_pos_control_l1
[ 91%] Built target uavcan_stm32_driver
[ 91%] [ 93%] Built target lib__DriverFramework__framework
Built target modules__uavcan
[ 93%] Built target romfs
[ 98%] Built target modules__systemlib
[100%] Built target firmware_nuttx
[100%] Built target build_firmware_px4fmu-v2
]0;jessica@mcwiljl-ll1: ~/src/Firmwarejessica@mcwiljl-ll1:~/src/Firmware$ exit
exit

Script done on Wed 29 Jun 2016 08:51:31 AM EDT
