Script started on Mon 27 Jun 2016 10:17:59 AM EDT
]0;jessica@mcwiljl-ll1: ~/src/Firmwarejessica@mcwiljl-ll1:~/src/Firmware$ make aerocore-v2_default 
-- nuttx-aerocore-v2-default
CMake Deprecation Warning at /usr/local/share/cmake-3.6/Modules/CMakeForceCompiler.cmake:79 (message):
  The CMAKE_FORCE_C_COMPILER macro is deprecated.  Instead just set
  CMAKE_C_COMPILER and allow CMake to identify the compiler.
Call Stack (most recent call first):
  cmake/toolchains/Toolchain-arm-none-eabi.cmake:31 (cmake_force_c_compiler)
  /usr/local/share/cmake-3.6/Modules/CMakeDetermineSystem.cmake:98 (include)
  CMakeLists.txt:194 (project)


CMake Deprecation Warning at /usr/local/share/cmake-3.6/Modules/CMakeForceCompiler.cmake:93 (message):
  The CMAKE_FORCE_CXX_COMPILER macro is deprecated.  Instead just set
  CMAKE_CXX_COMPILER and allow CMake to identify the compiler.
Call Stack (most recent call first):
  cmake/toolchains/Toolchain-arm-none-eabi.cmake:37 (cmake_force_cxx_compiler)
  /usr/local/share/cmake-3.6/Modules/CMakeDetermineSystem.cmake:98 (include)
  CMakeLists.txt:194 (project)


CMake Deprecation Warning at /usr/local/share/cmake-3.6/Modules/CMakeForceCompiler.cmake:79 (message):
  The CMAKE_FORCE_C_COMPILER macro is deprecated.  Instead just set
  CMAKE_C_COMPILER and allow CMake to identify the compiler.
Call Stack (most recent call first):
  cmake/toolchains/Toolchain-arm-none-eabi.cmake:31 (cmake_force_c_compiler)
  build_aerocore-v2_default/CMakeFiles/3.6.0-rc3/CMakeSystem.cmake:6 (include)
  CMakeLists.txt:194 (project)


CMake Deprecation Warning at /usr/local/share/cmake-3.6/Modules/CMakeForceCompiler.cmake:93 (message):
  The CMAKE_FORCE_CXX_COMPILER macro is deprecated.  Instead just set
  CMAKE_CXX_COMPILER and allow CMake to identify the compiler.
Call Stack (most recent call first):
  cmake/toolchains/Toolchain-arm-none-eabi.cmake:37 (cmake_force_cxx_compiler)
  build_aerocore-v2_default/CMakeFiles/3.6.0-rc3/CMakeSystem.cmake:6 (include)
  CMakeLists.txt:194 (project)


-- The ASM compiler identification is GNU
-- Found assembler: /home/jessica/gcc-arm-none-eabi-4_9-2014q4/bin/arm-none-eabi-gcc
-- Found PythonInterp: /usr/bin/python (found version "2.7.6") 
CMake Error at cmake/nuttx/px4_impl_nuttx.cmake:207 (file):
  file STRINGS file
  "/home/jessica/src/Firmware/nuttx-configs/aerocore-v2/nsh/defconfig" cannot
  be read.
Call Stack (most recent call first):
  cmake/nuttx/px4_impl_nuttx.cmake:554 (px4_nuttx_add_export)
  CMakeLists.txt:270 (px4_os_prebuild_targets)


CMake Error at CMakeLists.txt:344 (add_subdirectory):
  add_subdirectory given source "src/lib/mathlib/CMSIS" which is not an
  existing directory.


CMake Warning (dev) at cmake/nuttx/px4_impl_nuttx.cmake:141 (get_target_property):
  Policy CMP0045 is not set: Error on non-existent target in
  get_target_property.  Run "cmake --help-policy CMP0045" for policy details.
  Use the cmake_policy command to set the policy and suppress this warning.

  get_target_property() called with non-existent target
  "lib__mathlib__CMSIS".
Call Stack (most recent call first):
  src/firmware/nuttx/CMakeLists.txt:1 (px4_nuttx_generate_builtin_commands)
This warning is for project developers.  Use -Wno-dev to suppress it.

CMake Warning (dev) at cmake/nuttx/px4_impl_nuttx.cmake:141 (get_target_property):
  Policy CMP0045 is not set: Error on non-existent target in
  get_target_property.  Run "cmake --help-policy CMP0045" for policy details.
  Use the cmake_policy command to set the policy and suppress this warning.

  get_target_property() called with non-existent target
  "lib__mathlib__CMSIS".
Call Stack (most recent call first):
  src/firmware/nuttx/CMakeLists.txt:1 (px4_nuttx_generate_builtin_commands)
This warning is for project developers.  Use -Wno-dev to suppress it.

CMake Warning (dev) at cmake/nuttx/px4_impl_nuttx.cmake:141 (get_target_property):
  Policy CMP0045 is not set: Error on non-existent target in
  get_target_property.  Run "cmake --help-policy CMP0045" for policy details.
  Use the cmake_policy command to set the policy and suppress this warning.

  get_target_property() called with non-existent target
  "lib__mathlib__CMSIS".
Call Stack (most recent call first):
  src/firmware/nuttx/CMakeLists.txt:1 (px4_nuttx_generate_builtin_commands)
This warning is for project developers.  Use -Wno-dev to suppress it.

-- GIT_TAG = v1.3.0rc3-639-g847cf68
-- Configuring incomplete, errors occurred!
See also "/home/jessica/src/Firmware/build_aerocore-v2_default/CMakeFiles/CMakeOutput.log".
PX4 CONFIG: aerocore-v2_default
/bin/sh: 1: cd: can't cd to /home/jessica/src/Firmware/build_aerocore-v2_default
make: *** [aerocore-v2_default] Error 2
]0;jessica@mcwiljl-ll1: ~/src/Firmwarejessica@mcwiljl-ll1:~/src/Firmware$ exit
exit

Script done on Mon 27 Jun 2016 10:18:11 AM EDT
