Script started on Wed 29 Jun 2016 09:11:53 AM EDT
]0;jessica@mcwiljl-ll1: ~/src/Firmwarejessica@mcwiljl-ll1:~/src/Firmware$ make aerocore_default 
PX4 CONFIG: aerocore_default
-- nuttx-aerocore-default
CMake Deprecation Warning at /usr/local/share/cmake-3.6/Modules/CMakeForceCompiler.cmake:79 (message):
  The CMAKE_FORCE_C_COMPILER macro is deprecated.  Instead just set
  CMAKE_C_COMPILER and allow CMake to identify the compiler.
Call Stack (most recent call first):
  cmake/toolchains/Toolchain-arm-none-eabi.cmake:31 (cmake_force_c_compiler)
  build_aerocore_default/CMakeFiles/3.6.0-rc3/CMakeSystem.cmake:6 (include)
  CMakeLists.txt:194 (project)


CMake Deprecation Warning at /usr/local/share/cmake-3.6/Modules/CMakeForceCompiler.cmake:93 (message):
  The CMAKE_FORCE_CXX_COMPILER macro is deprecated.  Instead just set
  CMAKE_CXX_COMPILER and allow CMake to identify the compiler.
Call Stack (most recent call first):
  cmake/toolchains/Toolchain-arm-none-eabi.cmake:37 (cmake_force_cxx_compiler)
  build_aerocore_default/CMakeFiles/3.6.0-rc3/CMakeSystem.cmake:6 (include)
  CMakeLists.txt:194 (project)


-- GIT_TAG = v1.4.0rc2-60-g19d49fd
-- Configuring done
-- Generating done
-- Build files have been written to: /home/jessica/src/Firmware/build_aerocore_default
[  0%] Built target git_nuttx
[  1%] Built target git_genmsg
[  1%] Built target git_mavlink
[  1%] Built target git_gencpp
[  2%] Built target git_uavcan
[  2%] Built target git_matrix
[  2%] Built target git_ecl
[  3%] Built target romfs
[  3%] Built target mixer_gen
[  3%] Built target nuttx_export_aerocore
[  4%] Built target xml_gen
[  4%] Built target prebuild_targets
[  5%] [34m[1mGenerating uORB topic multi headers for nuttx[0m
[  5%] [34m[1mGenerating uORB topic headers[0m
[  5%] [34m[1mGenerating uORB topic sources[0m
[35m[1mScanning dependencies of target msg_gen[0m
[  5%] [34m[1mGenerating uORB topic headers[0m
[  5%] [34m[1mGenerating uORB topic multi headers for nuttx[0m
[  6%] [32mBuilding CXX object CMakeFiles/msg_gen.dir/topics_sources/uORBTopics.cpp.obj[0m
[  6%] [32mBuilding CXX object CMakeFiles/msg_gen.dir/topics_sources/actuator_controls.cpp.obj[0m
[  6%] [32mBuilding CXX object CMakeFiles/msg_gen.dir/topics_sources/actuator_armed.cpp.obj[0m
[  6%] [32mBuilding CXX object CMakeFiles/msg_gen.dir/topics_sources/actuator_direct.cpp.obj[0m
[  6%] [32mBuilding CXX object CMakeFiles/msg_gen.dir/topics_sources/actuator_outputs.cpp.obj[0m
[  6%] [32mBuilding CXX object CMakeFiles/msg_gen.dir/topics_sources/adc_report.cpp.obj[0m
[  7%] [32mBuilding CXX object CMakeFiles/msg_gen.dir/topics_sources/airspeed.cpp.obj[0m
[  7%] [32mBuilding CXX object CMakeFiles/msg_gen.dir/topics_sources/att_pos_mocap.cpp.obj[0m
[  7%] [32mBuilding CXX object CMakeFiles/msg_gen.dir/topics_sources/battery_status.cpp.obj[0m
[  8%] [32mBuilding CXX object CMakeFiles/msg_gen.dir/topics_sources/camera_trigger.cpp.obj[0m
[  8%] [32mBuilding CXX object CMakeFiles/msg_gen.dir/topics_sources/commander_state.cpp.obj[0m
[  8%] [32mBuilding CXX object CMakeFiles/msg_gen.dir/topics_sources/control_state.cpp.obj[0m
[  8%] [32mBuilding CXX object CMakeFiles/msg_gen.dir/topics_sources/cpuload.cpp.obj[0m
[  9%] [32mBuilding CXX object CMakeFiles/msg_gen.dir/topics_sources/debug_key_value.cpp.obj[0m
[  9%] [32mBuilding CXX object CMakeFiles/msg_gen.dir/topics_sources/distance_sensor.cpp.obj[0m
[  9%] [32mBuilding CXX object CMakeFiles/msg_gen.dir/topics_sources/differential_pressure.cpp.obj[0m
[  9%] [32mBuilding CXX object CMakeFiles/msg_gen.dir/topics_sources/ekf2_innovations.cpp.obj[0m
[ 10%] [32mBuilding CXX object CMakeFiles/msg_gen.dir/topics_sources/ekf2_replay.cpp.obj[0m
[ 10%] [32mBuilding CXX object CMakeFiles/msg_gen.dir/topics_sources/encoders.cpp.obj[0m
[ 10%] [32mBuilding CXX object CMakeFiles/msg_gen.dir/topics_sources/esc_report.cpp.obj[0m
[ 11%] [32mBuilding CXX object CMakeFiles/msg_gen.dir/topics_sources/esc_status.cpp.obj[0m
[ 11%] [32mBuilding CXX object CMakeFiles/msg_gen.dir/topics_sources/estimator_status.cpp.obj[0m
[ 11%] [32mBuilding CXX object CMakeFiles/msg_gen.dir/topics_sources/fence.cpp.obj[0m
[ 11%] [32mBuilding CXX object CMakeFiles/msg_gen.dir/topics_sources/fence_vertex.cpp.obj[0m
[ 12%] [32mBuilding CXX object CMakeFiles/msg_gen.dir/topics_sources/filtered_bottom_flow.cpp.obj[0m
[ 12%] [32mBuilding CXX object CMakeFiles/msg_gen.dir/topics_sources/follow_target.cpp.obj[0m
[ 12%] [32mBuilding CXX object CMakeFiles/msg_gen.dir/topics_sources/fw_pos_ctrl_status.cpp.obj[0m
[ 12%] [32mBuilding CXX object CMakeFiles/msg_gen.dir/topics_sources/fw_virtual_attitude_setpoint.cpp.obj[0m
[ 13%] [32mBuilding CXX object CMakeFiles/msg_gen.dir/topics_sources/fw_virtual_rates_setpoint.cpp.obj[0m
[ 13%] [32mBuilding CXX object CMakeFiles/msg_gen.dir/topics_sources/geofence_result.cpp.obj[0m
[ 13%] [32mBuilding CXX object CMakeFiles/msg_gen.dir/topics_sources/gps_inject_data.cpp.obj[0m
[ 14%] [32mBuilding CXX object CMakeFiles/msg_gen.dir/topics_sources/hil_sensor.cpp.obj[0m
[ 14%] [32mBuilding CXX object CMakeFiles/msg_gen.dir/topics_sources/home_position.cpp.obj[0m
[ 14%] [32mBuilding CXX object CMakeFiles/msg_gen.dir/topics_sources/input_rc.cpp.obj[0m
[ 14%] [32mBuilding CXX object CMakeFiles/msg_gen.dir/topics_sources/manual_control_setpoint.cpp.obj[0m
[ 15%] [32mBuilding CXX object CMakeFiles/msg_gen.dir/topics_sources/mavlink_log.cpp.obj[0m
[ 15%] [32mBuilding CXX object CMakeFiles/msg_gen.dir/topics_sources/mc_att_ctrl_status.cpp.obj[0m
[ 15%] [32mBuilding CXX object CMakeFiles/msg_gen.dir/topics_sources/mc_virtual_attitude_setpoint.cpp.obj[0m
[ 15%] [32mBuilding CXX object CMakeFiles/msg_gen.dir/topics_sources/mc_virtual_rates_setpoint.cpp.obj[0m
[ 16%] [32mBuilding CXX object CMakeFiles/msg_gen.dir/topics_sources/mission.cpp.obj[0m
[ 16%] [32mBuilding CXX object CMakeFiles/msg_gen.dir/topics_sources/mission_result.cpp.obj[0m
[ 16%] [32mBuilding CXX object CMakeFiles/msg_gen.dir/topics_sources/multirotor_motor_limits.cpp.obj[0m
[ 17%] [32mBuilding CXX object CMakeFiles/msg_gen.dir/topics_sources/offboard_control_mode.cpp.obj[0m
[ 17%] [32mBuilding CXX object CMakeFiles/msg_gen.dir/topics_sources/optical_flow.cpp.obj[0m
[ 17%] [32mBuilding CXX object CMakeFiles/msg_gen.dir/topics_sources/output_pwm.cpp.obj[0m
[ 17%] [32mBuilding CXX object CMakeFiles/msg_gen.dir/topics_sources/parameter_update.cpp.obj[0m
[ 18%] [32mBuilding CXX object CMakeFiles/msg_gen.dir/topics_sources/position_setpoint.cpp.obj[0m
[ 18%] [32mBuilding CXX object CMakeFiles/msg_gen.dir/topics_sources/position_setpoint_triplet.cpp.obj[0m
[ 18%] [32mBuilding CXX object CMakeFiles/msg_gen.dir/topics_sources/pwm_input.cpp.obj[0m
[ 18%] [32mBuilding CXX object CMakeFiles/msg_gen.dir/topics_sources/qshell_req.cpp.obj[0m
[ 19%] [32mBuilding CXX object CMakeFiles/msg_gen.dir/topics_sources/rc_channels.cpp.obj[0m
[ 19%] [32mBuilding CXX object CMakeFiles/msg_gen.dir/topics_sources/rc_parameter_map.cpp.obj[0m
[ 19%] [32mBuilding CXX object CMakeFiles/msg_gen.dir/topics_sources/safety.cpp.obj[0m
[ 20%] [32mBuilding CXX object CMakeFiles/msg_gen.dir/topics_sources/satellite_info.cpp.obj[0m
[ 20%] [32mBuilding CXX object CMakeFiles/msg_gen.dir/topics_sources/sensor_accel.cpp.obj[0m
[ 20%] [32mBuilding CXX object CMakeFiles/msg_gen.dir/topics_sources/sensor_baro.cpp.obj[0m
[ 20%] [32mBuilding CXX object CMakeFiles/msg_gen.dir/topics_sources/sensor_combined.cpp.obj[0m
[ 21%] [32mBuilding CXX object CMakeFiles/msg_gen.dir/topics_sources/sensor_gyro.cpp.obj[0m
[ 21%] [32mBuilding CXX object CMakeFiles/msg_gen.dir/topics_sources/sensor_mag.cpp.obj[0m
[ 21%] [32mBuilding CXX object CMakeFiles/msg_gen.dir/topics_sources/subsystem_info.cpp.obj[0m
[ 21%] [32mBuilding CXX object CMakeFiles/msg_gen.dir/topics_sources/servorail_status.cpp.obj[0m
[ 22%] [32mBuilding CXX object CMakeFiles/msg_gen.dir/topics_sources/system_power.cpp.obj[0m
[ 22%] [32mBuilding CXX object CMakeFiles/msg_gen.dir/topics_sources/tecs_status.cpp.obj[0m
[ 22%] [32mBuilding CXX object CMakeFiles/msg_gen.dir/topics_sources/telemetry_status.cpp.obj[0m
[ 23%] [32mBuilding CXX object CMakeFiles/msg_gen.dir/topics_sources/test_motor.cpp.obj[0m
[ 23%] [32mBuilding CXX object CMakeFiles/msg_gen.dir/topics_sources/time_offset.cpp.obj[0m
[ 23%] [32mBuilding CXX object CMakeFiles/msg_gen.dir/topics_sources/transponder_report.cpp.obj[0m
[ 23%] [32mBuilding CXX object CMakeFiles/msg_gen.dir/topics_sources/uavcan_parameter_request.cpp.obj[0m
[ 24%] [32mBuilding CXX object CMakeFiles/msg_gen.dir/topics_sources/uavcan_parameter_value.cpp.obj[0m
[ 24%] [32mBuilding CXX object CMakeFiles/msg_gen.dir/topics_sources/vehicle_attitude.cpp.obj[0m
[ 24%] [32mBuilding CXX object CMakeFiles/msg_gen.dir/topics_sources/vehicle_attitude_setpoint.cpp.obj[0m
[ 24%] [32mBuilding CXX object CMakeFiles/msg_gen.dir/topics_sources/vehicle_command_ack.cpp.obj[0m
[ 25%] [32mBuilding CXX object CMakeFiles/msg_gen.dir/topics_sources/vehicle_command.cpp.obj[0m
[ 25%] [32mBuilding CXX object CMakeFiles/msg_gen.dir/topics_sources/vehicle_control_mode.cpp.obj[0m
[ 25%] [32mBuilding CXX object CMakeFiles/msg_gen.dir/topics_sources/vehicle_force_setpoint.cpp.obj[0m
[ 26%] [32mBuilding CXX object CMakeFiles/msg_gen.dir/topics_sources/vehicle_global_position.cpp.obj[0m
[ 26%] [32mBuilding CXX object CMakeFiles/msg_gen.dir/topics_sources/vehicle_global_velocity_setpoint.cpp.obj[0m
[ 26%] [32mBuilding CXX object CMakeFiles/msg_gen.dir/topics_sources/vehicle_gps_position.cpp.obj[0m
[ 26%] [32mBuilding CXX object CMakeFiles/msg_gen.dir/topics_sources/vehicle_land_detected.cpp.obj[0m
[ 27%] [32mBuilding CXX object CMakeFiles/msg_gen.dir/topics_sources/vehicle_local_position.cpp.obj[0m
[ 27%] [32mBuilding CXX object CMakeFiles/msg_gen.dir/topics_sources/vehicle_local_position_setpoint.cpp.obj[0m
[ 27%] [32mBuilding CXX object CMakeFiles/msg_gen.dir/topics_sources/vehicle_rates_setpoint.cpp.obj[0m
[ 27%] [32mBuilding CXX object CMakeFiles/msg_gen.dir/topics_sources/vehicle_status.cpp.obj[0m
[ 28%] [32mBuilding CXX object CMakeFiles/msg_gen.dir/topics_sources/vision_position_estimate.cpp.obj[0m
[ 28%] [32mBuilding CXX object CMakeFiles/msg_gen.dir/topics_sources/vtol_vehicle_status.cpp.obj[0m
[ 28%] [32mBuilding CXX object CMakeFiles/msg_gen.dir/topics_sources/wind_estimate.cpp.obj[0m
[ 29%] [32m[1mLinking CXX static library libmsg_gen.a[0m
[ 29%] Built target msg_gen
[ 30%] Built target platforms__common
[ 30%] Built target platforms__nuttx
[ 31%] Built target drivers__stm32__adc
[ 31%] Built target drivers__stm32__tone_alarm
[ 32%] Built target drivers__stm32
[ 33%] Built target drivers__led
[ 35%] Built target drivers__device
[ 36%] Built target drivers__px4fmu
[ 36%] Built target drivers__lsm303d
[ 36%] Built target drivers__l3gd20
[ 38%] Built target drivers__boards__aerocore
[ 40%] Built target drivers__ms5611
[ 40%] Built target drivers__pwm_input
[ 41%] Built target modules__sensors
[ 43%] Built target drivers__gps
[ 44%] Built target systemcmds__param
[ 45%] Built target systemcmds__perf
[ 45%] Built target systemcmds__mixer
[ 46%] Built target systemcmds__pwm
[ 47%] Built target systemcmds__top
[ 47%] Built target systemcmds__esc_calib
[ 47%] Built target systemcmds__reboot
[ 47%] Built target systemcmds__config
[ 47%] Built target systemcmds__nshterm
[ 48%] Built target systemcmds__dumpfile
[ 50%] Built target systemcmds__mtd
[ 50%] Built target systemcmds__ver
[ 50%] [32mBuilding CXX object src/modules/land_detector/CMakeFiles/modules__land_detector.dir/land_detector_main.cpp.obj[0m
[ 54%] Built target modules__commander
[ 54%] [32mBuilding CXX object src/modules/land_detector/CMakeFiles/modules__land_detector.dir/LandDetector.cpp.obj[0m
[ 58%] Built target modules__navigator
[ 58%] [32mBuilding CXX object src/modules/attitude_estimator_q/CMakeFiles/modules__attitude_estimator_q.dir/attitude_estimator_q_main.cpp.obj[0m
[ 62%] Built target modules__mavlink
[ 62%] [32mBuilding CXX object src/modules/ekf_att_pos_estimator/CMakeFiles/modules__ekf_att_pos_estimator.dir/ekf_att_pos_estimator_main.cpp.obj[0m
[ 62%] [32mBuilding CXX object src/modules/land_detector/CMakeFiles/modules__land_detector.dir/MulticopterLandDetector.cpp.obj[0m
[ 63%] [32mBuilding CXX object src/modules/land_detector/CMakeFiles/modules__land_detector.dir/FixedwingLandDetector.cpp.obj[0m
[ 63%] [32mBuilding CXX object src/modules/land_detector/CMakeFiles/modules__land_detector.dir/VtolLandDetector.cpp.obj[0m
[ 63%] [32mBuilding CXX object src/modules/position_estimator_inav/CMakeFiles/modules__position_estimator_inav.dir/position_estimator_inav_main.cpp.obj[0m
[ 63%] [32m[1mLinking CXX static library libmodules__land_detector.a[0m
[ 63%] Built target modules__land_detector
[ 63%] [32mBuilding CXX object src/lib/ecl/CMakeFiles/lib__ecl.dir/attitude_fw/ecl_controller.cpp.obj[0m
[ 63%] [32mBuilding CXX object src/lib/ecl/CMakeFiles/lib__ecl.dir/attitude_fw/ecl_pitch_controller.cpp.obj[0m
[ 64%] [32mBuilding CXX object src/lib/ecl/CMakeFiles/lib__ecl.dir/attitude_fw/ecl_roll_controller.cpp.obj[0m
[ 65%] [32m[1mLinking CXX static library libmodules__attitude_estimator_q.a[0m
[ 65%] Built target modules__attitude_estimator_q
[ 66%] [32mBuilding CXX object src/lib/external_lgpl/CMakeFiles/lib__external_lgpl.dir/tecs/tecs.cpp.obj[0m
[ 66%] [32mBuilding CXX object src/lib/ecl/CMakeFiles/lib__ecl.dir/attitude_fw/ecl_yaw_controller.cpp.obj[0m
[ 67%] [32mBuilding CXX object src/modules/ekf_att_pos_estimator/CMakeFiles/modules__ekf_att_pos_estimator.dir/estimator_22states.cpp.obj[0m
[ 67%] [32mBuilding CXX object src/modules/position_estimator_inav/CMakeFiles/modules__position_estimator_inav.dir/position_estimator_inav_params.cpp.obj[0m
[ 67%] [32m[1mLinking CXX static library liblib__external_lgpl.a[0m
[ 67%] [32mBuilding CXX object src/lib/ecl/CMakeFiles/lib__ecl.dir/attitude_fw/ecl_wheel_controller.cpp.obj[0m
[ 67%] Built target lib__external_lgpl
[ 68%] [32mBuilding CXX object src/modules/position_estimator_inav/CMakeFiles/modules__position_estimator_inav.dir/inertial_filter.cpp.obj[0m
[ 68%] [32mBuilding CXX object src/modules/mc_att_control/CMakeFiles/modules__mc_att_control.dir/mc_att_control_main.cpp.obj[0m
[ 68%] [32m[1mLinking CXX static library libmodules__position_estimator_inav.a[0m
[ 68%] Built target modules__position_estimator_inav
[ 68%] [32mBuilding CXX object src/modules/mc_pos_control/CMakeFiles/modules__mc_pos_control.dir/mc_pos_control_main.cpp.obj[0m
[ 68%] [32mBuilding CXX object src/lib/ecl/CMakeFiles/lib__ecl.dir/l1/ecl_l1_pos_controller.cpp.obj[0m
[ 69%] [32mBuilding CXX object src/lib/ecl/CMakeFiles/lib__ecl.dir/validation/data_validator.cpp.obj[0m
[ 69%] [32mBuilding CXX object src/lib/ecl/CMakeFiles/lib__ecl.dir/validation/data_validator_group.cpp.obj[0m
[ 69%] [32m[1mLinking CXX static library libmodules__mc_att_control.a[0m
[ 69%] Built target modules__mc_att_control
[ 69%] [32mBuilding CXX object src/lib/ecl/CMakeFiles/lib__ecl.dir/EKF/estimator_interface.cpp.obj[0m
[ 70%] [32mBuilding CXX object src/modules/vtol_att_control/CMakeFiles/modules__vtol_att_control.dir/vtol_att_control_main.cpp.obj[0m
[ 70%] [32mBuilding CXX object src/modules/vtol_att_control/CMakeFiles/modules__vtol_att_control.dir/tiltrotor.cpp.obj[0m
[ 70%] [32mBuilding CXX object src/modules/vtol_att_control/CMakeFiles/modules__vtol_att_control.dir/vtol_type.cpp.obj[0m
[ 71%] [32mBuilding CXX object src/lib/ecl/CMakeFiles/lib__ecl.dir/EKF/ekf.cpp.obj[0m
[ 72%] [32m[1mLinking CXX static library libmodules__mc_pos_control.a[0m
[ 72%] Built target modules__mc_pos_control
[ 72%] [34m[1mGenerating px4_parameters.h, px4_parameters.c[0m
[ 72%] [32mBuilding CXX object src/modules/vtol_att_control/CMakeFiles/modules__vtol_att_control.dir/tailsitter.cpp.obj[0m
[35m[1mScanning dependencies of target modules__param[0m
[ 73%] [32mBuilding C object src/modules/param/CMakeFiles/modules__param.dir/px4_parameters.c.obj[0m
[ 73%] [32m[1mLinking C static library libmodules__param.a[0m
[ 73%] Built target modules__param
[ 73%] [32mBuilding CXX object src/modules/systemlib/mixer/CMakeFiles/modules__systemlib__mixer.dir/mixer.cpp.obj[0m
[ 74%] [32mBuilding CXX object src/modules/vtol_att_control/CMakeFiles/modules__vtol_att_control.dir/standard.cpp.obj[0m
[ 74%] [32mBuilding CXX object src/modules/systemlib/mixer/CMakeFiles/modules__systemlib__mixer.dir/mixer_group.cpp.obj[0m
[ 74%] [32mBuilding CXX object src/modules/systemlib/mixer/CMakeFiles/modules__systemlib__mixer.dir/mixer_multirotor.cpp.obj[0m
[ 74%] [32mBuilding CXX object src/lib/ecl/CMakeFiles/lib__ecl.dir/EKF/ekf_helper.cpp.obj[0m
[ 75%] [32mBuilding CXX object src/modules/systemlib/mixer/CMakeFiles/modules__systemlib__mixer.dir/mixer_simple.cpp.obj[0m
[ 75%] [32m[1mLinking CXX static library libmodules__vtol_att_control.a[0m
[ 75%] Built target modules__vtol_att_control
[ 75%] [32mBuilding CXX object src/modules/uORB/CMakeFiles/modules__uORB.dir/uORBUtils.cpp.obj[0m
[ 75%] [32mBuilding C object src/modules/systemlib/mixer/CMakeFiles/modules__systemlib__mixer.dir/mixer_load.c.obj[0m
[ 75%] [32m[1mLinking CXX static library libmodules__systemlib__mixer.a[0m
[ 76%] Built target modules__systemlib__mixer
[ 77%] [32mBuilding CXX object src/modules/uORB/CMakeFiles/modules__uORB.dir/uORB.cpp.obj[0m
[ 77%] [32mBuilding CXX object src/modules/uORB/CMakeFiles/modules__uORB.dir/uORBMain.cpp.obj[0m
[ 77%] [32mBuilding CXX object src/modules/uORB/CMakeFiles/modules__uORB.dir/Publication.cpp.obj[0m
[ 78%] [32mBuilding CXX object src/modules/uORB/CMakeFiles/modules__uORB.dir/Subscription.cpp.obj[0m
[ 78%] [32mBuilding CXX object src/modules/uORB/CMakeFiles/modules__uORB.dir/uORBManager.cpp.obj[0m
[ 78%] [32mBuilding CXX object src/lib/ecl/CMakeFiles/lib__ecl.dir/EKF/covariance.cpp.obj[0m
[ 78%] [32mBuilding CXX object src/modules/uORB/CMakeFiles/modules__uORB.dir/uORBDevices_nuttx.cpp.obj[0m
[ 78%] [32mBuilding C object src/modules/dataman/CMakeFiles/modules__dataman.dir/dataman.c.obj[0m
[ 78%] [32m[1mLinking C static library libmodules__dataman.a[0m
[ 78%] Built target modules__dataman
[ 78%] [32mBuilding CXX object src/lib/ecl/CMakeFiles/lib__ecl.dir/EKF/vel_pos_fusion.cpp.obj[0m
[ 78%] [32m[1mLinking CXX static library libmodules__uORB.a[0m
[ 78%] Built target modules__uORB
[ 78%] [32mBuilding CXX object src/lib/controllib/CMakeFiles/lib__controllib.dir/blocks.cpp.obj[0m
[ 79%] [32mBuilding CXX object src/lib/ecl/CMakeFiles/lib__ecl.dir/EKF/mag_fusion.cpp.obj[0m
[ 79%] [32mBuilding CXX object src/lib/controllib/CMakeFiles/lib__controllib.dir/block/Block.cpp.obj[0m
[ 80%] [32mBuilding CXX object src/lib/controllib/CMakeFiles/lib__controllib.dir/block/BlockParam.cpp.obj[0m
[ 80%] [32mBuilding CXX object src/lib/controllib/CMakeFiles/lib__controllib.dir/uorb/blocks.cpp.obj[0m
[ 80%] [32m[1mLinking CXX static library liblib__controllib.a[0m
[ 80%] Built target lib__controllib
[ 80%] [32mBuilding CXX object src/lib/mathlib/CMakeFiles/lib__mathlib.dir/math/test/test.cpp.obj[0m
[ 80%] [32mBuilding CXX object src/lib/mathlib/CMakeFiles/lib__mathlib.dir/math/Limits.cpp.obj[0m
[ 81%] [32m[1mLinking CXX static library liblib__mathlib.a[0m
[ 81%] Built target lib__mathlib
[ 81%] [32mBuilding CXX object src/lib/mathlib/math/filter/CMakeFiles/lib__mathlib__math__filter.dir/LowPassFilter2p.cpp.obj[0m
[ 81%] [32m[1mLinking CXX static library liblib__mathlib__math__filter.a[0m
[ 81%] Built target lib__mathlib__math__filter
[ 81%] [32mBuilding C object src/lib/geo/CMakeFiles/lib__geo.dir/geo.c.obj[0m
[ 81%] [32mBuilding CXX object src/lib/ecl/CMakeFiles/lib__ecl.dir/EKF/gps_checks.cpp.obj[0m
[ 81%] [32m[1mLinking C static library liblib__geo.a[0m
[ 81%] Built target lib__geo
[ 82%] [32mBuilding C object src/lib/geo_lookup/CMakeFiles/lib__geo_lookup.dir/geo_mag_declination.c.obj[0m
[ 82%] [32m[1mLinking C static library liblib__geo_lookup.a[0m
[ 82%] Built target lib__geo_lookup
[ 83%] [32mBuilding CXX object src/lib/conversion/CMakeFiles/lib__conversion.dir/rotation.cpp.obj[0m
[ 83%] [32mBuilding CXX object src/lib/launchdetection/CMakeFiles/lib__launchdetection.dir/LaunchDetector.cpp.obj[0m
[ 83%] [32m[1mLinking CXX static library liblib__conversion.a[0m
[ 83%] Built target lib__conversion
[ 83%] [32mBuilding CXX object src/lib/ecl/CMakeFiles/lib__ecl.dir/EKF/airspeed_fusion.cpp.obj[0m
[ 83%] [32mBuilding CXX object src/lib/terrain_estimation/CMakeFiles/lib__terrain_estimation.dir/terrain_estimator.cpp.obj[0m
[ 83%] [32mBuilding CXX object src/lib/launchdetection/CMakeFiles/lib__launchdetection.dir/CatapultLaunchMethod.cpp.obj[0m
[ 84%] [32m[1mLinking CXX static library liblib__launchdetection.a[0m
[ 84%] Built target lib__launchdetection
[ 84%] [32mBuilding CXX object src/lib/ecl/CMakeFiles/lib__ecl.dir/EKF/optflow_fusion.cpp.obj[0m
[ 84%] [32mBuilding CXX object src/modules/ekf_att_pos_estimator/CMakeFiles/modules__ekf_att_pos_estimator.dir/estimator_utilities.cpp.obj[0m
[ 85%] [32mBuilding CXX object src/lib/ecl/CMakeFiles/lib__ecl.dir/EKF/control.cpp.obj[0m
[ 85%] [32m[1mLinking CXX static library libmodules__ekf_att_pos_estimator.a[0m
[ 85%] Built target modules__ekf_att_pos_estimator
[ 85%] [32mBuilding CXX object src/lib/runway_takeoff/CMakeFiles/lib__runway_takeoff.dir/RunwayTakeoff.cpp.obj[0m
[ 86%] [32m[1mLinking CXX static library liblib__terrain_estimation.a[0m
[ 86%] Built target lib__terrain_estimation
[ 86%] [32mBuilding CXX object src/lib/ecl/CMakeFiles/lib__ecl.dir/EKF/terrain_estimator.cpp.obj[0m
[ 87%] [32m[1mLinking CXX static library liblib__runway_takeoff.a[0m
[ 87%] Built target lib__runway_takeoff
[ 87%] [32mBuilding CXX object src/lib/tailsitter_recovery/CMakeFiles/lib__tailsitter_recovery.dir/tailsitter_recovery.cpp.obj[0m
[ 87%] [32mBuilding C object src/platforms/nuttx/px4_layer/CMakeFiles/platforms__nuttx__px4_layer.dir/px4_nuttx_tasks.c.obj[0m
[ 88%] [32mBuilding C object src/platforms/nuttx/px4_layer/CMakeFiles/platforms__nuttx__px4_layer.dir/__/__/posix/px4_layer/px4_log.c.obj[0m
[ 88%] [32m[1mLinking C static library libplatforms__nuttx__px4_layer.a[0m
[ 88%] Built target platforms__nuttx__px4_layer
[ 88%] [32mBuilding CXX object src/modules/bottle_drop/CMakeFiles/modules__bottle_drop.dir/bottle_drop.cpp.obj[0m
[ 88%] [32mBuilding CXX object src/examples/rover_steering_control/CMakeFiles/examples__rover_steering_control.dir/main.cpp.obj[0m
[ 88%] [32m[1mLinking CXX static library liblib__tailsitter_recovery.a[0m
[ 88%] Built target lib__tailsitter_recovery
[ 88%] [32mBuilding C object src/examples/px4_simple_app/CMakeFiles/examples__px4_simple_app.dir/px4_simple_app.c.obj[0m
[ 89%] [32m[1mLinking C static library libexamples__px4_simple_app.a[0m
[ 89%] [32mBuilding C object src/examples/rover_steering_control/CMakeFiles/examples__rover_steering_control.dir/params.c.obj[0m
[ 89%] Built target examples__px4_simple_app
[ 89%] [32mBuilding CXX object src/lib/DriverFramework/framework/src/CMakeFiles/df_driver_framework.dir/DriverFramework_NuttX.cpp.obj[0m
[ 90%] [32m[1mLinking CXX static library libexamples__rover_steering_control.a[0m
[ 90%] Built target examples__rover_steering_control
[ 90%] [32mBuilding CXX object src/lib/DriverFramework/framework/src/CMakeFiles/df_driver_framework.dir/DevMgr_Nuttx.cpp.obj[0m
[ 90%] [32m[1mLinking CXX static library libmodules__bottle_drop.a[0m
[ 90%] Built target modules__bottle_drop
[ 91%] [32mBuilding CXX object src/lib/DriverFramework/framework/src/CMakeFiles/df_driver_framework.dir/DFList.cpp.obj[0m
[ 91%] [32m[1mLinking CXX static library liblib__ecl.a[0m
[ 91%] [32mBuilding C object src/modules/systemlib/CMakeFiles/modules__systemlib.dir/perf_counter.c.obj[0m
[ 91%] Built target lib__ecl
[ 91%] [32mBuilding CXX object src/modules/fw_pos_control_l1/CMakeFiles/modules__fw_pos_control_l1.dir/fw_pos_control_l1_main.cpp.obj[0m
[ 91%] [32mBuilding CXX object src/modules/fw_pos_control_l1/CMakeFiles/modules__fw_pos_control_l1.dir/landingslope.cpp.obj[0m
[ 91%] [32mBuilding CXX object src/lib/DriverFramework/framework/src/CMakeFiles/df_driver_framework.dir/SyncObj.cpp.obj[0m
[ 91%] [32mBuilding C object src/modules/systemlib/CMakeFiles/modules__systemlib.dir/conversions.c.obj[0m
[ 91%] [32mBuilding CXX object src/lib/DriverFramework/framework/src/CMakeFiles/df_driver_framework.dir/Time.cpp.obj[0m
[ 92%] [32mBuilding C object src/modules/systemlib/CMakeFiles/modules__systemlib.dir/cpuload.c.obj[0m
[ 92%] [32mBuilding C object src/modules/systemlib/CMakeFiles/modules__systemlib.dir/pid/pid.c.obj[0m
[ 92%] [32m[1mLinking CXX static library libdf_driver_framework.a[0m
[ 92%] Built target df_driver_framework
[ 93%] [32mBuilding CXX object src/modules/fw_att_control/CMakeFiles/modules__fw_att_control.dir/fw_att_control_main.cpp.obj[0m
[ 93%] [32mBuilding C object src/modules/systemlib/CMakeFiles/modules__systemlib.dir/airspeed.c.obj[0m
[ 93%] [32mBuilding C object src/modules/systemlib/CMakeFiles/modules__systemlib.dir/mavlink_log.c.obj[0m
[ 94%] [32mBuilding C object src/modules/systemlib/CMakeFiles/modules__systemlib.dir/rc_check.c.obj[0m
[ 94%] [32mBuilding C object src/modules/systemlib/CMakeFiles/modules__systemlib.dir/otp.c.obj[0m
[ 94%] [32mBuilding C object src/modules/systemlib/CMakeFiles/modules__systemlib.dir/board_serial.c.obj[0m
[ 95%] [32mBuilding C object src/modules/systemlib/CMakeFiles/modules__systemlib.dir/pwm_limit/pwm_limit.c.obj[0m
[ 95%] [32mBuilding C object src/modules/systemlib/CMakeFiles/modules__systemlib.dir/mcu_version.c.obj[0m
[ 95%] [32mBuilding C object src/modules/systemlib/CMakeFiles/modules__systemlib.dir/bson/tinybson.c.obj[0m
[ 95%] [32mBuilding CXX object src/modules/systemlib/CMakeFiles/modules__systemlib.dir/circuit_breaker.cpp.obj[0m
[ 96%] [32mBuilding CXX object src/modules/systemlib/CMakeFiles/modules__systemlib.dir/battery.cpp.obj[0m
[ 96%] [32mBuilding C object src/modules/systemlib/CMakeFiles/modules__systemlib.dir/err.c.obj[0m
[ 96%] [32mBuilding C object src/modules/systemlib/CMakeFiles/modules__systemlib.dir/printload.c.obj[0m
[ 96%] [32m[1mLinking CXX static library libmodules__fw_att_control.a[0m
[ 96%] [32mBuilding C object src/modules/systemlib/CMakeFiles/modules__systemlib.dir/param/param.c.obj[0m
[ 96%] Built target modules__fw_att_control
[ 97%] [32mBuilding C object src/modules/systemlib/CMakeFiles/modules__systemlib.dir/up_cxxinitialize.c.obj[0m
[ 98%] [32mBuilding CXX object src/lib/DriverFramework/framework/CMakeFiles/lib__DriverFramework__framework.dir/px4/df_dummy.cpp.obj[0m
[ 98%] [32m[1mLinking CXX static library liblib__DriverFramework__framework.a[0m
[ 98%] Built target lib__DriverFramework__framework
[ 98%] [32mBuilding C object src/modules/systemlib/CMakeFiles/modules__systemlib.dir/hx_stream.c.obj[0m
[100%] [32m[1mLinking CXX static library libmodules__fw_pos_control_l1.a[0m
[100%] Built target modules__fw_pos_control_l1
[100%] [32m[1mLinking CXX static library libmodules__systemlib.a[0m
[100%] Built target modules__systemlib
[35m[1mScanning dependencies of target firmware_nuttx[0m
[100%] [32mBuilding C object src/firmware/nuttx/CMakeFiles/firmware_nuttx.dir/builtin_commands.c.obj[0m
[100%] [32m[1mLinking CXX executable firmware_nuttx[0m
/home/jessica/gcc-arm-none-eabi-4_9-2014q4/bin/../lib/gcc/arm-none-eabi/4.9.3/../../../../arm-none-eabi/bin/ld: cannot find -luavcan
/home/jessica/gcc-arm-none-eabi-4_9-2014q4/bin/../lib/gcc/arm-none-eabi/4.9.3/../../../../arm-none-eabi/bin/ld: cannot find -luavcan_stm32_driver
collect2: error: ld returned 1 exit status
make[3]: *** [src/firmware/nuttx/firmware_nuttx] Error 1
make[2]: *** [src/firmware/nuttx/CMakeFiles/firmware_nuttx.dir/all] Error 2
make[1]: *** [all] Error 2
make: *** [aerocore_default] Error 2
]0;jessica@mcwiljl-ll1: ~/src/Firmwarejessica@mcwiljl-ll1:~/src/Firmware$ exit
exit

Script done on Wed 29 Jun 2016 09:12:20 AM EDT
