Script started on Fri 01 Jul 2016 09:03:46 AM EDT
]0;jessica@mcwiljl-ll1: ~/src/Firmwarejessica@mcwiljl-ll1:~/src/Firmware$ make aerocore_default
PX4 CONFIG: aerocore_default
[  0%] Built target git_gencpp
[  0%] Built target git_nuttx
[  0%] Built target git_mavlink
[  0%] Built target git_genmsg
[  0%] Built target git_uavcan
[  0%] Built target mixer_gen
[  1%] Built target git_matrix
[  1%] Built target nuttx_export_px4io-v2
[  1%] Built target git_ecl
[  2%] Built target xml_gen
[  2%] Built target io_prebuild_targets
[  3%] Built target nuttx_export_aerocore
[  3%] Built target prebuild_targets
[ 24%] Built target msg_gen
[ 25%] Built target generate_topic_listener
[ 26%] Built target platforms__common
[ 26%] Built target platforms__nuttx
[ 28%] Built target drivers__stm32
[ 28%] Built target drivers__stm32__adc
[ 30%] Built target drivers__device
[ 31%] Built target drivers__led
[ 32%] Built target drivers__stm32__tone_alarm
[ 32%] Built target drivers__px4fmu
[ 32%] Built target drivers__lsm303d
[ 32%] Built target drivers__l3gd20
[ 34%] Built target drivers__boards__aerocore
[ 39%] Built target px4io-v2
[ 40%] Built target drivers__ms5611
[ 42%] Built target drivers__pwm_input
[ 42%] Built target drivers__gps
[ 43%] Built target modules__sensors
[ 43%] Built target systemcmds__mixer
[ 44%] Built target systemcmds__param
[ 44%] Built target systemcmds__perf
[ 45%] Built target systemcmds__pwm
[ 46%] Built target systemcmds__esc_calib
[ 47%] Built target systemcmds__reboot
[ 47%] Built target systemcmds__topic_listener
[ 47%] Built target systemcmds__top
[ 47%] Built target systemcmds__nshterm
[ 48%] Built target systemcmds__config
[ 48%] Built target systemcmds__dumpfile
[ 49%] Built target systemcmds__mtd
[ 50%] Built target systemcmds__ver
[ 50%] Built target systemcmds__sd_bench
[ 50%] Built target modules__load_mon
[ 53%] Built target modules__commander
[ 57%] Built target modules__navigator
[ 57%] Built target modules__attitude_estimator_q
[ 59%] Built target modules__land_detector
[ 62%] Built target modules__position_estimator_inav
[ 63%] Built target modules__mavlink
[ 64%] Built target modules__ekf_att_pos_estimator
[ 65%] Built target lib__external_lgpl
[ 65%] Built target modules__mc_att_control
[ 72%] Built target systemcmds__tests
[ 72%] Built target modules__param
[ 73%] Built target modules__mc_pos_control
[ 74%] Built target modules__vtol_att_control
[ 79%] Built target lib__ecl
[ 79%] Built target modules__dataman
[ 80%] Built target modules__systemlib__mixer
[ 82%] Built target modules__uORB
[ 83%] Built target lib__mathlib
[ 83%] Built target lib__mathlib__math__filter
[ 84%] Built target lib__controllib
[ 84%] Built target lib__geo
[ 84%] Built target lib__geo_lookup
[ 84%] Built target lib__conversion
[ 86%] Built target lib__launchdetection
[ 86%] Built target lib__terrain_estimation
[ 87%] Built target lib__runway_takeoff
[ 87%] Built target lib__tailsitter_recovery
[ 89%] Built target platforms__nuttx__px4_layer
[ 89%] Built target modules__bottle_drop
[ 89%] Built target fw_io
[ 90%] Built target examples__rover_steering_control
[ 90%] Built target examples__px4_simple_app
[ 91%] Built target df_driver_framework
[ 91%] Built target modules__fw_pos_control_l1
[ 92%] Built target romfs
[ 93%] Built target modules__fw_att_control
[ 94%] Built target lib__DriverFramework__framework
[100%] Built target modules__systemlib
[100%] [32m[1mLinking CXX executable firmware_nuttx[0m
CMakeFiles/firmware_nuttx.dir/builtin_commands.c.obj:(.rodata.g_builtins+0x2ac): undefined reference to `serdis_main'
CMakeFiles/firmware_nuttx.dir/builtin_commands.c.obj:(.rodata.g_builtins+0x2bc): undefined reference to `sercon_main'
collect2: error: ld returned 1 exit status
make[3]: *** [src/firmware/nuttx/firmware_nuttx] Error 1
make[2]: *** [src/firmware/nuttx/CMakeFiles/firmware_nuttx.dir/all] Error 2
make[1]: *** [all] Error 2
make: *** [aerocore_default] Error 2
]0;jessica@mcwiljl-ll1: ~/src/Firmwarejessica@mcwiljl-ll1:~/src/Firmware$ exit
exit

Script done on Fri 01 Jul 2016 09:04:01 AM EDT
