Script started on Wed 29 Jun 2016 04:27:37 PM EDT
]0;jessica@mcwiljl-ll1: ~/src/Firmwarejessica@mcwiljl-ll1:~/src/Firmware$ maek [K[K[Kke clean
make[1]: Entering directory `/home/jessica/src/Firmware/NuttX/nuttx'
make[2]: Entering directory `/home/jessica/src/Firmware/NuttX/nuttx/sched'
make[2]: Nothing to be done for `clean'.
make[2]: Leaving directory `/home/jessica/src/Firmware/NuttX/nuttx/sched'
make[2]: Entering directory `/home/jessica/src/Firmware/NuttX/apps'
make[3]: Entering directory `/home/jessica/src/Firmware/NuttX/apps/examples'
make[4]: Entering directory `/home/jessica/src/Firmware/NuttX/apps/examples/adc'
make[4]: Nothing to be done for `clean'.
make[4]: Leaving directory `/home/jessica/src/Firmware/NuttX/apps/examples/adc'
make[4]: Entering directory `/home/jessica/src/Firmware/NuttX/apps/examples/buttons'
make[4]: Nothing to be done for `clean'.
make[4]: Leaving directory `/home/jessica/src/Firmware/NuttX/apps/examples/buttons'
make[4]: Entering directory `/home/jessica/src/Firmware/NuttX/apps/examples/can'
make[4]: Nothing to be done for `clean'.
make[4]: Leaving directory `/home/jessica/src/Firmware/NuttX/apps/examples/can'
make[4]: Entering directory `/home/jessica/src/Firmware/NuttX/apps/examples/cdcacm'
make[4]: Nothing to be done for `clean'.
make[4]: Leaving directory `/home/jessica/src/Firmware/NuttX/apps/examples/cdcacm'
make[4]: Entering directory `/home/jessica/src/Firmware/NuttX/apps/examples/composite'
make[4]: Nothing to be done for `clean'.
make[4]: Leaving directory `/home/jessica/src/Firmware/NuttX/apps/examples/composite'
make[4]: Entering directory `/home/jessica/src/Firmware/NuttX/apps/examples/cxxtest'
make[4]: Nothing to be done for `clean'.
make[4]: Leaving directory `/home/jessica/src/Firmware/NuttX/apps/examples/cxxtest'
make[4]: Entering directory `/home/jessica/src/Firmware/NuttX/apps/examples/dhcpd'
make[4]: Nothing to be done for `clean'.
make[4]: Leaving directory `/home/jessica/src/Firmware/NuttX/apps/examples/dhcpd'
make[4]: Entering directory `/home/jessica/src/Firmware/NuttX/apps/examples/discover'
make[4]: Nothing to be done for `clean'.
make[4]: Leaving directory `/home/jessica/src/Firmware/NuttX/apps/examples/discover'
make[4]: Entering directory `/home/jessica/src/Firmware/NuttX/apps/examples/elf'
make[5]: Entering directory `/home/jessica/src/Firmware/NuttX/apps/examples/elf/tests'
make[6]: Entering directory `/home/jessica/src/Firmware/NuttX/apps/examples/elf/tests/errno'
make[6]: `clean' is up to date.
make[6]: Leaving directory `/home/jessica/src/Firmware/NuttX/apps/examples/elf/tests/errno'
make[6]: Entering directory `/home/jessica/src/Firmware/NuttX/apps/examples/elf/tests/hello'
make[6]: `clean' is up to date.
make[6]: Leaving directory `/home/jessica/src/Firmware/NuttX/apps/examples/elf/tests/hello'
make[6]: Entering directory `/home/jessica/src/Firmware/NuttX/apps/examples/elf/tests/helloxx'
make[6]: `clean' is up to date.
make[6]: Leaving directory `/home/jessica/src/Firmware/NuttX/apps/examples/elf/tests/helloxx'
make[6]: Entering directory `/home/jessica/src/Firmware/NuttX/apps/examples/elf/tests/longjmp'
make[6]: `clean' is up to date.
make[6]: Leaving directory `/home/jessica/src/Firmware/NuttX/apps/examples/elf/tests/longjmp'
make[6]: Entering directory `/home/jessica/src/Firmware/NuttX/apps/examples/elf/tests/mutex'
make[6]: `clean' is up to date.
make[6]: Leaving directory `/home/jessica/src/Firmware/NuttX/apps/examples/elf/tests/mutex'
make[6]: Entering directory `/home/jessica/src/Firmware/NuttX/apps/examples/elf/tests/pthread'
make[6]: `clean' is up to date.
make[6]: Leaving directory `/home/jessica/src/Firmware/NuttX/apps/examples/elf/tests/pthread'
make[6]: Entering directory `/home/jessica/src/Firmware/NuttX/apps/examples/elf/tests/signal'
make[6]: `clean' is up to date.
make[6]: Leaving directory `/home/jessica/src/Firmware/NuttX/apps/examples/elf/tests/signal'
make[6]: Entering directory `/home/jessica/src/Firmware/NuttX/apps/examples/elf/tests/task'
make[6]: `clean' is up to date.
make[6]: Leaving directory `/home/jessica/src/Firmware/NuttX/apps/examples/elf/tests/task'
make[6]: Entering directory `/home/jessica/src/Firmware/NuttX/apps/examples/elf/tests/struct'
make[6]: `clean' is up to date.
make[6]: Leaving directory `/home/jessica/src/Firmware/NuttX/apps/examples/elf/tests/struct'
make[5]: Leaving directory `/home/jessica/src/Firmware/NuttX/apps/examples/elf/tests'
make[4]: Leaving directory `/home/jessica/src/Firmware/NuttX/apps/examples/elf'
make[4]: Entering directory `/home/jessica/src/Firmware/NuttX/apps/examples/flash_test'
make[4]: Nothing to be done for `clean'.
make[4]: Leaving directory `/home/jessica/src/Firmware/NuttX/apps/examples/flash_test'
make[4]: Entering directory `/home/jessica/src/Firmware/NuttX/apps/examples/ftpc'
make[4]: Nothing to be done for `clean'.
make[4]: Leaving directory `/home/jessica/src/Firmware/NuttX/apps/examples/ftpc'
make[4]: Entering directory `/home/jessica/src/Firmware/NuttX/apps/examples/ftpd'
make[4]: Nothing to be done for `clean'.
make[4]: Leaving directory `/home/jessica/src/Firmware/NuttX/apps/examples/ftpd'
make[4]: Entering directory `/home/jessica/src/Firmware/NuttX/apps/examples/hello'
make[4]: Nothing to be done for `clean'.
make[4]: Leaving directory `/home/jessica/src/Firmware/NuttX/apps/examples/hello'
make[4]: Entering directory `/home/jessica/src/Firmware/NuttX/apps/examples/helloxx'
make[4]: Nothing to be done for `clean'.
make[4]: Leaving directory `/home/jessica/src/Firmware/NuttX/apps/examples/helloxx'
make[4]: Entering directory `/home/jessica/src/Firmware/NuttX/apps/examples/hidkbd'
make[4]: Nothing to be done for `clean'.
make[4]: Leaving directory `/home/jessica/src/Firmware/NuttX/apps/examples/hidkbd'
make[4]: Entering directory `/home/jessica/src/Firmware/NuttX/apps/examples/igmp'
make[4]: Nothing to be done for `clean'.
make[4]: Leaving directory `/home/jessica/src/Firmware/NuttX/apps/examples/igmp'
make[4]: Entering directory `/home/jessica/src/Firmware/NuttX/apps/examples/json'
make[4]: Nothing to be done for `clean'.
make[4]: Leaving directory `/home/jessica/src/Firmware/NuttX/apps/examples/json'
make[4]: Entering directory `/home/jessica/src/Firmware/NuttX/apps/examples/keypadtest'
make[4]: Nothing to be done for `clean'.
make[4]: Leaving directory `/home/jessica/src/Firmware/NuttX/apps/examples/keypadtest'
make[4]: Entering directory `/home/jessica/src/Firmware/NuttX/apps/examples/lcdrw'
make[4]: Nothing to be done for `clean'.
make[4]: Leaving directory `/home/jessica/src/Firmware/NuttX/apps/examples/lcdrw'
make[4]: Entering directory `/home/jessica/src/Firmware/NuttX/apps/examples/mm'
make[4]: Nothing to be done for `clean'.
make[4]: Leaving directory `/home/jessica/src/Firmware/NuttX/apps/examples/mm'
make[4]: Entering directory `/home/jessica/src/Firmware/NuttX/apps/examples/modbus'
make[4]: Nothing to be done for `clean'.
make[4]: Leaving directory `/home/jessica/src/Firmware/NuttX/apps/examples/modbus'
make[4]: Entering directory `/home/jessica/src/Firmware/NuttX/apps/examples/mount'
make[4]: Nothing to be done for `clean'.
make[4]: Leaving directory `/home/jessica/src/Firmware/NuttX/apps/examples/mount'
make[4]: Entering directory `/home/jessica/src/Firmware/NuttX/apps/examples/mtdpart'
make[4]: Nothing to be done for `clean'.
make[4]: Leaving directory `/home/jessica/src/Firmware/NuttX/apps/examples/mtdpart'
make[4]: Entering directory `/home/jessica/src/Firmware/NuttX/apps/examples/nettest'
make[4]: Nothing to be done for `clean'.
make[4]: Leaving directory `/home/jessica/src/Firmware/NuttX/apps/examples/nettest'
make[4]: Entering directory `/home/jessica/src/Firmware/NuttX/apps/examples/nrf24l01_term'
make[4]: Nothing to be done for `clean'.
make[4]: Leaving directory `/home/jessica/src/Firmware/NuttX/apps/examples/nrf24l01_term'
make[4]: Entering directory `/home/jessica/src/Firmware/NuttX/apps/examples/nsh'
make[4]: Nothing to be done for `clean'.
make[4]: Leaving directory `/home/jessica/src/Firmware/NuttX/apps/examples/nsh'
make[4]: Entering directory `/home/jessica/src/Firmware/NuttX/apps/examples/null'
make[4]: Nothing to be done for `clean'.
make[4]: Leaving directory `/home/jessica/src/Firmware/NuttX/apps/examples/null'
make[4]: Entering directory `/home/jessica/src/Firmware/NuttX/apps/examples/nx'
make[4]: Nothing to be done for `clean'.
make[4]: Leaving directory `/home/jessica/src/Firmware/NuttX/apps/examples/nx'
make[4]: Entering directory `/home/jessica/src/Firmware/NuttX/apps/examples/nxconsole'
make[4]: Nothing to be done for `clean'.
make[4]: Leaving directory `/home/jessica/src/Firmware/NuttX/apps/examples/nxconsole'
make[4]: Entering directory `/home/jessica/src/Firmware/NuttX/apps/examples/nxffs'
make[4]: Nothing to be done for `clean'.
make[4]: Leaving directory `/home/jessica/src/Firmware/NuttX/apps/examples/nxffs'
make[4]: Entering directory `/home/jessica/src/Firmware/NuttX/apps/examples/nxflat'
make[4]: Nothing to be done for `clean'.
make[4]: Leaving directory `/home/jessica/src/Firmware/NuttX/apps/examples/nxflat'
make[4]: Entering directory `/home/jessica/src/Firmware/NuttX/apps/examples/nxhello'
make[4]: Nothing to be done for `clean'.
make[4]: Leaving directory `/home/jessica/src/Firmware/NuttX/apps/examples/nxhello'
make[4]: Entering directory `/home/jessica/src/Firmware/NuttX/apps/examples/nximage'
make[4]: Nothing to be done for `clean'.
make[4]: Leaving directory `/home/jessica/src/Firmware/NuttX/apps/examples/nximage'
make[4]: Entering directory `/home/jessica/src/Firmware/NuttX/apps/examples/nxlines'
make[4]: Nothing to be done for `clean'.
make[4]: Leaving directory `/home/jessica/src/Firmware/NuttX/apps/examples/nxlines'
make[4]: Entering directory `/home/jessica/src/Firmware/NuttX/apps/examples/nxtext'
make[4]: Nothing to be done for `clean'.
make[4]: Leaving directory `/home/jessica/src/Firmware/NuttX/apps/examples/nxtext'
make[4]: Entering directory `/home/jessica/src/Firmware/NuttX/apps/examples/ostest'
make[4]: Nothing to be done for `clean'.
make[4]: Leaving directory `/home/jessica/src/Firmware/NuttX/apps/examples/ostest'
make[4]: Entering directory `/home/jessica/src/Firmware/NuttX/apps/examples/pashello'
make[4]: Nothing to be done for `clean'.
make[4]: Leaving directory `/home/jessica/src/Firmware/NuttX/apps/examples/pashello'
make[4]: Entering directory `/home/jessica/src/Firmware/NuttX/apps/examples/pipe'
make[4]: Nothing to be done for `clean'.
make[4]: Leaving directory `/home/jessica/src/Firmware/NuttX/apps/examples/pipe'
make[4]: Entering directory `/home/jessica/src/Firmware/NuttX/apps/examples/poll'
make[4]: Nothing to be done for `clean'.
make[4]: Leaving directory `/home/jessica/src/Firmware/NuttX/apps/examples/poll'
make[4]: Entering directory `/home/jessica/src/Firmware/NuttX/apps/examples/posix_spawn'
make[5]: Entering directory `/home/jessica/src/Firmware/NuttX/apps/examples/posix_spawn/filesystem'
make[6]: Entering directory `/home/jessica/src/Firmware/NuttX/apps/examples/posix_spawn/filesystem/hello'
make[6]: `clean' is up to date.
make[6]: Leaving directory `/home/jessica/src/Firmware/NuttX/apps/examples/posix_spawn/filesystem/hello'
make[6]: Entering directory `/home/jessica/src/Firmware/NuttX/apps/examples/posix_spawn/filesystem/redirect'
make[6]: `clean' is up to date.
make[6]: Leaving directory `/home/jessica/src/Firmware/NuttX/apps/examples/posix_spawn/filesystem/redirect'
make[5]: Leaving directory `/home/jessica/src/Firmware/NuttX/apps/examples/posix_spawn/filesystem'
make[4]: Leaving directory `/home/jessica/src/Firmware/NuttX/apps/examples/posix_spawn'
make[4]: Entering directory `/home/jessica/src/Firmware/NuttX/apps/examples/pwm'
make[4]: Nothing to be done for `clean'.
make[4]: Leaving directory `/home/jessica/src/Firmware/NuttX/apps/examples/pwm'
make[4]: Entering directory `/home/jessica/src/Firmware/NuttX/apps/examples/qencoder'
make[4]: Nothing to be done for `clean'.
make[4]: Leaving directory `/home/jessica/src/Firmware/NuttX/apps/examples/qencoder'
make[4]: Entering directory `/home/jessica/src/Firmware/NuttX/apps/examples/relays'
make[4]: Nothing to be done for `clean'.
make[4]: Leaving directory `/home/jessica/src/Firmware/NuttX/apps/examples/relays'
make[4]: Entering directory `/home/jessica/src/Firmware/NuttX/apps/examples/rgmp'
make[4]: Nothing to be done for `clean'.
make[4]: Leaving directory `/home/jessica/src/Firmware/NuttX/apps/examples/rgmp'
make[4]: Entering directory `/home/jessica/src/Firmware/NuttX/apps/examples/romfs'
make[4]: Nothing to be done for `clean'.
make[4]: Leaving directory `/home/jessica/src/Firmware/NuttX/apps/examples/romfs'
make[4]: Entering directory `/home/jessica/src/Firmware/NuttX/apps/examples/sendmail'
make[5]: Entering directory `/home/jessica/src/Firmware/NuttX/apps/examples/sendmail'
make[5]: Leaving directory `/home/jessica/src/Firmware/NuttX/apps/examples/sendmail'
make[4]: Leaving directory `/home/jessica/src/Firmware/NuttX/apps/examples/sendmail'
make[4]: Entering directory `/home/jessica/src/Firmware/NuttX/apps/examples/serloop'
make[4]: Nothing to be done for `clean'.
make[4]: Leaving directory `/home/jessica/src/Firmware/NuttX/apps/examples/serloop'
make[4]: Entering directory `/home/jessica/src/Firmware/NuttX/apps/examples/slcd'
make[4]: Nothing to be done for `clean'.
make[4]: Leaving directory `/home/jessica/src/Firmware/NuttX/apps/examples/slcd'
make[4]: Entering directory `/home/jessica/src/Firmware/NuttX/apps/examples/smart'
make[4]: Nothing to be done for `clean'.
make[4]: Leaving directory `/home/jessica/src/Firmware/NuttX/apps/examples/smart'
make[4]: Entering directory `/home/jessica/src/Firmware/NuttX/apps/examples/smart_test'
make[4]: Nothing to be done for `clean'.
make[4]: Leaving directory `/home/jessica/src/Firmware/NuttX/apps/examples/smart_test'
make[4]: Entering directory `/home/jessica/src/Firmware/NuttX/apps/examples/tcpecho'
make[4]: Nothing to be done for `clean'.
make[4]: Leaving directory `/home/jessica/src/Firmware/NuttX/apps/examples/tcpecho'
make[4]: Entering directory `/home/jessica/src/Firmware/NuttX/apps/examples/telnetd'
make[4]: Nothing to be done for `clean'.
make[4]: Leaving directory `/home/jessica/src/Firmware/NuttX/apps/examples/telnetd'
make[4]: Entering directory `/home/jessica/src/Firmware/NuttX/apps/examples/thttpd'
make[5]: Entering directory `/home/jessica/src/Firmware/NuttX/apps/examples/thttpd/content'
make[6]: Entering directory `/home/jessica/src/Firmware/NuttX/apps/examples/thttpd/content/hello'
make[6]: `clean' is up to date.
make[6]: Leaving directory `/home/jessica/src/Firmware/NuttX/apps/examples/thttpd/content/hello'
make[6]: Entering directory `/home/jessica/src/Firmware/NuttX/apps/examples/thttpd/content/tasks'
make[6]: `clean' is up to date.
make[6]: Leaving directory `/home/jessica/src/Firmware/NuttX/apps/examples/thttpd/content/tasks'
make[6]: Entering directory `/home/jessica/src/Firmware/NuttX/apps/examples/thttpd/content/netstat'
make[6]: `clean' is up to date.
make[6]: Leaving directory `/home/jessica/src/Firmware/NuttX/apps/examples/thttpd/content/netstat'
make[5]: Leaving directory `/home/jessica/src/Firmware/NuttX/apps/examples/thttpd/content'
make[4]: Leaving directory `/home/jessica/src/Firmware/NuttX/apps/examples/thttpd'
make[4]: Entering directory `/home/jessica/src/Firmware/NuttX/apps/examples/tiff'
make[4]: Nothing to be done for `clean'.
make[4]: Leaving directory `/home/jessica/src/Firmware/NuttX/apps/examples/tiff'
make[4]: Entering directory `/home/jessica/src/Firmware/NuttX/apps/examples/touchscreen'
make[4]: Nothing to be done for `clean'.
make[4]: Leaving directory `/home/jessica/src/Firmware/NuttX/apps/examples/touchscreen'
make[4]: Entering directory `/home/jessica/src/Firmware/NuttX/apps/examples/udp'
make[4]: Nothing to be done for `clean'.
make[4]: Leaving directory `/home/jessica/src/Firmware/NuttX/apps/examples/udp'
make[4]: Entering directory `/home/jessica/src/Firmware/NuttX/apps/examples/uip'
make[4]: Nothing to be done for `clean'.
make[4]: Leaving directory `/home/jessica/src/Firmware/NuttX/apps/examples/uip'
make[4]: Entering directory `/home/jessica/src/Firmware/NuttX/apps/examples/usbserial'
make[5]: Entering directory `/home/jessica/src/Firmware/NuttX/apps/examples/usbserial'
make[5]: `clean' is up to date.
make[5]: Leaving directory `/home/jessica/src/Firmware/NuttX/apps/examples/usbserial'
make[4]: Leaving directory `/home/jessica/src/Firmware/NuttX/apps/examples/usbserial'
make[4]: Entering directory `/home/jessica/src/Firmware/NuttX/apps/examples/usbstorage'
make[4]: Nothing to be done for `clean'.
make[4]: Leaving directory `/home/jessica/src/Firmware/NuttX/apps/examples/usbstorage'
make[4]: Entering directory `/home/jessica/src/Firmware/NuttX/apps/examples/usbterm'
make[4]: Nothing to be done for `clean'.
make[4]: Leaving directory `/home/jessica/src/Firmware/NuttX/apps/examples/usbterm'
make[4]: Entering directory `/home/jessica/src/Firmware/NuttX/apps/examples/watchdog'
make[4]: Nothing to be done for `clean'.
make[4]: Leaving directory `/home/jessica/src/Firmware/NuttX/apps/examples/watchdog'
make[4]: Entering directory `/home/jessica/src/Firmware/NuttX/apps/examples/wget'
make[5]: Entering directory `/home/jessica/src/Firmware/NuttX/apps/examples/wget'
make[5]: Leaving directory `/home/jessica/src/Firmware/NuttX/apps/examples/wget'
make[4]: Leaving directory `/home/jessica/src/Firmware/NuttX/apps/examples/wget'
make[4]: Entering directory `/home/jessica/src/Firmware/NuttX/apps/examples/wgetjson'
make[4]: Nothing to be done for `clean'.
make[4]: Leaving directory `/home/jessica/src/Firmware/NuttX/apps/examples/wgetjson'
make[4]: Entering directory `/home/jessica/src/Firmware/NuttX/apps/examples/xmlrpc'
make[4]: Nothing to be done for `clean'.
make[4]: Leaving directory `/home/jessica/src/Firmware/NuttX/apps/examples/xmlrpc'
make[3]: Leaving directory `/home/jessica/src/Firmware/NuttX/apps/examples'
make[3]: Entering directory `/home/jessica/src/Firmware/NuttX/apps/graphics'
make[4]: Entering directory `/home/jessica/src/Firmware/NuttX/apps/graphics/tiff'
make[4]: Nothing to be done for `clean'.
make[4]: Leaving directory `/home/jessica/src/Firmware/NuttX/apps/graphics/tiff'
make[4]: Entering directory `/home/jessica/src/Firmware/NuttX/apps/graphics/screenshot'
make[4]: Nothing to be done for `clean'.
make[4]: Leaving directory `/home/jessica/src/Firmware/NuttX/apps/graphics/screenshot'
make[3]: Leaving directory `/home/jessica/src/Firmware/NuttX/apps/graphics'
make[3]: Entering directory `/home/jessica/src/Firmware/NuttX/apps/interpreters'
make[4]: Entering directory `/home/jessica/src/Firmware/NuttX/apps/interpreters/ficl'
make[4]: Nothing to be done for `clean'.
make[4]: Leaving directory `/home/jessica/src/Firmware/NuttX/apps/interpreters/ficl'
make[3]: Leaving directory `/home/jessica/src/Firmware/NuttX/apps/interpreters'
make[3]: Entering directory `/home/jessica/src/Firmware/NuttX/apps/modbus'
make[3]: Nothing to be done for `clean'.
make[3]: Leaving directory `/home/jessica/src/Firmware/NuttX/apps/modbus'
make[3]: Entering directory `/home/jessica/src/Firmware/NuttX/apps/builtin'
make[4]: Entering directory `/home/jessica/src/Firmware/NuttX/apps/builtin/registry'
make[4]: Nothing to be done for `clean'.
make[4]: Leaving directory `/home/jessica/src/Firmware/NuttX/apps/builtin/registry'
make[3]: Leaving directory `/home/jessica/src/Firmware/NuttX/apps/builtin'
make[3]: Entering directory `/home/jessica/src/Firmware/NuttX/apps/nshlib'
make[3]: Nothing to be done for `clean'.
make[3]: Leaving directory `/home/jessica/src/Firmware/NuttX/apps/nshlib'
make[3]: Entering directory `/home/jessica/src/Firmware/NuttX/apps/netutils'
make[4]: Entering directory `/home/jessica/src/Firmware/NuttX/apps/netutils/json'
make[4]: Nothing to be done for `clean'.
make[4]: Leaving directory `/home/jessica/src/Firmware/NuttX/apps/netutils/json'
make[4]: Entering directory `/home/jessica/src/Firmware/NuttX/apps/netutils/codecs'
make[4]: Nothing to be done for `clean'.
make[4]: Leaving directory `/home/jessica/src/Firmware/NuttX/apps/netutils/codecs'
make[3]: Leaving directory `/home/jessica/src/Firmware/NuttX/apps/netutils'
make[3]: Entering directory `/home/jessica/src/Firmware/NuttX/apps/system'
make[4]: Entering directory `/home/jessica/src/Firmware/NuttX/apps/system/flash_eraseall'
make[4]: Nothing to be done for `clean'.
make[4]: Leaving directory `/home/jessica/src/Firmware/NuttX/apps/system/flash_eraseall'
make[4]: Entering directory `/home/jessica/src/Firmware/NuttX/apps/system/free'
make[4]: Nothing to be done for `clean'.
make[4]: Leaving directory `/home/jessica/src/Firmware/NuttX/apps/system/free'
make[4]: Entering directory `/home/jessica/src/Firmware/NuttX/apps/system/i2c'
make[4]: Nothing to be done for `clean'.
make[4]: Leaving directory `/home/jessica/src/Firmware/NuttX/apps/system/i2c'
make[4]: Entering directory `/home/jessica/src/Firmware/NuttX/apps/system/install'
make[4]: Nothing to be done for `clean'.
make[4]: Leaving directory `/home/jessica/src/Firmware/NuttX/apps/system/install'
make[4]: Entering directory `/home/jessica/src/Firmware/NuttX/apps/system/poweroff'
make[4]: Nothing to be done for `clean'.
make[4]: Leaving directory `/home/jessica/src/Firmware/NuttX/apps/system/poweroff'
make[4]: Entering directory `/home/jessica/src/Firmware/NuttX/apps/system/ramtest'
make[4]: Nothing to be done for `clean'.
make[4]: Leaving directory `/home/jessica/src/Firmware/NuttX/apps/system/ramtest'
make[4]: Entering directory `/home/jessica/src/Firmware/NuttX/apps/system/ramtron'
make[4]: Nothing to be done for `clean'.
make[4]: Leaving directory `/home/jessica/src/Firmware/NuttX/apps/system/ramtron'
make[4]: Entering directory `/home/jessica/src/Firmware/NuttX/apps/system/readline'
make[4]: Nothing to be done for `clean'.
make[4]: Leaving directory `/home/jessica/src/Firmware/NuttX/apps/system/readline'
make[4]: Entering directory `/home/jessica/src/Firmware/NuttX/apps/system/sdcard'
make[4]: Nothing to be done for `clean'.
make[4]: Leaving directory `/home/jessica/src/Firmware/NuttX/apps/system/sdcard'
make[4]: Entering directory `/home/jessica/src/Firmware/NuttX/apps/system/sysinfo'
make[4]: Nothing to be done for `clean'.
make[4]: Leaving directory `/home/jessica/src/Firmware/NuttX/apps/system/sysinfo'
make[4]: Entering directory `/home/jessica/src/Firmware/NuttX/apps/system/usbmonitor'
make[4]: Nothing to be done for `clean'.
make[4]: Leaving directory `/home/jessica/src/Firmware/NuttX/apps/system/usbmonitor'
make[3]: Leaving directory `/home/jessica/src/Firmware/NuttX/apps/system'
make[2]: Leaving directory `/home/jessica/src/Firmware/NuttX/apps'
make[2]: Entering directory `/home/jessica/src/Firmware/NuttX/nuttx/libc'
make[3]: Entering directory `/home/jessica/src/Firmware/NuttX/nuttx/libc/bin'
make[3]: Nothing to be done for `clean'.
make[3]: Leaving directory `/home/jessica/src/Firmware/NuttX/nuttx/libc/bin'
make[3]: Entering directory `/home/jessica/src/Firmware/NuttX/nuttx/libc/ubin'
make[3]: Nothing to be done for `clean'.
make[3]: Leaving directory `/home/jessica/src/Firmware/NuttX/nuttx/libc/ubin'
make[3]: Entering directory `/home/jessica/src/Firmware/NuttX/nuttx/libc/kbin'
make[3]: Nothing to be done for `clean'.
make[3]: Leaving directory `/home/jessica/src/Firmware/NuttX/nuttx/libc/kbin'
make[2]: Leaving directory `/home/jessica/src/Firmware/NuttX/nuttx/libc'
make[2]: Entering directory `/home/jessica/src/Firmware/NuttX/nuttx/mm'
make[3]: Entering directory `/home/jessica/src/Firmware/NuttX/nuttx/mm/bin'
make[3]: Nothing to be done for `clean'.
make[3]: Leaving directory `/home/jessica/src/Firmware/NuttX/nuttx/mm/bin'
make[3]: Entering directory `/home/jessica/src/Firmware/NuttX/nuttx/mm/ubin'
make[3]: Nothing to be done for `clean'.
make[3]: Leaving directory `/home/jessica/src/Firmware/NuttX/nuttx/mm/ubin'
make[3]: Entering directory `/home/jessica/src/Firmware/NuttX/nuttx/mm/kbin'
make[3]: Nothing to be done for `clean'.
make[3]: Leaving directory `/home/jessica/src/Firmware/NuttX/nuttx/mm/kbin'
make[2]: Leaving directory `/home/jessica/src/Firmware/NuttX/nuttx/mm'
make[2]: Entering directory `/home/jessica/src/Firmware/NuttX/nuttx/fs'
make[2]: `clean' is up to date.
make[2]: Leaving directory `/home/jessica/src/Firmware/NuttX/nuttx/fs'
make[2]: Entering directory `/home/jessica/src/Firmware/NuttX/nuttx/drivers'
make[2]: `clean' is up to date.
make[2]: Leaving directory `/home/jessica/src/Firmware/NuttX/nuttx/drivers'
make[2]: Entering directory `/home/jessica/src/Firmware/NuttX/nuttx/binfmt'
make[2]: `clean' is up to date.
make[2]: Leaving directory `/home/jessica/src/Firmware/NuttX/nuttx/binfmt'
make[2]: Entering directory `/home/jessica/src/Firmware/NuttX/nuttx/lib'
make[2]: `clean' is up to date.
make[2]: Leaving directory `/home/jessica/src/Firmware/NuttX/nuttx/lib'
make[2]: Entering directory `/home/jessica/src/Firmware/NuttX/nuttx/syscall'
make[2]: Nothing to be done for `clean'.
make[2]: Leaving directory `/home/jessica/src/Firmware/NuttX/nuttx/syscall'
make[2]: Entering directory `/home/jessica/src/Firmware/NuttX/nuttx/libxx'
make[2]: `clean' is up to date.
make[2]: Leaving directory `/home/jessica/src/Firmware/NuttX/nuttx/libxx'
make[2]: Entering directory `/home/jessica/src/Firmware/NuttX/nuttx/graphics'
make[3]: Entering directory `/home/jessica/src/Firmware/NuttX/nuttx/graphics/nxglib'
make[3]: Nothing to be done for `clean'.
make[3]: Leaving directory `/home/jessica/src/Firmware/NuttX/nuttx/graphics/nxglib'
make[3]: Entering directory `/home/jessica/src/Firmware/NuttX/nuttx/graphics/nxfonts'
make[3]: Nothing to be done for `clean'.
make[3]: Leaving directory `/home/jessica/src/Firmware/NuttX/nuttx/graphics/nxfonts'
make[2]: Leaving directory `/home/jessica/src/Firmware/NuttX/nuttx/graphics'
make[2]: Entering directory `/home/jessica/src/Firmware/NuttX/nuttx/audio'
make[2]: `clean' is up to date.
make[2]: Leaving directory `/home/jessica/src/Firmware/NuttX/nuttx/audio'
make[2]: Entering directory `/home/jessica/src/Firmware/NuttX/nuttx/net'
make[2]: `clean' is up to date.
make[2]: Leaving directory `/home/jessica/src/Firmware/NuttX/nuttx/net'
make[2]: Entering directory `/home/jessica/src/Firmware/NuttX/nuttx/tools'
make[2]: Leaving directory `/home/jessica/src/Firmware/NuttX/nuttx/tools'
make[1]: Leaving directory `/home/jessica/src/Firmware/NuttX/nuttx'
]0;jessica@mcwiljl-ll1: ~/src/Firmwarejessica@mcwiljl-ll1:~/src/Firmware$ make aerocore_default 
-- nuttx-aerocore-default
CMake Deprecation Warning at /usr/local/share/cmake-3.6/Modules/CMakeForceCompiler.cmake:79 (message):
  The CMAKE_FORCE_C_COMPILER macro is deprecated.  Instead just set
  CMAKE_C_COMPILER and allow CMake to identify the compiler.
Call Stack (most recent call first):
  cmake/toolchains/Toolchain-arm-none-eabi.cmake:31 (cmake_force_c_compiler)
  /usr/local/share/cmake-3.6/Modules/CMakeDetermineSystem.cmake:98 (include)
  CMakeLists.txt:194 (project)


CMake Deprecation Warning at /usr/local/share/cmake-3.6/Modules/CMakeForceCompiler.cmake:93 (message):
  The CMAKE_FORCE_CXX_COMPILER macro is deprecated.  Instead just set
  CMAKE_CXX_COMPILER and allow CMake to identify the compiler.
Call Stack (most recent call first):
  cmake/toolchains/Toolchain-arm-none-eabi.cmake:37 (cmake_force_cxx_compiler)
  /usr/local/share/cmake-3.6/Modules/CMakeDetermineSystem.cmake:98 (include)
  CMakeLists.txt:194 (project)


CMake Deprecation Warning at /usr/local/share/cmake-3.6/Modules/CMakeForceCompiler.cmake:79 (message):
  The CMAKE_FORCE_C_COMPILER macro is deprecated.  Instead just set
  CMAKE_C_COMPILER and allow CMake to identify the compiler.
Call Stack (most recent call first):
  cmake/toolchains/Toolchain-arm-none-eabi.cmake:31 (cmake_force_c_compiler)
  build_aerocore_default/CMakeFiles/3.6.0-rc3/CMakeSystem.cmake:6 (include)
  CMakeLists.txt:194 (project)


CMake Deprecation Warning at /usr/local/share/cmake-3.6/Modules/CMakeForceCompiler.cmake:93 (message):
  The CMAKE_FORCE_CXX_COMPILER macro is deprecated.  Instead just set
  CMAKE_CXX_COMPILER and allow CMake to identify the compiler.
Call Stack (most recent call first):
  cmake/toolchains/Toolchain-arm-none-eabi.cmake:37 (cmake_force_cxx_compiler)
  build_aerocore_default/CMakeFiles/3.6.0-rc3/CMakeSystem.cmake:6 (include)
  CMakeLists.txt:194 (project)


-- The ASM compiler identification is GNU
-- Found assembler: /home/jessica/gcc-arm-none-eabi-4_9-2014q4/bin/arm-none-eabi-gcc
-- Found PythonInterp: /usr/bin/python (found version "2.7.6") 
-- GIT_TAG = v1.4.0rc2-62-g2b1edaa
-- Configuring done
-- Generating done
-- Build files have been written to: /home/jessica/src/Firmware/build_aerocore_default
PX4 CONFIG: aerocore_default
[35m[1mScanning dependencies of target git_nuttx[0m
[35m[1mScanning dependencies of target git_genmsg[0m
[35m[1mScanning dependencies of target git_mavlink[0m
[35m[1mScanning dependencies of target git_gencpp[0m
[  0%] [34m[1mGenerating git_init_Tools_gencpp.stamp[0m
[  0%] [34m[1mGenerating git_init_mavlink_include_mavlink_v1.0.stamp[0m
[  0%] [34m[1mGenerating git_init_Tools_genmsg.stamp[0m
[  0%] [34m[1mGenerating git_init_NuttX.stamp[0m
[  0%] Built target git_mavlink
[  0%] Built target git_gencpp
[  0%] Built target git_nuttx
[  0%] Built target git_genmsg
[35m[1mScanning dependencies of target git_uavcan[0m
[35m[1mScanning dependencies of target nuttx_export_px4io-v2[0m
[35m[1mScanning dependencies of target git_matrix[0m
[35m[1mScanning dependencies of target mixer_gen[0m
[  0%] [34m[1mGenerating git_init_src_modules_uavcan_libuavcan.stamp[0m
[  0%] [34m[1mBuilding NuttX for px4io-v2[0m
[  1%] [34m[1mGenerating git_init_src_lib_matrix.stamp[0m
[  1%] Built target git_uavcan
[  1%] [34m[1mGenerating mixer_multirotor.generated.h[0m
[  1%] Built target git_matrix
[35m[1mScanning dependencies of target xml_gen[0m
[35m[1mScanning dependencies of target git_ecl[0m
[  1%] [34m[1mGenerating parameters.xml[0m
[  1%] [34m[1mGenerating git_init_src_lib_ecl.stamp[0m
[  1%] Built target mixer_gen
[  1%] Built target git_ecl
[35m[1mScanning dependencies of target nuttx_export_aerocore[0m
[  2%] [34m[1mGenerating airframes.xml[0m
[  3%] [34m[1mBuilding NuttX for aerocore[0m
make[4]: warning: jobserver unavailable: using -j1.  Add `+' to parent make rule.
make[4]: warning: jobserver unavailable: using -j1.  Add `+' to parent make rule.
make[4]: warning: -jN forced in submake: disabling jobserver mode.
make[4]: warning: -jN forced in submake: disabling jobserver mode.
[  3%] Built target xml_gen
[  3%] [34m[1mGenerating nuttx_export_px4io-v2.stamp[0m
[  3%] Built target nuttx_export_px4io-v2
[35m[1mScanning dependencies of target io_prebuild_targets[0m
[  3%] Built target io_prebuild_targets
[  3%] [34m[1mGenerating nuttx_export_aerocore.stamp[0m
[  3%] Built target nuttx_export_aerocore
[35m[1mScanning dependencies of target prebuild_targets[0m
[  3%] Built target prebuild_targets
[  4%] [34m[1mGenerating uORB topic sources[0m
[  4%] [34m[1mGenerating uORB topic headers[0m
[  4%] [34m[1mGenerating uORB topic multi headers for nuttx[0m
[35m[1mScanning dependencies of target msg_gen[0m
[  4%] [32mBuilding CXX object CMakeFiles/msg_gen.dir/topics_sources/uORBTopics.cpp.obj[0m
[  5%] [32mBuilding CXX object CMakeFiles/msg_gen.dir/topics_sources/actuator_armed.cpp.obj[0m
[  5%] [32mBuilding CXX object CMakeFiles/msg_gen.dir/topics_sources/actuator_controls.cpp.obj[0m
[  5%] [32mBuilding CXX object CMakeFiles/msg_gen.dir/topics_sources/actuator_direct.cpp.obj[0m
[  5%] [32mBuilding CXX object CMakeFiles/msg_gen.dir/topics_sources/actuator_outputs.cpp.obj[0m
[  5%] [32mBuilding CXX object CMakeFiles/msg_gen.dir/topics_sources/adc_report.cpp.obj[0m
[  6%] [32mBuilding CXX object CMakeFiles/msg_gen.dir/topics_sources/airspeed.cpp.obj[0m
[  6%] [32mBuilding CXX object CMakeFiles/msg_gen.dir/topics_sources/att_pos_mocap.cpp.obj[0m
[  6%] [32mBuilding CXX object CMakeFiles/msg_gen.dir/topics_sources/battery_status.cpp.obj[0m
[  6%] [32mBuilding CXX object CMakeFiles/msg_gen.dir/topics_sources/camera_trigger.cpp.obj[0m
[  7%] [32mBuilding CXX object CMakeFiles/msg_gen.dir/topics_sources/commander_state.cpp.obj[0m
[  7%] [32mBuilding CXX object CMakeFiles/msg_gen.dir/topics_sources/control_state.cpp.obj[0m
[  7%] [32mBuilding CXX object CMakeFiles/msg_gen.dir/topics_sources/cpuload.cpp.obj[0m
[  7%] [32mBuilding CXX object CMakeFiles/msg_gen.dir/topics_sources/debug_key_value.cpp.obj[0m
[  8%] [32mBuilding CXX object CMakeFiles/msg_gen.dir/topics_sources/differential_pressure.cpp.obj[0m
[  8%] [32mBuilding CXX object CMakeFiles/msg_gen.dir/topics_sources/distance_sensor.cpp.obj[0m
[  8%] [32mBuilding CXX object CMakeFiles/msg_gen.dir/topics_sources/ekf2_innovations.cpp.obj[0m
[  8%] [32mBuilding CXX object CMakeFiles/msg_gen.dir/topics_sources/ekf2_replay.cpp.obj[0m
[  8%] [32mBuilding CXX object CMakeFiles/msg_gen.dir/topics_sources/encoders.cpp.obj[0m
[  9%] [32mBuilding CXX object CMakeFiles/msg_gen.dir/topics_sources/esc_report.cpp.obj[0m
[  9%] [32mBuilding CXX object CMakeFiles/msg_gen.dir/topics_sources/esc_status.cpp.obj[0m
[  9%] [32mBuilding CXX object CMakeFiles/msg_gen.dir/topics_sources/estimator_status.cpp.obj[0m
[  9%] [32mBuilding CXX object CMakeFiles/msg_gen.dir/topics_sources/fence.cpp.obj[0m
[ 10%] [32mBuilding CXX object CMakeFiles/msg_gen.dir/topics_sources/fence_vertex.cpp.obj[0m
[ 10%] [32mBuilding CXX object CMakeFiles/msg_gen.dir/topics_sources/filtered_bottom_flow.cpp.obj[0m
[ 10%] [32mBuilding CXX object CMakeFiles/msg_gen.dir/topics_sources/follow_target.cpp.obj[0m
[ 10%] [32mBuilding CXX object CMakeFiles/msg_gen.dir/topics_sources/fw_pos_ctrl_status.cpp.obj[0m
[ 11%] [32mBuilding CXX object CMakeFiles/msg_gen.dir/topics_sources/fw_virtual_attitude_setpoint.cpp.obj[0m
[ 11%] [32mBuilding CXX object CMakeFiles/msg_gen.dir/topics_sources/fw_virtual_rates_setpoint.cpp.obj[0m
[ 11%] [32mBuilding CXX object CMakeFiles/msg_gen.dir/topics_sources/geofence_result.cpp.obj[0m
[ 11%] [32mBuilding CXX object CMakeFiles/msg_gen.dir/topics_sources/gps_inject_data.cpp.obj[0m
[ 11%] [32mBuilding CXX object CMakeFiles/msg_gen.dir/topics_sources/hil_sensor.cpp.obj[0m
[ 12%] [32mBuilding CXX object CMakeFiles/msg_gen.dir/topics_sources/home_position.cpp.obj[0m
[ 12%] [32mBuilding CXX object CMakeFiles/msg_gen.dir/topics_sources/input_rc.cpp.obj[0m
[ 12%] [32mBuilding CXX object CMakeFiles/msg_gen.dir/topics_sources/manual_control_setpoint.cpp.obj[0m
[ 12%] [32mBuilding CXX object CMakeFiles/msg_gen.dir/topics_sources/mavlink_log.cpp.obj[0m
[ 13%] [32mBuilding CXX object CMakeFiles/msg_gen.dir/topics_sources/mc_att_ctrl_status.cpp.obj[0m
[ 13%] [32mBuilding CXX object CMakeFiles/msg_gen.dir/topics_sources/mc_virtual_attitude_setpoint.cpp.obj[0m
[ 13%] [32mBuilding CXX object CMakeFiles/msg_gen.dir/topics_sources/mc_virtual_rates_setpoint.cpp.obj[0m
[ 13%] [32mBuilding CXX object CMakeFiles/msg_gen.dir/topics_sources/mission.cpp.obj[0m
[ 14%] [32mBuilding CXX object CMakeFiles/msg_gen.dir/topics_sources/mission_result.cpp.obj[0m
[ 14%] [32mBuilding CXX object CMakeFiles/msg_gen.dir/topics_sources/multirotor_motor_limits.cpp.obj[0m
[ 14%] [32mBuilding CXX object CMakeFiles/msg_gen.dir/topics_sources/offboard_control_mode.cpp.obj[0m
[ 14%] [32mBuilding CXX object CMakeFiles/msg_gen.dir/topics_sources/optical_flow.cpp.obj[0m
[ 14%] [32mBuilding CXX object CMakeFiles/msg_gen.dir/topics_sources/output_pwm.cpp.obj[0m
[ 15%] [32mBuilding CXX object CMakeFiles/msg_gen.dir/topics_sources/parameter_update.cpp.obj[0m
[ 15%] [32mBuilding CXX object CMakeFiles/msg_gen.dir/topics_sources/position_setpoint.cpp.obj[0m
[ 15%] [32mBuilding CXX object CMakeFiles/msg_gen.dir/topics_sources/position_setpoint_triplet.cpp.obj[0m
[ 15%] [32mBuilding CXX object CMakeFiles/msg_gen.dir/topics_sources/pwm_input.cpp.obj[0m
[ 16%] [32mBuilding CXX object CMakeFiles/msg_gen.dir/topics_sources/qshell_req.cpp.obj[0m
[ 16%] [32mBuilding CXX object CMakeFiles/msg_gen.dir/topics_sources/rc_channels.cpp.obj[0m
[ 16%] [32mBuilding CXX object CMakeFiles/msg_gen.dir/topics_sources/rc_parameter_map.cpp.obj[0m
[ 16%] [32mBuilding CXX object CMakeFiles/msg_gen.dir/topics_sources/safety.cpp.obj[0m
[ 17%] [32mBuilding CXX object CMakeFiles/msg_gen.dir/topics_sources/satellite_info.cpp.obj[0m
[ 17%] [32mBuilding CXX object CMakeFiles/msg_gen.dir/topics_sources/sensor_baro.cpp.obj[0m
[ 17%] [32mBuilding CXX object CMakeFiles/msg_gen.dir/topics_sources/sensor_accel.cpp.obj[0m
[ 17%] [32mBuilding CXX object CMakeFiles/msg_gen.dir/topics_sources/sensor_combined.cpp.obj[0m
[ 17%] [32mBuilding CXX object CMakeFiles/msg_gen.dir/topics_sources/sensor_gyro.cpp.obj[0m
[ 18%] [32mBuilding CXX object CMakeFiles/msg_gen.dir/topics_sources/sensor_mag.cpp.obj[0m
[ 18%] [32mBuilding CXX object CMakeFiles/msg_gen.dir/topics_sources/servorail_status.cpp.obj[0m
[ 18%] [32mBuilding CXX object CMakeFiles/msg_gen.dir/topics_sources/subsystem_info.cpp.obj[0m
[ 18%] [32mBuilding CXX object CMakeFiles/msg_gen.dir/topics_sources/system_power.cpp.obj[0m
[ 19%] [32mBuilding CXX object CMakeFiles/msg_gen.dir/topics_sources/telemetry_status.cpp.obj[0m
[ 19%] [32mBuilding CXX object CMakeFiles/msg_gen.dir/topics_sources/tecs_status.cpp.obj[0m
[ 19%] [32mBuilding CXX object CMakeFiles/msg_gen.dir/topics_sources/test_motor.cpp.obj[0m
[ 19%] [32mBuilding CXX object CMakeFiles/msg_gen.dir/topics_sources/time_offset.cpp.obj[0m
[ 20%] [32mBuilding CXX object CMakeFiles/msg_gen.dir/topics_sources/uavcan_parameter_value.cpp.obj[0m
[ 20%] [32mBuilding CXX object CMakeFiles/msg_gen.dir/topics_sources/uavcan_parameter_request.cpp.obj[0m
[ 20%] [32mBuilding CXX object CMakeFiles/msg_gen.dir/topics_sources/transponder_report.cpp.obj[0m
[ 20%] [32mBuilding CXX object CMakeFiles/msg_gen.dir/topics_sources/vehicle_attitude.cpp.obj[0m
[ 21%] [32mBuilding CXX object CMakeFiles/msg_gen.dir/topics_sources/vehicle_attitude_setpoint.cpp.obj[0m
[ 21%] [32mBuilding CXX object CMakeFiles/msg_gen.dir/topics_sources/vehicle_command_ack.cpp.obj[0m
[ 21%] [32mBuilding CXX object CMakeFiles/msg_gen.dir/topics_sources/vehicle_control_mode.cpp.obj[0m
[ 21%] [32mBuilding CXX object CMakeFiles/msg_gen.dir/topics_sources/vehicle_command.cpp.obj[0m
[ 21%] [32mBuilding CXX object CMakeFiles/msg_gen.dir/topics_sources/vehicle_force_setpoint.cpp.obj[0m
[ 22%] [32mBuilding CXX object CMakeFiles/msg_gen.dir/topics_sources/vehicle_global_position.cpp.obj[0m
[ 22%] [32mBuilding CXX object CMakeFiles/msg_gen.dir/topics_sources/vehicle_global_velocity_setpoint.cpp.obj[0m
[ 22%] [32mBuilding CXX object CMakeFiles/msg_gen.dir/topics_sources/vehicle_gps_position.cpp.obj[0m
[ 22%] [32mBuilding CXX object CMakeFiles/msg_gen.dir/topics_sources/vehicle_land_detected.cpp.obj[0m
[ 23%] [32mBuilding CXX object CMakeFiles/msg_gen.dir/topics_sources/vehicle_local_position.cpp.obj[0m
[ 23%] [32mBuilding CXX object CMakeFiles/msg_gen.dir/topics_sources/vehicle_local_position_setpoint.cpp.obj[0m
[ 23%] [32mBuilding CXX object CMakeFiles/msg_gen.dir/topics_sources/vehicle_rates_setpoint.cpp.obj[0m
[ 23%] [32mBuilding CXX object CMakeFiles/msg_gen.dir/topics_sources/vehicle_status.cpp.obj[0m
[ 23%] [32mBuilding CXX object CMakeFiles/msg_gen.dir/topics_sources/vision_position_estimate.cpp.obj[0m
[ 24%] [32mBuilding CXX object CMakeFiles/msg_gen.dir/topics_sources/vtol_vehicle_status.cpp.obj[0m
[ 24%] [32mBuilding CXX object CMakeFiles/msg_gen.dir/topics_sources/wind_estimate.cpp.obj[0m
[ 24%] [32m[1mLinking CXX static library libmsg_gen.a[0m
[ 24%] Built target msg_gen
[35m[1mScanning dependencies of target platforms__common[0m
[35m[1mScanning dependencies of target generate_topic_listener[0m
[35m[1mScanning dependencies of target px4io-v2[0m
[ 25%] [34m[1mGenerating topic_listener.cpp[0m
[ 25%] [32mBuilding C object src/platforms/common/CMakeFiles/platforms__common.dir/px4_getopt.c.obj[0m
[ 25%] Built target generate_topic_listener
[ 26%] [32m[1mLinking C static library libplatforms__common.a[0m
[ 26%] Built target platforms__common
[35m[1mScanning dependencies of target platforms__nuttx[0m
[35m[1mScanning dependencies of target drivers__stm32[0m
[35m[1mScanning dependencies of target drivers__device[0m
[ 26%] [32mBuilding CXX object src/platforms/nuttx/CMakeFiles/platforms__nuttx.dir/px4_nuttx_impl.cpp.obj[0m
[ 27%] [32mBuilding C object src/drivers/stm32/CMakeFiles/drivers__stm32.dir/drv_hrt.c.obj[0m
[ 27%] [32mBuilding CXX object src/drivers/device/CMakeFiles/drivers__device.dir/ringbuffer.cpp.obj[0m
[ 27%] [32mBuilding C object src/drivers/stm32/CMakeFiles/drivers__stm32.dir/drv_io_timer.c.obj[0m
[ 27%] [32mBuilding C object src/modules/px4iofirmware/CMakeFiles/px4io-v2.dir/adc.c.obj[0m
[ 27%] [32mBuilding C object src/modules/px4iofirmware/CMakeFiles/px4io-v2.dir/controls.c.obj[0m
[ 27%] [32m[1mLinking CXX static library libplatforms__nuttx.a[0m
[ 27%] [32mBuilding CXX object src/drivers/device/CMakeFiles/drivers__device.dir/integrator.cpp.obj[0m
[ 27%] Built target platforms__nuttx
[35m[1mScanning dependencies of target drivers__stm32__adc[0m
[ 27%] [32mBuilding CXX object src/drivers/stm32/adc/CMakeFiles/drivers__stm32__adc.dir/adc.cpp.obj[0m
[ 27%] [32mBuilding C object src/drivers/stm32/CMakeFiles/drivers__stm32.dir/drv_pwm_servo.c.obj[0m
[ 27%] [32mBuilding C object src/modules/px4iofirmware/CMakeFiles/px4io-v2.dir/px4io.c.obj[0m
[ 27%] [32mBuilding C object src/drivers/stm32/CMakeFiles/drivers__stm32.dir/drv_input_capture.c.obj[0m
[ 27%] [32mBuilding CXX object src/drivers/device/CMakeFiles/drivers__device.dir/device_nuttx.cpp.obj[0m
[ 27%] [32m[1mLinking CXX static library libdrivers__stm32__adc.a[0m
[ 28%] [32mBuilding C object src/modules/px4iofirmware/CMakeFiles/px4io-v2.dir/registers.c.obj[0m
[ 28%] Built target drivers__stm32__adc
[ 28%] [32mBuilding C object src/modules/px4iofirmware/CMakeFiles/px4io-v2.dir/safety.c.obj[0m
[ 28%] [32mBuilding C object src/modules/px4iofirmware/CMakeFiles/px4io-v2.dir/__/systemlib/up_cxxinitialize.c.obj[0m
[ 29%] [32m[1mLinking C static library libdrivers__stm32.a[0m
[ 29%] Built target drivers__stm32
[35m[1mScanning dependencies of target drivers__stm32__tone_alarm[0m
[ 30%] [32mBuilding CXX object src/drivers/device/CMakeFiles/drivers__device.dir/cdev.cpp.obj[0m
[ 30%] [32mBuilding C object src/modules/px4iofirmware/CMakeFiles/px4io-v2.dir/__/systemlib/perf_counter.c.obj[0m
[ 30%] [32mBuilding CXX object src/drivers/stm32/tone_alarm/CMakeFiles/drivers__stm32__tone_alarm.dir/tone_alarm.cpp.obj[0m
[ 31%] [32mBuilding CXX object src/modules/px4iofirmware/CMakeFiles/px4io-v2.dir/mixer.cpp.obj[0m
[ 31%] [32mBuilding CXX object src/modules/px4iofirmware/CMakeFiles/px4io-v2.dir/__/systemlib/mixer/mixer.cpp.obj[0m
[ 31%] [32mBuilding CXX object src/drivers/device/CMakeFiles/drivers__device.dir/i2c_nuttx.cpp.obj[0m
[ 31%] [32mBuilding CXX object src/modules/px4iofirmware/CMakeFiles/px4io-v2.dir/__/systemlib/mixer/mixer_group.cpp.obj[0m
[ 32%] [32m[1mLinking CXX static library libdrivers__stm32__tone_alarm.a[0m
[ 32%] [32mBuilding CXX object src/modules/px4iofirmware/CMakeFiles/px4io-v2.dir/__/systemlib/mixer/mixer_multirotor.cpp.obj[0m
[ 32%] Built target drivers__stm32__tone_alarm
[35m[1mScanning dependencies of target drivers__led[0m
[ 32%] [32mBuilding CXX object src/drivers/device/CMakeFiles/drivers__device.dir/pio.cpp.obj[0m
[ 33%] [32mBuilding CXX object src/drivers/led/CMakeFiles/drivers__led.dir/led.cpp.obj[0m
[ 33%] [32mBuilding CXX object src/modules/px4iofirmware/CMakeFiles/px4io-v2.dir/__/systemlib/mixer/mixer_simple.cpp.obj[0m
[ 33%] [32mBuilding CXX object src/drivers/device/CMakeFiles/drivers__device.dir/spi.cpp.obj[0m
[ 33%] [32m[1mLinking CXX static library libdrivers__led.a[0m
[ 33%] Built target drivers__led
[35m[1mScanning dependencies of target drivers__px4fmu[0m
[ 34%] [32mBuilding C object src/modules/px4iofirmware/CMakeFiles/px4io-v2.dir/__/systemlib/pwm_limit/pwm_limit.c.obj[0m
[ 34%] [32mBuilding CXX object src/drivers/px4fmu/CMakeFiles/drivers__px4fmu.dir/fmu.cpp.obj[0m
[ 34%] [32mBuilding C object src/modules/px4iofirmware/CMakeFiles/px4io-v2.dir/__/__/lib/rc/st24.c.obj[0m
[ 35%] [32m[1mLinking CXX static library libdrivers__device.a[0m
[ 35%] Built target drivers__device
[35m[1mScanning dependencies of target drivers__boards__aerocore[0m
[ 35%] [32mBuilding C object src/modules/px4iofirmware/CMakeFiles/px4io-v2.dir/__/__/lib/rc/sumd.c.obj[0m
[ 35%] [32mBuilding C object src/modules/px4iofirmware/CMakeFiles/px4io-v2.dir/__/__/lib/rc/sbus.c.obj[0m
[ 36%] [32mBuilding C object src/drivers/boards/aerocore/CMakeFiles/drivers__boards__aerocore.dir/__/common/board_name.c.obj[0m
[ 37%] [32mBuilding C object src/modules/px4iofirmware/CMakeFiles/px4io-v2.dir/__/__/lib/rc/dsm.c.obj[0m
[ 37%] [32mBuilding C object src/drivers/boards/aerocore/CMakeFiles/drivers__boards__aerocore.dir/aerocore_init.c.obj[0m
[ 37%] [32mBuilding C object src/modules/px4iofirmware/CMakeFiles/px4io-v2.dir/__/__/drivers/stm32/drv_hrt.c.obj[0m
[ 37%] [32mBuilding C object src/drivers/boards/aerocore/CMakeFiles/drivers__boards__aerocore.dir/aerocore_timer_config.c.obj[0m
[ 37%] [32mBuilding C object src/modules/px4iofirmware/CMakeFiles/px4io-v2.dir/__/__/drivers/stm32/drv_io_timer.c.obj[0m
/home/jessica/src/Firmware/src/drivers/boards/aerocore/aerocore_timer_config.c:71:3: error: request for member 'first_channel_index' in something not a structure or union
   .first_channel_index = 4,
   ^
compilation terminated due to -Wfatal-errors.
make[3]: *** [src/drivers/boards/aerocore/CMakeFiles/drivers__boards__aerocore.dir/aerocore_timer_config.c.obj] Error 1
make[2]: *** [src/drivers/boards/aerocore/CMakeFiles/drivers__boards__aerocore.dir/all] Error 2
make[2]: *** Waiting for unfinished jobs....
[ 37%] [32mBuilding C object src/modules/px4iofirmware/CMakeFiles/px4io-v2.dir/__/__/drivers/stm32/drv_pwm_servo.c.obj[0m
[ 38%] [32mBuilding C object src/modules/px4iofirmware/CMakeFiles/px4io-v2.dir/__/__/drivers/boards/px4io-v2/px4io_init.c.obj[0m
[ 38%] [32mBuilding C object src/modules/px4iofirmware/CMakeFiles/px4io-v2.dir/__/__/drivers/boards/px4io-v2/px4io_timer_config.c.obj[0m
[ 38%] [32mBuilding C object src/modules/px4iofirmware/CMakeFiles/px4io-v2.dir/serial.c.obj[0m
[ 38%] [32mBuilding C object src/modules/px4iofirmware/CMakeFiles/px4io-v2.dir/__/systemlib/hx_stream.c.obj[0m
[ 38%] [32mBuilding C object src/drivers/px4fmu/CMakeFiles/drivers__px4fmu.dir/px4fmu_params.c.obj[0m
[ 38%] [32m[1mLinking CXX executable px4io-v2[0m
[ 38%] Built target px4io-v2
[ 38%] [32m[1mLinking CXX static library libdrivers__px4fmu.a[0m
[ 38%] Built target drivers__px4fmu
make[1]: *** [all] Error 2
make: *** [aerocore_default] Error 2
]0;jessica@mcwiljl-ll1: ~/src/Firmwarejessica@mcwiljl-ll1:~/src/Firmware$ cd bi[Kuild_aerocore_default/aerocore/Nuttx[KX[K[K[K[K[K
]0;jessica@mcwiljl-ll1: ~/src/Firmware/build_aerocore_default/aerocorejessica@mcwiljl-ll1:~/src/Firmware/build_aerocore_default/aerocore$ cd NuttX/
]0;jessica@mcwiljl-ll1: ~/src/Firmware/build_aerocore_default/aerocore/NuttXjessica@mcwiljl-ll1:~/src/Firmware/build_aerocore_default/aerocore/NuttX$ cd nut tx
]0;jessica@mcwiljl-ll1: ~/src/Firmware/build_aerocore_default/aerocore/NuttX/nuttxjessica@mcwiljl-ll1:~/src/Firmware/build_aerocore_default/aerocore/NuttX/nuttx$  make oldconfig
kconfig-conf: error while loading shared libraries: libkconfig-parser-3.12.0.so: cannot open shared object file: No such file or directory
make: *** [oldconfig] Error 127
]0;jessica@mcwiljl-ll1: ~/src/Firmware/build_aerocore_default/aerocore/NuttX/nuttxjessica@mcwiljl-ll1:~/src/Firmware/build_aerocore_default/aerocore/NuttX/nuttx$  sudo make oldconfig
[sudo] password for jessica: 
kconfig-conf: error while loading shared libraries: libkconfig-parser-3.12.0.so: cannot open shared object file: No such file or directory
make: *** [oldconfig] Error 127
]0;jessica@mcwiljl-ll1: ~/src/Firmware/build_aerocore_default/aerocore/NuttX/nuttxjessica@mcwiljl-ll1:~/src/Firmware/build_aerocore_default/aerocore/NuttX/nuttx$  exit
exit

Script done on Wed 29 Jun 2016 04:29:29 PM EDT
