make all --print-data-base --no-builtin-variables --no-builtin-rules --question
# GNU Make 4.2.1
# Built for x86_64-pc-linux-gnu
# Copyright (C) 1988-2016 Free Software Foundation, Inc.
# License GPLv3+: GNU GPL version 3 or later <http://gnu.org/licenses/gpl.html>
# This is free software: you are free to change and redistribute it.
# There is NO WARRANTY, to the extent permitted by law.

# Make data base, printed on Fri Jun  3 18:39:56 2022

# Variables

# automatic
<D = $(patsubst %/,%,$(dir $<))
# automatic
?F = $(notdir $?)
# default
.SHELLFLAGS := -c
# environment
XDG_SESSION_CLASS = user
# environment
VSCODE_AGENT_FOLDER = /home/cfaber/.vscode-server
# environment
XDG_SESSION_TYPE = tty
# environment
VSCODE_LOG_NATIVE = false
# environment
NVM_INC = /home/cfaber/.nvm/versions/node/v16.14.2/include/node
# automatic
?D = $(patsubst %/,%,$(dir $?))
# environment
OGRE_RESOURCE_PATH = /usr/lib/x86_64-linux-gnu/OGRE-1.9.0
# makefile (from 'Makefile', line 244)
deprecation_warning = 	$(warning $(1) has been deprecated and will be removed, please use $(2)!)
# automatic
@D = $(patsubst %/,%,$(dir $@))
# automatic
@F = $(notdir $@)
# default
MAKE_VERSION := 4.2.1
# makefile
CURDIR := /home/cfaber/sagetech-github/PX4-Autopilot
# makefile
SHELL = /bin/sh
# makefile (from 'Makefile', line 181)
define cmake-build
	$(eval CMAKE_ARGS += -DCONFIG=$(1))
	@$(eval BUILD_DIR = "$(SRC_DIR)/build/$(1)")
	@# check if the desired cmake configuration matches the cache then CMAKE_CACHE_CHECK stays empty
	@$(call cmake-cache-check)
	@# make sure to start from scratch when switching from GNU Make to Ninja
	@if [ $(PX4_CMAKE_GENERATOR) = "Ninja" ] && [ -e $(BUILD_DIR)/Makefile ]; then rm -rf $(BUILD_DIR); fi
	@# make sure to start from scratch if ninja build file is missing
	@if [ $(PX4_CMAKE_GENERATOR) = "Ninja" ] && [ ! -f $(BUILD_DIR)/build.ninja ]; then rm -rf $(BUILD_DIR); fi
	@# only excplicitly configure the first build, if cache file already exists the makefile will rerun cmake automatically if necessary
	@if [ ! -e $(BUILD_DIR)/CMakeCache.txt ] || [ $(CMAKE_CACHE_CHECK) ]; then mkdir -p $(BUILD_DIR) && cd $(BUILD_DIR) && cmake "$(SRC_DIR)" -G"$(PX4_CMAKE_GENERATOR)" $(CMAKE_ARGS) || (rm -rf $(BUILD_DIR)); fi
	@# run the build for the specified target
	@cmake --build $(BUILD_DIR) -- $(PX4_MAKE_ARGS) $(ARGS)
endef
# environment
VSCODE_NLS_CONFIG = {"locale":"en","availableLanguages":{}}
# environment
_ = /home/cfaber/.vscode-server/bin/c3511e6c69bb39013c4a4b7b9566ec1ca73fc4d5/node
# makefile (from 'Makefile', line 80)
j := 
# makefile (from 'Makefile', line 202)
define cmake-cache-check
	@# change to build folder which fails if it doesn't exist and CACHED_CMAKE_OPTIONS stays empty
	@# fetch all previously configured and cached options from the build folder and transform them into the OPTION=VALUE format without type (e.g. :BOOL)
	@$(eval CACHED_CMAKE_OPTIONS = $(shell cd $(BUILD_DIR) 2>/dev/null && cmake -L 2>/dev/null | sed -n 's|\([^[:blank:]]*\):[^[:blank:]]*\(=[^[:blank:]]*\)|\1\2|gp' ))
	@# transform the options in CMAKE_ARGS into the OPTION=VALUE format without -D
	@$(eval DESIRED_CMAKE_OPTIONS = $(shell echo $(CMAKE_ARGS) | sed -n 's|-D\([^[:blank:]]*=[^[:blank:]]*\)|\1|gp' ))
	@# find each currently desired option in the already cached ones making sure the complete configured string value is the same
	@$(eval VERIFIED_CMAKE_OPTIONS = $(foreach option,$(DESIRED_CMAKE_OPTIONS),$(strip $(findstring $(option)$(space),$(CACHED_CMAKE_OPTIONS)))))
	@# if the complete list of desired options is found in the list of verified options we don't need to reconfigure and CMAKE_CACHE_CHECK stays empty
	@$(eval CMAKE_CACHE_CHECK = $(if $(findstring $(DESIRED_CMAKE_OPTIONS),$(VERIFIED_CMAKE_OPTIONS)),,y))
endef
# makefile (from 'Makefile', line 1)
MAKEFILE_LIST :=  Makefile
# makefile (from 'Makefile', line 230)
VERIFIED_CMAKE_OPTIONS = CONFIG=px4_sitl_default
# makefile (from 'Makefile', line 75)
ARGS := 
# environment
GAZEBO_PLUGIN_PATH = /usr/lib/x86_64-linux-gnu/gazebo-11/plugins:
# environment
PX4_HOME_LON = -121.16000
# 'override' directive
GNUMAKEFLAGS := 
# environment
XDG_DATA_DIRS = /usr/local/share:/usr/share:/var/lib/snapd/desktop
# environment
DBUS_SESSION_BUS_ADDRESS = unix:path=/run/user/1000/bus
# environment
VSCODE_VERBOSE_LOGGING = true
# makefile (from 'Makefile', line 102)
PX4_MAKE_ARGS := 
# environment
LESSOPEN = | /usr/bin/lesspipe %s
# environment
VSCODE_CWD = /home/cfaber
# makefile (from 'Makefile', line 230)
CMAKE_CACHE_CHECK = 
# environment
GAZEBO_MODEL_DATABASE_URI = http://models.gazebosim.org
# environment
SSH_CONNECTION = 10.0.2.2 51459 10.0.2.15 22
# environment
PATH = /home/cfaber/.vscode-server/bin/c3511e6c69bb39013c4a4b7b9566ec1ca73fc4d5/bin/remote-cli:/home/cfaber/ardupilot/Tools/autotest:/usr/lib/ccache:/home/cfaber/sagetech/ardupilot/Tools/autotest:/opt/gcc-arm-none-eabi-10-2020-q4-major/bin:/home/cfaber/.local/bin:/home/cfaber/anaconda3/bin:/home/cfaber/anaconda3/condabin:/home/cfaber/.nvm/versions/node/v16.14.2/bin:/usr/local/sbin:/usr/local/bin:/usr/sbin:/usr/bin:/sbin:/bin:/usr/games:/usr/local/games:/snap/bin:/opt/gcc-arm-10.3-2021.07-aarch64-linux/binsource:/home/cfaber/ardupilot/Tools/autotest
# makefile (from 'Makefile', line 217)
colorecho = +@echo -e '${COLOR_BLUE}${1} ${NO_COLOR}'
# environment
LSCOLORS = Gxfxcxdxdxegedabagacad
# makefile (from 'Makefile', line 63)
space := $(subst ,, )
# environment
XDG_RUNTIME_DIR = /run/user/1000
# makefile (from 'Makefile', line 65)
make_list =      $(shell [ -f .github/workflows/compile_${1}.yml ] && cat .github/workflows/compile_${1}.yml | sed -E 's|[[:space:]]+(.*),|check_\1|g' | grep check_${2})
# environment
NVM_BIN = /home/cfaber/.nvm/versions/node/v16.14.2/bin
# environment
CONDA_PREFIX = /home/cfaber/anaconda3
# environment
VSCODE_LOG_STACK = false
# makefile (from 'Makefile', line 230)
DESIRED_CMAKE_OPTIONS = CONFIG=px4_sitl_default
# environment
VSCODE_IPC_HOOK_CLI = /run/user/1000/vscode-ipc-7cf644d0-6df0-4121-b1e9-4d25954d3bb7.sock
# makefile (from 'Makefile', line 560)
ROS2_WS_DIR := ~/colcon_ws
# default
.FEATURES := target-specific order-only second-expansion else-if shortest-stem undefine oneshell archives jobserver output-sync check-symlink load
# environment
LS_COLORS = 
# automatic
%F = $(notdir $%)
# environment
CONDA_EXE = /home/cfaber/anaconda3/bin/conda
# environment
VSCODE_PIPE_LOGGING = true
# environment
PWD = /home/cfaber/sagetech-github/PX4-Autopilot
# environment
define COMP_WORDBREAKS
 	
"'><=;|&(
endef
# environment
OSH = /home/cfaber/.oh-my-bash
# default
.LOADED := 
# environment
GAZEBO_MASTER_URI = http://localhost:11345
# automatic
*D = $(patsubst %/,%,$(dir $*))
# makefile (from 'Makefile', line 233)
CONFIG_TARGETS_DEFAULT := airmind_mindpx-v2 ark_can-flow ark_can-gps ark_can-rtk-gps ark_cannode atl_mantis-edu av_x-v1 beaglebone_blue bitcraze_crazyflie21 bitcraze_crazyflie cuav_can-gps-v1 cuav_nora cuav_x7pro cubepilot_cubeorange cubepilot_cubeyellow cubepilot_io-v2 emlid_navio2 freefly_can-rtk-gps holybro_can-gps-v1 holybro_durandal-v1 holybro_kakutef7 holybro_kakuteh7 holybro_pix32v5 matek_gnss-m9n-f4 matek_h743-slim modalai_fc-v1 modalai_fc-v2 mro_ctrl-zero-f7-oem mro_ctrl-zero-f7 mro_ctrl-zero-h7-oem mro_ctrl-zero-h7 mro_pixracerpro mro_x21-777 mro_x21 nxp_fmuk66-e nxp_fmuk66-v3 nxp_fmurt1062-v1 nxp_ucans32k146 omnibus_f4sd px4_fmu-v2 px4_fmu-v3 px4_fmu-v4 px4_fmu-v4pro px4_fmu-v5 px4_fmu-v5x px4_fmu-v6u px4_fmu-v6x px4_io-v2 px4_raspberrypi px4_sitl raspberrypi_pico scumaker_pilotpi spracing_h7extreme uvify_core
# environment
VSCODE_AMD_ENTRYPOINT = vs/workbench/api/node/extensionHostProcess
# environment
HOME = /home/cfaber
# environment
LD_LIBRARY_PATH = :/usr/lib/x86_64-linux-gnu/gazebo-11/plugins:
# environment
LESSCLOSE = /usr/bin/lesspipe %s %s
# environment
LOGNAME = cfaber
# environment
APPLICATION_INSIGHTS_NO_DIAGNOSTIC_CHANNEL = 1
# environment
CONDA_PROMPT_MODIFIER = (base) 
# environment
NVM_CD_FLAGS = 
# automatic
+F = $(notdir $+)
# environment
VSCODE_HANDLES_UNCAUGHT_ERRORS = true
# automatic
^D = $(patsubst %/,%,$(dir $^))
# environment
MAKELEVEL := 0
# environment
CONDA_DEFAULT_ENV = base
# default
MAKE = $(MAKE_COMMAND)
# environment
GAZEBO_RESOURCE_PATH = /usr/share/gazebo-11:
# default
MAKECMDGOALS := all
# environment
SHLVL = 0
# makefile (from 'Makefile', line 85)
NINJA_BIN := ninja
# makefile (from 'Makefile', line 230)
BUILD_DIR = "/home/cfaber/sagetech-github/PX4-Autopilot/build/px4_sitl_default"
# environment
XDG_SESSION_ID = 3
# environment
USER = cfaber
# environment
LC_CTYPE = en_US.UTF-8
# makefile
.DEFAULT_GOAL := all
# makefile (from 'Makefile', line 87)
NINJA_BUILD := 1.10.0
# environment
LESS = -R
# automatic
%D = $(patsubst %/,%,$(dir $%))
# environment
CONDA_SHLVL = 1
# default
MAKE_COMMAND := make
# default
.VARIABLES := 
# automatic
*F = $(notdir $*)
# environment
PYTHONPATH = /home/cfaber/repos/mavlink
# makefile
MAKEFLAGS = pqrR
# environment
MFLAGS = -pqrR
# environment
SSH_CLIENT = 10.0.2.2 51459 22
# environment
NVM_DIR = /home/cfaber/.nvm
# automatic
+D = $(patsubst %/,%,$(dir $+))
# environment
BROWSER = /home/cfaber/.vscode-server/bin/c3511e6c69bb39013c4a4b7b9566ec1ca73fc4d5/bin/helpers/browser.sh
# environment
PX4_HOME_LAT = 45.62000
# environment
VSCODE_HANDLES_SIGPIPE = true
# makefile (from 'Makefile', line 79)
MAKE_PID := 4816
# 'override' directive
.SHELLSTATUS := 0
# default
MAKEFILES := 
# makefile (from 'Makefile', line 123)
SRC_DIR := /home/cfaber/sagetech-github/PX4-Autopilot
# automatic
<F = $(notdir $<)
# makefile (from 'Makefile', line 230)
CMAKE_ARGS = -DCONFIG=px4_sitl_default
# environment
PAGER = less
# environment
LC_ALL = C
# environment
CONDA_PYTHON_EXE = /home/cfaber/anaconda3/bin/python
# makefile (from 'Makefile', line 129)
BUILD_DIR_SUFFIX := 
# makefile (from 'Makefile', line 222)
ALL_CONFIG_TARGETS := airmind_mindpx-v2_default ark_can-flow_canbootloader ark_can-flow_default ark_can-gps_canbootloader ark_can-gps_default ark_can-rtk-gps_canbootloader ark_can-rtk-gps_debug ark_can-rtk-gps_default ark_cannode_canbootloader ark_cannode_default atl_mantis-edu_default av_x-v1_default beaglebone_blue_default bitcraze_crazyflie21_default bitcraze_crazyflie_default cuav_can-gps-v1_canbootloader cuav_can-gps-v1_default cuav_nora_bootloader cuav_nora_default cuav_x7pro_bootloader cuav_x7pro_default cuav_x7pro_test cubepilot_cubeorange_bootloader cubepilot_cubeorange_default cubepilot_cubeorange_test cubepilot_cubeyellow_default cubepilot_io-v2_default emlid_navio2_default freefly_can-rtk-gps_canbootloader freefly_can-rtk-gps_default holybro_can-gps-v1_canbootloader holybro_can-gps-v1_default holybro_durandal-v1_bootloader holybro_durandal-v1_default holybro_kakutef7_default holybro_kakuteh7_bootloader holybro_kakuteh7_default holybro_pix32v5_default matek_gnss-m9n-f4_canbootloader matek_gnss-m9n-f4_default matek_h743-slim_bootloader matek_h743-slim_default modalai_fc-v1_default modalai_fc-v1_rtps modalai_fc-v2_bootloader modalai_fc-v2_default mro_ctrl-zero-f7-oem_default mro_ctrl-zero-f7_default mro_ctrl-zero-h7-oem_bootloader mro_ctrl-zero-h7-oem_default mro_ctrl-zero-h7-oem_rtps mro_ctrl-zero-h7_bootloader mro_ctrl-zero-h7_default mro_ctrl-zero-h7_rtps mro_pixracerpro_bootloader mro_pixracerpro_default mro_pixracerpro_rtps mro_x21-777_default mro_x21_default nxp_fmuk66-e_default nxp_fmuk66-e_rtps nxp_fmuk66-e_socketcan nxp_fmuk66-v3_default nxp_fmuk66-v3_rtps nxp_fmuk66-v3_socketcan nxp_fmuk66-v3_test nxp_fmurt1062-v1_default nxp_ucans32k146_canbootloader nxp_ucans32k146_default nxp_ucans32k146_servo omnibus_f4sd_default omnibus_f4sd_ekf2 omnibus_f4sd_icm20608g px4_fmu-v2_default px4_fmu-v2_fixedwing px4_fmu-v2_multicopter px4_fmu-v2_rover px4_fmu-v3_default px4_fmu-v3_test px4_fmu-v4_default px4_fmu-v4_test px4_fmu-v4pro_default px4_fmu-v4pro_test px4_fmu-v5_cryptotest px4_fmu-v5_debug px4_fmu-v5_default px4_fmu-v5_protected px4_fmu-v5_rtps px4_fmu-v5_stackcheck px4_fmu-v5_test px4_fmu-v5_uavcanv0periph px4_fmu-v5_uavcanv1 px4_fmu-v5x_default px4_fmu-v5x_rtps px4_fmu-v5x_test px4_fmu-v6u_bootloader px4_fmu-v6u_default px4_fmu-v6x_bootloader px4_fmu-v6x_default px4_io-v2_default px4_raspberrypi_default px4_sitl_default px4_sitl_nolockstep px4_sitl_replay px4_sitl_rtps px4_sitl_test raspberrypi_pico_default scumaker_pilotpi_arm64 scumaker_pilotpi_default spracing_h7extreme_default uvify_core_default
# automatic
^F = $(notdir $^)
# default
SUFFIXES := 
# environment
_CE_M = 
# environment
GAZEBO_MODEL_PATH = /home/cfaber/ardupilot_gazebo/models
# default
.INCLUDE_DIRS = /usr/include /usr/local/include /usr/include
# environment
HISTIGNORE = &:[ ]*:exit:ls:bg:fg:history:clear
# makefile (from 'Makefile', line 97)
PX4_MAKE := ninja
# default
.RECIPEPREFIX := 
# makefile (from 'Makefile', line 83)
j_clang_tidy := 4
# makefile (from 'Makefile', line 214)
COLOR_BLUE = \033[0;94m
# default
MAKE_HOST := x86_64-pc-linux-gnu
# environment
LANG = C
# makefile (from 'Makefile', line 230)
CACHED_CMAKE_OPTIONS = BLOATY_PROGRAM=BLOATY_PROGRAM-NOTFOUND BOARD_CONFIG=/home/cfaber/sagetech-github/PX4-Autopilot/build/px4_sitl_default/boardconfig BOARD_DEFCONFIG=/home/cfaber/sagetech-github/PX4-Autopilot/boards/px4/sitl/default.px4board BUILD_DOXYGEN=OFF CCACHE=ON CMAKE_BUILD_TYPE=RelWithDebInfo CMAKE_INSTALL_PREFIX=/usr/local CMAKE_TESTING=OFF CONFIG=px4_sitl_default DPKG_PROGRAM=/usr/bin/dpkg ENABLE_UART_RC_INPUT=OFF EXTERNAL_MODULES_LOCATION= GENHTML_PATH=/usr/bin/genhtml LABEL=default LCOV_PATH=/usr/bin/lcov MODEL=sitl PX4_BINARY_DIR=/home/cfaber/sagetech-github/PX4-Autopilot/build/px4_sitl_default PX4_BOARD=px4_sitl PX4_BOARD_DIR=/home/cfaber/sagetech-github/PX4-Autopilot/boards/px4/sitl PX4_BOARD_LABEL=default PX4_BOARD_LINKER_PREFIX= PX4_BOARD_MODEL=sitl PX4_BOARD_NAME=PX4_SITL PX4_BOARD_VENDOR=px4 PX4_CHIP=generic PX4_CHIP_MANUFACTURER=generic PX4_CONFIG=px4_sitl_default PX4_CONFIGS=airmind/mindpx-v2/default.px4board;ark/can-flow/canbootloader.px4board;ark/can-flow/default.px4board;ark/can-gps/canbootloader.px4board;ark/can-gps/default.px4board;ark/can-rtk-gps/canbootloader.px4board;ark/can-rtk-gps/debug.px4board;ark/can-rtk-gps/default.px4board;ark/cannode/canbootloader.px4board;ark/cannode/default.px4board;atl/mantis-edu/default.px4board;av/x-v1/default.px4board;beaglebone/blue/default.px4board;bitcraze/crazyflie/default.px4board;bitcraze/crazyflie21/default.px4board;cuav/can-gps-v1/canbootloader.px4board;cuav/can-gps-v1/default.px4board;cuav/nora/bootloader.px4board;cuav/nora/default.px4board;cuav/x7pro/bootloader.px4board;cuav/x7pro/default.px4board;cuav/x7pro/test.px4board;cubepilot/cubeorange/bootloader.px4board;cubepilot/cubeorange/default.px4board;cubepilot/cubeorange/test.px4board;cubepilot/cubeyellow/default.px4board;cubepilot/io-v2/default.px4board;diatone/mamba-f405-mk2/default.px4board;emlid/navio2/default.px4board;freefly/can-rtk-gps/canbootloader.px4board;freefly/can-rtk-gps/default.px4board;holybro/can-gps-v1/canbootloader.px4board;holybro/can-gps-v1/default.px4board;holybro/durandal-v1/bootloader.px4board;holybro/durandal-v1/default.px4board;holybro/kakutef7/default.px4board;holybro/kakuteh7/bootloader.px4board;holybro/kakuteh7/default.px4board;holybro/pix32v5/default.px4board;matek/gnss-m9n-f4/canbootloader.px4board;matek/gnss-m9n-f4/default.px4board;matek/h743-mini/bootloader.px4board;matek/h743-mini/default.px4board;matek/h743-slim/bootloader.px4board;matek/h743-slim/default.px4board;matek/h743/bootloader.px4board;matek/h743/default.px4board;modalai/fc-v1/default.px4board;modalai/fc-v1/rtps.px4board;modalai/fc-v2/bootloader.px4board;modalai/fc-v2/default.px4board;mro/ctrl-zero-classic/bootloader.px4board;mro/ctrl-zero-classic/default.px4board;mro/ctrl-zero-f7-oem/default.px4board;mro/ctrl-zero-f7/default.px4board;mro/ctrl-zero-h7-oem/bootloader.px4board;mro/ctrl-zero-h7-oem/default.px4board;mro/ctrl-zero-h7-oem/rtps.px4board;mro/ctrl-zero-h7/bootloader.px4board;mro/ctrl-zero-h7/default.px4board;mro/ctrl-zero-h7/rtps.px4board;mro/pixracerpro/bootloader.px4board;mro/pixracerpro/default.px4board;mro/pixracerpro/rtps.px4board;mro/x21-777/default.px4board;mro/x21/default.px4board;nxp/fmuk66-e/default.px4board;nxp/fmuk66-e/rtps.px4board;nxp/fmuk66-e/socketcan.px4board;nxp/fmuk66-v3/default.px4board;nxp/fmuk66-v3/rtps.px4board;nxp/fmuk66-v3/socketcan.px4board;nxp/fmuk66-v3/test.px4board;nxp/fmurt1062-v1/default.px4board;nxp/ucans32k146/canbootloader.px4board;nxp/ucans32k146/default.px4board;nxp/ucans32k146/servo.px4board;omnibus/f4sd/default.px4board;omnibus/f4sd/ekf2.px4board;omnibus/f4sd/icm20608g.px4board;px4/fmu-v2/default.px4board;px4/fmu-v2/fixedwing.px4board;px4/fmu-v2/lto.px4board;px4/fmu-v2/multicopter.px4board;px4/fmu-v2/rover.px4board;px4/fmu-v3/default.px4board;px4/fmu-v3/test.px4board;px4/fmu-v4/default.px4board;px4/fmu-v4/test.px4board;px4/fmu-v4pro/default.px4board;px4/fmu-v4pro/test.px4board;px4/fmu-v5/cryptotest.px4board;px4/fmu-v5/cyphal.px4board;px4/fmu-v5/debug.px4board;px4/fmu-v5/default.px4board;px4/fmu-v5/lto.px4board;px4/fmu-v5/protected.px4board;px4/fmu-v5/rtps.px4board;px4/fmu-v5/stackcheck.px4board;px4/fmu-v5/test.px4board;px4/fmu-v5/uavcanv0periph.px4board;px4/fmu-v5x/default.px4board;px4/fmu-v5x/rtps.px4board;px4/fmu-v5x/test.px4board;px4/fmu-v6c/bootloader.px4board;px4/fmu-v6c/default.px4board;px4/fmu-v6u/bootloader.px4board;px4/fmu-v6u/default.px4board;px4/fmu-v6x/bootloader.px4board;px4/fmu-v6x/default.px4board;px4/io-v2/default.px4board;px4/raspberrypi/default.px4board;px4/sitl/default.px4board;px4/sitl/nolockstep.px4board;px4/sitl/replay.px4board;px4/sitl/rtps.px4board;px4/sitl/test.px4board;raspberrypi/pico/default.px4board;scumaker/pilotpi/arm64.px4board;scumaker/pilotpi/default.px4board;sky-drones/smartap-airlink/default.px4board;spracing/h7extreme/default.px4board;uvify/core/default.px4board PX4_CONFIG_FILE=/home/cfaber/sagetech-github/PX4-Autopilot/boards/px4/sitl/default.px4board PX4_PLATFORM=posix PX4_SOURCE_DIR=/home/cfaber/sagetech-github/PX4-Autopilot PYTHON_COVERAGE=OFF SHELLCHECK_PATH=/usr/bin/shellcheck TESTFILTER= USE_LD_GOLD=ON VENDOR=px4 config_sitl_debugger=disable config_sitl_viewer=jmavsim
# makefile (from 'Makefile', line 96)
PX4_CMAKE_GENERATOR := Ninja
# environment
VSCODE_EXTHOST_WILL_SEND_SOCKET = true
# makefile (from 'Makefile', line 74)
FIRST_ARG := all
# environment
PX4_HOME_ALT = 28.5
# environment
MOTD_SHOWN = pam
# environment
_CE_CONDA = 
# makefile (from 'Makefile', line 215)
NO_COLOR = \033[m
# variable set hash-table stats:
# Load=130/1024=13%, Rehash=0, Collisions=25/273=9%

# Pattern-specific Variable Values

# No pattern-specific variable values.

# Directories

# . (device 2053, inode 4594609): 46 files, no impossibilities.

# 46 files, no impossibilities in 1 directories.

# Implicit Rules

check_%:
#  recipe to execute (from 'Makefile', line 299):
	@echo
	$(call colorecho,'Building' $(subst check_,,$@))
	@$(MAKE) --no-print-directory $(subst check_,,$@)
	@echo

all_variants_%:
#  recipe to execute (from 'Makefile', line 305):
	@echo 'Building all $(subst all_variants_,,$@) variants:'  $(filter $(subst all_variants_,,$@)_%, $(ALL_CONFIG_TARGETS))
	@echo
	$(foreach a,$(filter $(subst all_variants_,,$@)_%, $(ALL_CONFIG_TARGETS)), $(call cmake-build,$(a)$(BUILD_DIR_SUFFIX)))

%:
#  recipe to execute (from 'Makefile', line 527):
	$(if $(filter $(FIRST_ARG),$@), \
		$(error "Make target $@ not found. It either does not exist or $@ cannot be the first argument. Use '$(MAKE) help|list_config_targets' to get a list of all possible [configuration] targets."),@#)

# 3 implicit rules, 0 (0.0%) terminal.

# Files

px4_fmu-v6u_default:
#  Implicit rule search has not been done.
#  Modification time never checked.
#  File has not been updated.
#  recipe to execute (from 'Makefile', line 230):
	@$(call cmake-build,$@$(BUILD_DIR_SUFFIX))

check_format:
#  Phony target (prerequisite of .PHONY).
#  Implicit rule search has not been done.
#  File does not exist.
#  File has not been updated.
#  recipe to execute (from 'Makefile', line 369):
	$(call colorecho,'Checking formatting with astyle')
	@"$(SRC_DIR)"/Tools/astyle/check_code_style_all.sh
	@cd "$(SRC_DIR)" && git diff --check

px4_fmu-v3:
#  Implicit rule search has not been done.
#  Modification time never checked.
#  File has not been updated.
#  recipe to execute (from 'Makefile', line 235):
	@$(call cmake-build,$@_default$(BUILD_DIR_SUFFIX))

# Not a target:
check_omnibus_f4sd:
#  Implicit rule search has not been done.
#  Modification time never checked.
#  File has not been updated.

# Not a target:
check_px4_fmu-v4_rtps:
#  Implicit rule search has not been done.
#  Modification time never checked.
#  File has not been updated.

nxp_fmuk66-v3_rtps:
#  Implicit rule search has not been done.
#  Modification time never checked.
#  File has not been updated.
#  recipe to execute (from 'Makefile', line 230):
	@$(call cmake-build,$@$(BUILD_DIR_SUFFIX))

cuav_can-gps-v1:
#  Implicit rule search has not been done.
#  Modification time never checked.
#  File has not been updated.
#  recipe to execute (from 'Makefile', line 235):
	@$(call cmake-build,$@_default$(BUILD_DIR_SUFFIX))

px4_fmu-v5_rtps:
#  Implicit rule search has not been done.
#  Modification time never checked.
#  File has not been updated.
#  recipe to execute (from 'Makefile', line 230):
	@$(call cmake-build,$@$(BUILD_DIR_SUFFIX))

nxp_fmuk66-v3_default:
#  Implicit rule search has not been done.
#  Modification time never checked.
#  File has not been updated.
#  recipe to execute (from 'Makefile', line 230):
	@$(call cmake-build,$@$(BUILD_DIR_SUFFIX))

px4_fmu-v6x:
#  Implicit rule search has not been done.
#  Modification time never checked.
#  File has not been updated.
#  recipe to execute (from 'Makefile', line 235):
	@$(call cmake-build,$@_default$(BUILD_DIR_SUFFIX))

ark_can-gps:
#  Implicit rule search has not been done.
#  Modification time never checked.
#  File has not been updated.
#  recipe to execute (from 'Makefile', line 235):
	@$(call cmake-build,$@_default$(BUILD_DIR_SUFFIX))

freefly_can-rtk-gps:
#  Implicit rule search has not been done.
#  Modification time never checked.
#  File has not been updated.
#  recipe to execute (from 'Makefile', line 235):
	@$(call cmake-build,$@_default$(BUILD_DIR_SUFFIX))

check_rtps: check_px4_fmu-v3_rtps check_px4_fmu-v4_rtps check_px4_fmu-v4pro_rtps check_px4_sitl_rtps sizes
#  Phony target (prerequisite of .PHONY).
#  Implicit rule search has not been done.
#  File does not exist.
#  File has not been updated.

check_nuttx: check_airmind_mindpx-v2 check_ark_can-flow check_ark_can-gps check_ark_can-rtk-gps check_ark_cannode check_atl_mantis-edu check_av_x-v1 check_bitcraze_crazyflie check_bitcraze_crazyflie21 check_cuav_can-gps-v1 check_cuav_nora check_cuav_x7pro check_cubepilot_cubeorange check_cubepilot_cubeyellow check_freefly_can-rtk-gps check_holybro_can-gps-v1 check_holybro_durandal-v1 check_holybro_kakutef7 check_holybro_kakuteh7 check_holybro_pix32v5 check_matek_h743-slim check_matek_gnss-m9n-f4 check_modalai_fc-v1 check_modalai_fc-v2 check_mro_ctrl-zero-f7 check_mro_ctrl-zero-f7-oem check_mro_ctrl-zero-h7 check_mro_ctrl-zero-h7-oem check_mro_pixracerpro check_mro_x21 check_mro_x21-777 check_nxp_fmuk66-e check_nxp_fmuk66-v3 check_nxp_fmurt1062-v1 check_nxp_ucans32k146 check_omnibus_f4sd check_raspberrypi_pico check_px4_fmu-v2 check_px4_fmu-v3 check_px4_fmu-v4 check_px4_fmu-v4pro check_px4_fmu-v5 check_px4_fmu-v5x check_px4_fmu-v6u check_px4_fmu-v6x check_spracing_h7extreme sizes
#  Implicit rule search has not been done.
#  Modification time never checked.
#  File has not been updated.

# Not a target:
check_holybro_can-gps-v1:
#  Implicit rule search has not been done.
#  Modification time never checked.
#  File has not been updated.

mro_ctrl-zero-h7-oem_default:
#  Implicit rule search has not been done.
#  Modification time never checked.
#  File has not been updated.
#  recipe to execute (from 'Makefile', line 230):
	@$(call cmake-build,$@$(BUILD_DIR_SUFFIX))

clang-tidy-fix: px4_sitl_default-clang
#  Phony target (prerequisite of .PHONY).
#  Implicit rule search has not been done.
#  File does not exist.
#  File has not been updated.
#  recipe to execute (from 'Makefile', line 473):
	@cd "$(SRC_DIR)"/build/px4_sitl_default-clang && "$(SRC_DIR)"/Tools/run-clang-tidy.py -header-filter=".*\.hpp" -j$(j_clang_tidy) -fix -p .

holybro_durandal-v1_default:
#  Implicit rule search has not been done.
#  Modification time never checked.
#  File has not been updated.
#  recipe to execute (from 'Makefile', line 230):
	@$(call cmake-build,$@$(BUILD_DIR_SUFFIX))

# Not a target:
check_cubepilot_cubeorange:
#  Implicit rule search has not been done.
#  Modification time never checked.
#  File has not been updated.

# Not a target:
check_emlid_navio2_default:
#  Implicit rule search has not been done.
#  Modification time never checked.
#  File has not been updated.

holybro_kakuteh7_default:
#  Implicit rule search has not been done.
#  Modification time never checked.
#  File has not been updated.
#  recipe to execute (from 'Makefile', line 230):
	@$(call cmake-build,$@$(BUILD_DIR_SUFFIX))

omnibus_f4sd_icm20608g:
#  Implicit rule search has not been done.
#  Modification time never checked.
#  File has not been updated.
#  recipe to execute (from 'Makefile', line 230):
	@$(call cmake-build,$@$(BUILD_DIR_SUFFIX))

mro_x21-777_default:
#  Implicit rule search has not been done.
#  Modification time never checked.
#  File has not been updated.
#  recipe to execute (from 'Makefile', line 230):
	@$(call cmake-build,$@$(BUILD_DIR_SUFFIX))

omnibus_f4sd_default:
#  Implicit rule search has not been done.
#  Modification time never checked.
#  File has not been updated.
#  recipe to execute (from 'Makefile', line 230):
	@$(call cmake-build,$@$(BUILD_DIR_SUFFIX))

px4_fmu-v5x:
#  Implicit rule search has not been done.
#  Modification time never checked.
#  File has not been updated.
#  recipe to execute (from 'Makefile', line 235):
	@$(call cmake-build,$@_default$(BUILD_DIR_SUFFIX))

# Not a target:
check_px4_fmu-v3_rtps:
#  Implicit rule search has not been done.
#  Modification time never checked.
#  File has not been updated.

updateconfig:
#  Implicit rule search has not been done.
#  Modification time never checked.
#  File has not been updated.
#  recipe to execute (from 'Makefile', line 241):
	@./Tools/kconfig/updateconfig.py

px4_sitl_nolockstep:
#  Implicit rule search has not been done.
#  Modification time never checked.
#  File has not been updated.
#  recipe to execute (from 'Makefile', line 230):
	@$(call cmake-build,$@$(BUILD_DIR_SUFFIX))

beaglebone_blue:
#  Implicit rule search has not been done.
#  Modification time never checked.
#  File has not been updated.
#  recipe to execute (from 'Makefile', line 235):
	@$(call cmake-build,$@_default$(BUILD_DIR_SUFFIX))

mro_ctrl-zero-h7_bootloader:
#  Implicit rule search has not been done.
#  Modification time never checked.
#  File has not been updated.
#  recipe to execute (from 'Makefile', line 230):
	@$(call cmake-build,$@$(BUILD_DIR_SUFFIX))

cuav_x7pro_bootloader:
#  Implicit rule search has not been done.
#  Modification time never checked.
#  File has not been updated.
#  recipe to execute (from 'Makefile', line 230):
	@$(call cmake-build,$@$(BUILD_DIR_SUFFIX))

update_ros2_bridge:
#  Implicit rule search has not been done.
#  Modification time never checked.
#  File has not been updated.
 
#  recipe to execute (from 'Makefile', line 564):
	@Tools/update_px4_ros2_bridge.sh --ws_dir ${ROS2_WS_DIR} --all

holybro_pix32v5_default:
#  Implicit rule search has not been done.
#  Modification time never checked.
#  File has not been updated.
#  recipe to execute (from 'Makefile', line 230):
	@$(call cmake-build,$@$(BUILD_DIR_SUFFIX))

all: px4_sitl_default
#  Phony target (prerequisite of .PHONY).
#  Command line target.
#  Implicit rule search has not been done.
#  File does not exist.
#  File has been updated.
#  Needs to be updated (-q is set).
# variable set hash-table stats:
# Load=0/32=0%, Rehash=0, Collisions=0/46=0%

# Not a target:
check_beaglebone_blue_default:
#  Implicit rule search has not been done.
#  Modification time never checked.
#  File has not been updated.

validate_module_configs:
#  Phony target (prerequisite of .PHONY).
#  Implicit rule search has not been done.
#  File does not exist.
#  File has not been updated.
#  recipe to execute (from 'Makefile', line 490):
	@find "$(SRC_DIR)"/src/modules "$(SRC_DIR)"/src/drivers "$(SRC_DIR)"/src/lib -name *.yaml -type f \
	-not -path "$(SRC_DIR)/src/lib/mixer_module/*" -not -path "$(SRC_DIR)/src/lib/crypto/libtommath/*" -print0 | \
	xargs -0 "$(SRC_DIR)"/Tools/validate_yaml.py --schema-file "$(SRC_DIR)"/validation/module_schema.yaml

bitcraze_crazyflie_default:
#  Implicit rule search has not been done.
#  Modification time never checked.
#  File has not been updated.
#  recipe to execute (from 'Makefile', line 230):
	@$(call cmake-build,$@$(BUILD_DIR_SUFFIX))

ark_can-flow:
#  Implicit rule search has not been done.
#  Modification time never checked.
#  File has not been updated.
#  recipe to execute (from 'Makefile', line 235):
	@$(call cmake-build,$@_default$(BUILD_DIR_SUFFIX))

# Not a target:
check_raspberrypi_pico:
#  Implicit rule search has not been done.
#  Modification time never checked.
#  File has not been updated.

ark_cannode_default:
#  Implicit rule search has not been done.
#  Modification time never checked.
#  File has not been updated.
#  recipe to execute (from 'Makefile', line 230):
	@$(call cmake-build,$@$(BUILD_DIR_SUFFIX))

# Not a target:
check_px4_fmu-v6u:
#  Implicit rule search has not been done.
#  Modification time never checked.
#  File has not been updated.

.PHONY: all px4_sitl_default all_config_targets all_default_targets qgc_firmware px4fmu_firmware misc_qgc_extra_firmware check_rtps sizes check quick_check check_rtps uorb_graphs coverity_scan parameters_metadata airframe_metadata module_documentation extract_events px4_metadata doxygen check_format format tests tests_coverage tests_mission tests_mission_coverage tests_offboard tests_avoidance rostest python_coverage scan-build px4_sitl_default-clang clang-tidy clang-tidy-fix clang-tidy-quiet cppcheck shellcheck_all validate_module_configs clean submodulesclean submodulesupdate gazeboclean distclean
#  Implicit rule search has not been done.
#  Modification time never checked.
#  File has not been updated.

cuav_nora:
#  Implicit rule search has not been done.
#  Modification time never checked.
#  File has not been updated.
#  recipe to execute (from 'Makefile', line 235):
	@$(call cmake-build,$@_default$(BUILD_DIR_SUFFIX))

px4io_update: px4_io-v2_default cubepilot_io-v2_default
#  Implicit rule search has not been done.
#  Modification time never checked.
#  File has not been updated.
#  recipe to execute (from 'Makefile', line 318):
	# px4_io-v2_default
	cp build/px4_io-v2_default/px4_io-v2_default.bin boards/holybro/durandal-v1/extras/px4_io-v2_default.bin
	cp build/px4_io-v2_default/px4_io-v2_default.bin boards/holybro/pix32v5/extras/px4_io-v2_default.bin
	cp build/px4_io-v2_default/px4_io-v2_default.bin boards/mro/x21-777/extras/px4_io-v2_default.bin
	cp build/px4_io-v2_default/px4_io-v2_default.bin boards/px4/fmu-v2/extras/px4_io-v2_default.bin
	cp build/px4_io-v2_default/px4_io-v2_default.bin boards/px4/fmu-v3/extras/px4_io-v2_default.bin
	cp build/px4_io-v2_default/px4_io-v2_default.bin boards/px4/fmu-v4pro/extras/px4_io-v2_default.bin
	cp build/px4_io-v2_default/px4_io-v2_default.bin boards/px4/fmu-v5/extras/px4_io-v2_default.bin
	cp build/px4_io-v2_default/px4_io-v2_default.bin boards/px4/fmu-v5x/extras/px4_io-v2_default.bin
	cp build/px4_io-v2_default/px4_io-v2_default.bin boards/px4/fmu-v6x/extras/px4_io-v2_default.bin
	# cubepilot_io-v2_default
	cp build/cubepilot_io-v2_default/cubepilot_io-v2_default.bin boards/cubepilot/cubeorange/extras/cubepilot_io-v2_default.bin
	cp build/cubepilot_io-v2_default/cubepilot_io-v2_default.bin boards/cubepilot/cubeyellow/extras/cubepilot_io-v2_default.bin
	git status

bootloaders_update: cuav_nora_bootloader cuav_x7pro_bootloader cubepilot_cubeorange_bootloader holybro_durandal-v1_bootloader matek_h743-slim_bootloader modalai_fc-v2_bootloader mro_ctrl-zero-h7_bootloader mro_ctrl-zero-h7-oem_bootloader mro_pixracerpro_bootloader px4_fmu-v6u_bootloader px4_fmu-v6x_bootloader
#  Implicit rule search has not been done.
#  Modification time never checked.
#  File has not been updated.
#  recipe to execute (from 'Makefile', line 334):
	git status

holybro_durandal-v1:
#  Implicit rule search has not been done.
#  Modification time never checked.
#  File has not been updated.
#  recipe to execute (from 'Makefile', line 235):
	@$(call cmake-build,$@_default$(BUILD_DIR_SUFFIX))

# Not a target:
check_mro_pixracerpro:
#  Implicit rule search has not been done.
#  Modification time never checked.
#  File has not been updated.

tests_integration_coverage:
#  Implicit rule search has not been done.
#  Modification time never checked.
#  File has not been updated.
#  recipe to execute (from 'Makefile', line 405):
	@$(MAKE) clean
	@$(MAKE) --no-print-directory px4_sitl_default PX4_CMAKE_BUILD_TYPE=Coverage
	@$(MAKE) --no-print-directory px4_sitl_default sitl_gazebo
	@$(MAKE) --no-print-directory px4_sitl_default mavsdk_tests
	@"$(SRC_DIR)"/test/mavsdk_tests/mavsdk_test_runner.py --speed-factor 20 test/mavsdk_tests/configs/sitl.json
	@mkdir -p coverage
	@lcov --directory build/px4_sitl_default --base-directory build/px4_sitl_default --gcov-tool gcov --capture -o coverage/lcov.info

scumaker_pilotpi_arm64:
#  Implicit rule search has not been done.
#  Modification time never checked.
#  File has not been updated.
#  recipe to execute (from 'Makefile', line 230):
	@$(call cmake-build,$@$(BUILD_DIR_SUFFIX))

holybro_kakuteh7:
#  Implicit rule search has not been done.
#  Modification time never checked.
#  File has not been updated.
#  recipe to execute (from 'Makefile', line 235):
	@$(call cmake-build,$@_default$(BUILD_DIR_SUFFIX))

nxp_fmuk66-e_socketcan:
#  Implicit rule search has not been done.
#  Modification time never checked.
#  File has not been updated.
#  recipe to execute (from 'Makefile', line 230):
	@$(call cmake-build,$@$(BUILD_DIR_SUFFIX))

px4_io-v2_default:
#  Implicit rule search has not been done.
#  Modification time never checked.
#  File has not been updated.
#  recipe to execute (from 'Makefile', line 230):
	@$(call cmake-build,$@$(BUILD_DIR_SUFFIX))

px4_fmu-v4pro_test:
#  Implicit rule search has not been done.
#  Modification time never checked.
#  File has not been updated.
#  recipe to execute (from 'Makefile', line 230):
	@$(call cmake-build,$@$(BUILD_DIR_SUFFIX))

cubepilot_io-v2_default:
#  Implicit rule search has not been done.
#  Modification time never checked.
#  File has not been updated.
#  recipe to execute (from 'Makefile', line 230):
	@$(call cmake-build,$@$(BUILD_DIR_SUFFIX))

qgc_firmware: px4fmu_firmware misc_qgc_extra_firmware
#  Phony target (prerequisite of .PHONY).
#  Implicit rule search has not been done.
#  File does not exist.
#  File has not been updated.

matek_h743-slim_bootloader:
#  Implicit rule search has not been done.
#  Modification time never checked.
#  File has not been updated.
#  recipe to execute (from 'Makefile', line 230):
	@$(call cmake-build,$@$(BUILD_DIR_SUFFIX))

# Not a target:
check_px4_fmu-v4pro_default:
#  Implicit rule search has not been done.
#  Modification time never checked.
#  File has not been updated.

holybro_pix32v5:
#  Implicit rule search has not been done.
#  Modification time never checked.
#  File has not been updated.
#  recipe to execute (from 'Makefile', line 235):
	@$(call cmake-build,$@_default$(BUILD_DIR_SUFFIX))

mro_ctrl-zero-h7-oem:
#  Implicit rule search has not been done.
#  Modification time never checked.
#  File has not been updated.
#  recipe to execute (from 'Makefile', line 235):
	@$(call cmake-build,$@_default$(BUILD_DIR_SUFFIX))

doxygen:
#  Phony target (prerequisite of .PHONY).
#  Implicit rule search has not been done.
#  File does not exist.
#  File has not been updated.
#  recipe to execute (from 'Makefile', line 359):
	@mkdir -p "$(SRC_DIR)"/build/doxygen
	@cd "$(SRC_DIR)"/build/doxygen && cmake "$(SRC_DIR)" $(CMAKE_ARGS) -G"$(PX4_CMAKE_GENERATOR)" -DCONFIG=px4_sitl_default -DBUILD_DOXYGEN=ON
	@$(PX4_MAKE) -C "$(SRC_DIR)"/build/doxygen
	@touch "$(SRC_DIR)"/build/doxygen/Documentation/.nojekyll

distclean: gazeboclean
#  Phony target (prerequisite of .PHONY).
#  Implicit rule search has not been done.
#  File does not exist.
#  File has not been updated.
#  recipe to execute (from 'Makefile', line 518):
	@git submodule deinit --force $(SRC_DIR)
	@rm -rf "$(SRC_DIR)/build"
	@git clean --force -X "$(SRC_DIR)/msg/" "$(SRC_DIR)/platforms/" "$(SRC_DIR)/posix-configs/" "$(SRC_DIR)/ROMFS/" "$(SRC_DIR)/src/" "$(SRC_DIR)/test/" "$(SRC_DIR)/Tools/"

mro_pixracerpro_default:
#  Implicit rule search has not been done.
#  Modification time never checked.
#  File has not been updated.
#  recipe to execute (from 'Makefile', line 230):
	@$(call cmake-build,$@$(BUILD_DIR_SUFFIX))

update_px4_ros_com:
#  Implicit rule search has not been done.
#  Modification time never checked.
#  File has not been updated.
#  recipe to execute (from 'Makefile', line 567):
	@Tools/update_px4_ros2_bridge.sh --ws_dir ${ROS2_WS_DIR} --px4_ros_com

sizes:
#  Phony target (prerequisite of .PHONY).
#  Implicit rule search has not been done.
#  File does not exist.
#  File has not been updated.
#  recipe to execute (from 'Makefile', line 290):
	@-find build -name *.elf -type f | xargs size 2> /dev/null || :

coverity_scan: px4_sitl_default
#  Phony target (prerequisite of .PHONY).
#  Implicit rule search has not been done.
#  File does not exist.
#  File has not been updated.

omnibus_f4sd:
#  Implicit rule search has not been done.
#  Modification time never checked.
#  File has not been updated.
#  recipe to execute (from 'Makefile', line 235):
	@$(call cmake-build,$@_default$(BUILD_DIR_SUFFIX))

check_px4: check_px4_fmu-v2 check_px4_fmu-v3 check_px4_fmu-v4 check_px4_fmu-v4pro check_px4_fmu-v5 check_px4_fmu-v5x check_px4_fmu-v6u check_px4_fmu-v6x sizes
#  Implicit rule search has not been done.
#  Modification time never checked.
#  File has not been updated.

px4_fmu-v5x_rtps:
#  Implicit rule search has not been done.
#  Modification time never checked.
#  File has not been updated.
#  recipe to execute (from 'Makefile', line 230):
	@$(call cmake-build,$@$(BUILD_DIR_SUFFIX))

 
omnibus_f4sd_ekf2:
#  Implicit rule search has not been done.
#  Modification time never checked.
#  File has not been updated.
#  recipe to execute (from 'Makefile', line 230):
	@$(call cmake-build,$@$(BUILD_DIR_SUFFIX))

px4_fmu-v5_uavcanv0periph:
#  Implicit rule search has not been done.
#  Modification time never checked.
#  File has not been updated.
#  recipe to execute (from 'Makefile', line 230):
	@$(call cmake-build,$@$(BUILD_DIR_SUFFIX))

cubepilot_cubeorange_test:
#  Implicit rule search has not been done.
#  Modification time never checked.
#  File has not been updated.
#  recipe to execute (from 'Makefile', line 230):
	@$(call cmake-build,$@$(BUILD_DIR_SUFFIX))

px4_fmu-v5_protected:
#  Implicit rule search has not been done.
#  Modification time never checked.
#  File has not been updated.
#  recipe to execute (from 'Makefile', line 230):
	@$(call cmake-build,$@$(BUILD_DIR_SUFFIX))

px4_fmu-v5_uavcanv1:
#  Implicit rule search has not been done.
#  Modification time never checked.
#  File has not been updated.
#  recipe to execute (from 'Makefile', line 230):
	@$(call cmake-build,$@$(BUILD_DIR_SUFFIX))

px4_fmu-v5_default:
#  Implicit rule search has not been done.
#  Modification time never checked.
#  File has not been updated.
#  recipe to execute (from 'Makefile', line 230):
	@$(call cmake-build,$@$(BUILD_DIR_SUFFIX))

# Not a target:
check_px4_fmu-v5:
#  Implicit rule search has not been done.
#  Modification time never checked.
#  File has not been updated.

# Not a target:
check_modalai_fc-v1:
#  Implicit rule search has not been done.
#  Modification time never checked.
#  File has not been updated.

# Not a target:
.SUFFIXES:
#  Implicit rule search has not been done.
#  Modification time never checked.
#  File has not been updated.

bitcraze_crazyflie:
#  Implicit rule search has not been done.
#  Modification time never checked.
#  File has not been updated.
#  recipe to execute (from 'Makefile', line 235):
	@$(call cmake-build,$@_default$(BUILD_DIR_SUFFIX))

# Not a target:
check_ark_can-gps:
#  Implicit rule search has not been done.
#  Modification time never checked.
#  File has not been updated.

# Not a target:
check_cuav_x7pro:
#  Implicit rule search has not been done.
#  Modification time never checked.
#  File has not been updated.

cubepilot_io-v2:
#  Implicit rule search has not been done.
#  Modification time never checked.
#  File has not been updated.
#  recipe to execute (from 'Makefile', line 235):
	@$(call cmake-build,$@_default$(BUILD_DIR_SUFFIX))

ark_cannode:
#  Implicit rule search has not been done.
#  Modification time never checked.
#  File has not been updated.
#  recipe to execute (from 'Makefile', line 235):
	@$(call cmake-build,$@_default$(BUILD_DIR_SUFFIX))

format:
#  Phony target (prerequisite of .PHONY).
#  Implicit rule search has not been done.
#  File does not exist.
#  File has not been updated.
#  recipe to execute (from 'Makefile', line 374):
	$(call colorecho,'Formatting with astyle')
	@"$(SRC_DIR)"/Tools/astyle/check_code_style_all.sh --fix

# Not a target:
check_bitcraze_crazyflie_default:
#  Implicit rule search has not been done.
#  Modification time never checked.
#  File has not been updated.

Makefile:
#  Implicit rule search has been done.
#  Implicit/static pattern stem: 'Makefile'
#  Last modified 2022-06-03 16:52:15.384139024
#  File has been updated.
#  Successfully updated.
#  recipe to execute (from 'Makefile', line 527):
	$(if $(filter $(FIRST_ARG),$@), \
		$(error "Make target $@ not found. It either does not exist or $@ cannot be the first argument. Use '$(MAKE) help|list_config_targets' to get a list of all possible [configuration] targets."),@#)

px4_io-v2:
#  Implicit rule search has not been done.
#  Modification time never checked.
#  File has not been updated.
#  recipe to execute (from 'Makefile', line 235):
	@$(call cmake-build,$@_default$(BUILD_DIR_SUFFIX))

# Not a target:
check_mro_ctrl-zero-f7-oem:
#  Implicit rule search has not been done.
#  Modification time never checked.
#  File has not been updated.

tests_offboard: rostest
#  Phony target (prerequisite of .PHONY).
#  Implicit rule search has not been done.
#  File does not exist.
#  File has not been updated.
#  recipe to execute (from 'Makefile', line 428):
	@"$(SRC_DIR)"/test/rostest_px4_run.sh mavros_posix_tests_offboard_attctl.test
	@"$(SRC_DIR)"/test/rostest_px4_run.sh mavros_posix_tests_offboard_posctl.test
	@"$(SRC_DIR)"/test/rostest_px4_run.sh mavros_posix_tests_offboard_rpyrt_ctl.test

emlid_navio2_default:
#  Implicit rule search has not been done.
#  Modification time never checked.
#  File has not been updated.
#  recipe to execute (from 'Makefile', line 230):
	@$(call cmake-build,$@$(BUILD_DIR_SUFFIX))

# Not a target:
check_av_x-v1:
#  Implicit rule search has not been done.
#  Modification time never checked.
#  File has not been updated.

update_px4_msgs:
#  Implicit rule search has not been done.
#  Modification time never checked.
#  File has not been updated.
#  recipe to execute (from 'Makefile', line 570):
	@Tools/update_px4_ros2_bridge.sh --ws_dir ${ROS2_WS_DIR} --px4_msgs

px4_fmu-v4pro_default:
#  Implicit rule search has not been done.
#  Modification time never checked.
#  File has not been updated.
#  recipe to execute (from 'Makefile', line 230):
	@$(call cmake-build,$@$(BUILD_DIR_SUFFIX))

python_coverage:
#  Phony target (prerequisite of .PHONY).
#  Implicit rule search has not been done.
#  File does not exist.
#  File has not been updated.
#  recipe to execute (from 'Makefile', line 437):
	@mkdir -p "$(SRC_DIR)"/build/python_coverage
	@cd "$(SRC_DIR)"/build/python_coverage && cmake "$(SRC_DIR)" $(CMAKE_ARGS) -G"$(PX4_CMAKE_GENERATOR)" -DCONFIG=px4_sitl_default -DPYTHON_COVERAGE=ON
	@$(PX4_MAKE) -C "$(SRC_DIR)"/build/python_coverage
	@$(PX4_MAKE) -C "$(SRC_DIR)"/build/python_coverage metadata_airframes
	@$(PX4_MAKE) -C "$(SRC_DIR)"/build/python_coverage metadata_parameters
	#@$(PX4_MAKE) -C "$(SRC_DIR)"/build/python_coverage module_documentation # TODO: fix within coverage.py
	@coverage combine `find . -name .coverage\*`
	@coverage report -m

# Not a target:
check_px4_fmu-v4:
#  Implicit rule search has not been done.
#  Modification time never checked.
#  File has not been updated.

# Not a target:
check_px4_fmu-v2_default:
#  Implicit rule search has not been done.
#  Modification time never checked.
#  File has not been updated.

atl_mantis-edu_default:
#  Implicit rule search has not been done.
#  Modification time never checked.
#  File has not been updated.
#  recipe to execute (from 'Makefile', line 230):
	@$(call cmake-build,$@$(BUILD_DIR_SUFFIX))

ark_can-rtk-gps_canbootloader:
#  Implicit rule search has not been done.
#  Modification time never checked.
#  File has not been updated.
#  recipe to execute (from 'Makefile', line 230):
	@$(call cmake-build,$@$(BUILD_DIR_SUFFIX))

nxp_ucans32k146_canbootloader:
#  Implicit rule search has not been done.
#  Modification time never checked.
#  File has not been updated.
#  recipe to execute (from 'Makefile', line 230):
	@$(call cmake-build,$@$(BUILD_DIR_SUFFIX))

mro_x21-777:
#  Implicit rule search has not been done.
#  Modification time never checked.
#  File has not been updated.
#  recipe to execute (from 'Makefile', line 235):
	@$(call cmake-build,$@_default$(BUILD_DIR_SUFFIX))

gazeboclean:
#  Phony target (prerequisite of .PHONY).
#  Implicit rule search has not been done.
#  File does not exist.
#  File has not been updated.
#  recipe to execute (from 'Makefile', line 515):
	@rm -rf ~/.gazebo/*

mro_ctrl-zero-h7-oem_rtps:
#  Implicit rule search has not been done.
#  Modification time never checked.
#  File has not been updated.
#  recipe to execute (from 'Makefile', line 230):
	@$(call cmake-build,$@$(BUILD_DIR_SUFFIX))

misc_qgc_extra_firmware: check_nxp_fmuk66-v3_default check_nxp_fmurt1062-v1_default check_mro_x21_default check_bitcraze_crazyflie_default check_bitcraze_crazyflie21_default check_airmind_mindpx-v2_default sizes
#  Phony target (prerequisite of .PHONY).
#  Implicit rule search has not been done.
#  File does not exist.
#  File has not been updated.

# Not a target:
check_px4_fmu-v4pro:
#  Implicit rule search has not been done.
#  Modification time never checked.
#  File has not been updated.

matek_gnss-m9n-f4_canbootloader:
#  Implicit rule search has not been done.
#  Modification time never checked.
#  File has not been updated.
#  recipe to execute (from 'Makefile', line 230):
	@$(call cmake-build,$@$(BUILD_DIR_SUFFIX))

mro_ctrl-zero-f7-oem_default:
#  Implicit rule search has not been done.
#  Modification time never checked.
#  File has not been updated.
#  recipe to execute (from 'Makefile', line 230):
	@$(call cmake-build,$@$(BUILD_DIR_SUFFIX))

mro_pixracerpro:
#  Implicit rule search has not been done.
#  Modification time never checked.
#  File has not been updated.
#  recipe to execute (from 'Makefile', line 235):
	@$(call cmake-build,$@_default$(BUILD_DIR_SUFFIX))

# Not a target:
check_scumaker_pilotpi_default:
#  Implicit rule search has not been done.
#  Modification time never checked.
#  File has not been updated.
 

modalai_fc-v1_default:
#  Implicit rule search has not been done.
#  Modification time never checked.
#  File has not been updated.
#  recipe to execute (from 'Makefile', line 230):
	@$(call cmake-build,$@$(BUILD_DIR_SUFFIX))

px4_fmu-v6x_bootloader:
#  Implicit rule search has not been done.
#  Modification time never checked.
#  File has not been updated.
#  recipe to execute (from 'Makefile', line 230):
	@$(call cmake-build,$@$(BUILD_DIR_SUFFIX))

ark_can-gps_canbootloader:
#  Implicit rule search has not been done.
#  Modification time never checked.
#  File has not been updated.
#  recipe to execute (from 'Makefile', line 230):
	@$(call cmake-build,$@$(BUILD_DIR_SUFFIX))

cubepilot_cubeorange_default:
#  Implicit rule search has not been done.
#  Modification time never checked.
#  File has not been updated.
#  recipe to execute (from 'Makefile', line 230):
	@$(call cmake-build,$@$(BUILD_DIR_SUFFIX))

nxp_fmuk66-e_default:
#  Implicit rule search has not been done.
#  Modification time never checked.
#  File has not been updated.
#  recipe to execute (from 'Makefile', line 230):
	@$(call cmake-build,$@$(BUILD_DIR_SUFFIX))

freefly_can-rtk-gps_canbootloader:
#  Implicit rule search has not been done.
#  Modification time never checked.
#  File has not been updated.
#  recipe to execute (from 'Makefile', line 230):
	@$(call cmake-build,$@$(BUILD_DIR_SUFFIX))

holybro_can-gps-v1_default:
#  Implicit rule search has not been done.
#  Modification time never checked.
#  File has not been updated.
#  recipe to execute (from 'Makefile', line 230):
	@$(call cmake-build,$@$(BUILD_DIR_SUFFIX))

px4_fmu-v2_multicopter:
#  Implicit rule search has not been done.
#  Modification time never checked.
#  File has not been updated.
#  recipe to execute (from 'Makefile', line 230):
	@$(call cmake-build,$@$(BUILD_DIR_SUFFIX))

clang-tidy-quiet: px4_sitl_default-clang
#  Phony target (prerequisite of .PHONY).
#  Implicit rule search has not been done.
#  File does not exist.
#  File has not been updated.
#  recipe to execute (from 'Makefile', line 477):
	@cd "$(SRC_DIR)"/build/px4_sitl_default-clang && "$(SRC_DIR)"/Tools/run-clang-tidy.py -header-filter=".*\.hpp" -j$(j_clang_tidy) -p .

uorb_graphs:
#  Phony target (prerequisite of .PHONY).
#  Implicit rule search has not been done.
#  File does not exist.
#  File has not been updated.
#  recipe to execute (from 'Makefile', line 310):
	@./Tools/uorb_graph/create.py --src-path src --exclude-path src/examples --exclude-path src/lib/parameters --merge-depends --file Tools/uorb_graph/graph_full
	@./Tools/uorb_graph/create.py --src-path src --exclude-path src/examples --exclude-path src/lib/parameters --exclude-path src/modules/mavlink --merge-depends --file Tools/uorb_graph/graph_full_no_mavlink
	@$(MAKE) --no-print-directory px4_fmu-v2_default uorb_graph
	@$(MAKE) --no-print-directory px4_fmu-v4_default uorb_graph
	@$(MAKE) --no-print-directory px4_fmu-v5_default uorb_graph
	@$(MAKE) --no-print-directory px4_sitl_default uorb_graph

emlid_navio2:
#  Implicit rule search has not been done.
#  Modification time never checked.
#  File has not been updated.
#  recipe to execute (from 'Makefile', line 235):
	@$(call cmake-build,$@_default$(BUILD_DIR_SUFFIX))

raspberrypi_pico_default:
#  Implicit rule search has not been done.
#  Modification time never checked.
#  File has not been updated.
#  recipe to execute (from 'Makefile', line 230):
	@$(call cmake-build,$@$(BUILD_DIR_SUFFIX))

clang-tidy: px4_sitl_default-clang
#  Phony target (prerequisite of .PHONY).
#  Implicit rule search has not been done.
#  File does not exist.
#  File has not been updated.
#  recipe to execute (from 'Makefile', line 468):
	@cd "$(SRC_DIR)"/build/px4_sitl_default-clang && "$(SRC_DIR)"/Tools/run-clang-tidy.py -header-filter=".*\.hpp" -j$(j_clang_tidy) -p .

# Not a target:
check_spracing_h7extreme:
#  Implicit rule search has not been done.
#  Modification time never checked.
#  File has not been updated.

cuav_can-gps-v1_canbootloader:
#  Implicit rule search has not been done.
#  Modification time never checked.
#  File has not been updated.
#  recipe to execute (from 'Makefile', line 230):
	@$(call cmake-build,$@$(BUILD_DIR_SUFFIX))

cuav_x7pro_test:
#  Implicit rule search has not been done.
#  Modification time never checked.
#  File has not been updated.
#  recipe to execute (from 'Makefile', line 230):
	@$(call cmake-build,$@$(BUILD_DIR_SUFFIX))

px4_fmu-v4_default:
#  Implicit rule search has not been done.
#  Modification time never checked.
#  File has not been updated.
#  recipe to execute (from 'Makefile', line 230):
	@$(call cmake-build,$@$(BUILD_DIR_SUFFIX))

# Not a target:
check_holybro_kakutef7:
#  Implicit rule search has not been done.
#  Modification time never checked.
#  File has not been updated.

px4_fmu-v2_default:
#  Implicit rule search has not been done.
#  Modification time never checked.
#  File has not been updated.
#  recipe to execute (from 'Makefile', line 230):
	@$(call cmake-build,$@$(BUILD_DIR_SUFFIX))

# Not a target:
check_px4_sitl_test:
#  Implicit rule search has not been done.
#  Modification time never checked.
#  File has not been updated.

tests:
#  Phony target (prerequisite of .PHONY).
#  Implicit rule search has not been done.
#  File does not exist.
#  File has not been updated.
#  recipe to execute (from 'Makefile', line 383):
	$(eval CMAKE_ARGS += -DTESTFILTER=$(TESTFILTER))
	$(eval ARGS += test_results)
	$(eval ASAN_OPTIONS += color=always:check_initialization_order=1:detect_stack_use_after_return=1)
	$(eval UBSAN_OPTIONS += color=always)
	$(call cmake-build,px4_sitl_test)

ark_can-flow_canbootloader:
#  Implicit rule search has not been done.
#  Modification time never checked.
#  File has not been updated.
#  recipe to execute (from 'Makefile', line 230):
	@$(call cmake-build,$@$(BUILD_DIR_SUFFIX))

modalai_fc-v1:
#  Implicit rule search has not been done.
#  Modification time never checked.
#  File has not been updated.
#  recipe to execute (from 'Makefile', line 235):
	@$(call cmake-build,$@_default$(BUILD_DIR_SUFFIX))

# Not a target:
check_mro_ctrl-zero-h7:
#  Implicit rule search has not been done.
#  Modification time never checked.
#  File has not been updated.

# Not a target:
check_nxp_fmurt1062-v1_default:
#  Implicit rule search has not been done.
#  Modification time never checked.
#  File has not been updated.

cubepilot_cubeyellow:
#  Implicit rule search has not been done.
#  Modification time never checked.
#  File has not been updated.
#  recipe to execute (from 'Makefile', line 235):
	@$(call cmake-build,$@_default$(BUILD_DIR_SUFFIX))

parameters_metadata:
#  Phony target (prerequisite of .PHONY).
#  Implicit rule search has not been done.
#  File does not exist.
#  File has not been updated.
#  recipe to execute (from 'Makefile', line 345):
	@$(MAKE) --no-print-directory px4_sitl_default metadata_parameters ver_gen

holybro_can-gps-v1:
#  Implicit rule search has not been done.
#  Modification time never checked.
#  File has not been updated.
#  recipe to execute (from 'Makefile', line 235):
	@$(call cmake-build,$@_default$(BUILD_DIR_SUFFIX))

# Not a target:
check_px4_io-v2_default:
#  Implicit rule search has not been done.
#  Modification time never checked.
#  File has not been updated.

# Not a target:
check_mro_x21_default:
#  Implicit rule search has not been done.
#  Modification time never checked.
#  File has not been updated.

# Not a target:
check_modalai_fc-v2:
#  Implicit rule search has not been done.
#  Modification time never checked.
#  File has not been updated.

quick_check: check_px4_sitl_test check_px4_fmu-v5_default tests check_format
#  Phony target (prerequisite of .PHONY).
#  Implicit rule search has not been done.
#  File does not exist.
#  File has not been updated.

atl_mantis-edu:
#  Implicit rule search has not been done.
#  Modification time never checked.
#  File has not been updated.
#  recipe to execute (from 'Makefile', line 235):
	@$(call cmake-build,$@_default$(BUILD_DIR_SUFFIX))

tests_mission_coverage:
#  Phony target (prerequisite of .PHONY).
#  Implicit rule search has not been done.
#  File does not exist.
#  File has not been updated.
#  recipe to execute (from 'Makefile', line 421):
	@$(MAKE) clean
	@$(MAKE) --no-print-directory px4_sitl_default PX4_CMAKE_BUILD_TYPE=Coverage
	@$(MAKE) --no-print-directory px4_sitl_default sitl_gazebo PX4_CMAKE_BUILD_TYPE=Coverage
	@"$(SRC_DIR)"/test/rostest_px4_run.sh mavros_posix_test_mission.test mission:=VTOL_mission_1 vehicle:=standard_vtol
	@$(MAKE) --no-print-directory px4_sitl_default generate_coverage

# Not a target:
check_bitcraze_crazyflie:
#  Implicit rule search has not been done.
#  Modification time never checked.
#  File has not been updated.

nxp_fmuk66-v3_socketcan:
#  Implicit rule search has not been done.
#  Modification time never checked.
#  File has not been updated.
#  recipe to execute (from 'Makefile', line 230):
	@$(call cmake-build,$@$(BUILD_DIR_SUFFIX))

# Not a target:
check_px4_fmu-v4pro_rtps:
#  Implicit rule search has not been done.
#  Modification time never checked.
#  File has not been updated.

# Not a target:
check_nxp_fmuk66-v3_default:
#  Implicit rule search has not been done.
#  Modification time never checked.
#  File has not been updated.

mro_pixracerpro_rtps:
#  Implicit rule search has not been done.
#  Modification time never checked.
 
#  File has not been updated.
#  recipe to execute (from 'Makefile', line 230):
	@$(call cmake-build,$@$(BUILD_DIR_SUFFIX))

help:
#  Implicit rule search has not been done.
#  Modification time never checked.
#  File has not been updated.
#  recipe to execute (from 'Makefile', line 532):
	@echo "Usage: $(MAKE) <target>"
	@echo "Where <target> is one of:"
	@$(MAKE) -pRrq -f $(lastword $(MAKEFILE_LIST)) : 2>/dev/null | \
		awk -v RS= -F: '/^# File/,/^# Finished Make data base/ {if ($$1 !~ "^[#.]") {print $$1}}' | sort | \
		egrep -v -e '^[^[:alnum:]]' -e '^($(subst $(space),|,$(ALL_CONFIG_TARGETS)))$$' -e '_default$$' -e '^(Makefile)'
	@echo
	@echo "Or, $(MAKE) <config_target> [<make_target(s)>]"
	@echo "Use '$(MAKE) list_config_targets' for a list of configuration targets."

cuav_nora_bootloader:
#  Implicit rule search has not been done.
#  Modification time never checked.
#  File has not been updated.
#  recipe to execute (from 'Makefile', line 230):
	@$(call cmake-build,$@$(BUILD_DIR_SUFFIX))

px4_fmu-v5_debug:
#  Implicit rule search has not been done.
#  Modification time never checked.
#  File has not been updated.
#  recipe to execute (from 'Makefile', line 230):
	@$(call cmake-build,$@$(BUILD_DIR_SUFFIX))

mro_ctrl-zero-f7-oem:
#  Implicit rule search has not been done.
#  Modification time never checked.
#  File has not been updated.
#  recipe to execute (from 'Makefile', line 235):
	@$(call cmake-build,$@_default$(BUILD_DIR_SUFFIX))

list_config_targets:
#  Implicit rule search has not been done.
#  Modification time never checked.
#  File has not been updated.
#  recipe to execute (from 'Makefile', line 543):
	@for targ in $(patsubst %_default,%[_default],$(ALL_CONFIG_TARGETS)); do echo $$targ; done

check_nxp: check_nxp_fmuk66-e check_nxp_fmuk66-v3 check_nxp_fmurt1062-v1 check_nxp_ucans32k146 sizes
#  Implicit rule search has not been done.
#  Modification time never checked.
#  File has not been updated.

uvify_core_default:
#  Implicit rule search has not been done.
#  Modification time never checked.
#  File has not been updated.
#  recipe to execute (from 'Makefile', line 230):
	@$(call cmake-build,$@$(BUILD_DIR_SUFFIX))

cubepilot_cubeorange:
#  Implicit rule search has not been done.
#  Modification time never checked.
#  File has not been updated.
#  recipe to execute (from 'Makefile', line 235):
	@$(call cmake-build,$@_default$(BUILD_DIR_SUFFIX))

px4_fmu-v5_test:
#  Implicit rule search has not been done.
#  Modification time never checked.
#  File has not been updated.
#  recipe to execute (from 'Makefile', line 230):
	@$(call cmake-build,$@$(BUILD_DIR_SUFFIX))

nxp_fmuk66-e:
#  Implicit rule search has not been done.
#  Modification time never checked.
#  File has not been updated.
#  recipe to execute (from 'Makefile', line 235):
	@$(call cmake-build,$@_default$(BUILD_DIR_SUFFIX))

px4_fmu-v2:
#  Implicit rule search has not been done.
#  Modification time never checked.
#  File has not been updated.
#  recipe to execute (from 'Makefile', line 235):
	@$(call cmake-build,$@_default$(BUILD_DIR_SUFFIX))

# Not a target:
check_cuav_can-gps-v1:
#  Implicit rule search has not been done.
#  Modification time never checked.
#  File has not been updated.

tests_coverage:
#  Phony target (prerequisite of .PHONY).
#  Implicit rule search has not been done.
#  File does not exist.
#  File has not been updated.
#  recipe to execute (from 'Makefile', line 390):
	@$(MAKE) clean
	@$(MAKE) --no-print-directory tests PX4_CMAKE_BUILD_TYPE=Coverage
	@mkdir -p coverage
	@lcov --directory build/px4_sitl_test --base-directory build/px4_sitl_test --gcov-tool gcov --capture -o coverage/lcov.info

# Not a target:
check_px4_fmu-v5_default:
#  Implicit rule search has not been done.
#  Modification time never checked.
#  File has not been updated.

mro_ctrl-zero-h7-oem_bootloader:
#  Implicit rule search has not been done.
#  Modification time never checked.
#  File has not been updated.
#  recipe to execute (from 'Makefile', line 230):
	@$(call cmake-build,$@$(BUILD_DIR_SUFFIX))

# Not a target:
check_nxp_fmurt1062-v1:
#  Implicit rule search has not been done.
#  Modification time never checked.
#  File has not been updated.

nxp_fmuk66-v3_test:
#  Implicit rule search has not been done.
#  Modification time never checked.
#  File has not been updated.
#  recipe to execute (from 'Makefile', line 230):
	@$(call cmake-build,$@$(BUILD_DIR_SUFFIX))

holybro_durandal-v1_bootloader:
#  Implicit rule search has not been done.
#  Modification time never checked.
#  File has not been updated.
#  recipe to execute (from 'Makefile', line 230):
	@$(call cmake-build,$@$(BUILD_DIR_SUFFIX))

raspberrypi_pico:
#  Implicit rule search has not been done.
#  Modification time never checked.
#  File has not been updated.
#  recipe to execute (from 'Makefile', line 235):
	@$(call cmake-build,$@_default$(BUILD_DIR_SUFFIX))

mro_ctrl-zero-h7_default:
#  Implicit rule search has not been done.
#  Modification time never checked.
#  File has not been updated.
#  recipe to execute (from 'Makefile', line 230):
	@$(call cmake-build,$@$(BUILD_DIR_SUFFIX))

cuav_x7pro_default:
#  Implicit rule search has not been done.
#  Modification time never checked.
#  File has not been updated.
#  recipe to execute (from 'Makefile', line 230):
	@$(call cmake-build,$@$(BUILD_DIR_SUFFIX))

holybro_kakuteh7_bootloader:
#  Implicit rule search has not been done.
#  Modification time never checked.
#  File has not been updated.
#  recipe to execute (from 'Makefile', line 230):
	@$(call cmake-build,$@$(BUILD_DIR_SUFFIX))

# Not a target:
check_atl_mantis-edu:
#  Implicit rule search has not been done.
#  Modification time never checked.
#  File has not been updated.

# Not a target:
check_px4_sitl_default:
#  Implicit rule search has not been done.
#  Modification time never checked.
#  File has not been updated.

# Not a target:
.DEFAULT:
#  Implicit rule search has not been done.
#  Modification time never checked.
#  File has not been updated.

# Not a target:
check_nxp_fmuk66-v3:
#  Implicit rule search has not been done.
#  Modification time never checked.
#  File has not been updated.

# Not a target:
check_mro_x21:
#  Implicit rule search has not been done.
#  Modification time never checked.
#  File has not been updated.

modalai_fc-v2_default:
#  Implicit rule search has not been done.
#  Modification time never checked.
#  File has not been updated.
#  recipe to execute (from 'Makefile', line 230):
	@$(call cmake-build,$@$(BUILD_DIR_SUFFIX))

# Not a target:
check_cubepilot_cubeyellow:
#  Implicit rule search has not been done.
#  Modification time never checked.
#  File has not been updated.

bitcraze_crazyflie21_default:
#  Implicit rule search has not been done.
#  Modification time never checked.
#  File has not been updated.
#  recipe to execute (from 'Makefile', line 230):
	@$(call cmake-build,$@$(BUILD_DIR_SUFFIX))

# Not a target:
check_nxp_fmuk66-e:
#  Implicit rule search has not been done.
#  Modification time never checked.
#  File has not been updated.

scan-build:
#  Phony target (prerequisite of .PHONY).
#  Implicit rule search has not been done.
#  File does not exist.
#  File has not been updated.
#  recipe to execute (from 'Makefile', line 453):
	@export CCC_CC=clang
	@export CCC_CXX=clang++
	@rm -rf "$(SRC_DIR)"/build/px4_sitl_default-scan-build
	@rm -rf "$(SRC_DIR)"/build/scan-build/report_latest
	@mkdir -p "$(SRC_DIR)"/build/px4_sitl_default-scan-build
	@cd "$(SRC_DIR)"/build/px4_sitl_default-scan-build && scan-build cmake "$(SRC_DIR)" -GNinja -DCONFIG=px4_sitl_default
	@scan-build -o "$(SRC_DIR)"/build/scan-build cmake --build "$(SRC_DIR)"/build/px4_sitl_default-scan-build
	@find "$(SRC_DIR)"/build/scan-build -maxdepth 1 -mindepth 1 -type d -exec cp -r "{}" "$(SRC_DIR)"/build/scan-build/report_latest \;

# Not a target:
check_matek_h743-slim:
#  Implicit rule search has not been done.
#  Modification time never checked.
#  File has not been updated.

px4_sitl_replay:
#  Implicit rule search has not been done.
#  Modification time never checked.
#  File has not been updated.
#  recipe to execute (from 'Makefile', line 230):
	@$(call cmake-build,$@$(BUILD_DIR_SUFFIX))

# Not a target:
check_mro_ctrl-zero-f7:
#  Implicit rule search has not been done.
#  Modification time never checked.
#  File has not been updated.

# Not a target:
check_px4_raspberrypi_default:
#  Implicit rule search has not been done.
#  Modification time never checked.
#  File has not been updated.

px4_metadata: parameters_metadata airframe_metadata module_documentation extract_events
#  Phony target (prerequisite of .PHONY).
#  Implicit rule search has not been done.
#  File does not exist.
#  File has not been updated.

ark_cannode_canbootloader:
#  Implicit rule search has not been done.
#  Modification time never checked.
#  File has not been updated.
#  recipe to execute (from 'Makefile', line 230):
	@$(call cmake-build,$@$(BUILD_DIR_SUFFIX))

# Not a target:
check_ark_cannode:
#  Implicit rule search has not been done.
#  Modification time never checked.
#  File has not been updated.

 
px4_fmu-v6u_bootloader:
#  Implicit rule search has not been done.
#  Modification time never checked.
#  File has not been updated.
#  recipe to execute (from 'Makefile', line 230):
	@$(call cmake-build,$@$(BUILD_DIR_SUFFIX))

px4_fmu-v4pro:
#  Implicit rule search has not been done.
#  Modification time never checked.
#  File has not been updated.
#  recipe to execute (from 'Makefile', line 235):
	@$(call cmake-build,$@_default$(BUILD_DIR_SUFFIX))

submodulesclean:
#  Phony target (prerequisite of .PHONY).
#  Implicit rule search has not been done.
#  File does not exist.
#  File has not been updated.
#  recipe to execute (from 'Makefile', line 503):
	@git submodule foreach --quiet --recursive git clean -ff -x -d
	@git submodule update --quiet --init --recursive --force || true
	@git submodule sync --recursive
	@git submodule update --init --recursive --force --jobs 4

module_documentation:
#  Phony target (prerequisite of .PHONY).
#  Implicit rule search has not been done.
#  File does not exist.
#  File has not been updated.
#  recipe to execute (from 'Makefile', line 351):
	@$(MAKE) --no-print-directory px4_sitl_default metadata_module_documentation

ark_can-rtk-gps_debug:
#  Implicit rule search has not been done.
#  Modification time never checked.
#  File has not been updated.
#  recipe to execute (from 'Makefile', line 230):
	@$(call cmake-build,$@$(BUILD_DIR_SUFFIX))

# Not a target:
check_holybro_kakuteh7:
#  Implicit rule search has not been done.
#  Modification time never checked.
#  File has not been updated.

# Not a target:
check_cuav_nora:
#  Implicit rule search has not been done.
#  Modification time never checked.
#  File has not been updated.

px4_sitl_rtps:
#  Implicit rule search has not been done.
#  Modification time never checked.
#  File has not been updated.
#  recipe to execute (from 'Makefile', line 230):
	@$(call cmake-build,$@$(BUILD_DIR_SUFFIX))

modalai_fc-v1_rtps:
#  Implicit rule search has not been done.
#  Modification time never checked.
#  File has not been updated.
#  recipe to execute (from 'Makefile', line 230):
	@$(call cmake-build,$@$(BUILD_DIR_SUFFIX))

airmind_mindpx-v2_default:
#  Implicit rule search has not been done.
#  Modification time never checked.
#  File has not been updated.
#  recipe to execute (from 'Makefile', line 230):
	@$(call cmake-build,$@$(BUILD_DIR_SUFFIX))

matek_h743-slim_default:
#  Implicit rule search has not been done.
#  Modification time never checked.
#  File has not been updated.
#  recipe to execute (from 'Makefile', line 230):
	@$(call cmake-build,$@$(BUILD_DIR_SUFFIX))

mro_ctrl-zero-h7:
#  Implicit rule search has not been done.
#  Modification time never checked.
#  File has not been updated.
#  recipe to execute (from 'Makefile', line 235):
	@$(call cmake-build,$@_default$(BUILD_DIR_SUFFIX))

clean:
#  Phony target (prerequisite of .PHONY).
#  Implicit rule search has not been done.
#  File does not exist.
#  File has not been updated.
#  recipe to execute (from 'Makefile', line 499):
	@[ ! -d "$(SRC_DIR)/build" ] || find "$(SRC_DIR)/build" -mindepth 1 -maxdepth 1 -type d -exec sh -c "echo {}; cmake --build {} -- clean || rm -rf {}" \; # use generated build system to clean, wipe build directory if it fails
	@git submodule foreach git clean -dX --force # some submodules generate build artifacts in source

nxp_fmurt1062-v1_default:
#  Implicit rule search has not been done.
#  Modification time never checked.
#  File has not been updated.
#  recipe to execute (from 'Makefile', line 230):
	@$(call cmake-build,$@$(BUILD_DIR_SUFFIX))

nxp_fmuk66-e_rtps:
#  Implicit rule search has not been done.
#  Modification time never checked.
#  File has not been updated.
#  recipe to execute (from 'Makefile', line 230):
	@$(call cmake-build,$@$(BUILD_DIR_SUFFIX))

px4_fmu-v4_test:
#  Implicit rule search has not been done.
#  Modification time never checked.
#  File has not been updated.
#  recipe to execute (from 'Makefile', line 230):
	@$(call cmake-build,$@$(BUILD_DIR_SUFFIX))

# Not a target:
check_holybro_durandal-v1:
#  Implicit rule search has not been done.
#  Modification time never checked.
#  File has not been updated.

mro_x21_default:
#  Implicit rule search has not been done.
#  Modification time never checked.
#  File has not been updated.
#  recipe to execute (from 'Makefile', line 230):
	@$(call cmake-build,$@$(BUILD_DIR_SUFFIX))

modalai_fc-v2:
#  Implicit rule search has not been done.
#  Modification time never checked.
#  File has not been updated.
#  recipe to execute (from 'Makefile', line 235):
	@$(call cmake-build,$@_default$(BUILD_DIR_SUFFIX))

# Not a target:
check_freefly_can-rtk-gps:
#  Implicit rule search has not been done.
#  Modification time never checked.
#  File has not been updated.

bitcraze_crazyflie21:
#  Implicit rule search has not been done.
#  Modification time never checked.
#  File has not been updated.
#  recipe to execute (from 'Makefile', line 235):
	@$(call cmake-build,$@_default$(BUILD_DIR_SUFFIX))

# Not a target:
check_px4_fmu-v4_default:
#  Implicit rule search has not been done.
#  Modification time never checked.
#  File has not been updated.

px4_sitl_default:
#  Phony target (prerequisite of .PHONY).
#  Implicit rule search has not been done.
#  Implicit/static pattern stem: ''
#  File does not exist.
#  File has been updated.
#  Needs to be updated (-q is set).
# automatic
# @ := px4_sitl_default
# automatic
# % := 
# automatic
# * := 
# automatic
# + := 
# automatic
# | := 
# automatic
# < := 
# automatic
# ^ := 
# automatic
# ? := 
# variable set hash-table stats:
# Load=8/32=25%, Rehash=0, Collisions=10/55=18%
#  recipe to execute (from 'Makefile', line 230):
	@$(call cmake-build,$@$(BUILD_DIR_SUFFIX))

uvify_core:
#  Implicit rule search has not been done.
#  Modification time never checked.
#  File has not been updated.
#  recipe to execute (from 'Makefile', line 235):
	@$(call cmake-build,$@_default$(BUILD_DIR_SUFFIX))

# Not a target:
check_nxp_ucans32k146:
#  Implicit rule search has not been done.
#  Modification time never checked.
#  File has not been updated.

# Not a target:
check_px4_fmu-v3:
#  Implicit rule search has not been done.
#  Modification time never checked.
#  File has not been updated.

mro_pixracerpro_bootloader:
#  Implicit rule search has not been done.
#  Modification time never checked.
#  File has not been updated.
#  recipe to execute (from 'Makefile', line 230):
	@$(call cmake-build,$@$(BUILD_DIR_SUFFIX))

px4_sitl_default-clang:
#  Phony target (prerequisite of .PHONY).
#  Implicit rule search has not been done.
#  File does not exist.
#  File has not been updated.
#  recipe to execute (from 'Makefile', line 463):
	@mkdir -p "$(SRC_DIR)"/build/px4_sitl_default-clang
	@cd "$(SRC_DIR)"/build/px4_sitl_default-clang && cmake "$(SRC_DIR)" $(CMAKE_ARGS) -G"$(PX4_CMAKE_GENERATOR)" -DCONFIG=px4_sitl_default -DCMAKE_C_COMPILER=clang -DCMAKE_CXX_COMPILER=clang++
	@$(PX4_MAKE) -C "$(SRC_DIR)"/build/px4_sitl_default-clang

tests_mission: rostest
#  Phony target (prerequisite of .PHONY).
#  Implicit rule search has not been done.
#  File does not exist.
#  File has not been updated.
#  recipe to execute (from 'Makefile', line 414):
	@"$(SRC_DIR)"/test/rostest_px4_run.sh mavros_posix_tests_missions.test

# Not a target:
check_matek_gnss-m9n-f4:
#  Implicit rule search has not been done.
#  Modification time never checked.
#  File has not been updated.

cuav_x7pro:
#  Implicit rule search has not been done.
#  Modification time never checked.
#  File has not been updated.
#  recipe to execute (from 'Makefile', line 235):
	@$(call cmake-build,$@_default$(BUILD_DIR_SUFFIX))

# Not a target:
check_holybro_pix32v5:
#  Implicit rule search has not been done.
#  Modification time never checked.
#  File has not been updated.

# Not a target:
check_airmind_mindpx-v2:
#  Implicit rule search has not been done.
#  Modification time never checked.
#  File has not been updated.

spracing_h7extreme_default:
#  Implicit rule search has not been done.
#  Modification time never checked.
#  File has not been updated.
#  recipe to execute (from 'Makefile', line 230):
	@$(call cmake-build,$@$(BUILD_DIR_SUFFIX))

px4_raspberrypi_default:
#  Implicit rule search has not been done.
#  Modification time never checked.
#  File has not been updated.
#  recipe to execute (from 'Makefile', line 230):
	@$(call cmake-build,$@$(BUILD_DIR_SUFFIX))

tests_avoidance: rostest
#  Phony target (prerequisite of .PHONY).
#  Implicit rule search has not been done.
#  File does not exist.
#  File has not been updated.
#  recipe to execute (from 'Makefile', line 433):
	@"$(SRC_DIR)"/test/rostest_avoidance_run.sh mavros_posix_test_avoidance.test
	@"$(SRC_DIR)"/test/rostest_avoidance_run.sh mavros_posix_test_safe_landing.test

px4_fmu-v3_test:
 
#  Implicit rule search has not been done.
#  Modification time never checked.
#  File has not been updated.
#  recipe to execute (from 'Makefile', line 230):
	@$(call cmake-build,$@$(BUILD_DIR_SUFFIX))

airmind_mindpx-v2:
#  Implicit rule search has not been done.
#  Modification time never checked.
#  File has not been updated.
#  recipe to execute (from 'Makefile', line 235):
	@$(call cmake-build,$@_default$(BUILD_DIR_SUFFIX))

# Not a target:
check_bitcraze_crazyflie21_default:
#  Implicit rule search has not been done.
#  Modification time never checked.
#  File has not been updated.

px4_fmu-v5:
#  Implicit rule search has not been done.
#  Modification time never checked.
#  File has not been updated.
#  recipe to execute (from 'Makefile', line 235):
	@$(call cmake-build,$@_default$(BUILD_DIR_SUFFIX))

px4_fmu-v5_cryptotest:
#  Implicit rule search has not been done.
#  Modification time never checked.
#  File has not been updated.
#  recipe to execute (from 'Makefile', line 230):
	@$(call cmake-build,$@$(BUILD_DIR_SUFFIX))

nxp_fmurt1062-v1:
#  Implicit rule search has not been done.
#  Modification time never checked.
#  File has not been updated.
#  recipe to execute (from 'Makefile', line 235):
	@$(call cmake-build,$@_default$(BUILD_DIR_SUFFIX))

px4fmu_firmware: check_px4_io-v2_default check_px4_fmu-v2_default check_px4_fmu-v3_default check_px4_fmu-v4_default check_px4_fmu-v4pro_default check_px4_fmu-v5_default check_px4_fmu-v5x_default sizes
#  Phony target (prerequisite of .PHONY).
#  Implicit rule search has not been done.
#  File does not exist.
#  File has not been updated.

px4_fmu-v5x_test:
#  Implicit rule search has not been done.
#  Modification time never checked.
#  File has not been updated.
#  recipe to execute (from 'Makefile', line 230):
	@$(call cmake-build,$@$(BUILD_DIR_SUFFIX))

px4_sitl_test:
#  Implicit rule search has not been done.
#  Modification time never checked.
#  File has not been updated.
#  recipe to execute (from 'Makefile', line 230):
	@$(call cmake-build,$@$(BUILD_DIR_SUFFIX))

# Not a target:
check_px4_fmu-v3_default:
#  Implicit rule search has not been done.
#  Modification time never checked.
#  File has not been updated.

mro_x21:
#  Implicit rule search has not been done.
#  Modification time never checked.
#  File has not been updated.
#  recipe to execute (from 'Makefile', line 235):
	@$(call cmake-build,$@_default$(BUILD_DIR_SUFFIX))

# Not a target:
check_px4_fmu-v2:
#  Implicit rule search has not been done.
#  Modification time never checked.
#  File has not been updated.

# Not a target:
check_px4_fmu-v5x_default:
#  Implicit rule search has not been done.
#  Modification time never checked.
#  File has not been updated.

check_linux: check_beaglebone_blue_default check_emlid_navio2_default check_px4_raspberrypi_default check_scumaker_pilotpi_default sizes
#  Implicit rule search has not been done.
#  Modification time never checked.
#  File has not been updated.

nxp_fmuk66-v3:
#  Implicit rule search has not been done.
#  Modification time never checked.
#  File has not been updated.
#  recipe to execute (from 'Makefile', line 235):
	@$(call cmake-build,$@_default$(BUILD_DIR_SUFFIX))

av_x-v1_default:
#  Implicit rule search has not been done.
#  Modification time never checked.
#  File has not been updated.
#  recipe to execute (from 'Makefile', line 230):
	@$(call cmake-build,$@$(BUILD_DIR_SUFFIX))

extract_events:
#  Phony target (prerequisite of .PHONY).
#  Implicit rule search has not been done.
#  File does not exist.
#  File has not been updated.
#  recipe to execute (from 'Makefile', line 354):
	@$(MAKE) --no-print-directory px4_sitl_default metadata_extract_events ver_gen

airframe_metadata:
#  Phony target (prerequisite of .PHONY).
#  Implicit rule search has not been done.
#  File does not exist.
#  File has not been updated.
#  recipe to execute (from 'Makefile', line 348):
	@$(MAKE) --no-print-directory px4_sitl_default metadata_airframes ver_gen

ark_can-rtk-gps_default:
#  Implicit rule search has not been done.
#  Modification time never checked.
#  File has not been updated.
#  recipe to execute (from 'Makefile', line 230):
	@$(call cmake-build,$@$(BUILD_DIR_SUFFIX))

matek_h743-slim:
#  Implicit rule search has not been done.
#  Modification time never checked.
#  File has not been updated.
#  recipe to execute (from 'Makefile', line 235):
	@$(call cmake-build,$@_default$(BUILD_DIR_SUFFIX))

nxp_ucans32k146_default:
#  Implicit rule search has not been done.
#  Modification time never checked.
#  File has not been updated.
#  recipe to execute (from 'Makefile', line 230):
	@$(call cmake-build,$@$(BUILD_DIR_SUFFIX))

tests_integration: px4_sitl_default
#  Implicit rule search has not been done.
#  Modification time never checked.
#  File has not been updated.
#  recipe to execute (from 'Makefile', line 400):
	@$(MAKE) --no-print-directory px4_sitl_default sitl_gazebo
	@$(MAKE) --no-print-directory px4_sitl_default mavsdk_tests
	@"$(SRC_DIR)"/test/mavsdk_tests/mavsdk_test_runner.py --speed-factor 20 test/mavsdk_tests/configs/sitl.json

scumaker_pilotpi_default:
#  Implicit rule search has not been done.
#  Modification time never checked.
#  File has not been updated.
#  recipe to execute (from 'Makefile', line 230):
	@$(call cmake-build,$@$(BUILD_DIR_SUFFIX))

nxp_ucans32k146_servo:
#  Implicit rule search has not been done.
#  Modification time never checked.
#  File has not been updated.
#  recipe to execute (from 'Makefile', line 230):
	@$(call cmake-build,$@$(BUILD_DIR_SUFFIX))

matek_gnss-m9n-f4_default:
#  Implicit rule search has not been done.
#  Modification time never checked.
#  File has not been updated.
#  recipe to execute (from 'Makefile', line 230):
	@$(call cmake-build,$@$(BUILD_DIR_SUFFIX))

px4_fmu-v2_fixedwing:
#  Implicit rule search has not been done.
#  Modification time never checked.
#  File has not been updated.
#  recipe to execute (from 'Makefile', line 230):
	@$(call cmake-build,$@$(BUILD_DIR_SUFFIX))

px4_fmu-v6x_default:
#  Implicit rule search has not been done.
#  Modification time never checked.
#  File has not been updated.
#  recipe to execute (from 'Makefile', line 230):
	@$(call cmake-build,$@$(BUILD_DIR_SUFFIX))

px4_sitl:
#  Implicit rule search has not been done.
#  Modification time never checked.
#  File has not been updated.
#  recipe to execute (from 'Makefile', line 235):
	@$(call cmake-build,$@_default$(BUILD_DIR_SUFFIX))

# Not a target:
check_bitcraze_crazyflie21:
#  Implicit rule search has not been done.
#  Modification time never checked.
#  File has not been updated.

ark_can-gps_default:
#  Implicit rule search has not been done.
#  Modification time never checked.
#  File has not been updated.
#  recipe to execute (from 'Makefile', line 230):
	@$(call cmake-build,$@$(BUILD_DIR_SUFFIX))

px4_fmu-v6u:
#  Implicit rule search has not been done.
#  Modification time never checked.
#  File has not been updated.
#  recipe to execute (from 'Makefile', line 235):
	@$(call cmake-build,$@_default$(BUILD_DIR_SUFFIX))

rostest_run: px4_sitl_default
#  Implicit rule search has not been done.
#  Modification time never checked.
#  File has not been updated.
#  recipe to execute (from 'Makefile', line 417):
	@$(MAKE) --no-print-directory px4_sitl_default sitl_gazebo
	@"$(SRC_DIR)"/test/rostest_px4_run.sh $(TEST_FILE) mission:=$(TEST_MISSION) vehicle:=$(TEST_VEHICLE)

freefly_can-rtk-gps_default:
#  Implicit rule search has not been done.
#  Modification time never checked.
#  File has not been updated.
#  recipe to execute (from 'Makefile', line 230):
	@$(call cmake-build,$@$(BUILD_DIR_SUFFIX))

holybro_kakutef7_default:
#  Implicit rule search has not been done.
#  Modification time never checked.
#  File has not been updated.
#  recipe to execute (from 'Makefile', line 230):
	@$(call cmake-build,$@$(BUILD_DIR_SUFFIX))

mro_ctrl-zero-h7_rtps:
#  Implicit rule search has not been done.
#  Modification time never checked.
#  File has not been updated.
#  recipe to execute (from 'Makefile', line 230):
	@$(call cmake-build,$@$(BUILD_DIR_SUFFIX))

all_config_targets: airmind_mindpx-v2_default ark_can-flow_canbootloader ark_can-flow_default ark_can-gps_canbootloader ark_can-gps_default ark_can-rtk-gps_canbootloader ark_can-rtk-gps_debug ark_can-rtk-gps_default ark_cannode_canbootloader ark_cannode_default atl_mantis-edu_default av_x-v1_default beaglebone_blue_default bitcraze_crazyflie21_default bitcraze_crazyflie_default cuav_can-gps-v1_canbootloader cuav_can-gps-v1_default cuav_nora_bootloader cuav_nora_default cuav_x7pro_bootloader cuav_x7pro_default cuav_x7pro_test cubepilot_cubeorange_bootloader cubepilot_cubeorange_default cubepilot_cubeorange_test cubepilot_cubeyellow_default cubepilot_io-v2_default emlid_navio2_default freefly_can-rtk-gps_canbootloader freefly_can-rtk-gps_default holybro_can-gps-v1_canbootloader holybro_can-gps-v1_default holybro_durandal-v1_bootloader holybro_durandal-v1_default holybro_kakutef7_default holybro_kakuteh7_bootloader holybro_kakuteh7_default holybro_pix32v5_default matek_gnss-m9n-f4_canbootloader matek_gnss-m9n-f4_default matek_h743-slim_bootloader matek_h743-slim_default modalai_fc-v1_default modalai_fc-v1_rtps modalai_fc-v2_bootloader modalai_fc-v2_default mro_ctrl-zero-f7-oem_default mro_ctrl-zero-f7_default mro_ctrl-zero-h7-oem_bootloader mro_ctrl-zero-h7-oem_default mro_ctrl-zero-h7-oem_rtps mro_ctrl-zero-h7_bootloader mro_ctrl-zero-h7_default mro_ctrl-zero-h7_rtps mro_pixracerpro_bootloader mro_pixracerpro_default mro_pixracerpro_rtps mro_x21-777_default mro_x21_default nxp_fmuk66-e_default nxp_fmuk66-e_rtps nxp_fmuk66-e_socketcan nxp_fmuk66-v3_default nxp_fmuk66-v3_rtps nxp_fmuk66-v3_socketcan nxp_fmuk66-v3_test nxp_fmurt1062-v1_default nxp_ucans32k146_canbootloader nxp_ucans32k146_default nxp_ucans32k146_servo omnibus_f4sd_default omnibus_f4sd_ekf2 omnibus_f4sd_icm20608g px4_fmu-v2_default px4_fmu-v2_fixedwing px4_fmu-v2_multicopter px4_fmu-v2_rover px4_fmu-v3_default px4_fmu-v3_test px4_fmu-v4_default px4_fmu-v4_test px4_fmu-v4pro_default px4_fmu-v4pro_test px4_fmu-v5_cryptotest px4_fmu-v5_debug px4_fmu-v5_default px4_fmu-v5_protected px4_fmu-v5_rtps px4_fmu-v5_stackcheck px4_fmu-v5_test px4_fmu-v5_uavcanv0periph px4_fmu-v5_uavcanv1 px4_fmu-v5x_default px4_fmu-v5x_rtps px4_fmu-v5x_test px4_fmu-v6u_bootloader px4_fmu-v6u_default px4_fmu-v6x_bootloader px4_fmu-v6x_default px4_io-v2_default px4_raspberrypi_default px4_sitl_default px4_sitl_nolockstep px4_sitl_replay px4_sitl_rtps px4_sitl_test raspberrypi_pico_default scumaker_pilotpi_arm64 scumaker_pilotpi_default spracing_h7extreme_default uvify_core_default
#  Phony target (prerequisite of .PHONY).
#  Implicit rule search has not been done.
#  File does not exist.
#  File has not been updated.

mro_ctrl-zero-f7_default:
#  Implicit rule search has not been done.
#  Modification time never checked.
#  File has not been updated.
#  recipe to execute (from 'Makefile', line 230):
	@$(call cmake-build,$@$(BUILD_DIR_SUFFIX))

# Not a target:
check_px4_sitl_rtps:
#  Implicit rule search has not been done.
#  Modification time never checked.
#  File has not been updated.

check: check_px4_sitl_default px4fmu_firmware misc_qgc_extra_firmware tests check_format
#  Phony target (prerequisite of .PHONY).
#  Implicit rule search has not been done.
#  File does not exist.
#  File has not been updated.

spracing_h7extreme:
#  Implicit rule search has not been done.
#  Modification time never checked.
#  File has not been updated.
#  recipe to execute (from 'Makefile', line 235):
	@$(call cmake-build,$@_default$(BUILD_DIR_SUFFIX))
 

cubepilot_cubeorange_bootloader:
#  Implicit rule search has not been done.
#  Modification time never checked.
#  File has not been updated.
#  recipe to execute (from 'Makefile', line 230):
	@$(call cmake-build,$@$(BUILD_DIR_SUFFIX))

holybro_can-gps-v1_canbootloader:
#  Implicit rule search has not been done.
#  Modification time never checked.
#  File has not been updated.
#  recipe to execute (from 'Makefile', line 230):
	@$(call cmake-build,$@$(BUILD_DIR_SUFFIX))

px4_raspberrypi:
#  Implicit rule search has not been done.
#  Modification time never checked.
#  File has not been updated.
#  recipe to execute (from 'Makefile', line 235):
	@$(call cmake-build,$@_default$(BUILD_DIR_SUFFIX))

av_x-v1:
#  Implicit rule search has not been done.
#  Modification time never checked.
#  File has not been updated.
#  recipe to execute (from 'Makefile', line 235):
	@$(call cmake-build,$@_default$(BUILD_DIR_SUFFIX))

# Not a target:
check_px4_fmu-v6x:
#  Implicit rule search has not been done.
#  Modification time never checked.
#  File has not been updated.

px4_fmu-v3_default:
#  Implicit rule search has not been done.
#  Modification time never checked.
#  File has not been updated.
#  recipe to execute (from 'Makefile', line 230):
	@$(call cmake-build,$@$(BUILD_DIR_SUFFIX))

cubepilot_cubeyellow_default:
#  Implicit rule search has not been done.
#  Modification time never checked.
#  File has not been updated.
#  recipe to execute (from 'Makefile', line 230):
	@$(call cmake-build,$@$(BUILD_DIR_SUFFIX))

# Not a target:
check_mro_ctrl-zero-h7-oem:
#  Implicit rule search has not been done.
#  Modification time never checked.
#  File has not been updated.

px4_fmu-v5_stackcheck:
#  Implicit rule search has not been done.
#  Modification time never checked.
#  File has not been updated.
#  recipe to execute (from 'Makefile', line 230):
	@$(call cmake-build,$@$(BUILD_DIR_SUFFIX))

cuav_can-gps-v1_default:
#  Implicit rule search has not been done.
#  Modification time never checked.
#  File has not been updated.
#  recipe to execute (from 'Makefile', line 230):
	@$(call cmake-build,$@$(BUILD_DIR_SUFFIX))

px4_fmu-v5x_default:
#  Implicit rule search has not been done.
#  Modification time never checked.
#  File has not been updated.
#  recipe to execute (from 'Makefile', line 230):
	@$(call cmake-build,$@$(BUILD_DIR_SUFFIX))

shellcheck_all:
#  Phony target (prerequisite of .PHONY).
#  Implicit rule search has not been done.
#  File does not exist.
#  File has not been updated.
#  recipe to execute (from 'Makefile', line 486):
	@"$(SRC_DIR)"/Tools/run-shellcheck.sh "$(SRC_DIR)"/ROMFS/px4fmu_common/
	@make px4_fmu-v5_default shellcheck

px4_fmu-v4:
#  Implicit rule search has not been done.
#  Modification time never checked.
#  File has not been updated.
#  recipe to execute (from 'Makefile', line 235):
	@$(call cmake-build,$@_default$(BUILD_DIR_SUFFIX))

nxp_ucans32k146:
#  Implicit rule search has not been done.
#  Modification time never checked.
#  File has not been updated.
#  recipe to execute (from 'Makefile', line 235):
	@$(call cmake-build,$@_default$(BUILD_DIR_SUFFIX))

px4_fmu-v2_rover:
#  Implicit rule search has not been done.
#  Modification time never checked.
#  File has not been updated.
#  recipe to execute (from 'Makefile', line 230):
	@$(call cmake-build,$@$(BUILD_DIR_SUFFIX))

matek_gnss-m9n-f4:
#  Implicit rule search has not been done.
#  Modification time never checked.
#  File has not been updated.
#  recipe to execute (from 'Makefile', line 235):
	@$(call cmake-build,$@_default$(BUILD_DIR_SUFFIX))

beaglebone_blue_default:
#  Implicit rule search has not been done.
#  Modification time never checked.
#  File has not been updated.
#  recipe to execute (from 'Makefile', line 230):
	@$(call cmake-build,$@$(BUILD_DIR_SUFFIX))

ark_can-flow_default:
#  Implicit rule search has not been done.
#  Modification time never checked.
#  File has not been updated.
#  recipe to execute (from 'Makefile', line 230):
	@$(call cmake-build,$@$(BUILD_DIR_SUFFIX))

# Not a target:
check_ark_can-rtk-gps:
#  Implicit rule search has not been done.
#  Modification time never checked.
#  File has not been updated.

# Not a target:
check_mro_x21-777:
#  Implicit rule search has not been done.
#  Modification time never checked.
#  File has not been updated.

submodulesupdate:
#  Phony target (prerequisite of .PHONY).
#  Implicit rule search has not been done.
#  File does not exist.
#  File has not been updated.
#  recipe to execute (from 'Makefile', line 509):
	@git submodule update --quiet --init --recursive --jobs 4 || true
	@git submodule sync --recursive
	@git submodule update --init --recursive --jobs 4
	@git fetch --all --tags --recurse-submodules=yes --jobs=4

# Not a target:
check_px4_fmu-v5x:
#  Implicit rule search has not been done.
#  Modification time never checked.
#  File has not been updated.

modalai_fc-v2_bootloader:
#  Implicit rule search has not been done.
#  Modification time never checked.
#  File has not been updated.
#  recipe to execute (from 'Makefile', line 230):
	@$(call cmake-build,$@$(BUILD_DIR_SUFFIX))

cppcheck: px4_sitl_default
#  Phony target (prerequisite of .PHONY).
#  Implicit rule search has not been done.
#  File does not exist.
#  File has not been updated.
#  recipe to execute (from 'Makefile', line 481):
	@mkdir -p "$(SRC_DIR)"/build/cppcheck
	@cppcheck -i"$(SRC_DIR)"/src/examples --enable=performance --std=c++14 --std=c99 --std=posix --project="$(SRC_DIR)"/build/px4_sitl_default/compile_commands.json --xml-version=2 2> "$(SRC_DIR)"/build/cppcheck/cppcheck-result.xml > /dev/null
	@cppcheck-htmlreport --source-encoding=ascii --file="$(SRC_DIR)"/build/cppcheck/cppcheck-result.xml --report-dir="$(SRC_DIR)"/build/cppcheck --source-dir="$(SRC_DIR)"/src/

holybro_kakutef7:
#  Implicit rule search has not been done.
#  Modification time never checked.
#  File has not been updated.
#  recipe to execute (from 'Makefile', line 235):
	@$(call cmake-build,$@_default$(BUILD_DIR_SUFFIX))

ark_can-rtk-gps:
#  Implicit rule search has not been done.
#  Modification time never checked.
#  File has not been updated.
#  recipe to execute (from 'Makefile', line 235):
	@$(call cmake-build,$@_default$(BUILD_DIR_SUFFIX))

scumaker_pilotpi:
#  Implicit rule search has not been done.
#  Modification time never checked.
#  File has not been updated.
#  recipe to execute (from 'Makefile', line 235):
	@$(call cmake-build,$@_default$(BUILD_DIR_SUFFIX))

rostest: px4_sitl_default
#  Phony target (prerequisite of .PHONY).
#  Implicit rule search has not been done.
#  File does not exist.
#  File has not been updated.
#  recipe to execute (from 'Makefile', line 397):
	@$(MAKE) --no-print-directory px4_sitl_default sitl_gazebo

# Not a target:
check_ark_can-flow:
#  Implicit rule search has not been done.
#  Modification time never checked.
#  File has not been updated.

mro_ctrl-zero-f7:
#  Implicit rule search has not been done.
#  Modification time never checked.
#  File has not been updated.
#  recipe to execute (from 'Makefile', line 235):
	@$(call cmake-build,$@_default$(BUILD_DIR_SUFFIX))

cuav_nora_default:
#  Implicit rule search has not been done.
#  Modification time never checked.
#  File has not been updated.
#  recipe to execute (from 'Makefile', line 230):
	@$(call cmake-build,$@$(BUILD_DIR_SUFFIX))

all_default_targets: airmind_mindpx-v2 ark_can-flow ark_can-gps ark_can-rtk-gps ark_cannode atl_mantis-edu av_x-v1 beaglebone_blue bitcraze_crazyflie21 bitcraze_crazyflie cuav_can-gps-v1 cuav_nora cuav_x7pro cubepilot_cubeorange cubepilot_cubeyellow cubepilot_io-v2 emlid_navio2 freefly_can-rtk-gps holybro_can-gps-v1 holybro_durandal-v1 holybro_kakutef7 holybro_kakuteh7 holybro_pix32v5 matek_gnss-m9n-f4 matek_h743-slim modalai_fc-v1 modalai_fc-v2 mro_ctrl-zero-f7-oem mro_ctrl-zero-f7 mro_ctrl-zero-h7-oem mro_ctrl-zero-h7 mro_pixracerpro mro_x21-777 mro_x21 nxp_fmuk66-e nxp_fmuk66-v3 nxp_fmurt1062-v1 nxp_ucans32k146 omnibus_f4sd px4_fmu-v2 px4_fmu-v3 px4_fmu-v4 px4_fmu-v4pro px4_fmu-v5 px4_fmu-v5x px4_fmu-v6u px4_fmu-v6x px4_io-v2 px4_raspberrypi px4_sitl raspberrypi_pico scumaker_pilotpi spracing_h7extreme uvify_core
#  Phony target (prerequisite of .PHONY).
#  Implicit rule search has not been done.
#  File does not exist.
#  File has not been updated.

# Not a target:
check_airmind_mindpx-v2_default:
#  Implicit rule search has not been done.
#  Modification time never checked.
#  File has not been updated.

# files hash-table stats:
# Load=294/1024=29%, Rehash=0, Collisions=151/691=22%
# VPATH Search Paths

# No 'vpath' search paths.

# No general ('VPATH' variable) search path.

# strcache buffers: 1 (0) / strings = 344 / storage = 6334 B / avg = 18 B
# current buf: size = 8162 B / used = 6334 B / count = 344 / avg = 18 B

# strcache performance: lookups = 859 / hit rate = 59%
# hash-table stats:
# Load=344/8192=4%, Rehash=0, Collisions=25/859=3%
# Finished Make data base on Fri Jun  3 18:39:56 2022

 
